#
# There is insufficient memory for the Java Runtime Environment to continue.
# Native memory allocation (mmap) failed to map 65011712 bytes for G1 virtual space
# Possible reasons:
#   The system is out of physical RAM or swap space
#   The process is running with CompressedOops enabled, and the Java Heap may be blocking the growth of the native heap
# Possible solutions:
#   Reduce memory load on the system
#   Increase physical memory or swap space
#   Check if swap backing store is full
#   Decrease Java heap size (-Xmx/-Xms)
#   Decrease number of Java threads
#   Decrease Java thread stack sizes (-Xss)
#   Set larger code cache with -XX:ReservedCodeCacheSize=
#   JVM is running with Unscaled Compressed Oops mode in which the Java heap is
#     placed in the first 4GB address space. The Java Heap base address is the
#     maximum limit for the native heap growth. Please use -XX:HeapBaseMinAddress
#     to set the Java Heap base and to place the Java Heap above 4GB virtual address.
# This output file may be truncated or incomplete.
#
#  Out of Memory Error (os_windows.cpp:3536), pid=5604, tid=4236
#
# JRE version:  (19.0.2+7) (build )
# Java VM: OpenJDK 64-Bit Server VM (19.0.2+7, mixed mode, sharing, tiered, compressed oops, compressed class ptrs, g1 gc, windows-amd64)
# No core dump will be written. Minidumps are not enabled by default on client versions of Windows
#

---------------  S U M M A R Y ------------

Command Line: --add-modules=ALL-SYSTEM --add-opens=java.base/java.util=ALL-UNNAMED --add-opens=java.base/java.lang=ALL-UNNAMED -Declipse.application=org.python.pydev.pydev_lsp.application -Dosgi.bundles.defaultStartLevel=4 -Declipse.product=org.python.pydev.pydev_lsp.product -Xmx1G -XX:+UseG1GC -XX:+UseStringDeduplication c:\Users\BARTON\.vscode\extensions\fabioz.vscode-pydev-0.15.3\server\plugins\org.eclipse.equinox.launcher_1.6.700.v20240213-1244.jar -configuration c:\Users\BARTON\.vscode\extensions\fabioz.vscode-pydev-0.15.3\server\config_win -data c:\Users\BARTON\AppData\Roaming\Code\User\workspaceStorage\2a3cce2c050f555b2213988c11b6fd1b\fabioz.vscode-pydev\pydev_ws

Host: Intel(R) Celeron(R) N4500 @ 1.10GHz, 2 cores, 3G,  Windows 10 , 64 bit Build 19041 (10.0.19041.5794)
Time: Sat Jul 12 23:42:33 2025 Paris, Madrid (heure duild 19041 (10.0.19041.5794) elapsed time: 0.105805 seconds (0d 0h 0m 0s)

---------------  T H R E A D  ---------------

Current thread (0x0000025644686890):  JavaThread "Unknown thread" [_thread_in_vm, id=4236, stack(0x000000611f400000,0x000000611f500000)]

Stack: [0x000000611f400000,0x000000611f500000]
Native frames: (J=compiled Java code, j=interpreted, Vv=VM code, C=native code)
V  [jvm.dll+0x6e9e1a]
V  [jvm.dll+0x8a36c0]
V  [jvm.dll+0x8a50ae]
V  [jvm.dll+0x8a5763]
V  [jvm.dll+0x27bcdf]
V  [jvm.dll+0x6e6b39]
V  [jvm.dll+0x6db58a]
V  [jvm.dll+0x35267b]
V  [jvm.dll+0x35a106]
V  [jvm.dll+0x3b070e]
V  [jvm.dll+0x3b093f]
V  [jvm.dll+0x327c4a]
V  [jvm.dll+0x328aee]
V  [jvm.dll+0x86e230]
V  [jvm.dll+0x3bdb31]
V  [jvm.dll+0x84eb31]
V  [jvm.dll+0x44583f]
V  [jvm.dll+0x447321]
C  [jli.dll+0x5267]
C  [ucrtbase.dll+0x21bb2]
C  [KERNEL32.DLL+0x17374]
C  [ntdll.dll+0x4cc91]


---------------  P R O C E S S  ---------------

Threads class SMR info:
_java_thread_list=0x00007ffabb5b05a8, length=0, elements={
}

Java Threads: ( => current thread )

Other Threads:
  0x00000256446c7d20 WorkerThread "GC Thread#0" [stack: 0x000000611f500000,0x000000611f600000] [id=5360]
  0x00000256446d0c80 ConcurrentGCThread "G1 Main Marker" [stack: 0x000000611f600000,0x000000611f700000] [id=9764]
  0x00000256446d1ff0 WorkerThread "G1 Conc#0" [stack: 0x000000611f700000,0x000000611f800000] [id=7576]

[error occurred during error reporting (printing all threads), id 0xc0000005, EXCEPTION_ACCESS_VIOLATION (0xc0000005) at pc=0x00007ffabad38687]

VM state: not at safepoint (not fully initialized)

VM Mutex/Monitor currently owned by a thread:  ([mutex/lock_event])
[0x000002564467f470] Heap_lock - owner thread: 0x0000025644686890

Heap address: 0x00000000c0000000, size: 1024 MB, Compressed Oops mode: 32-bit

CDS archive(s) mapped at: [0x0000000000000000-0x0000000000000000-0x0000000000000000), size 0, SharedBaseAddress: 0x0000000800000000, ArchiveRelocationMode: 0.
Narrow klass base: 0x0000000000000000, Narrow klass shift: 0, Narrow klass range: 0x0

GC Precious Log:
 CardTable entry size: 512
 Card Set container configuration: InlinePtr #cards 5 size 8 Array Of Cards #cards 12 size 40 Howl #buckets 4 coarsen threshold 1843 Howl Bitmap #cards 512 size 80 coarsen threshold 460 Card regions per heap region 1 cards per card region 2048

Heap:
 garbage-first heap   total 0K, used 0K [0x00000000c0000000, 0x0000000100000000)
  region size 1024K, 0 young (0K), 0 survivors (0K)

[error occurred during error reporting (printing heap information), id 0xc0000005, EXCEPTION_ACCESS_VIOLATION (0xc0000005) at pc=0x00007ffabb142899]

GC Heap History (0 events):
No events

Dll operation events (1 events):
Event: 0.008 Loaded shared library C:\Users\BARTON\.pydev_vscode\java19\jdk-19.0.2+7-jre\bin\java.dll

Deoptimization events (0 events):
No events

Classes loaded (0 events):
No events

Classes unloaded (0 events):
No events

Classes redefined (0 events):
No events

Internal exceptions (0 events):
No events

VM Operations (0 events):
No events

Events (0 events):
No events


Dynamic libraries:
0x00007ff616b10000 - 0x00007ff616b1e000 	C:\Users\BARTON\.pydev_vscode\java19\jdk-19.0.2+7-jre\bin\java.exe
0x00007ffb2b390000 - 0x00007ffb2b588000 	C:\WINDOWS\SYSTEM32\ntdll.dll
0x00007ffb2b150000 - 0x00007ffb2b212000 	C:\WINDOWS\System32\KERNEL32.DLL
0x00007ffb28a30000 - 0x00007ffb28d26000 	C:\WINDOWS\System32\KERNELBASE.dll
0x00007ffb28f30000 - 0x00007ffb29030000 	C:\WINDOWS\System32\ucrtbase.dll
0x00007ffb253d0000 - 0x00007ffb253e7000 	C:\Users\BARTON\.pydev_vscode\java19\jdk-19.0.2+7-jre\bin\jli.dll
0x00007ffb2a250000 - 0x00007ffb2a3ed000 	C:\WINDOWS\System32\USER32.dll
0x00007ffb28d30000 - 0x00007ffb28d52000 	C:\WINDOWS\System32\win32u.dll
0x00007ffb2abc0000 - 0x00007ffb2abeb000 	C:\WINDOWS\System32\GDI32.dll
0x00007ffb28e10000 - 0x00007ffb28f2a000 	C:\WINDOWS\System32\gdi32full.dll
0x00007ffb29320000 - 0x00007ffb293bd000 	C:\WINDOWS\System32\msvcp_win.dll
0x00007ffb253b0000 - 0x00007ffb253c9000 	C:\Users\BARTON\.pydev_vscode\java19\jdk-19.0.2+7-jre\bin\VCRUNTIME140.dll
0x00007ffb14b70000 - 0x00007ffb14e0a000 	C:\WINDOWS\WinSxS\amd64_microsoft.windows.common-controls_6595b64144ccf1df_6.0.19041.5794_none_60bcd33171f2783c\COMCTL32.dll
0x00007ffb2abf0000 - 0x00007ffb2ac8e000 	C:\WINDOWS\System32\msvcrt.dll
0x00007ffb2a760000 - 0x00007ffb2a78f000 	C:\WINDOWS\System32\IMM32.DLL
0x00007ffb253a0000 - 0x00007ffb253ac000 	C:\Users\BARTON\.pydev_vscode\java19\jdk-19.0.2+7-jre\bin\vcruntime140_1.dll
0x00007ffafa450000 - 0x00007ffafa4e1000 	C:\Users\BARTON\.pydev_vscode\java19\jdk-19.0.2+7-jre\bin\msvcp140.dll
0x00007ffabaa00000 - 0x00007ffabb6f1000 	C:\Users\BARTON\.pydev_vscode\java19\jdk-19.0.2+7-jre\bin\server\jvm.dll
0x00007ffb2ab10000 - 0x00007ffb2abbf000 	C:\WINDOWS\System32\ADVAPI32.dll
0x00007ffb2a000000 - 0x00007ffb2a09f000 	C:\WINDOWS\System32\sechost.dll
0x00007ffb2a790000 - 0x00007ffb2a8b3000 	C:\WINDOWS\System32\RPCRT4.dll
0x00007ffb29030000 - 0x00007ffb29057000 	C:\WINDOWS\System32\bcrypt.dll
0x00007ffb25390000 - 0x00007ffb25399000 	C:\WINDOWS\SYSTEM32\WSOCK32.dll
0x00007ffb2aaa0000 - 0x00007ffb2ab0b000 	C:\WINDOWS\System32\WS2_32.dll
0x00007ffb0f9a0000 - 0x00007ffb0f9c7000 	C:\WINDOWS\SYSTEM32\WINMM.dll
0x00007ffb208b0000 - 0x00007ffb208ba000 	C:\WINDOWS\SYSTEM32\VERSION.dll
0x00007ffb27280000 - 0x00007ffb27292000 	C:\WINDOWS\SYSTEM32\kernel.appcore.dll
0x00007ffb25380000 - 0x00007ffb2538a000 	C:\Users\BARTON\.pydev_vscode\java19\jdk-19.0.2+7-jre\bin\jimage.dll
0x00007ffb26760000 - 0x00007ffb26961000 	C:\WINDOWS\SYSTEM32\DBGHELP.DLL
0x00007ffb0b320000 - 0x00007ffb0b354000 	C:\WINDOWS\SYSTEM32\dbgcore.DLL
0x00007ffb290e0000 - 0x00007ffb29162000 	C:\WINDOWS\System32\bcryptPrimitives.dll
0x00007ffb25350000 - 0x00007ffb25376000 	C:\Users\BARTON\.pydev_vscode\java19\jdk-19.0.2+7-jre\bin\java.dll

dbghelp: loaded successfully - version: 4.0.5 - missing functions: none
symbol engine: initialized successfully - sym options: 0x614 - pdb path: .;C:\Users\BARTON\.pydev_vscode\java19\jdk-19.0.2+7-jre\bin;C:\WINDOWS\SYSTEM32;C:\WINDOWS\WinSxS\amd64_microsoft.windows.common-controls_6595b64144ccf1df_6.0.19041.5794_none_60bcd33171f2783c;C:\Users\BARTON\.pydev_vscode\java19\jdk-19.0.2+7-jre\bin\server

VM Arguments:
jvm_args: --add-modules=ALL-SYSTEM --add-opens=java.base/java.util=ALL-UNNAMED --add-opens=java.base/java.lang=ALL-UNNAMED -Declipse.application=org.python.pydev.pydev_lsp.application -Dosgi.bundles.defaultStartLevel=4 -Declipse.product=org.python.pydev.pydev_lsp.product -Xmx1G -XX:+UseG1GC -XX:+UseStringDeduplication 
java_command: c:\Users\BARTON\.vscode\extensions\fabioz.vscode-pydev-0.15.3\server\plugins\org.eclipse.equinox.launcher_1.6.700.v20240213-1244.jar -configuration c:\Users\BARTON\.vscode\extensions\fabioz.vscode-pydev-0.15.3\server\config_win -data c:\Users\BARTON\AppData\Roaming\Code\User\workspaceStorage\2a3cce2c050f555b2213988c11b6fd1b\fabioz.vscode-pydev\pydev_ws
java_class_path (initial): c:\Users\BARTON\.vscode\extensions\fabioz.vscode-pydev-0.15.3\server\plugins\org.eclipse.equinox.launcher_1.6.700.v20240213-1244.jar
Launcher Type: SUN_STANDARD

[Global flags]
     intx CICompilerCount                          = 2                                         {product} {ergonomic}
     uint ConcGCThreads                            = 1                                         {product} {ergonomic}
     uint G1ConcRefinementThreads                  = 2                                         {product} {ergonomic}
   size_t G1HeapRegionSize                         = 1048576                                   {product} {ergonomic}
    uintx GCDrainStackTargetSize                   = 64                                        {product} {ergonomic}
   size_t InitialHeapSize                          = 65011712                                  {product} {ergonomic}
   size_t MarkStackSize                            = 4194304                                   {product} {ergonomic}
   size_t MaxHeapSize                              = 1073741824                                {product} {command line}
   size_t MinHeapDeltaBytes                        = 1048576                                   {product} {ergonomic}
   size_t MinHeapSize                              = 8388608                                   {product} {ergonomic}
    uintx NonNMethodCodeHeapSize                   = 5826188                                {pd product} {ergonomic}
    uintx NonProfiledCodeHeapSize                  = 122916026                              {pd product} {ergonomic}
    uintx ProfiledCodeHeapSize                     = 122916026                              {pd product} {ergonomic}
    uintx ReservedCodeCacheSize                    = 251658240                              {pd product} {ergonomic}
     bool SegmentedCodeCache                       = true                                      {product} {ergonomic}
   size_t SoftMaxHeapSize                          = 1073741824                             {manageable} {ergonomic}
     bool UseCompressedClassPointers               = true                           {product lp64_product} {ergonomic}
     bool UseCompressedOops                        = true                           {product lp64_product} {ergonomic}
     bool UseG1GC                                  = true                                      {product} {command line}
     bool UseLargePagesIndividualAllocation        = false                                  {pd product} {ergonomic}
     bool UseStringDeduplication                   = true                                      {product} {command line}

Logging:
Log output configuration:
 #0: stdout all=warning uptime,level,tags foldmultilines=false
 #1: stderr all=off uptime,level,tags foldmultilines=false

Environment Variables:
PATH=C:\Program Files\Common Files\Oracle\Java\javapath;C:\Program Files\Python312\Scripts\;C:\Program Files\Python312\;C:\WINDOWS\system32;C:\WINDOWS;C:\WINDOWS\System32\Wbem;C:\WINDOWS\System32\WindowsPowerShell\v1.0\;C:\WINDOWS\System32\OpenSSH\;C:\Program Files\nodejs\;C:\Users\BARTON\AppData\Local\Microsoft\WindowsApps;C:\Users\BARTON\AppData\Local\Programs\Microsoft VS Code\bin;C:\Users\BARTON\AppData\Roaming\npm
USERNAME=BARTON
OS=Windows_NT
PROCESSOR_IDENTIFIER=Intel64 Family 6 Model 156 Stepping 0, GenuineIntel
TMP=C:\Users\BARTON\AppData\Local\Temp
TEMP=C:\Users\BARTON\AppData\Local\Temp



---------------  S Y S T E M  ---------------

OS:
 Windows 10 , 64 bit Build 19041 (10.0.19041.5794)
OS uptime: 0 days 8:58 hours

CPU: total 2 (initial active 2) (2 cores per cpu, 1 threads per core) family 6 model 156 stepping 0 microcode 0x1d, cx8, cmov, fxsr, mmx, 3dnowpref, sse, sse2, sse3, ssse3, sse4.1, sse4.2, popcnt, tsc, tscinvbit, aes, erms, clmul, sha, clflush, clflushopt, clwb, rdtscp, rdpid

Memory: 4k page, system-wide physical 3933M (293M free)
TotalPageFile size 7948M (AvailPageFile size 21M)
current process WorkingSet (physical memory assigned to process): 10M, peak: 10M
current process commit charge ("private bytes"): 47M, peak: 109M

vm_info: OpenJDK 64-Bit Server VM (19.0.2+7) for windows-amd64 JRE (19.0.2+7), built on 2023-01-17T00:00:00Z by "temurin" with MS VC++ 16.7 (VS2019)

END.
