#
# There is insufficient memory for the Java Runtime Environment to continue.
# Native memory allocation (malloc) failed to allocate 1530736 bytes for Chunk::new
# Possible reasons:
#   The system is out of physical RAM or swap space
#   The process is running with CompressedOops enabled, and the Java Heap may be blocking the growth of the native heap
# Possible solutions:
#   Reduce memory load on the system
#   Increase physical memory or swap space
#   Check if swap backing store is full
#   Decrease Java heap size (-Xmx/-Xms)
#   Decrease number of Java threads
#   Decrease Java thread stack sizes (-Xss)
#   Set larger code cache with -XX:ReservedCodeCacheSize=
#   JVM is running with Unscaled Compressed Oops mode in which the Java heap is
#     placed in the first 4GB address space. The Java Heap base address is the
#     maximum limit for the native heap growth. Please use -XX:HeapBaseMinAddress
#     to set the Java Heap base and to place the Java Heap above 4GB virtual address.
# This output file may be truncated or incomplete.
#
#  Out of Memory Error (arena.cpp:184), pid=1448, tid=10816
#
# JRE version: OpenJDK Runtime Environment Temurin-19.0.2+7 (19.0.2+7) (build 19.0.2+7)
# Java VM: OpenJDK 64-Bit Server VM Temurin-19.0.2+7 (19.0.2+7, mixed mode, sharing, tiered, compressed oops, compressed class ptrs, g1 gc, windows-amd64)
# No core dump will be written. Minidumps are not enabled by default on client versions of Windows
#

---------------  S U M M A R Y ------------

Command Line: --add-modules=ALL-SYSTEM --add-opens=java.base/java.util=ALL-UNNAMED --add-opens=java.base/java.lang=ALL-UNNAMED -Declipse.application=org.python.pydev.pydev_lsp.application -Dosgi.bundles.defaultStartLevel=4 -Declipse.product=org.python.pydev.pydev_lsp.product -Xmx1G -XX:+UseG1GC -XX:+UseStringDeduplication c:\Users\BARTON\.vscode\extensions\fabioz.vscode-pydev-0.15.3\server\plugins\org.eclipse.equinox.launcher_1.6.700.v20240213-1244.jar -configuration c:\Users\BARTON\.vscode\extensions\fabioz.vscode-pydev-0.15.3\server\config_win -data c:\Users\BARTON\AppData\Roaming\Code\User\workspaceStorage\2a3cce2c050f555b2213988c11b6fd1b\fabioz.vscode-pydev\pydev_ws

Host: Intel(R) Celeron(R) N4500 @ 1.10GHz, 2 cores, 3G,  Windows 10 , 64 bit Build 19041 (10.0.19041.5794)
Time: Thu Jul 17 11:48:14 2025 Paris, Madrid (heure duild 19041 (10.0.19041.5794) elapsed time: 49.336300 seconds (0d 0h 0m 49s)

---------------  T H R E A D  ---------------

Current thread (0x000001e77f1511a0):  JavaThread "C2 CompilerThread0" daemon [_thread_in_native, id=10816, stack(0x0000007c51c00000,0x0000007c51d00000)]


Current CompileTask:
C2:  49336 5653       4       org.python.pydev.parser.grammar312.PythonGrammar312::jj_3R_150 (28 bytes)

Stack: [0x0000007c51c00000,0x0000007c51d00000]
Native frames: (J=compiled Java code, j=interpreted, Vv=VM code, C=native code)
V  [jvm.dll+0x6e9e1a]
V  [jvm.dll+0x8a36c0]
V  [jvm.dll+0x8a50ae]
V  [jvm.dll+0x8a5763]
V  [jvm.dll+0x27bcdf]
V  [jvm.dll+0xc221f]
V  [jvm.dll+0xc2595]
V  [jvm.dll+0x3b7d61]
V  [jvm.dll+0x3815f1]
V  [jvm.dll+0x380a9a]
V  [jvm.dll+0x2452db]
V  [jvm.dll+0x244671]
V  [jvm.dll+0x1cf4b1]
V  [jvm.dll+0x254229]
V  [jvm.dll+0x252418]
V  [jvm.dll+0x85403d]
V  [jvm.dll+0x84de3a]
V  [jvm.dll+0x6e8abb]
C  [ucrtbase.dll+0x21bb2]
C  [KERNEL32.DLL+0x17374]
C  [ntdll.dll+0x4cc91]


---------------  P R O C E S S  ---------------

Threads class SMR info:
_java_thread_list=0x000001e7043c1600, length=27, elements={
0x000001e766715630, 0x000001e77f13f0d0, 0x000001e77f141f70, 0x000001e77f144ff0,
0x000001e77f14a1a0, 0x000001e77f14fc10, 0x000001e77f150540, 0x000001e77f1511a0,
0x000001e77f1b91f0, 0x000001e77f1c07a0, 0x000001e77f388460, 0x000001e77f419270,
0x000001e77f7e8fe0, 0x000001e77f998480, 0x000001e77f9989c0, 0x000001e77f9f6b90,
0x000001e77fbe3040, 0x000001e77fc87fb0, 0x000001e77fcad5b0, 0x000001e77fcaeaf0,
0x000001e77fcb0580, 0x000001e77fcae050, 0x000001e77fcae5a0, 0x000001e77fcaf040,
0x000001e77fcafae0, 0x000001e77ff21c50, 0x000001e77ff27bf0
}

Java Threads: ( => current thread )
  0x000001e766715630 JavaThread "main" [_thread_blocked, id=3136, stack(0x0000007c50d00000,0x0000007c50e00000)]
  0x000001e77f13f0d0 JavaThread "Reference Handler" daemon [_thread_blocked, id=8440, stack(0x0000007c51600000,0x0000007c51700000)]
  0x000001e77f141f70 JavaThread "Finalizer" daemon [_thread_blocked, id=7188, stack(0x0000007c51700000,0x0000007c51800000)]
  0x000001e77f144ff0 JavaThread "Signal Dispatcher" daemon [_thread_blocked, id=3540, stack(0x0000007c51800000,0x0000007c51900000)]
  0x000001e77f14a1a0 JavaThread "Attach Listener" daemon [_thread_blocked, id=4332, stack(0x0000007c51900000,0x0000007c51a00000)]
  0x000001e77f14fc10 JavaThread "Service Thread" daemon [_thread_blocked, id=10744, stack(0x0000007c51a00000,0x0000007c51b00000)]
  0x000001e77f150540 JavaThread "Monitor Deflation Thread" daemon [_thread_blocked, id=11092, stack(0x0000007c51b00000,0x0000007c51c00000)]
=>0x000001e77f1511a0 JavaThread "C2 CompilerThread0" daemon [_thread_in_native, id=10816, stack(0x0000007c51c00000,0x0000007c51d00000)]
  0x000001e77f1b91f0 JavaThread "C1 CompilerThread0" daemon [_thread_blocked, id=2056, stack(0x0000007c51d00000,0x0000007c51e00000)]
  0x000001e77f1c07a0 JavaThread "Sweeper thread" daemon [_thread_blocked, id=5236, stack(0x0000007c51e00000,0x0000007c51f00000)]
  0x000001e77f388460 JavaThread "Common-Cleaner" daemon [_thread_blocked, id=276, stack(0x0000007c51f00000,0x0000007c52000000)]
  0x000001e77f419270 JavaThread "Notification Thread" daemon [_thread_blocked, id=2052, stack(0x0000007c52000000,0x0000007c52100000)]
  0x000001e77f7e8fe0 JavaThread "Active Thread: Equinox Container: 8ad11b70-8e99-4ae9-a3b8-a7ab3bd0d54c" [_thread_blocked, id=8, stack(0x0000007c52300000,0x0000007c52400000)]
  0x000001e77f998480 JavaThread "Framework Event Dispatcher: Equinox Container: 8ad11b70-8e99-4ae9-a3b8-a7ab3bd0d54c" daemon [_thread_blocked, id=10100, stack(0x0000007c52400000,0x0000007c52500000)]
  0x000001e77f9989c0 JavaThread "Start Level: Equinox Container: 8ad11b70-8e99-4ae9-a3b8-a7ab3bd0d54c" daemon [_thread_blocked, id=11216, stack(0x0000007c52500000,0x0000007c52600000)]
  0x000001e77f9f6b90 JavaThread "SCR Component Actor" daemon [_thread_blocked, id=7928, stack(0x0000007c52600000,0x0000007c52700000)]
  0x000001e77fbe3040 JavaThread "Worker-JM" [_thread_blocked, id=2496, stack(0x0000007c52800000,0x0000007c52900000)]
  0x000001e77fc87fb0 JavaThread "Worker-0" [_thread_blocked, id=9412, stack(0x0000007c52900000,0x0000007c52a00000)]
  0x000001e77fcad5b0 JavaThread "Worker-1" [_thread_blocked, id=7224, stack(0x0000007c52a00000,0x0000007c52b00000)]
  0x000001e77fcaeaf0 JavaThread "Worker-2" [_thread_blocked, id=2096, stack(0x0000007c52b00000,0x0000007c52c00000)]
  0x000001e77fcb0580 JavaThread "Worker-3" [_thread_blocked, id=11180, stack(0x0000007c52c00000,0x0000007c52d00000)]
  0x000001e77fcae050 JavaThread "Worker-4" [_thread_blocked, id=9632, stack(0x0000007c52d00000,0x0000007c52e00000)]
  0x000001e77fcae5a0 JavaThread "pool-2-thread-1" [_thread_blocked, id=6292, stack(0x0000007c52e00000,0x0000007c52f00000)]
  0x000001e77fcaf040 JavaThread "pool-1-thread-1" [_thread_in_native, id=10824, stack(0x0000007c52f00000,0x0000007c53000000)]
  0x000001e77fcafae0 JavaThread "Thread-6" daemon [_thread_blocked, id=7196, stack(0x0000007c53000000,0x0000007c53100000)]
  0x000001e77ff21c50 JavaThread "Worker-5: PyDev: Code Analysis:file:///c:/Users/BARTON/Desktop/orphelinat/orphelinat_project/orphelinat_project/settings.py" [_thread_in_native, id=1184, stack(0x0000007c52700000,0x0000007c52800000)]
  0x000001e77ff27bf0 JavaThread "Thread-82" [_thread_new, id=10552, stack(0x0000000000000000,0x0000000000000000)]

Other Threads:
  0x000001e7667d3f40 VMThread "VM Thread" [stack: 0x0000007c51500000,0x0000007c51600000] [id=6156]
  0x000001e77f4197b0 WatcherThread "VM Periodic Task Thread" [stack: 0x0000007c52100000,0x0000007c52200000] [id=6972]
  0x000001e766758200 WorkerThread "GC Thread#0" [stack: 0x0000007c50f00000,0x0000007c51000000] [id=10548]
  0x000001e77f74e0a0 WorkerThread "GC Thread#1" [stack: 0x0000007c52200000,0x0000007c52300000] [id=7248]
  0x000001e766761070 ConcurrentGCThread "G1 Main Marker" [stack: 0x0000007c51000000,0x0000007c51100000] [id=6108]
  0x000001e7667619b0 WorkerThread "G1 Conc#0" [stack: 0x0000007c51100000,0x0000007c51200000] [id=10556]
  0x000001e7667a8160 ConcurrentGCThread "G1 Refine#0" [stack: 0x0000007c51200000,0x0000007c51300000] [id=10168]
  0x000001e7667a8d50 ConcurrentGCThread "G1 Service" [stack: 0x0000007c51300000,0x0000007c51400000] [id=1296]
  0x000001e7667cbbe0 ConcurrentGCThread "StringDedupProcessor" [stack: 0x0000007c51400000,0x0000007c51500000] [id=9180]

Threads with active compile tasks:
C2 CompilerThread0    49388 5653       4       org.python.pydev.parser.grammar312.PythonGrammar312::jj_3R_150 (28 bytes)

VM state: not at safepoint (normal execution)

VM Mutex/Monitor currently owned by a thread: None

Heap address: 0x00000000c0000000, size: 1024 MB, Compressed Oops mode: 32-bit

CDS archive(s) mapped at: [0x0000000800000000-0x0000000800ad0000-0x0000000800ad0000), size 11337728, SharedBaseAddress: 0x0000000800000000, ArchiveRelocationMode: 0.
Compressed class space mapped at: 0x0000000800c00000-0x0000000840c00000, reserved size: 1073741824
Narrow klass base: 0x0000000800000000, Narrow klass shift: 0, Narrow klass range: 0x100000000

GC Precious Log:
 CardTable entry size: 512
 Card Set container configuration: InlinePtr #cards 5 size 8 Array Of Cards #cards 12 size 40 Howl #buckets 4 coarsen threshold 1843 Howl Bitmap #cards 512 size 80 coarsen threshold 460 Card regions per heap region 1 cards per card region 2048
 CPUs: 2 total, 2 available
 Memory: 3933M
 Large Page Support: Disabled
 NUMA Support: Disabled
 Compressed Oops: Enabled (32-bit)
 Heap Region Size: 1M
 Heap Min Capacity: 8M
 Heap Initial Capacity: 62M
 Heap Max Capacity: 1G
 Pre-touch: Disabled
 Parallel Workers: 2
 Concurrent Workers: 1
 Concurrent Refinement Workers: 2
 Periodic GC: Disabled
 String Deduplication is enabled

Heap:
 garbage-first heap   total 58368K, used 53248K [0x00000000c0000000, 0x0000000100000000)
  region size 1024K, 11 young (11264K), 1 survivors (1024K)
 Metaspace       used 26945K, committed 27648K, reserved 1114112K
  class space    used 2671K, committed 3008K, reserved 1048576K

Heap Regions: E=young(eden), S=young(survivor), O=old, HS=humongous(starts), HC=humongous(continues), CS=collection set, F=free, OA=open archive, CA=closed archive, TAMS=top-at-mark-start (previous, next)
|   0|0x00000000c0000000, 0x00000000c0100000, 0x00000000c0100000|100%| O|  |TAMS 0x00000000c0100000, 0x00000000c0000000| Untracked 
|   1|0x00000000c0100000, 0x00000000c0200000, 0x00000000c0200000|100%| O|  |TAMS 0x00000000c0200000, 0x00000000c0100000| Untracked 
|   2|0x00000000c0200000, 0x00000000c0300000, 0x00000000c0300000|100%| O|  |TAMS 0x00000000c0300000, 0x00000000c0200000| Complete 
|   3|0x00000000c0300000, 0x00000000c0400000, 0x00000000c0400000|100%| O|  |TAMS 0x00000000c0400000, 0x00000000c0300000| Untracked 
|   4|0x00000000c0400000, 0x00000000c0500000, 0x00000000c0500000|100%| O|  |TAMS 0x00000000c0500000, 0x00000000c0400000| Untracked 
|   5|0x00000000c0500000, 0x00000000c0600000, 0x00000000c0600000|100%| O|  |TAMS 0x00000000c0600000, 0x00000000c0500000| Untracked 
|   6|0x00000000c0600000, 0x00000000c0700000, 0x00000000c0700000|100%| O|  |TAMS 0x00000000c0700000, 0x00000000c0600000| Untracked 
|   7|0x00000000c0700000, 0x00000000c0800000, 0x00000000c0800000|100%| O|  |TAMS 0x00000000c0800000, 0x00000000c0700000| Untracked 
|   8|0x00000000c0800000, 0x00000000c0900000, 0x00000000c0900000|100%| O|  |TAMS 0x00000000c0900000, 0x00000000c0800000| Untracked 
|   9|0x00000000c0900000, 0x00000000c0a00000, 0x00000000c0a00000|100%| O|  |TAMS 0x00000000c0a00000, 0x00000000c0900000| Untracked 
|  10|0x00000000c0a00000, 0x00000000c0b00000, 0x00000000c0b00000|100%| O|  |TAMS 0x00000000c0b00000, 0x00000000c0a00000| Untracked 
|  11|0x00000000c0b00000, 0x00000000c0c00000, 0x00000000c0c00000|100%| O|  |TAMS 0x00000000c0c00000, 0x00000000c0b00000| Complete 
|  12|0x00000000c0c00000, 0x00000000c0d00000, 0x00000000c0d00000|100%| O|  |TAMS 0x00000000c0d00000, 0x00000000c0c00000| Untracked 
|  13|0x00000000c0d00000, 0x00000000c0e00000, 0x00000000c0e00000|100%| O|  |TAMS 0x00000000c0e00000, 0x00000000c0d00000| Untracked 
|  14|0x00000000c0e00000, 0x00000000c0f00000, 0x00000000c0f00000|100%| O|  |TAMS 0x00000000c0f00000, 0x00000000c0e00000| Untracked 
|  15|0x00000000c0f00000, 0x00000000c1000000, 0x00000000c1000000|100%| O|  |TAMS 0x00000000c1000000, 0x00000000c0f00000| Untracked 
|  16|0x00000000c1000000, 0x00000000c1100000, 0x00000000c1100000|100%| O|  |TAMS 0x00000000c1100000, 0x00000000c1000000| Untracked 
|  17|0x00000000c1100000, 0x00000000c1200000, 0x00000000c1200000|100%| O|  |TAMS 0x00000000c1200000, 0x00000000c1100000| Untracked 
|  18|0x00000000c1200000, 0x00000000c1300000, 0x00000000c1300000|100%| O|  |TAMS 0x00000000c1300000, 0x00000000c1200000| Untracked 
|  19|0x00000000c1300000, 0x00000000c1400000, 0x00000000c1400000|100%| O|  |TAMS 0x00000000c1400000, 0x00000000c1300000| Untracked 
|  20|0x00000000c1400000, 0x00000000c1500000, 0x00000000c1500000|100%| O|  |TAMS 0x00000000c1500000, 0x00000000c1400000| Untracked 
|  21|0x00000000c1500000, 0x00000000c1600000, 0x00000000c1600000|100%| O|  |TAMS 0x00000000c1600000, 0x00000000c1500000| Untracked 
|  22|0x00000000c1600000, 0x00000000c1700000, 0x00000000c1700000|100%| O|  |TAMS 0x00000000c1700000, 0x00000000c1600000| Untracked 
|  23|0x00000000c1700000, 0x00000000c1800000, 0x00000000c1800000|100%| O|  |TAMS 0x00000000c1800000, 0x00000000c1700000| Untracked 
|  24|0x00000000c1800000, 0x00000000c1900000, 0x00000000c1900000|100%| O|  |TAMS 0x00000000c1900000, 0x00000000c1800000| Untracked 
|  25|0x00000000c1900000, 0x00000000c1a00000, 0x00000000c1a00000|100%| O|  |TAMS 0x00000000c1a00000, 0x00000000c1900000| Untracked 
|  26|0x00000000c1a00000, 0x00000000c1b00000, 0x00000000c1b00000|100%| O|  |TAMS 0x00000000c1a2d400, 0x00000000c1a00000| Untracked 
|  27|0x00000000c1b00000, 0x00000000c1c00000, 0x00000000c1c00000|100%| O|  |TAMS 0x00000000c1b00000, 0x00000000c1b00000| Untracked 
|  28|0x00000000c1c00000, 0x00000000c1d00000, 0x00000000c1d00000|100%|HS|  |TAMS 0x00000000c1c00000, 0x00000000c1c00000| Complete 
|  29|0x00000000c1d00000, 0x00000000c1e00000, 0x00000000c1e00000|100%|HS|  |TAMS 0x00000000c1d00000, 0x00000000c1d00000| Complete 
|  30|0x00000000c1e00000, 0x00000000c1f00000, 0x00000000c1f00000|100%|HC|  |TAMS 0x00000000c1e00000, 0x00000000c1e00000| Complete 
|  31|0x00000000c1f00000, 0x00000000c2000000, 0x00000000c2000000|100%| O|  |TAMS 0x00000000c1f00000, 0x00000000c1f00000| Untracked 
|  32|0x00000000c2000000, 0x00000000c2100000, 0x00000000c2100000|100%| O|  |TAMS 0x00000000c2000000, 0x00000000c2000000| Untracked 
|  33|0x00000000c2100000, 0x00000000c2200000, 0x00000000c2200000|100%|HS|  |TAMS 0x00000000c2100000, 0x00000000c2100000| Complete 
|  34|0x00000000c2200000, 0x00000000c2300000, 0x00000000c2300000|100%| O|  |TAMS 0x00000000c2200000, 0x00000000c2200000| Untracked 
|  35|0x00000000c2300000, 0x00000000c2400000, 0x00000000c2400000|100%|HS|  |TAMS 0x00000000c2300000, 0x00000000c2300000| Complete 
|  36|0x00000000c2400000, 0x00000000c2500000, 0x00000000c2500000|100%|HC|  |TAMS 0x00000000c2400000, 0x00000000c2400000| Complete 
|  37|0x00000000c2500000, 0x00000000c2600000, 0x00000000c2600000|100%|HC|  |TAMS 0x00000000c2500000, 0x00000000c2500000| Complete 
|  38|0x00000000c2600000, 0x00000000c2700000, 0x00000000c2700000|100%|HS|  |TAMS 0x00000000c2600000, 0x00000000c2600000| Complete 
|  39|0x00000000c2700000, 0x00000000c2800000, 0x00000000c2800000|100%|HC|  |TAMS 0x00000000c2700000, 0x00000000c2700000| Complete 
|  40|0x00000000c2800000, 0x00000000c2900000, 0x00000000c2900000|100%|HC|  |TAMS 0x00000000c2800000, 0x00000000c2800000| Complete 
|  41|0x00000000c2900000, 0x00000000c2a00000, 0x00000000c2a00000|100%|HC|  |TAMS 0x00000000c2900000, 0x00000000c2900000| Complete 
|  42|0x00000000c2a00000, 0x00000000c2b00000, 0x00000000c2b00000|100%|HC|  |TAMS 0x00000000c2a00000, 0x00000000c2a00000| Complete 
|  43|0x00000000c2b00000, 0x00000000c2b00000, 0x00000000c2c00000|  0%| F|  |TAMS 0x00000000c2b00000, 0x00000000c2b00000| Untracked 
|  44|0x00000000c2c00000, 0x00000000c2c00000, 0x00000000c2d00000|  0%| F|  |TAMS 0x00000000c2c00000, 0x00000000c2c00000| Untracked 
|  45|0x00000000c2d00000, 0x00000000c2d00000, 0x00000000c2e00000|  0%| F|  |TAMS 0x00000000c2d00000, 0x00000000c2d00000| Untracked 
|  46|0x00000000c2e00000, 0x00000000c2e919a8, 0x00000000c2f00000| 56%| E|  |TAMS 0x00000000c2e00000, 0x00000000c2e00000| Complete 
|  47|0x00000000c2f00000, 0x00000000c3000000, 0x00000000c3000000|100%| E|CS|TAMS 0x00000000c2f00000, 0x00000000c2f00000| Complete 
|  48|0x00000000c3000000, 0x00000000c3100000, 0x00000000c3100000|100%| E|  |TAMS 0x00000000c3000000, 0x00000000c3000000| Complete 
|  49|0x00000000c3100000, 0x00000000c3200000, 0x00000000c3200000|100%| E|CS|TAMS 0x00000000c3100000, 0x00000000c3100000| Complete 
|  50|0x00000000c3200000, 0x00000000c3300000, 0x00000000c3300000|100%| E|CS|TAMS 0x00000000c3200000, 0x00000000c3200000| Complete 
|  51|0x00000000c3300000, 0x00000000c3400000, 0x00000000c3400000|100%| E|CS|TAMS 0x00000000c3300000, 0x00000000c3300000| Complete 
|  52|0x00000000c3400000, 0x00000000c3500000, 0x00000000c3500000|100%| E|CS|TAMS 0x00000000c3400000, 0x00000000c3400000| Complete 
|  53|0x00000000c3500000, 0x00000000c3600000, 0x00000000c3600000|100%| S|CS|TAMS 0x00000000c3500000, 0x00000000c3500000| Complete 
|  54|0x00000000c3600000, 0x00000000c3700000, 0x00000000c3700000|100%| E|CS|TAMS 0x00000000c3600000, 0x00000000c3600000| Complete 
|  55|0x00000000c3700000, 0x00000000c3800000, 0x00000000c3800000|100%| E|CS|TAMS 0x00000000c3700000, 0x00000000c3700000| Complete 
|  61|0x00000000c3d00000, 0x00000000c3e00000, 0x00000000c3e00000|100%| E|CS|TAMS 0x00000000c3d00000, 0x00000000c3d00000| Complete 

Card table byte_map: [0x000001e7664e0000,0x000001e7666e0000] _byte_map_base: 0x000001e765ee0000

Marking Bits (Prev, Next): (CMBitMap*) 0x000001e766758740, (CMBitMap*) 0x000001e766758780
 Prev Bits: [0x000001e77adf0000, 0x000001e77bdf0000)
 Next Bits: [0x000001e77bdf0000, 0x000001e77cdf0000)

Polling page: 0x000001e764510000

Metaspace:

Usage:
  Non-class:     23.71 MB used.
      Class:      2.61 MB used.
       Both:     26.31 MB used.

Virtual space:
  Non-class space:       64.00 MB reserved,      24.06 MB ( 38%) committed,  1 nodes.
      Class space:        1.00 GB reserved,       2.94 MB ( <1%) committed,  1 nodes.
             Both:        1.06 GB reserved,      27.00 MB (  2%) committed. 

Chunk freelists:
   Non-Class:  3.31 MB
       Class:  1.10 MB
        Both:  4.41 MB

MaxMetaspaceSize: unlimited
CompressedClassSpaceSize: 1.00 GB
Initial GC threshold: 21.00 MB
Current GC threshold: 44.94 MB
CDS: on
MetaspaceReclaimPolicy: balanced
 - commit_granule_bytes: 65536.
 - commit_granule_words: 8192.
 - virtual_space_node_default_size: 8388608.
 - enlarge_chunks_in_place: 1.
 - new_chunks_are_fully_committed: 0.
 - uncommit_free_chunks: 1.
 - use_allocation_guard: 0.


Internal statistics:

num_allocs_failed_limit: 3.
num_arena_births: 614.
num_arena_deaths: 14.
num_vsnodes_births: 2.
num_vsnodes_deaths: 0.
num_space_committed: 432.
num_space_uncommitted: 0.
num_chunks_returned_to_freelist: 20.
num_chunks_taken_from_freelist: 1711.
num_chunk_merges: 6.
num_chunk_splits: 1078.
num_chunks_enlarged: 644.
num_inconsistent_stats: 0.

CodeHeap 'non-profiled nmethods': size=120064Kb used=3015Kb max_used=3015Kb free=117048Kb
 bounds [0x000001e7736b0000, 0x000001e7739b0000, 0x000001e77abf0000]
CodeHeap 'profiled nmethods': size=120000Kb used=12099Kb max_used=12099Kb free=107900Kb
 bounds [0x000001e76bbf0000, 0x000001e76c830000, 0x000001e773120000]
CodeHeap 'non-nmethods': size=5696Kb used=1373Kb max_used=1421Kb free=4322Kb
 bounds [0x000001e773120000, 0x000001e773390000, 0x000001e7736b0000]
 total_blobs=5527 nmethods=4913 adapters=523
 compilation: enabled
              stopped_count=0, restarted_count=0
 full_count=0

Compilation events (20 events):
Event: 48.706 Thread 0x000001e77f1b91f0 5645       3       java.util.regex.ASCII::isType (15 bytes)
Event: 48.706 Thread 0x000001e77f1b91f0 nmethod 5645 0x000001e76bde2a90 code [0x000001e76bde2c40, 0x000001e76bde2e78]
Event: 48.706 Thread 0x000001e77f1b91f0 5646       3       java.util.regex.ASCII::getType (17 bytes)
Event: 48.707 Thread 0x000001e77f1b91f0 nmethod 5646 0x000001e76c0b8490 code [0x000001e76c0b8640, 0x000001e76c0b87d8]
Event: 48.707 Thread 0x000001e77f1b91f0 5647       1       org.eclipse.lsp4j.jsonrpc.messages.IdentifiableMessage::setRawId (6 bytes)
Event: 48.707 Thread 0x000001e77f1b91f0 nmethod 5647 0x000001e7739a0010 code [0x000001e7739a01a0, 0x000001e7739a02b8]
Event: 48.707 Thread 0x000001e77f1b91f0 5648       1       org.eclipse.lsp4j.jsonrpc.messages.IdentifiableMessage::getRawId (5 bytes)
Event: 48.707 Thread 0x000001e77f1b91f0 nmethod 5648 0x000001e7739a0310 code [0x000001e7739a04a0, 0x000001e7739a0558]
Event: 48.963 Thread 0x000001e77f1b91f0 5649       3       java.util.concurrent.CompletableFuture::newIncompleteFuture (8 bytes)
Event: 48.964 Thread 0x000001e77f1b91f0 nmethod 5649 0x000001e76c0b7f90 code [0x000001e76c0b8140, 0x000001e76c0b8358]
Event: 49.052 Thread 0x000001e77f1b91f0 5650       1       org.python.pydev.ast.interpreter_managers.InterpreterInfo::getVersion (5 bytes)
Event: 49.052 Thread 0x000001e77f1b91f0 nmethod 5650 0x000001e7739a0610 code [0x000001e7739a07a0, 0x000001e7739a0858]
Event: 49.253 Thread 0x000001e77f1b91f0 5651       1       org.eclipse.lsp4j.TextDocumentIdentifier::getUri (5 bytes)
Event: 49.253 Thread 0x000001e77f1b91f0 nmethod 5651 0x000001e7739a0910 code [0x000001e7739a0aa0, 0x000001e7739a0b58]
Event: 49.261 Thread 0x000001e77f1511a0 5652       4       org.python.pydev.parser.grammar312.PythonGrammar312::jj_3R_149 (50 bytes)
Event: 49.270 Thread 0x000001e77f1511a0 nmethod 5652 0x000001e7739a0c10 code [0x000001e7739a0dc0, 0x000001e7739a14f8]
Event: 49.270 Thread 0x000001e77f1511a0 5653       4       org.python.pydev.parser.grammar312.PythonGrammar312::jj_3R_150 (28 bytes)
Event: 49.283 Thread 0x000001e77f1b91f0 5654   !   3       org.python.pydev.parser.grammar312.PythonGrammar312::atom (2902 bytes)
Event: 49.289 Thread 0x000001e77f1b91f0 nmethod 5654 0x000001e76c4c1f10 code [0x000001e76c4c2be0, 0x000001e76c4ca388]
Event: 49.290 Thread 0x000001e77f1b91f0 5657   !   3       org.python.pydev.parser.grammar312.TreeBuilder312::onCloseNode (5409 bytes)

GC Heap History (20 events):
Event: 10.982 GC heap before
{Heap before GC invocations=3 (full 0):
 garbage-first heap   total 63488K, used 35840K [0x00000000c0000000, 0x0000000100000000)
  region size 1024K, 33 young (33792K), 2 survivors (2048K)
 Metaspace       used 14655K, committed 15168K, reserved 1114112K
  class space    used 1464K, committed 1664K, reserved 1048576K
}
Event: 10.994 GC heap after
{Heap after GC invocations=4 (full 0):
 garbage-first heap   total 63488K, used 9742K [0x00000000c0000000, 0x0000000100000000)
  region size 1024K, 5 young (5120K), 5 survivors (5120K)
 Metaspace       used 14655K, committed 15168K, reserved 1114112K
  class space    used 1464K, committed 1664K, reserved 1048576K
}
Event: 14.422 GC heap before
{Heap before GC invocations=4 (full 0):
 garbage-first heap   total 63488K, used 39438K [0x00000000c0000000, 0x0000000100000000)
  region size 1024K, 30 young (30720K), 5 survivors (5120K)
 Metaspace       used 16306K, committed 16896K, reserved 1114112K
  class space    used 1615K, committed 1856K, reserved 1048576K
}
Event: 14.437 GC heap after
{Heap after GC invocations=5 (full 0):
 garbage-first heap   total 63488K, used 14002K [0x00000000c0000000, 0x0000000100000000)
  region size 1024K, 4 young (4096K), 4 survivors (4096K)
 Metaspace       used 16306K, committed 16896K, reserved 1114112K
  class space    used 1615K, committed 1856K, reserved 1048576K
}
Event: 16.838 GC heap before
{Heap before GC invocations=5 (full 0):
 garbage-first heap   total 63488K, used 38578K [0x00000000c0000000, 0x0000000100000000)
  region size 1024K, 28 young (28672K), 4 survivors (4096K)
 Metaspace       used 20195K, committed 20864K, reserved 1114112K
  class space    used 2090K, committed 2432K, reserved 1048576K
}
Event: 16.847 GC heap after
{Heap after GC invocations=6 (full 0):
 garbage-first heap   total 63488K, used 15867K [0x00000000c0000000, 0x0000000100000000)
  region size 1024K, 2 young (2048K), 2 survivors (2048K)
 Metaspace       used 20195K, committed 20864K, reserved 1114112K
  class space    used 2090K, committed 2432K, reserved 1048576K
}
Event: 19.720 GC heap before
{Heap before GC invocations=6 (full 0):
 garbage-first heap   total 63488K, used 22011K [0x00000000c0000000, 0x0000000100000000)
  region size 1024K, 9 young (9216K), 2 survivors (2048K)
 Metaspace       used 20885K, committed 21504K, reserved 1114112K
  class space    used 2160K, committed 2432K, reserved 1048576K
}
Event: 19.724 GC heap after
{Heap after GC invocations=7 (full 0):
 garbage-first heap   total 63488K, used 16084K [0x00000000c0000000, 0x0000000100000000)
  region size 1024K, 2 young (2048K), 2 survivors (2048K)
 Metaspace       used 20885K, committed 21504K, reserved 1114112K
  class space    used 2160K, committed 2432K, reserved 1048576K
}
Event: 29.570 GC heap before
{Heap before GC invocations=8 (full 0):
 garbage-first heap   total 58368K, used 44756K [0x00000000c0000000, 0x0000000100000000)
  region size 1024K, 31 young (31744K), 2 survivors (2048K)
 Metaspace       used 23416K, committed 24256K, reserved 1114112K
  class space    used 2395K, committed 2752K, reserved 1048576K
}
Event: 29.575 GC heap after
{Heap after GC invocations=9 (full 0):
 garbage-first heap   total 58368K, used 16474K [0x00000000c0000000, 0x0000000100000000)
  region size 1024K, 3 young (3072K), 3 survivors (3072K)
 Metaspace       used 23416K, committed 24256K, reserved 1114112K
  class space    used 2395K, committed 2752K, reserved 1048576K
}
Event: 29.594 GC heap before
{Heap before GC invocations=9 (full 0):
 garbage-first heap   total 58368K, used 17498K [0x00000000c0000000, 0x0000000100000000)
  region size 1024K, 4 young (4096K), 3 survivors (3072K)
 Metaspace       used 23609K, committed 24448K, reserved 1114112K
  class space    used 2409K, committed 2752K, reserved 1048576K
}
Event: 29.600 GC heap after
{Heap after GC invocations=10 (full 0):
 garbage-first heap   total 58368K, used 16381K [0x00000000c0000000, 0x0000000100000000)
  region size 1024K, 1 young (1024K), 1 survivors (1024K)
 Metaspace       used 23609K, committed 24448K, reserved 1114112K
  class space    used 2409K, committed 2752K, reserved 1048576K
}
Event: 35.795 GC heap before
{Heap before GC invocations=10 (full 0):
 garbage-first heap   total 58368K, used 41981K [0x00000000c0000000, 0x0000000100000000)
  region size 1024K, 27 young (27648K), 1 survivors (1024K)
 Metaspace       used 25234K, committed 25984K, reserved 1114112K
  class space    used 2500K, committed 2816K, reserved 1048576K
}
Event: 35.803 GC heap after
{Heap after GC invocations=11 (full 0):
 garbage-first heap   total 58368K, used 18401K [0x00000000c0000000, 0x0000000100000000)
  region size 1024K, 3 young (3072K), 3 survivors (3072K)
 Metaspace       used 25234K, committed 25984K, reserved 1114112K
  class space    used 2500K, committed 2816K, reserved 1048576K
}
Event: 44.268 GC heap before
{Heap before GC invocations=11 (full 0):
 garbage-first heap   total 58368K, used 41953K [0x00000000c0000000, 0x0000000100000000)
  region size 1024K, 27 young (27648K), 3 survivors (3072K)
 Metaspace       used 26239K, committed 27008K, reserved 1114112K
  class space    used 2605K, committed 2944K, reserved 1048576K
}
Event: 44.275 GC heap after
{Heap after GC invocations=12 (full 0):
 garbage-first heap   total 58368K, used 20221K [0x00000000c0000000, 0x0000000100000000)
  region size 1024K, 2 young (2048K), 2 survivors (2048K)
 Metaspace       used 26239K, committed 27008K, reserved 1114112K
  class space    used 2605K, committed 2944K, reserved 1048576K
}
Event: 46.666 GC heap before
{Heap before GC invocations=12 (full 0):
 garbage-first heap   total 58368K, used 42749K [0x00000000c0000000, 0x0000000100000000)
  region size 1024K, 25 young (25600K), 2 survivors (2048K)
 Metaspace       used 26848K, committed 27584K, reserved 1114112K
  class space    used 2668K, committed 3008K, reserved 1048576K
}
Event: 46.697 GC heap after
{Heap after GC invocations=13 (full 0):
 garbage-first heap   total 58368K, used 30901K [0x00000000c0000000, 0x0000000100000000)
  region size 1024K, 4 young (4096K), 4 survivors (4096K)
 Metaspace       used 26848K, committed 27584K, reserved 1114112K
  class space    used 2668K, committed 3008K, reserved 1048576K
}
Event: 46.798 GC heap before
{Heap before GC invocations=13 (full 0):
 garbage-first heap   total 58368K, used 32949K [0x00000000c0000000, 0x0000000100000000)
  region size 1024K, 7 young (7168K), 4 survivors (4096K)
 Metaspace       used 26877K, committed 27584K, reserved 1114112K
  class space    used 2668K, committed 3008K, reserved 1048576K
}
Event: 46.813 GC heap after
{Heap after GC invocations=14 (full 0):
 garbage-first heap   total 58368K, used 32768K [0x00000000c0000000, 0x0000000100000000)
  region size 1024K, 1 young (1024K), 1 survivors (1024K)
 Metaspace       used 26877K, committed 27584K, reserved 1114112K
  class space    used 2668K, committed 3008K, reserved 1048576K
}

Dll operation events (9 events):
Event: 0.010 Loaded shared library C:\Users\BARTON\.pydev_vscode\java19\jdk-19.0.2+7-jre\bin\java.dll
Event: 0.066 Loaded shared library C:\Users\BARTON\.pydev_vscode\java19\jdk-19.0.2+7-jre\bin\jsvml.dll
Event: 0.632 Loaded shared library C:\Users\BARTON\.pydev_vscode\java19\jdk-19.0.2+7-jre\bin\net.dll
Event: 0.640 Loaded shared library C:\Users\BARTON\.pydev_vscode\java19\jdk-19.0.2+7-jre\bin\nio.dll
Event: 0.688 Loaded shared library C:\Users\BARTON\.pydev_vscode\java19\jdk-19.0.2+7-jre\bin\zip.dll
Event: 2.241 Loaded shared library C:\Users\BARTON\.pydev_vscode\java19\jdk-19.0.2+7-jre\bin\jimage.dll
Event: 4.563 Loaded shared library C:\Users\BARTON\.vscode\extensions\fabioz.vscode-pydev-0.15.3\server\plugins\org.eclipse.equinox.launcher.win32.win32.x86_64_1.2.900.v20240213-1244\eclipse_11900.dll
Event: 9.951 Loaded shared library C:\Users\BARTON\.vscode\extensions\fabioz.vscode-pydev-0.15.3\server\config_win\org.eclipse.osgi\13\0\.cp\os\win32\x86_64\localfile_1_0_0.dll
Event: 10.114 Loaded shared library C:\Users\BARTON\.vscode\extensions\fabioz.vscode-pydev-0.15.3\server\config_win\org.eclipse.osgi\16\0\.cp\os\win32\x86_64\win32refresh.dll

Deoptimization events (20 events):
Event: 47.538 Thread 0x000001e77ff26160 DEOPT PACKING pc=0x000001e77382bff4 sp=0x0000007c531fea40
Event: 47.538 Thread 0x000001e77ff26160 DEOPT UNPACKING pc=0x000001e773186d9d sp=0x0000007c531fe948 mode 2
Event: 47.567 Thread 0x000001e77fcad5b0 Uncommon trap: trap_request=0xffffff45 fr.pc=0x000001e7739466dc relative=0x000000000000751c
Event: 47.567 Thread 0x000001e77fcad5b0 Uncommon trap: reason=unstable_if action=reinterpret pc=0x000001e7739466dc method=org.python.pydev.parser.grammar312.PythonGrammar312.atom()V @ 1690 c2
Event: 47.567 Thread 0x000001e77fcad5b0 DEOPT PACKING pc=0x000001e7739466dc sp=0x0000007c52afe540
Event: 47.567 Thread 0x000001e77fcad5b0 DEOPT UNPACKING pc=0x000001e773186d9d sp=0x0000007c52afe4d8 mode 2
Event: 47.571 Thread 0x000001e77fcad5b0 Uncommon trap: trap_request=0x0000009b fr.pc=0x000001e77375e148 relative=0x00000000000010a8
Event: 47.571 Thread 0x000001e77fcad5b0 Uncommon trap: reason=unloaded action=reinterpret pc=0x000001e77375e148 method=org.python.pydev.parser.grammarcommon.AbstractTreeBuilder.openNode(I)Lorg/python/pydev/parser/jython/SimpleNode; @ 1127 c2
Event: 47.571 Thread 0x000001e77fcad5b0 DEOPT PACKING pc=0x000001e77375e148 sp=0x0000007c52afe3a0
Event: 47.571 Thread 0x000001e77fcad5b0 DEOPT UNPACKING pc=0x000001e773186d9d sp=0x0000007c52afe360 mode 2
Event: 47.581 Thread 0x000001e77fcad5b0 DEOPT PACKING pc=0x000001e76c2cb95a sp=0x0000007c52afe980
Event: 47.581 Thread 0x000001e77fcad5b0 DEOPT UNPACKING pc=0x000001e773187524 sp=0x0000007c52afdde8 mode 0
Event: 49.283 Thread 0x000001e77ff21c50 Uncommon trap: trap_request=0xffffff45 fr.pc=0x000001e7738d4d20 relative=0x0000000000002120
Event: 49.283 Thread 0x000001e77ff21c50 Uncommon trap: reason=unstable_if action=reinterpret pc=0x000001e7738d4d20 method=org.python.pydev.parser.grammar312.PythonGrammar312TokenManager.jjMoveNfa_0(II)I @ 3295 c2
Event: 49.283 Thread 0x000001e77ff21c50 DEOPT PACKING pc=0x000001e7738d4d20 sp=0x0000007c527fe440
Event: 49.283 Thread 0x000001e77ff21c50 DEOPT UNPACKING pc=0x000001e773186d9d sp=0x0000007c527fe3d0 mode 2
Event: 49.283 Thread 0x000001e77ff21c50 Uncommon trap: trap_request=0xffffff45 fr.pc=0x000001e7738e45b4 relative=0x00000000000057f4
Event: 49.283 Thread 0x000001e77ff21c50 Uncommon trap: reason=unstable_if action=reinterpret pc=0x000001e7738e45b4 method=org.python.pydev.parser.grammar312.TreeBuilder312.onCloseNode(Lorg/python/pydev/parser/jython/SimpleNode;I)Lorg/python/pydev/parser/jython/SimpleNode; @ 4 c2
Event: 49.283 Thread 0x000001e77ff21c50 DEOPT PACKING pc=0x000001e7738e45b4 sp=0x0000007c527fe410
Event: 49.283 Thread 0x000001e77ff21c50 DEOPT UNPACKING pc=0x000001e773186d9d sp=0x0000007c527fe1e8 mode 2

Classes loaded (20 events):
Event: 39.532 Loading class java/util/TreeMap$AscendingSubMap$AscendingEntrySetView
Event: 39.533 Loading class java/util/TreeMap$NavigableSubMap$EntrySetView
Event: 39.533 Loading class java/util/TreeMap$NavigableSubMap$EntrySetView done
Event: 39.533 Loading class java/util/TreeMap$AscendingSubMap$AscendingEntrySetView done
Event: 39.533 Loading class java/util/TreeMap$NavigableSubMap$SubMapEntryIterator
Event: 39.533 Loading class java/util/TreeMap$NavigableSubMap$SubMapIterator
Event: 39.534 Loading class java/util/TreeMap$NavigableSubMap$SubMapIterator done
Event: 39.534 Loading class java/util/TreeMap$NavigableSubMap$SubMapEntryIterator done
Event: 45.297 Loading class java/util/regex/Pattern$Bound
Event: 45.299 Loading class java/util/regex/Pattern$Bound done
Event: 45.341 Loading class java/util/PropertyResourceBundle
Event: 45.342 Loading class java/util/PropertyResourceBundle done
Event: 45.342 Loading class sun/util/PropertyResourceBundleCharset
Event: 45.342 Loading class sun/util/PropertyResourceBundleCharset done
Event: 45.342 Loading class sun/util/PropertyResourceBundleCharset$PropertiesFileDecoder
Event: 45.342 Loading class sun/util/PropertyResourceBundleCharset$PropertiesFileDecoder done
Event: 45.549 Loading class java/util/concurrent/ConcurrentHashMap$TreeBin
Event: 45.549 Loading class java/util/concurrent/ConcurrentHashMap$TreeBin done
Event: 45.550 Loading class java/util/AbstractMap$SimpleEntry
Event: 45.550 Loading class java/util/AbstractMap$SimpleEntry done

Classes unloaded (7 events):
Event: 46.885 Thread 0x000001e7667d3f40 Unloading class 0x0000000800ebc000 'java/lang/invoke/LambdaForm$MH+0x0000000800ebc000'
Event: 46.885 Thread 0x000001e7667d3f40 Unloading class 0x0000000800ebb800 'java/lang/invoke/LambdaForm$DMH+0x0000000800ebb800'
Event: 46.885 Thread 0x000001e7667d3f40 Unloading class 0x0000000800ebac00 'java/lang/invoke/LambdaForm$MH+0x0000000800ebac00'
Event: 46.885 Thread 0x000001e7667d3f40 Unloading class 0x0000000800ea3c00 'java/lang/invoke/LambdaForm$MH+0x0000000800ea3c00'
Event: 46.885 Thread 0x000001e7667d3f40 Unloading class 0x0000000800ea3800 'java/lang/invoke/LambdaForm$DMH+0x0000000800ea3800'
Event: 46.885 Thread 0x000001e7667d3f40 Unloading class 0x0000000800ea2400 'java/lang/invoke/LambdaForm$MH+0x0000000800ea2400'
Event: 46.885 Thread 0x000001e7667d3f40 Unloading class 0x0000000800ea1c00 'java/lang/invoke/LambdaForm$MH+0x0000000800ea1c00'

Classes redefined (0 events):
No events

Internal exceptions (20 events):
Event: 22.201 Thread 0x000001e77fcb0580 Exception <a 'java/io/FileNotFoundException'{0x00000000c25eee70}> (0x00000000c25eee70) 
thrown [s\src\hotspot\share\prims\jni.cpp, line 517]
Event: 23.690 Thread 0x000001e77fcaf040 Exception <a 'java/lang/IncompatibleClassChangeError'{0x00000000c24bbe60}: Found class java.lang.Object, but interface was expected> (0x00000000c24bbe60) 
thrown [s\src\hotspot\share\interpreter\linkResolver.cpp, line 841]
Event: 24.786 Thread 0x000001e77fcaf040 Exception <a 'java/io/IOException'{0x00000000c235be00}: CreateProcess error=193, %1 n’est pas une application Win32 valide> (0x00000000c235be00) 
thrown [s\src\hotspot\share\prims\jni.cpp, line 536]
Event: 29.437 Thread 0x000001e77fcaf040 Exception <a 'java/lang/IncompatibleClassChangeError'{0x00000000c1b4b340}: Found class java.lang.Object, but interface was expected> (0x00000000c1b4b340) 
thrown [s\src\hotspot\share\interpreter\linkResolver.cpp, line 841]
Event: 29.593 Thread 0x000001e77fcae050 Exception <a 'java/lang/NoSuchMethodError'{0x00000000c3dfca00}: 'int java.lang.invoke.Invokers$Holder.invokeExact_MT(java.lang.Object, java.lang.Object)'> (0x00000000c3dfca00) 
thrown [s\src\hotspot\share\interpreter\linkResolver.cpp, line 774]
Event: 29.652 Thread 0x000001e77fcaeaf0 Exception <a 'java/lang/NoSuchMethodError'{0x00000000c364a3c8}: 'long java.lang.invoke.DirectMethodHandle$Holder.invokeSpecial(java.lang.Object, java.lang.Object, java.lang.Object, int, int, java.lang.Object)'> (0x00000000c364a3c8) 
thrown [s\src\hotspot\share\interpreter\linkResolver.cpp, line 774]
Event: 29.678 Thread 0x000001e77fcad5b0 Exception <a 'java/lang/ArrayIndexOutOfBoundsException'{0x00000000c3677b90}: Index 4787 out of bounds for length 4787> (0x00000000c3677b90) 
thrown [s\src\hotspot\share\interpreter\interpreterRuntime.cpp, line 432]
Event: 31.784 Thread 0x000001e77fcaf040 Exception <a 'java/lang/IncompatibleClassChangeError'{0x00000000c251a4b0}: Found class java.lang.Object, but interface was expected> (0x00000000c251a4b0) 
thrown [s\src\hotspot\share\interpreter\linkResolver.cpp, line 841]
Event: 31.789 Thread 0x000001e77fcaf040 Exception <a 'java/lang/IncompatibleClassChangeError'{0x00000000c252af28}: Found class java.lang.Object, but interface was expected> (0x00000000c252af28) 
thrown [s\src\hotspot\share\interpreter\linkResolver.cpp, line 841]
Event: 31.791 Thread 0x000001e77fcaf040 Exception <a 'java/lang/NoSuchMethodError'{0x00000000c253af98}: 'java.lang.Object java.lang.invoke.DirectMethodHandle$Holder.newInvokeSpecial(java.lang.Object, java.lang.Object, java.lang.Object, java.lang.Object, java.lang.Object, java.lang.Object, java.lang.Object, java.lang.Object)'> (0x00000000c253af98) 
thrown [s\src\hotspot\share\interpreter\linkResolver.cpp, line 774]
Event: 31.801 Thread 0x000001e77fcaf040 Exception <a 'java/lang/IncompatibleClassChangeError'{0x00000000c25533f0}: Found class java.lang.Object, but interface was expected> (0x00000000c25533f0) 
thrown [s\src\hotspot\share\interpreter\linkResolver.cpp, line 841]
Event: 32.402 Thread 0x000001e77fcaf040 Exception <a 'java/lang/IncompatibleClassChangeError'{0x00000000c22c9978}: Found class java.lang.Object, but interface was expected> (0x00000000c22c9978) 
thrown [s\src\hotspot\share\interpreter\linkResolver.cpp, line 841]
Event: 35.911 Thread 0x000001e77fcaf040 Exception <a 'java/lang/NoSuchMethodError'{0x00000000c3d82628}: 'java.lang.Object java.lang.invoke.DirectMethodHandle$Holder.invokeStatic(java.lang.Object, int, java.lang.Object)'> (0x00000000c3d82628) 
thrown [s\src\hotspot\share\interpreter\linkResolver.cpp, line 774]
Event: 35.934 Thread 0x000001e77fcaf040 Exception <a 'java/lang/ClassNotFoundException'{0x00000000c3deb470}: sun/util/logging/resources/spi/loggingProvider> (0x00000000c3deb470) 
thrown [s\src\hotspot\share\classfile\systemDictionary.cpp, line 255]
Event: 36.358 Thread 0x000001e77fcaf040 Exception <a 'java/lang/IncompatibleClassChangeError'{0x00000000c3632348}: Found class java.lang.Object, but interface was expected> (0x00000000c3632348) 
thrown [s\src\hotspot\share\interpreter\linkResolver.cpp, line 841]
Event: 38.658 Thread 0x000001e77fcaf040 Exception <a 'java/lang/NoSuchMethodError'{0x00000000c31b18b8}: 'java.lang.Object java.lang.invoke.DirectMethodHandle$Holder.invokeVirtual(java.lang.Object, java.lang.Object, java.lang.Object)'> (0x00000000c31b18b8) 
thrown [s\src\hotspot\share\interpreter\linkResolver.cpp, line 774]
Event: 38.808 Thread 0x000001e77fcaeaf0 Exception <a 'java/lang/NoSuchMethodError'{0x00000000c2f6bd60}: 'long java.lang.invoke.DirectMethodHandle$Holder.invokeSpecial(java.lang.Object, java.lang.Object)'> (0x00000000c2f6bd60) 
thrown [s\src\hotspot\share\interpreter\linkResolver.cpp, line 774]
Event: 38.808 Thread 0x000001e77fcaeaf0 Exception <a 'java/lang/NoSuchMethodError'{0x00000000c2f6f6b8}: 'long java.lang.invoke.Invokers$Holder.invokeExact_MT(java.lang.Object, java.lang.Object)'> (0x00000000c2f6f6b8) 
thrown [s\src\hotspot\share\interpreter\linkResolver.cpp, line 774]
Event: 39.684 Thread 0x000001e77fcaeaf0 Implicit null exception at 0x000001e7737b9eaa to 0x000001e7737bb01c
Event: 47.543 Thread 0x000001e77ff26160 Exception <a 'java/lang/NoSuchMethodError'{0x00000000c319bd00}: 'java.lang.Object java.lang.invoke.DirectMethodHandle$Holder.newInvokeSpecial(java.lang.Object, java.lang.Object, java.lang.Object, java.lang.Object, java.lang.Object, java.lang.Object, java.lang.Object)'> (0x00000000c319bd00) 
thrown [s\src\hotspot\share\interpreter\linkResolver.cpp, line 774]

VM Operations (20 events):
Event: 42.399 Executing VM operation: Cleanup
Event: 42.399 Executing VM operation: Cleanup done
Event: 44.268 Executing VM operation: G1CollectForAllocation
Event: 44.275 Executing VM operation: G1CollectForAllocation done
Event: 45.293 Executing VM operation: HandshakeAllThreads
Event: 45.293 Executing VM operation: HandshakeAllThreads done
Event: 45.293 Executing VM operation: Cleanup
Event: 45.293 Executing VM operation: Cleanup done
Event: 46.293 Executing VM operation: Cleanup
Event: 46.294 Executing VM operation: Cleanup done
Event: 46.439 Executing VM operation: G1CollectForAllocation
Event: 46.721 Executing VM operation: G1CollectForAllocation done
Event: 46.798 Executing VM operation: G1TryInitiateConcMark
Event: 46.813 Executing VM operation: G1TryInitiateConcMark done
Event: 46.884 Executing VM operation: G1PauseRemark
Event: 46.912 Executing VM operation: G1PauseRemark done
Event: 46.959 Executing VM operation: G1PauseCleanup
Event: 46.959 Executing VM operation: G1PauseCleanup done
Event: 48.959 Executing VM operation: Cleanup
Event: 48.959 Executing VM operation: Cleanup done

Events (20 events):
Event: 47.586 Thread 0x000001e77ff22c40 Thread added: 0x000001e77ff22c40
Event: 47.588 Thread 0x000001e77ff276a0 Thread added: 0x000001e77ff276a0
Event: 47.589 Thread 0x000001e77ff236e0 Thread added: 0x000001e77ff236e0
Event: 47.590 Thread 0x000001e77ff221a0 Thread added: 0x000001e77ff221a0
Event: 47.608 Thread 0x000001e77ff24180 Thread exited: 0x000001e77ff24180
Event: 47.617 Thread 0x000001e77ff26c00 Thread exited: 0x000001e77ff26c00
Event: 47.617 Thread 0x000001e77ff25c10 Thread exited: 0x000001e77ff25c10
Event: 47.617 Thread 0x000001e77ff20c60 Thread exited: 0x000001e77ff20c60
Event: 47.633 Thread 0x000001e77ff22c40 Thread exited: 0x000001e77ff22c40
Event: 47.643 Thread 0x000001e77ff276a0 Thread exited: 0x000001e77ff276a0
Event: 47.648 Thread 0x000001e77ff236e0 Thread exited: 0x000001e77ff236e0
Event: 47.653 Thread 0x000001e77ff221a0 Thread exited: 0x000001e77ff221a0
Event: 47.887 Thread 0x000001e77ff20c60 Thread added: 0x000001e77ff20c60
Event: 47.890 Thread 0x000001e77ff20c60 Thread exited: 0x000001e77ff20c60
Event: 48.671 Thread 0x000001e77ff276a0 Thread added: 0x000001e77ff276a0
Event: 48.676 Thread 0x000001e77ff22c40 Thread added: 0x000001e77ff22c40
Event: 48.705 Thread 0x000001e77ff276a0 Thread exited: 0x000001e77ff276a0
Event: 48.707 Thread 0x000001e77ff22c40 Thread exited: 0x000001e77ff22c40
Event: 48.963 Thread 0x000001e77ff221a0 Thread added: 0x000001e77ff221a0
Event: 49.054 Thread 0x000001e77ff221a0 Thread exited: 0x000001e77ff221a0


Dynamic libraries:
0x00007ff6dd060000 - 0x00007ff6dd06e000 	C:\Users\BARTON\.pydev_vscode\java19\jdk-19.0.2+7-jre\bin\java.exe
0x00007ffd73b50000 - 0x00007ffd73d48000 	C:\WINDOWS\SYSTEM32\ntdll.dll
0x00007ffd72b70000 - 0x00007ffd72c32000 	C:\WINDOWS\System32\KERNEL32.DLL
0x00007ffd71880000 - 0x00007ffd71b76000 	C:\WINDOWS\System32\KERNELBASE.dll
0x00007ffd712b0000 - 0x00007ffd713b0000 	C:\WINDOWS\System32\ucrtbase.dll
0x00007ffd5aa40000 - 0x00007ffd5aa57000 	C:\Users\BARTON\.pydev_vscode\java19\jdk-19.0.2+7-jre\bin\jli.dll
0x00007ffd73860000 - 0x00007ffd739fd000 	C:\WINDOWS\System32\USER32.dll
0x00007ffd71600000 - 0x00007ffd71622000 	C:\WINDOWS\System32\win32u.dll
0x00007ffd736f0000 - 0x00007ffd7371b000 	C:\WINDOWS\System32\GDI32.dll
0x00007ffd716b0000 - 0x00007ffd717ca000 	C:\WINDOWS\System32\gdi32full.dll
0x00007ffd713b0000 - 0x00007ffd7144d000 	C:\WINDOWS\System32\msvcp_win.dll
0x00007ffd5a8e0000 - 0x00007ffd5a8f9000 	C:\Users\BARTON\.pydev_vscode\java19\jdk-19.0.2+7-jre\bin\VCRUNTIME140.dll
0x00007ffd56d10000 - 0x00007ffd56faa000 	C:\WINDOWS\WinSxS\amd64_microsoft.windows.common-controls_6595b64144ccf1df_6.0.19041.5794_none_60bcd33171f2783c\COMCTL32.dll
0x00007ffd73a00000 - 0x00007ffd73a9e000 	C:\WINDOWS\System32\msvcrt.dll
0x00007ffd72e80000 - 0x00007ffd72eaf000 	C:\WINDOWS\System32\IMM32.DLL
0x00007ffd6ade0000 - 0x00007ffd6adec000 	C:\Users\BARTON\.pydev_vscode\java19\jdk-19.0.2+7-jre\bin\vcruntime140_1.dll
0x00007ffd42880000 - 0x00007ffd42911000 	C:\Users\BARTON\.pydev_vscode\java19\jdk-19.0.2+7-jre\bin\msvcp140.dll
0x00007ffd35190000 - 0x00007ffd35e81000 	C:\Users\BARTON\.pydev_vscode\java19\jdk-19.0.2+7-jre\bin\server\jvm.dll
0x00007ffd71c70000 - 0x00007ffd71d1f000 	C:\WINDOWS\System32\ADVAPI32.dll
0x00007ffd725c0000 - 0x00007ffd7265f000 	C:\WINDOWS\System32\sechost.dll
0x00007ffd71d20000 - 0x00007ffd71e43000 	C:\WINDOWS\System32\RPCRT4.dll
0x00007ffd711f0000 - 0x00007ffd71217000 	C:\WINDOWS\System32\bcrypt.dll
0x00007ffd69e20000 - 0x00007ffd69e29000 	C:\WINDOWS\SYSTEM32\WSOCK32.dll
0x00007ffd73aa0000 - 0x00007ffd73b0b000 	C:\WINDOWS\System32\WS2_32.dll
0x00007ffd577b0000 - 0x00007ffd577d7000 	C:\WINDOWS\SYSTEM32\WINMM.dll
0x00007ffd69090000 - 0x00007ffd6909a000 	C:\WINDOWS\SYSTEM32\VERSION.dll
0x00007ffd6f9e0000 - 0x00007ffd6f9f2000 	C:\WINDOWS\SYSTEM32\kernel.appcore.dll
0x00007ffd69d50000 - 0x00007ffd69d5a000 	C:\Users\BARTON\.pydev_vscode\java19\jdk-19.0.2+7-jre\bin\jimage.dll
0x00007ffd6ef20000 - 0x00007ffd6f121000 	C:\WINDOWS\SYSTEM32\DBGHELP.DLL
0x00007ffd548d0000 - 0x00007ffd54904000 	C:\WINDOWS\SYSTEM32\dbgcore.DLL
0x00007ffd71220000 - 0x00007ffd712a2000 	C:\WINDOWS\System32\bcryptPrimitives.dll
0x00007ffd4a500000 - 0x00007ffd4a526000 	C:\Users\BARTON\.pydev_vscode\java19\jdk-19.0.2+7-jre\bin\java.dll
0x00007ffd40c60000 - 0x00007ffd40d36000 	C:\Users\BARTON\.pydev_vscode\java19\jdk-19.0.2+7-jre\bin\jsvml.dll
0x00007ffd71e50000 - 0x00007ffd725be000 	C:\WINDOWS\System32\SHELL32.dll
0x00007ffd6f230000 - 0x00007ffd6f9d3000 	C:\WINDOWS\SYSTEM32\windows.storage.dll
0x00007ffd72780000 - 0x00007ffd72ad3000 	C:\WINDOWS\System32\combase.dll
0x00007ffd70b50000 - 0x00007ffd70b7b000 	C:\WINDOWS\SYSTEM32\Wldp.dll
0x00007ffd72ec0000 - 0x00007ffd72f8d000 	C:\WINDOWS\System32\OLEAUT32.dll
0x00007ffd72dd0000 - 0x00007ffd72e7d000 	C:\WINDOWS\System32\SHCORE.dll
0x00007ffd73780000 - 0x00007ffd737d5000 	C:\WINDOWS\System32\shlwapi.dll
0x00007ffd71120000 - 0x00007ffd71145000 	C:\WINDOWS\SYSTEM32\profapi.dll
0x00007ffd574d0000 - 0x00007ffd574e3000 	C:\Users\BARTON\.pydev_vscode\java19\jdk-19.0.2+7-jre\bin\net.dll
0x00007ffd68a80000 - 0x00007ffd68b8a000 	C:\WINDOWS\SYSTEM32\WINHTTP.dll
0x00007ffd708b0000 - 0x00007ffd7091c000 	C:\WINDOWS\system32\mswsock.dll
0x00007ffd55990000 - 0x00007ffd559a6000 	C:\Users\BARTON\.pydev_vscode\java19\jdk-19.0.2+7-jre\bin\nio.dll
0x00007ffd54e80000 - 0x00007ffd54e98000 	C:\Users\BARTON\.pydev_vscode\java19\jdk-19.0.2+7-jre\bin\zip.dll
0x00007ffd43530000 - 0x00007ffd4356e000 	C:\Users\BARTON\.vscode\extensions\fabioz.vscode-pydev-0.15.3\server\plugins\org.eclipse.equinox.launcher.win32.win32.x86_64_1.2.900.v20240213-1244\eclipse_11900.dll
0x00007ffd72c40000 - 0x00007ffd72d6b000 	C:\WINDOWS\System32\ole32.dll
0x0000000180000000 - 0x0000000180012000 	C:\Users\BARTON\.vscode\extensions\fabioz.vscode-pydev-0.15.3\server\config_win\org.eclipse.osgi\13\0\.cp\os\win32\x86_64\localfile_1_0_0.dll
0x00007ffd54b70000 - 0x00007ffd54b8b000 	C:\Users\BARTON\.vscode\extensions\fabioz.vscode-pydev-0.15.3\server\config_win\org.eclipse.osgi\16\0\.cp\os\win32\x86_64\win32refresh.dll
0x00007ffd70ac0000 - 0x00007ffd70acc000 	C:\WINDOWS\SYSTEM32\CRYPTBASE.DLL

dbghelp: loaded successfully - version: 4.0.5 - missing functions: none
symbol engine: initialized successfully - sym options: 0x614 - pdb path: .;C:\Users\BARTON\.pydev_vscode\java19\jdk-19.0.2+7-jre\bin;C:\WINDOWS\SYSTEM32;C:\WINDOWS\WinSxS\amd64_microsoft.windows.common-controls_6595b64144ccf1df_6.0.19041.5794_none_60bcd33171f2783c;C:\Users\BARTON\.pydev_vscode\java19\jdk-19.0.2+7-jre\bin\server;C:\Users\BARTON\.vscode\extensions\fabioz.vscode-pydev-0.15.3\server\plugins\org.eclipse.equinox.launcher.win32.win32.x86_64_1.2.900.v20240213-1244;C:\Users\BARTON\.vscode\extensions\fabioz.vscode-pydev-0.15.3\server\config_win\org.eclipse.osgi\13\0\.cp\os\win32\x86_64;C:\Users\BARTON\.vscode\extensions\fabioz.vscode-pydev-0.15.3\server\config_win\org.eclipse.osgi\16\0\.cp\os\win32\x86_64

VM Arguments:
jvm_args: --add-modules=ALL-SYSTEM --add-opens=java.base/java.util=ALL-UNNAMED --add-opens=java.base/java.lang=ALL-UNNAMED -Declipse.application=org.python.pydev.pydev_lsp.application -Dosgi.bundles.defaultStartLevel=4 -Declipse.product=org.python.pydev.pydev_lsp.product -Xmx1G -XX:+UseG1GC -XX:+UseStringDeduplication 
java_command: c:\Users\BARTON\.vscode\extensions\fabioz.vscode-pydev-0.15.3\server\plugins\org.eclipse.equinox.launcher_1.6.700.v20240213-1244.jar -configuration c:\Users\BARTON\.vscode\extensions\fabioz.vscode-pydev-0.15.3\server\config_win -data c:\Users\BARTON\AppData\Roaming\Code\User\workspaceStorage\2a3cce2c050f555b2213988c11b6fd1b\fabioz.vscode-pydev\pydev_ws
java_class_path (initial): c:\Users\BARTON\.vscode\extensions\fabioz.vscode-pydev-0.15.3\server\plugins\org.eclipse.equinox.launcher_1.6.700.v20240213-1244.jar
Launcher Type: SUN_STANDARD

[Global flags]
     intx CICompilerCount                          = 2                                         {product} {ergonomic}
     uint ConcGCThreads                            = 1                                         {product} {ergonomic}
     uint G1ConcRefinementThreads                  = 2                                         {product} {ergonomic}
   size_t G1HeapRegionSize                         = 1048576                                   {product} {ergonomic}
    uintx GCDrainStackTargetSize                   = 64                                        {product} {ergonomic}
   size_t InitialHeapSize                          = 65011712                                  {product} {ergonomic}
   size_t MarkStackSize                            = 4194304                                   {product} {ergonomic}
   size_t MaxHeapSize                              = 1073741824                                {product} {command line}
   size_t MaxNewSize                               = 643825664                                 {product} {ergonomic}
   size_t MinHeapDeltaBytes                        = 1048576                                   {product} {ergonomic}
   size_t MinHeapSize                              = 8388608                                   {product} {ergonomic}
    uintx NonNMethodCodeHeapSize                   = 5826188                                {pd product} {ergonomic}
    uintx NonProfiledCodeHeapSize                  = 122916026                              {pd product} {ergonomic}
    uintx ProfiledCodeHeapSize                     = 122916026                              {pd product} {ergonomic}
    uintx ReservedCodeCacheSize                    = 251658240                              {pd product} {ergonomic}
     bool SegmentedCodeCache                       = true                                      {product} {ergonomic}
   size_t SoftMaxHeapSize                          = 1073741824                             {manageable} {ergonomic}
     bool UseCompressedClassPointers               = true                           {product lp64_product} {ergonomic}
     bool UseCompressedOops                        = true                           {product lp64_product} {ergonomic}
     bool UseG1GC                                  = true                                      {product} {command line}
     bool UseLargePagesIndividualAllocation        = false                                  {pd product} {ergonomic}
     bool UseStringDeduplication                   = true                                      {product} {command line}

Logging:
Log output configuration:
 #0: stdout all=warning uptime,level,tags foldmultilines=false
 #1: stderr all=off uptime,level,tags foldmultilines=false

Environment Variables:
PATH=C:\Program Files\Common Files\Oracle\Java\javapath;C:\Program Files\Python312\Scripts\;C:\Program Files\Python312\;C:\WINDOWS\system32;C:\WINDOWS;C:\WINDOWS\System32\Wbem;C:\WINDOWS\System32\WindowsPowerShell\v1.0\;C:\WINDOWS\System32\OpenSSH\;C:\Program Files\nodejs\;C:\Program Files\Git\cmd;C:\Users\BARTON\AppData\Local\Microsoft\WindowsApps;C:\Users\BARTON\AppData\Local\Programs\Microsoft VS Code\bin;C:\Users\BARTON\AppData\Roaming\npm
USERNAME=BARTON
OS=Windows_NT
PROCESSOR_IDENTIFIER=Intel64 Family 6 Model 156 Stepping 0, GenuineIntel
TMP=C:\Users\BARTON\AppData\Local\Temp
TEMP=C:\Users\BARTON\AppData\Local\Temp



---------------  S Y S T E M  ---------------

OS:
 Windows 10 , 64 bit Build 19041 (10.0.19041.5794)
OS uptime: 0 days 6:23 hours

CPU: total 2 (initial active 2) (2 cores per cpu, 1 threads per core) family 6 model 156 stepping 0 microcode 0x1d, cx8, cmov, fxsr, mmx, 3dnowpref, sse, sse2, sse3, ssse3, sse4.1, sse4.2, popcnt, tsc, tscinvbit, aes, erms, clmul, sha, clflush, clflushopt, clwb, rdtscp, rdpid

Memory: 4k page, system-wide physical 3933M (302M free)
TotalPageFile size 5800M (AvailPageFile size 5M)
current process WorkingSet (physical memory assigned to process): 176M, peak: 176M
current process commit charge ("private bytes"): 202M, peak: 211M

vm_info: OpenJDK 64-Bit Server VM (19.0.2+7) for windows-amd64 JRE (19.0.2+7), built on 2023-01-17T00:00:00Z by "temurin" with MS VC++ 16.7 (VS2019)

END.
