#
# There is insufficient memory for the Java Runtime Environment to continue.
# Native memory allocation (malloc) failed to allocate 433328 bytes for Chunk::new
# Possible reasons:
#   The system is out of physical RAM or swap space
#   The process is running with CompressedOops enabled, and the Java Heap may be blocking the growth of the native heap
# Possible solutions:
#   Reduce memory load on the system
#   Increase physical memory or swap space
#   Check if swap backing store is full
#   Decrease Java heap size (-Xmx/-Xms)
#   Decrease number of Java threads
#   Decrease Java thread stack sizes (-Xss)
#   Set larger code cache with -XX:ReservedCodeCacheSize=
#   JVM is running with Unscaled Compressed Oops mode in which the Java heap is
#     placed in the first 4GB address space. The Java Heap base address is the
#     maximum limit for the native heap growth. Please use -XX:HeapBaseMinAddress
#     to set the Java Heap base and to place the Java Heap above 4GB virtual address.
# This output file may be truncated or incomplete.
#
#  Out of Memory Error (arena.cpp:184), pid=4900, tid=5076
#
# JRE version: OpenJDK Runtime Environment Temurin-19.0.2+7 (19.0.2+7) (build 19.0.2+7)
# Java VM: OpenJDK 64-Bit Server VM Temurin-19.0.2+7 (19.0.2+7, mixed mode, sharing, tiered, compressed oops, compressed class ptrs, g1 gc, windows-amd64)
# No core dump will be written. Minidumps are not enabled by default on client versions of Windows
#

---------------  S U M M A R Y ------------

Command Line: --add-modules=ALL-SYSTEM --add-opens=java.base/java.util=ALL-UNNAMED --add-opens=java.base/java.lang=ALL-UNNAMED -Declipse.application=org.python.pydev.pydev_lsp.application -Dosgi.bundles.defaultStartLevel=4 -Declipse.product=org.python.pydev.pydev_lsp.product -Xmx1G -XX:+UseG1GC -XX:+UseStringDeduplication c:\Users\BARTON\.vscode\extensions\fabioz.vscode-pydev-0.15.3\server\plugins\org.eclipse.equinox.launcher_1.6.700.v20240213-1244.jar -configuration c:\Users\BARTON\.vscode\extensions\fabioz.vscode-pydev-0.15.3\server\config_win -data c:\Users\BARTON\AppData\Roaming\Code\User\workspaceStorage\2a3cce2c050f555b2213988c11b6fd1b\fabioz.vscode-pydev\pydev_ws

Host: Intel(R) Celeron(R) N4500 @ 1.10GHz, 2 cores, 3G,  Windows 10 , 64 bit Build 19041 (10.0.19041.5794)
Time: Mon Jul 14 23:35:19 2025 Paris, Madrid (heure duild 19041 (10.0.19041.5794) elapsed time: 1.075324 seconds (0d 0h 0m 1s)

---------------  T H R E A D  ---------------

Current thread (0x000001ebd7df07b0):  JavaThread "C2 CompilerThread0" daemon [_thread_in_native, id=5076, stack(0x000000b8c7a00000,0x000000b8c7b00000)]


Current CompileTask:
C2:   1075  489   !   4       java.util.jar.Attributes::read (498 bytes)

Stack: [0x000000b8c7a00000,0x000000b8c7b00000]
Native frames: (J=compiled Java code, j=interpreted, Vv=VM code, C=native code)
V  [jvm.dll+0x6e9e1a]
V  [jvm.dll+0x8a36c0]
V  [jvm.dll+0x8a50ae]
V  [jvm.dll+0x8a5763]
V  [jvm.dll+0x27bcdf]
V  [jvm.dll+0xc221f]
V  [jvm.dll+0xc2595]
V  [jvm.dll+0x3b7d9b]
V  [jvm.dll+0x1e6762]
V  [jvm.dll+0x24542d]
V  [jvm.dll+0x244671]
V  [jvm.dll+0x1cf4b1]
V  [jvm.dll+0x254229]
V  [jvm.dll+0x252418]
V  [jvm.dll+0x85403d]
V  [jvm.dll+0x84de3a]
V  [jvm.dll+0x6e8abb]
C  [ucrtbase.dll+0x21bb2]
C  [KERNEL32.DLL+0x17374]
C  [ntdll.dll+0x4cc91]


---------------  P R O C E S S  ---------------

Threads class SMR info:
_java_thread_list=0x000001ebdc064a70, length=12, elements={
0x000001ebbf3b69e0, 0x000001ebbf47e7e0, 0x000001ebd7de2c40, 0x000001ebd7debfb0,
0x000001ebd7dec8e0, 0x000001ebd7ded210, 0x000001ebd7dedb40, 0x000001ebd7df07b0,
0x000001ebd7e5a8f0, 0x000001ebd7e5be80, 0x000001ebd7dcca00, 0x000001ebdc1775f0
}

Java Threads: ( => current thread )
  0x000001ebbf3b69e0 JavaThread "main" [_thread_in_vm, id=11468, stack(0x000000b8c6c00000,0x000000b8c6d00000)]
  0x000001ebbf47e7e0 JavaThread "Reference Handler" daemon [_thread_blocked, id=9396, stack(0x000000b8c7400000,0x000000b8c7500000)]
  0x000001ebd7de2c40 JavaThread "Finalizer" daemon [_thread_blocked, id=11236, stack(0x000000b8c7500000,0x000000b8c7600000)]
  0x000001ebd7debfb0 JavaThread "Signal Dispatcher" daemon [_thread_blocked, id=11244, stack(0x000000b8c7600000,0x000000b8c7700000)]
  0x000001ebd7dec8e0 JavaThread "Attach Listener" daemon [_thread_blocked, id=9384, stack(0x000000b8c7700000,0x000000b8c7800000)]
  0x000001ebd7ded210 JavaThread "Service Thread" daemon [_thread_blocked, id=1272, stack(0x000000b8c7800000,0x000000b8c7900000)]
  0x000001ebd7dedb40 JavaThread "Monitor Deflation Thread" daemon [_thread_blocked, id=7024, stack(0x000000b8c7900000,0x000000b8c7a00000)]
=>0x000001ebd7df07b0 JavaThread "C2 CompilerThread0" daemon [_thread_in_native, id=5076, stack(0x000000b8c7a00000,0x000000b8c7b00000)]
  0x000001ebd7e5a8f0 JavaThread "C1 CompilerThread0" daemon [_thread_blocked, id=10996, stack(0x000000b8c7b00000,0x000000b8c7c00000)]
  0x000001ebd7e5be80 JavaThread "Sweeper thread" daemon [_thread_blocked, id=12196, stack(0x000000b8c7c00000,0x000000b8c7d00000)]
  0x000001ebd7dcca00 JavaThread "Common-Cleaner" daemon [_thread_blocked, id=2896, stack(0x000000b8c7d00000,0x000000b8c7e00000)]
  0x000001ebdc1775f0 JavaThread "Notification Thread" daemon [_thread_blocked, id=10916, stack(0x000000b8c7e00000,0x000000b8c7f00000)]

Other Threads:
  0x000001ebbf475f00 VMThread "VM Thread" [stack: 0x000000b8c7300000,0x000000b8c7400000] [id=7284]
  0x000001ebdc0c21a0 WatcherThread "VM Periodic Task Thread" [stack: 0x000000b8c7f00000,0x000000b8c8000000] [id=9512]
  0x000001ebbf3f85a0 WorkerThread "GC Thread#0" [stack: 0x000000b8c6d00000,0x000000b8c6e00000] [id=11972]
  0x000001ebdc2dca30 WorkerThread "GC Thread#1" [stack: 0x000000b8c8000000,0x000000b8c8100000] [id=10428]
  0x000001ebbf401410 ConcurrentGCThread "G1 Main Marker" [stack: 0x000000b8c6e00000,0x000000b8c6f00000] [id=9680]
  0x000001ebbf401ef0 WorkerThread "G1 Conc#0" [stack: 0x000000b8c6f00000,0x000000b8c7000000] [id=11448]
  0x000001ebbf4482f0 ConcurrentGCThread "G1 Refine#0" [stack: 0x000000b8c7000000,0x000000b8c7100000] [id=6152]
  0x000001ebbf448d40 ConcurrentGCThread "G1 Service" [stack: 0x000000b8c7100000,0x000000b8c7200000] [id=1484]
  0x000001ebbf46dd40 ConcurrentGCThread "StringDedupProcessor" [stack: 0x000000b8c7200000,0x000000b8c7300000] [id=7724]

Threads with active compile tasks:
C2 CompilerThread0     1089  489   !   4       java.util.jar.Attributes::read (498 bytes)

VM state: not at safepoint (normal execution)

VM Mutex/Monitor currently owned by a thread: None

Heap address: 0x00000000c0000000, size: 1024 MB, Compressed Oops mode: 32-bit

CDS archive(s) mapped at: [0x0000000800000000-0x0000000800ad0000-0x0000000800ad0000), size 11337728, SharedBaseAddress: 0x0000000800000000, ArchiveRelocationMode: 0.
Compressed class space mapped at: 0x0000000800c00000-0x0000000840c00000, reserved size: 1073741824
Narrow klass base: 0x0000000800000000, Narrow klass shift: 0, Narrow klass range: 0x100000000

GC Precious Log:
 CardTable entry size: 512
 Card Set container configuration: InlinePtr #cards 5 size 8 Array Of Cards #cards 12 size 40 Howl #buckets 4 coarsen threshold 1843 Howl Bitmap #cards 512 size 80 coarsen threshold 460 Card regions per heap region 1 cards per card region 2048
 CPUs: 2 total, 2 available
 Memory: 3933M
 Large Page Support: Disabled
 NUMA Support: Disabled
 Compressed Oops: Enabled (32-bit)
 Heap Region Size: 1M
 Heap Min Capacity: 8M
 Heap Initial Capacity: 62M
 Heap Max Capacity: 1G
 Pre-touch: Disabled
 Parallel Workers: 2
 Concurrent Workers: 1
 Concurrent Refinement Workers: 2
 Periodic GC: Disabled
 String Deduplication is enabled

Heap:
 garbage-first heap   total 63488K, used 2574K [0x00000000c0000000, 0x0000000100000000)
  region size 1024K, 2 young (2048K), 1 survivors (1024K)
 Metaspace       used 2603K, committed 2752K, reserved 1114112K
  class space    used 250K, committed 320K, reserved 1048576K

Heap Regions: E=young(eden), S=young(survivor), O=old, HS=humongous(starts), HC=humongous(continues), CS=collection set, F=free, OA=open archive, CA=closed archive, TAMS=top-at-mark-start (previous, next)
|   0|0x00000000c0000000, 0x00000000c0100000, 0x00000000c0100000|100%| O|  |TAMS 0x00000000c0000000, 0x00000000c0000000| Untracked 
|   1|0x00000000c0100000, 0x00000000c0183800, 0x00000000c0200000| 51%| O|  |TAMS 0x00000000c0100000, 0x00000000c0100000| Untracked 
|   2|0x00000000c0200000, 0x00000000c0200000, 0x00000000c0300000|  0%| F|  |TAMS 0x00000000c0200000, 0x00000000c0200000| Untracked 
|   3|0x00000000c0300000, 0x00000000c0300000, 0x00000000c0400000|  0%| F|  |TAMS 0x00000000c0300000, 0x00000000c0300000| Untracked 
|   4|0x00000000c0400000, 0x00000000c0400000, 0x00000000c0500000|  0%| F|  |TAMS 0x00000000c0400000, 0x00000000c0400000| Untracked 
|   5|0x00000000c0500000, 0x00000000c0500000, 0x00000000c0600000|  0%| F|  |TAMS 0x00000000c0500000, 0x00000000c0500000| Untracked 
|   6|0x00000000c0600000, 0x00000000c0600000, 0x00000000c0700000|  0%| F|  |TAMS 0x00000000c0600000, 0x00000000c0600000| Untracked 
|   7|0x00000000c0700000, 0x00000000c0700000, 0x00000000c0800000|  0%| F|  |TAMS 0x00000000c0700000, 0x00000000c0700000| Untracked 
|   8|0x00000000c0800000, 0x00000000c0800000, 0x00000000c0900000|  0%| F|  |TAMS 0x00000000c0800000, 0x00000000c0800000| Untracked 
|   9|0x00000000c0900000, 0x00000000c0900000, 0x00000000c0a00000|  0%| F|  |TAMS 0x00000000c0900000, 0x00000000c0900000| Untracked 
|  10|0x00000000c0a00000, 0x00000000c0a00000, 0x00000000c0b00000|  0%| F|  |TAMS 0x00000000c0a00000, 0x00000000c0a00000| Untracked 
|  11|0x00000000c0b00000, 0x00000000c0b00000, 0x00000000c0c00000|  0%| F|  |TAMS 0x00000000c0b00000, 0x00000000c0b00000| Untracked 
|  12|0x00000000c0c00000, 0x00000000c0c00000, 0x00000000c0d00000|  0%| F|  |TAMS 0x00000000c0c00000, 0x00000000c0c00000| Untracked 
|  13|0x00000000c0d00000, 0x00000000c0d00000, 0x00000000c0e00000|  0%| F|  |TAMS 0x00000000c0d00000, 0x00000000c0d00000| Untracked 
|  14|0x00000000c0e00000, 0x00000000c0e00000, 0x00000000c0f00000|  0%| F|  |TAMS 0x00000000c0e00000, 0x00000000c0e00000| Untracked 
|  15|0x00000000c0f00000, 0x00000000c0f00000, 0x00000000c1000000|  0%| F|  |TAMS 0x00000000c0f00000, 0x00000000c0f00000| Untracked 
|  16|0x00000000c1000000, 0x00000000c1000000, 0x00000000c1100000|  0%| F|  |TAMS 0x00000000c1000000, 0x00000000c1000000| Untracked 
|  17|0x00000000c1100000, 0x00000000c1100000, 0x00000000c1200000|  0%| F|  |TAMS 0x00000000c1100000, 0x00000000c1100000| Untracked 
|  18|0x00000000c1200000, 0x00000000c1200000, 0x00000000c1300000|  0%| F|  |TAMS 0x00000000c1200000, 0x00000000c1200000| Untracked 
|  19|0x00000000c1300000, 0x00000000c1300000, 0x00000000c1400000|  0%| F|  |TAMS 0x00000000c1300000, 0x00000000c1300000| Untracked 
|  20|0x00000000c1400000, 0x00000000c1400000, 0x00000000c1500000|  0%| F|  |TAMS 0x00000000c1400000, 0x00000000c1400000| Untracked 
|  21|0x00000000c1500000, 0x00000000c1500000, 0x00000000c1600000|  0%| F|  |TAMS 0x00000000c1500000, 0x00000000c1500000| Untracked 
|  22|0x00000000c1600000, 0x00000000c1600000, 0x00000000c1700000|  0%| F|  |TAMS 0x00000000c1600000, 0x00000000c1600000| Untracked 
|  23|0x00000000c1700000, 0x00000000c1700000, 0x00000000c1800000|  0%| F|  |TAMS 0x00000000c1700000, 0x00000000c1700000| Untracked 
|  24|0x00000000c1800000, 0x00000000c1800000, 0x00000000c1900000|  0%| F|  |TAMS 0x00000000c1800000, 0x00000000c1800000| Untracked 
|  25|0x00000000c1900000, 0x00000000c1900000, 0x00000000c1a00000|  0%| F|  |TAMS 0x00000000c1900000, 0x00000000c1900000| Untracked 
|  26|0x00000000c1a00000, 0x00000000c1a00000, 0x00000000c1b00000|  0%| F|  |TAMS 0x00000000c1a00000, 0x00000000c1a00000| Untracked 
|  27|0x00000000c1b00000, 0x00000000c1b00000, 0x00000000c1c00000|  0%| F|  |TAMS 0x00000000c1b00000, 0x00000000c1b00000| Untracked 
|  28|0x00000000c1c00000, 0x00000000c1c00000, 0x00000000c1d00000|  0%| F|  |TAMS 0x00000000c1c00000, 0x00000000c1c00000| Untracked 
|  29|0x00000000c1d00000, 0x00000000c1d00000, 0x00000000c1e00000|  0%| F|  |TAMS 0x00000000c1d00000, 0x00000000c1d00000| Untracked 
|  30|0x00000000c1e00000, 0x00000000c1e00000, 0x00000000c1f00000|  0%| F|  |TAMS 0x00000000c1e00000, 0x00000000c1e00000| Untracked 
|  31|0x00000000c1f00000, 0x00000000c1f00000, 0x00000000c2000000|  0%| F|  |TAMS 0x00000000c1f00000, 0x00000000c1f00000| Untracked 
|  32|0x00000000c2000000, 0x00000000c2000000, 0x00000000c2100000|  0%| F|  |TAMS 0x00000000c2000000, 0x00000000c2000000| Untracked 
|  33|0x00000000c2100000, 0x00000000c2100000, 0x00000000c2200000|  0%| F|  |TAMS 0x00000000c2100000, 0x00000000c2100000| Untracked 
|  34|0x00000000c2200000, 0x00000000c2200000, 0x00000000c2300000|  0%| F|  |TAMS 0x00000000c2200000, 0x00000000c2200000| Untracked 
|  35|0x00000000c2300000, 0x00000000c2300000, 0x00000000c2400000|  0%| F|  |TAMS 0x00000000c2300000, 0x00000000c2300000| Untracked 
|  36|0x00000000c2400000, 0x00000000c2400000, 0x00000000c2500000|  0%| F|  |TAMS 0x00000000c2400000, 0x00000000c2400000| Untracked 
|  37|0x00000000c2500000, 0x00000000c2500000, 0x00000000c2600000|  0%| F|  |TAMS 0x00000000c2500000, 0x00000000c2500000| Untracked 
|  38|0x00000000c2600000, 0x00000000c2600000, 0x00000000c2700000|  0%| F|  |TAMS 0x00000000c2600000, 0x00000000c2600000| Untracked 
|  39|0x00000000c2700000, 0x00000000c2700000, 0x00000000c2800000|  0%| F|  |TAMS 0x00000000c2700000, 0x00000000c2700000| Untracked 
|  40|0x00000000c2800000, 0x00000000c2800000, 0x00000000c2900000|  0%| F|  |TAMS 0x00000000c2800000, 0x00000000c2800000| Untracked 
|  41|0x00000000c2900000, 0x00000000c2900000, 0x00000000c2a00000|  0%| F|  |TAMS 0x00000000c2900000, 0x00000000c2900000| Untracked 
|  42|0x00000000c2a00000, 0x00000000c2a00000, 0x00000000c2b00000|  0%| F|  |TAMS 0x00000000c2a00000, 0x00000000c2a00000| Untracked 
|  43|0x00000000c2b00000, 0x00000000c2b00000, 0x00000000c2c00000|  0%| F|  |TAMS 0x00000000c2b00000, 0x00000000c2b00000| Untracked 
|  44|0x00000000c2c00000, 0x00000000c2c00000, 0x00000000c2d00000|  0%| F|  |TAMS 0x00000000c2c00000, 0x00000000c2c00000| Untracked 
|  45|0x00000000c2d00000, 0x00000000c2d00000, 0x00000000c2e00000|  0%| F|  |TAMS 0x00000000c2d00000, 0x00000000c2d00000| Untracked 
|  46|0x00000000c2e00000, 0x00000000c2e00000, 0x00000000c2f00000|  0%| F|  |TAMS 0x00000000c2e00000, 0x00000000c2e00000| Untracked 
|  47|0x00000000c2f00000, 0x00000000c2f00000, 0x00000000c3000000|  0%| F|  |TAMS 0x00000000c2f00000, 0x00000000c2f00000| Untracked 
|  48|0x00000000c3000000, 0x00000000c3000000, 0x00000000c3100000|  0%| F|  |TAMS 0x00000000c3000000, 0x00000000c3000000| Untracked 
|  49|0x00000000c3100000, 0x00000000c3100000, 0x00000000c3200000|  0%| F|  |TAMS 0x00000000c3100000, 0x00000000c3100000| Untracked 
|  50|0x00000000c3200000, 0x00000000c3200000, 0x00000000c3300000|  0%| F|  |TAMS 0x00000000c3200000, 0x00000000c3200000| Untracked 
|  51|0x00000000c3300000, 0x00000000c3300000, 0x00000000c3400000|  0%| F|  |TAMS 0x00000000c3300000, 0x00000000c3300000| Untracked 
|  52|0x00000000c3400000, 0x00000000c3400000, 0x00000000c3500000|  0%| F|  |TAMS 0x00000000c3400000, 0x00000000c3400000| Untracked 
|  53|0x00000000c3500000, 0x00000000c3500000, 0x00000000c3600000|  0%| F|  |TAMS 0x00000000c3500000, 0x00000000c3500000| Untracked 
|  54|0x00000000c3600000, 0x00000000c3600000, 0x00000000c3700000|  0%| F|  |TAMS 0x00000000c3600000, 0x00000000c3600000| Untracked 
|  55|0x00000000c3700000, 0x00000000c3800000, 0x00000000c3800000|100%| S|CS|TAMS 0x00000000c3700000, 0x00000000c3700000| Complete 
|  56|0x00000000c3800000, 0x00000000c3800000, 0x00000000c3900000|  0%| F|  |TAMS 0x00000000c3800000, 0x00000000c3800000| Untracked 
|  57|0x00000000c3900000, 0x00000000c3900000, 0x00000000c3a00000|  0%| F|  |TAMS 0x00000000c3900000, 0x00000000c3900000| Untracked 
|  58|0x00000000c3a00000, 0x00000000c3a00000, 0x00000000c3b00000|  0%| F|  |TAMS 0x00000000c3a00000, 0x00000000c3a00000| Untracked 
|  59|0x00000000c3b00000, 0x00000000c3b00000, 0x00000000c3c00000|  0%| F|  |TAMS 0x00000000c3b00000, 0x00000000c3b00000| Untracked 
|  60|0x00000000c3c00000, 0x00000000c3c00000, 0x00000000c3d00000|  0%| F|  |TAMS 0x00000000c3c00000, 0x00000000c3c00000| Untracked 
|  61|0x00000000c3d00000, 0x00000000c3d64478, 0x00000000c3e00000| 39%| E|  |TAMS 0x00000000c3d00000, 0x00000000c3d00000| Complete 

Card table byte_map: [0x000001ebbf180000,0x000001ebbf380000] _byte_map_base: 0x000001ebbeb80000

Marking Bits (Prev, Next): (CMBitMap*) 0x000001ebbf3f8ae0, (CMBitMap*) 0x000001ebbf3f8b20
 Prev Bits: [0x000001ebd3a90000, 0x000001ebd4a90000)
 Next Bits: [0x000001ebd4a90000, 0x000001ebd5a90000)

Polling page: 0x000001ebbd260000

Metaspace:

Usage:
  Non-class:      2.30 MB used.
      Class:    250.25 KB used.
       Both:      2.54 MB used.

Virtual space:
  Non-class space:       64.00 MB reserved,       2.38 MB (  4%) committed,  1 nodes.
      Class space:        1.00 GB reserved,     320.00 KB ( <1%) committed,  1 nodes.
             Both:        1.06 GB reserved,       2.69 MB ( <1%) committed. 

Chunk freelists:
   Non-Class:  3.89 MB
       Class:  3.74 MB
        Both:  7.63 MB

MaxMetaspaceSize: unlimited
CompressedClassSpaceSize: 1.00 GB
Initial GC threshold: 21.00 MB
Current GC threshold: 21.00 MB
CDS: on
MetaspaceReclaimPolicy: balanced
 - commit_granule_bytes: 65536.
 - commit_granule_words: 8192.
 - virtual_space_node_default_size: 8388608.
 - enlarge_chunks_in_place: 1.
 - new_chunks_are_fully_committed: 0.
 - uncommit_free_chunks: 1.
 - use_allocation_guard: 0.


Internal statistics:

num_allocs_failed_limit: 0.
num_arena_births: 18.
num_arena_deaths: 0.
num_vsnodes_births: 2.
num_vsnodes_deaths: 0.
num_space_committed: 43.
num_space_uncommitted: 0.
num_chunks_returned_to_freelist: 0.
num_chunks_taken_from_freelist: 24.
num_chunk_merges: 0.
num_chunk_splits: 16.
num_chunks_enlarged: 12.
num_inconsistent_stats: 0.

CodeHeap 'non-profiled nmethods': size=120064Kb used=160Kb max_used=160Kb free=119903Kb
 bounds [0x000001ebcc350000, 0x000001ebcc5c0000, 0x000001ebd3890000]
CodeHeap 'profiled nmethods': size=120000Kb used=801Kb max_used=801Kb free=119198Kb
 bounds [0x000001ebc4890000, 0x000001ebc4b00000, 0x000001ebcbdc0000]
CodeHeap 'non-nmethods': size=5696Kb used=1223Kb max_used=1239Kb free=4472Kb
 bounds [0x000001ebcbdc0000, 0x000001ebcc030000, 0x000001ebcc350000]
 total_blobs=933 nmethods=503 adapters=342
 compilation: enabled
              stopped_count=0, restarted_count=0
 full_count=0

Compilation events (20 events):
Event: 0.997 Thread 0x000001ebd7e5a8f0  479  s    3       java.io.ByteArrayOutputStream::toString (18 bytes)
Event: 0.998 Thread 0x000001ebd7e5a8f0 nmethod 479 0x000001ebc494e010 code [0x000001ebc494e1c0, 0x000001ebc494e428]
Event: 0.998 Thread 0x000001ebd7df07b0 nmethod 480 0x000001ebcc376190 code [0x000001ebcc376320, 0x000001ebcc3764b8]
Event: 0.998 Thread 0x000001ebd7e5a8f0  481       3       java.util.HashMap::computeIfAbsent (330 bytes)
Event: 0.999 Thread 0x000001ebd7df07b0  487 %     4       sun.security.util.ManifestDigester::findSection @ 27 (181 bytes)
Event: 0.999 Thread 0x000001ebd7e5a8f0 nmethod 481 0x000001ebc494e510 code [0x000001ebc494e820, 0x000001ebc494fe68]
Event: 0.999 Thread 0x000001ebd7e5a8f0  482       3       sun.security.util.ManifestDigester$Entry::<init> (16 bytes)
Event: 0.999 Thread 0x000001ebd7e5a8f0 nmethod 482 0x000001ebc4950490 code [0x000001ebc4950660, 0x000001ebc4950a78]
Event: 0.999 Thread 0x000001ebd7e5a8f0  483       3       sun.security.util.ManifestDigester$Section::<init> (26 bytes)
Event: 1.000 Thread 0x000001ebd7e5a8f0 nmethod 483 0x000001ebc4950c10 code [0x000001ebc4950dc0, 0x000001ebc4950f78]
Event: 1.000 Thread 0x000001ebd7e5a8f0  484       3       sun.security.util.ManifestDigester$Entry::addSection (13 bytes)
Event: 1.000 Thread 0x000001ebd7e5a8f0 nmethod 484 0x000001ebc4951010 code [0x000001ebc49511c0, 0x000001ebc49513a8]
Event: 1.000 Thread 0x000001ebd7e5a8f0  485       3       sun.security.util.ManifestDigester::isNameAttr (102 bytes)
Event: 1.000 Thread 0x000001ebd7e5a8f0 nmethod 485 0x000001ebc4951490 code [0x000001ebc4951640, 0x000001ebc4951a98]
Event: 1.000 Thread 0x000001ebd7e5a8f0  486       3       sun.security.util.ManifestDigester$$Lambda$21/0x0000000800c44c08::apply (8 bytes)
Event: 1.000 Thread 0x000001ebd7e5a8f0 nmethod 486 0x000001ebc4951c10 code [0x000001ebc4951e00, 0x000001ebc4952438]
Event: 1.002 Thread 0x000001ebd7df07b0 nmethod 487% 0x000001ebcc376590 code [0x000001ebcc376720, 0x000001ebcc376a78]
Event: 1.004 Thread 0x000001ebd7df07b0  488       4       java.util.HashMap::put (13 bytes)
Event: 1.005 Thread 0x000001ebd7df07b0 nmethod 488 0x000001ebcc376d10 code [0x000001ebcc376ea0, 0x000001ebcc376fc8]
Event: 1.008 Thread 0x000001ebd7df07b0  489   !   4       java.util.jar.Attributes::read (498 bytes)

GC Heap History (2 events):
Event: 1.028 GC heap before
{Heap before GC invocations=0 (full 0):
 garbage-first heap   total 63488K, used 5120K [0x00000000c0000000, 0x0000000100000000)
  region size 1024K, 6 young (6144K), 0 survivors (0K)
 Metaspace       used 2593K, committed 2752K, reserved 1114112K
  class space    used 249K, committed 320K, reserved 1048576K
}
Event: 1.044 GC heap after
{Heap after GC invocations=1 (full 0):
 garbage-first heap   total 63488K, used 2574K [0x00000000c0000000, 0x0000000100000000)
  region size 1024K, 1 young (1024K), 1 survivors (1024K)
 Metaspace       used 2593K, committed 2752K, reserved 1114112K
  class space    used 249K, committed 320K, reserved 1048576K
}

Dll operation events (6 events):
Event: 0.018 Loaded shared library C:\Users\BARTON\.pydev_vscode\java19\jdk-19.0.2+7-jre\bin\java.dll
Event: 0.038 Loaded shared library C:\Users\BARTON\.pydev_vscode\java19\jdk-19.0.2+7-jre\bin\jsvml.dll
Event: 0.317 Loaded shared library C:\Users\BARTON\.pydev_vscode\java19\jdk-19.0.2+7-jre\bin\net.dll
Event: 0.321 Loaded shared library C:\Users\BARTON\.pydev_vscode\java19\jdk-19.0.2+7-jre\bin\nio.dll
Event: 0.332 Loaded shared library C:\Users\BARTON\.pydev_vscode\java19\jdk-19.0.2+7-jre\bin\zip.dll
Event: 0.720 Loaded shared library C:\Users\BARTON\.pydev_vscode\java19\jdk-19.0.2+7-jre\bin\jimage.dll

Deoptimization events (20 events):
Event: 0.836 Thread 0x000001ebbf3b69e0 DEOPT PACKING pc=0x000001ebc490c7c6 sp=0x000000b8c6cfdfa0
Event: 0.836 Thread 0x000001ebbf3b69e0 DEOPT UNPACKING pc=0x000001ebcbe27524 sp=0x000000b8c6cfd3f8 mode 0
Event: 0.846 Thread 0x000001ebbf3b69e0 Uncommon trap: trap_request=0xffffff45 fr.pc=0x000001ebcc36ed98 relative=0x00000000000008d8
Event: 0.846 Thread 0x000001ebbf3b69e0 Uncommon trap: reason=unstable_if action=reinterpret pc=0x000001ebcc36ed98 method=sun.security.provider.SHA2.implCompress0([BI)V @ 4 c2
Event: 0.846 Thread 0x000001ebbf3b69e0 DEOPT PACKING pc=0x000001ebcc36ed98 sp=0x000000b8c6cfa9c0
Event: 0.846 Thread 0x000001ebbf3b69e0 DEOPT UNPACKING pc=0x000001ebcbe26d9d sp=0x000000b8c6cfa8f0 mode 2
Event: 0.857 Thread 0x000001ebbf3b69e0 DEOPT PACKING pc=0x000001ebc48eb42d sp=0x000000b8c6cfaec0
Event: 0.857 Thread 0x000001ebbf3b69e0 DEOPT UNPACKING pc=0x000001ebcbe27524 sp=0x000000b8c6cfa358 mode 0
Event: 0.932 Thread 0x000001ebbf3b69e0 Uncommon trap: trap_request=0xffffff45 fr.pc=0x000001ebcc367bc4 relative=0x0000000000000284
Event: 0.932 Thread 0x000001ebbf3b69e0 Uncommon trap: reason=unstable_if action=reinterpret pc=0x000001ebcc367bc4 method=java.lang.CharacterDataLatin1.digit(II)I @ 12 c2
Event: 0.932 Thread 0x000001ebbf3b69e0 DEOPT PACKING pc=0x000001ebcc367bc4 sp=0x000000b8c6cfef40
Event: 0.932 Thread 0x000001ebbf3b69e0 DEOPT UNPACKING pc=0x000001ebcbe26d9d sp=0x000000b8c6cfed70 mode 2
Event: 0.933 Thread 0x000001ebbf3b69e0 DEOPT PACKING pc=0x000001ebc4914846 sp=0x000000b8c6cfe140
Event: 0.933 Thread 0x000001ebbf3b69e0 DEOPT UNPACKING pc=0x000001ebcbe27524 sp=0x000000b8c6cfd598 mode 0
Event: 0.957 Thread 0x000001ebbf3b69e0 DEOPT PACKING pc=0x000001ebc492fd8c sp=0x000000b8c6cfe350
Event: 0.957 Thread 0x000001ebbf3b69e0 DEOPT UNPACKING pc=0x000001ebcbe27524 sp=0x000000b8c6cfd7e0 mode 0
Event: 0.994 Thread 0x000001ebbf3b69e0 DEOPT PACKING pc=0x000001ebc4917b96 sp=0x000000b8c6cfe980
Event: 0.994 Thread 0x000001ebbf3b69e0 DEOPT UNPACKING pc=0x000001ebcbe27524 sp=0x000000b8c6cfde58 mode 0
Event: 0.998 Thread 0x000001ebbf3b69e0 DEOPT PACKING pc=0x000001ebc48c4cd7 sp=0x000000b8c6cfe9c0
Event: 0.998 Thread 0x000001ebbf3b69e0 DEOPT UNPACKING pc=0x000001ebcbe27524 sp=0x000000b8c6cfde58 mode 0

Classes loaded (20 events):
Event: 0.934 Loading class sun/nio/fs/WindowsFileSystemProvider$1
Event: 0.934 Loading class sun/nio/fs/WindowsFileSystemProvider$1 done
Event: 0.934 Loading class sun/nio/fs/WindowsLinkSupport
Event: 0.934 Loading class sun/nio/fs/WindowsLinkSupport done
Event: 0.934 Loading class sun/nio/fs/WindowsAclFileAttributeView
Event: 0.934 Loading class sun/nio/fs/AbstractAclFileAttributeView
Event: 0.934 Loading class java/nio/file/attribute/AclFileAttributeView
Event: 0.934 Loading class java/nio/file/attribute/FileOwnerAttributeView
Event: 0.934 Loading class java/nio/file/attribute/FileOwnerAttributeView done
Event: 0.934 Loading class java/nio/file/attribute/AclFileAttributeView done
Event: 0.934 Loading class sun/nio/fs/AbstractAclFileAttributeView done
Event: 0.934 Loading class sun/nio/fs/WindowsAclFileAttributeView done
Event: 0.935 Loading class sun/nio/fs/WindowsSecurity
Event: 0.935 Loading class sun/nio/fs/WindowsSecurity done
Event: 0.935 Loading class sun/nio/fs/WindowsFileStore
Event: 0.935 Loading class java/nio/file/FileStore
Event: 0.935 Loading class java/nio/file/FileStore done
Event: 0.935 Loading class sun/nio/fs/WindowsFileStore done
Event: 0.943 Loading class java/net/URLClassLoader$1
Event: 0.943 Loading class java/net/URLClassLoader$1 done

Classes unloaded (0 events):
No events

Classes redefined (0 events):
No events

Internal exceptions (8 events):
Event: 0.177 Thread 0x000001ebbf3b69e0 Exception <a 'java/lang/NoSuchMethodError'{0x00000000c3df7920}: 'void java.lang.invoke.DirectMethodHandle$Holder.invokeStatic(java.lang.Object, java.lang.Object, java.lang.Object)'> (0x00000000c3df7920) 
thrown [s\src\hotspot\share\interpreter\linkResolver.cpp, line 774]
Event: 0.846 Thread 0x000001ebbf3b69e0 Implicit null exception at 0x000001ebcc36e4f6 to 0x000001ebcc36ed7c
Event: 0.870 Thread 0x000001ebbf3b69e0 Exception <a 'java/lang/ClassNotFoundException'{0x00000000c3a7cd00}: sun/net/www/protocol/c/Handler> (0x00000000c3a7cd00) 
thrown [s\src\hotspot\share\classfile\systemDictionary.cpp, line 255]
Event: 0.890 Thread 0x000001ebbf3b69e0 Exception <a 'java/io/FileNotFoundException'{0x00000000c3a83940}> (0x00000000c3a83940) 
thrown [s\src\hotspot\share\prims\jni.cpp, line 517]
Event: 0.891 Thread 0x000001ebbf3b69e0 Exception <a 'java/io/FileNotFoundException'{0x00000000c3a84988}> (0x00000000c3a84988) 
thrown [s\src\hotspot\share\prims\jni.cpp, line 517]
Event: 0.891 Thread 0x000001ebbf3b69e0 Exception <a 'java/io/FileNotFoundException'{0x00000000c3a859c8}> (0x00000000c3a859c8) 
thrown [s\src\hotspot\share\prims\jni.cpp, line 517]
Event: 0.891 Thread 0x000001ebbf3b69e0 Exception <a 'java/io/FileNotFoundException'{0x00000000c3a86838}> (0x00000000c3a86838) 
thrown [s\src\hotspot\share\prims\jni.cpp, line 517]
Event: 0.907 Thread 0x000001ebbf3b69e0 Exception <a 'java/io/FileNotFoundException'{0x00000000c3aa6368}> (0x00000000c3aa6368) 
thrown [s\src\hotspot\share\prims\jni.cpp, line 517]

VM Operations (4 events):
Event: 0.188 Executing VM operation: HandshakeAllThreads
Event: 0.188 Executing VM operation: HandshakeAllThreads done
Event: 1.028 Executing VM operation: G1CollectForAllocation
Event: 1.071 Executing VM operation: G1CollectForAllocation done

Events (12 events):
Event: 0.040 Thread 0x000001ebbf3b69e0 Thread added: 0x000001ebbf3b69e0
Event: 0.066 Thread 0x000001ebbf47e7e0 Thread added: 0x000001ebbf47e7e0
Event: 0.066 Thread 0x000001ebd7de2c40 Thread added: 0x000001ebd7de2c40
Event: 0.067 Thread 0x000001ebd7debfb0 Thread added: 0x000001ebd7debfb0
Event: 0.067 Thread 0x000001ebd7dec8e0 Thread added: 0x000001ebd7dec8e0
Event: 0.067 Thread 0x000001ebd7ded210 Thread added: 0x000001ebd7ded210
Event: 0.068 Thread 0x000001ebd7dedb40 Thread added: 0x000001ebd7dedb40
Event: 0.068 Thread 0x000001ebd7df07b0 Thread added: 0x000001ebd7df07b0
Event: 0.080 Thread 0x000001ebd7e5a8f0 Thread added: 0x000001ebd7e5a8f0
Event: 0.082 Thread 0x000001ebd7e5be80 Thread added: 0x000001ebd7e5be80
Event: 0.146 Thread 0x000001ebd7dcca00 Thread added: 0x000001ebd7dcca00
Event: 0.259 Thread 0x000001ebdc1775f0 Thread added: 0x000001ebdc1775f0


Dynamic libraries:
0x00007ff6ee0b0000 - 0x00007ff6ee0be000 	C:\Users\BARTON\.pydev_vscode\java19\jdk-19.0.2+7-jre\bin\java.exe
0x00007ff9e3c90000 - 0x00007ff9e3e88000 	C:\WINDOWS\SYSTEM32\ntdll.dll
0x00007ff9e2290000 - 0x00007ff9e2352000 	C:\WINDOWS\System32\KERNEL32.DLL
0x00007ff9e14e0000 - 0x00007ff9e17d6000 	C:\WINDOWS\System32\KERNELBASE.dll
0x00007ff9e1330000 - 0x00007ff9e1430000 	C:\WINDOWS\System32\ucrtbase.dll
0x00007ff9d6d70000 - 0x00007ff9d6d87000 	C:\Users\BARTON\.pydev_vscode\java19\jdk-19.0.2+7-jre\bin\jli.dll
0x00007ff9e3630000 - 0x00007ff9e37cd000 	C:\WINDOWS\System32\USER32.dll
0x00007ff9e1b50000 - 0x00007ff9e1b72000 	C:\WINDOWS\System32\win32u.dll
0x00007ff9e3830000 - 0x00007ff9e385b000 	C:\WINDOWS\System32\GDI32.dll
0x00007ff9e17e0000 - 0x00007ff9e18fa000 	C:\WINDOWS\System32\gdi32full.dll
0x00007ff9e1ab0000 - 0x00007ff9e1b4d000 	C:\WINDOWS\System32\msvcp_win.dll
0x00007ff9cd980000 - 0x00007ff9cdc1a000 	C:\WINDOWS\WinSxS\amd64_microsoft.windows.common-controls_6595b64144ccf1df_6.0.19041.5794_none_60bcd33171f2783c\COMCTL32.dll
0x00007ff9e39a0000 - 0x00007ff9e3a3e000 	C:\WINDOWS\System32\msvcrt.dll
0x00007ff9d92b0000 - 0x00007ff9d92c9000 	C:\Users\BARTON\.pydev_vscode\java19\jdk-19.0.2+7-jre\bin\VCRUNTIME140.dll
0x00007ff9e2470000 - 0x00007ff9e249f000 	C:\WINDOWS\System32\IMM32.DLL
0x00007ff9db820000 - 0x00007ff9db82c000 	C:\Users\BARTON\.pydev_vscode\java19\jdk-19.0.2+7-jre\bin\vcruntime140_1.dll
0x00007ff9b9a70000 - 0x00007ff9b9b01000 	C:\Users\BARTON\.pydev_vscode\java19\jdk-19.0.2+7-jre\bin\msvcp140.dll
0x00007ff9a8290000 - 0x00007ff9a8f81000 	C:\Users\BARTON\.pydev_vscode\java19\jdk-19.0.2+7-jre\bin\server\jvm.dll
0x00007ff9e2360000 - 0x00007ff9e240f000 	C:\WINDOWS\System32\ADVAPI32.dll
0x00007ff9e30e0000 - 0x00007ff9e317f000 	C:\WINDOWS\System32\sechost.dll
0x00007ff9e2160000 - 0x00007ff9e2283000 	C:\WINDOWS\System32\RPCRT4.dll
0x00007ff9e1430000 - 0x00007ff9e1457000 	C:\WINDOWS\System32\bcrypt.dll
0x00007ff9dad70000 - 0x00007ff9dad79000 	C:\WINDOWS\SYSTEM32\WSOCK32.dll
0x00007ff9e35c0000 - 0x00007ff9e362b000 	C:\WINDOWS\System32\WS2_32.dll
0x00007ff9cced0000 - 0x00007ff9ccef7000 	C:\WINDOWS\SYSTEM32\WINMM.dll
0x00007ff9da4c0000 - 0x00007ff9da4ca000 	C:\WINDOWS\SYSTEM32\VERSION.dll
0x00007ff9dfb80000 - 0x00007ff9dfb92000 	C:\WINDOWS\SYSTEM32\kernel.appcore.dll
0x00007ff9d9c80000 - 0x00007ff9d9c8a000 	C:\Users\BARTON\.pydev_vscode\java19\jdk-19.0.2+7-jre\bin\jimage.dll
0x00007ff9df060000 - 0x00007ff9df261000 	C:\WINDOWS\SYSTEM32\DBGHELP.DLL
0x00007ff9c3970000 - 0x00007ff9c39a4000 	C:\WINDOWS\SYSTEM32\dbgcore.DLL
0x00007ff9e1b80000 - 0x00007ff9e1c02000 	C:\WINDOWS\System32\bcryptPrimitives.dll
0x00007ff9d6d40000 - 0x00007ff9d6d66000 	C:\Users\BARTON\.pydev_vscode\java19\jdk-19.0.2+7-jre\bin\java.dll
0x00007ff9b6a60000 - 0x00007ff9b6b36000 	C:\Users\BARTON\.pydev_vscode\java19\jdk-19.0.2+7-jre\bin\jsvml.dll
0x00007ff9e24a0000 - 0x00007ff9e2c0e000 	C:\WINDOWS\System32\SHELL32.dll
0x00007ff9df370000 - 0x00007ff9dfb13000 	C:\WINDOWS\SYSTEM32\windows.storage.dll
0x00007ff9e3190000 - 0x00007ff9e34e3000 	C:\WINDOWS\System32\combase.dll
0x00007ff9e0c90000 - 0x00007ff9e0cbb000 	C:\WINDOWS\SYSTEM32\Wldp.dll
0x00007ff9e34f0000 - 0x00007ff9e35bd000 	C:\WINDOWS\System32\OLEAUT32.dll
0x00007ff9e1df0000 - 0x00007ff9e1e9d000 	C:\WINDOWS\System32\SHCORE.dll
0x00007ff9e2410000 - 0x00007ff9e2465000 	C:\WINDOWS\System32\shlwapi.dll
0x00007ff9e1260000 - 0x00007ff9e1285000 	C:\WINDOWS\SYSTEM32\profapi.dll
0x00007ff9d6d20000 - 0x00007ff9d6d33000 	C:\Users\BARTON\.pydev_vscode\java19\jdk-19.0.2+7-jre\bin\net.dll
0x00007ff9d8270000 - 0x00007ff9d837a000 	C:\WINDOWS\SYSTEM32\WINHTTP.dll
0x00007ff9e09f0000 - 0x00007ff9e0a5c000 	C:\WINDOWS\system32\mswsock.dll
0x00007ff9c4b10000 - 0x00007ff9c4b26000 	C:\Users\BARTON\.pydev_vscode\java19\jdk-19.0.2+7-jre\bin\nio.dll
0x00007ff9bf560000 - 0x00007ff9bf578000 	C:\Users\BARTON\.pydev_vscode\java19\jdk-19.0.2+7-jre\bin\zip.dll

dbghelp: loaded successfully - version: 4.0.5 - missing functions: none
symbol engine: initialized successfully - sym options: 0x614 - pdb path: .;C:\Users\BARTON\.pydev_vscode\java19\jdk-19.0.2+7-jre\bin;C:\WINDOWS\SYSTEM32;C:\WINDOWS\WinSxS\amd64_microsoft.windows.common-controls_6595b64144ccf1df_6.0.19041.5794_none_60bcd33171f2783c;C:\Users\BARTON\.pydev_vscode\java19\jdk-19.0.2+7-jre\bin\server

VM Arguments:
jvm_args: --add-modules=ALL-SYSTEM --add-opens=java.base/java.util=ALL-UNNAMED --add-opens=java.base/java.lang=ALL-UNNAMED -Declipse.application=org.python.pydev.pydev_lsp.application -Dosgi.bundles.defaultStartLevel=4 -Declipse.product=org.python.pydev.pydev_lsp.product -Xmx1G -XX:+UseG1GC -XX:+UseStringDeduplication 
java_command: c:\Users\BARTON\.vscode\extensions\fabioz.vscode-pydev-0.15.3\server\plugins\org.eclipse.equinox.launcher_1.6.700.v20240213-1244.jar -configuration c:\Users\BARTON\.vscode\extensions\fabioz.vscode-pydev-0.15.3\server\config_win -data c:\Users\BARTON\AppData\Roaming\Code\User\workspaceStorage\2a3cce2c050f555b2213988c11b6fd1b\fabioz.vscode-pydev\pydev_ws
java_class_path (initial): c:\Users\BARTON\.vscode\extensions\fabioz.vscode-pydev-0.15.3\server\plugins\org.eclipse.equinox.launcher_1.6.700.v20240213-1244.jar
Launcher Type: SUN_STANDARD

[Global flags]
     intx CICompilerCount                          = 2                                         {product} {ergonomic}
     uint ConcGCThreads                            = 1                                         {product} {ergonomic}
     uint G1ConcRefinementThreads                  = 2                                         {product} {ergonomic}
   size_t G1HeapRegionSize                         = 1048576                                   {product} {ergonomic}
    uintx GCDrainStackTargetSize                   = 64                                        {product} {ergonomic}
   size_t InitialHeapSize                          = 65011712                                  {product} {ergonomic}
   size_t MarkStackSize                            = 4194304                                   {product} {ergonomic}
   size_t MaxHeapSize                              = 1073741824                                {product} {command line}
   size_t MaxNewSize                               = 643825664                                 {product} {ergonomic}
   size_t MinHeapDeltaBytes                        = 1048576                                   {product} {ergonomic}
   size_t MinHeapSize                              = 8388608                                   {product} {ergonomic}
    uintx NonNMethodCodeHeapSize                   = 5826188                                {pd product} {ergonomic}
    uintx NonProfiledCodeHeapSize                  = 122916026                              {pd product} {ergonomic}
    uintx ProfiledCodeHeapSize                     = 122916026                              {pd product} {ergonomic}
    uintx ReservedCodeCacheSize                    = 251658240                              {pd product} {ergonomic}
     bool SegmentedCodeCache                       = true                                      {product} {ergonomic}
   size_t SoftMaxHeapSize                          = 1073741824                             {manageable} {ergonomic}
     bool UseCompressedClassPointers               = true                           {product lp64_product} {ergonomic}
     bool UseCompressedOops                        = true                           {product lp64_product} {ergonomic}
     bool UseG1GC                                  = true                                      {product} {command line}
     bool UseLargePagesIndividualAllocation        = false                                  {pd product} {ergonomic}
     bool UseStringDeduplication                   = true                                      {product} {command line}

Logging:
Log output configuration:
 #0: stdout all=warning uptime,level,tags foldmultilines=false
 #1: stderr all=off uptime,level,tags foldmultilines=false

Environment Variables:
PATH=C:\Program Files\Common Files\Oracle\Java\javapath;C:\Program Files\Python312\Scripts\;C:\Program Files\Python312\;C:\WINDOWS\system32;C:\WINDOWS;C:\WINDOWS\System32\Wbem;C:\WINDOWS\System32\WindowsPowerShell\v1.0\;C:\WINDOWS\System32\OpenSSH\;C:\Program Files\nodejs\;C:\Program Files\Git\cmd;C:\Users\BARTON\AppData\Local\Microsoft\WindowsApps;C:\Users\BARTON\AppData\Local\Programs\Microsoft VS Code\bin;C:\Users\BARTON\AppData\Roaming\npm
USERNAME=BARTON
OS=Windows_NT
PROCESSOR_IDENTIFIER=Intel64 Family 6 Model 156 Stepping 0, GenuineIntel
TMP=C:\Users\BARTON\AppData\Local\Temp
TEMP=C:\Users\BARTON\AppData\Local\Temp



---------------  S Y S T E M  ---------------

OS:
 Windows 10 , 64 bit Build 19041 (10.0.19041.5794)
OS uptime: 0 days 9:49 hours

CPU: total 2 (initial active 2) (2 cores per cpu, 1 threads per core) family 6 model 156 stepping 0 microcode 0x1d, cx8, cmov, fxsr, mmx, 3dnowpref, sse, sse2, sse3, ssse3, sse4.1, sse4.2, popcnt, tsc, tscinvbit, aes, erms, clmul, sha, clflush, clflushopt, clwb, rdtscp, rdpid

Memory: 4k page, system-wide physical 3933M (473M free)
TotalPageFile size 7277M (AvailPageFile size 96M)
current process WorkingSet (physical memory assigned to process): 47M, peak: 47M
current process commit charge ("private bytes"): 134M, peak: 135M

vm_info: OpenJDK 64-Bit Server VM (19.0.2+7) for windows-amd64 JRE (19.0.2+7), built on 2023-01-17T00:00:00Z by "temurin" with MS VC++ 16.7 (VS2019)

END.
