#
# There is insufficient memory for the Java Runtime Environment to continue.
# Native memory allocation (malloc) failed to allocate 675936 bytes for Chunk::new
# Possible reasons:
#   The system is out of physical RAM or swap space
#   The process is running with CompressedOops enabled, and the Java Heap may be blocking the growth of the native heap
# Possible solutions:
#   Reduce memory load on the system
#   Increase physical memory or swap space
#   Check if swap backing store is full
#   Decrease Java heap size (-Xmx/-Xms)
#   Decrease number of Java threads
#   Decrease Java thread stack sizes (-Xss)
#   Set larger code cache with -XX:ReservedCodeCacheSize=
#   JVM is running with Unscaled Compressed Oops mode in which the Java heap is
#     placed in the first 4GB address space. The Java Heap base address is the
#     maximum limit for the native heap growth. Please use -XX:HeapBaseMinAddress
#     to set the Java Heap base and to place the Java Heap above 4GB virtual address.
# This output file may be truncated or incomplete.
#
#  Out of Memory Error (arena.cpp:184), pid=10176, tid=9836
#
# JRE version: OpenJDK Runtime Environment Temurin-19.0.2+7 (19.0.2+7) (build 19.0.2+7)
# Java VM: OpenJDK 64-Bit Server VM Temurin-19.0.2+7 (19.0.2+7, mixed mode, sharing, tiered, compressed oops, compressed class ptrs, g1 gc, windows-amd64)
# No core dump will be written. Minidumps are not enabled by default on client versions of Windows
#

---------------  S U M M A R Y ------------

Command Line: --add-modules=ALL-SYSTEM --add-opens=java.base/java.util=ALL-UNNAMED --add-opens=java.base/java.lang=ALL-UNNAMED -Declipse.application=org.python.pydev.pydev_lsp.application -Dosgi.bundles.defaultStartLevel=4 -Declipse.product=org.python.pydev.pydev_lsp.product -Xmx1G -XX:+UseG1GC -XX:+UseStringDeduplication c:\Users\BARTON\.vscode\extensions\fabioz.vscode-pydev-0.15.3\server\plugins\org.eclipse.equinox.launcher_1.6.700.v20240213-1244.jar -configuration c:\Users\BARTON\.vscode\extensions\fabioz.vscode-pydev-0.15.3\server\config_win -data c:\Users\BARTON\AppData\Roaming\Code\User\workspaceStorage\2a3cce2c050f555b2213988c11b6fd1b\fabioz.vscode-pydev\pydev_ws

Host: Intel(R) Celeron(R) N4500 @ 1.10GHz, 2 cores, 3G,  Windows 10 , 64 bit Build 19041 (10.0.19041.5794)
Time: Fri Jul 18 23:26:41 2025 Paris, Madrid (heure duild 19041 (10.0.19041.5794) elapsed time: 68.545739 seconds (0d 0h 1m 8s)

---------------  T H R E A D  ---------------

Current thread (0x000001f466507130):  JavaThread "C2 CompilerThread0" daemon [_thread_in_native, id=9836, stack(0x0000004d13f00000,0x0000004d14000000)]


Current CompileTask:
C2:  68545 5137   !   4       org.eclipse.osgi.internal.loader.classpath.ClasspathManager::findLocalClass (210 bytes)

Stack: [0x0000004d13f00000,0x0000004d14000000]
Native frames: (J=compiled Java code, j=interpreted, Vv=VM code, C=native code)
V  [jvm.dll+0x6e9e1a]
V  [jvm.dll+0x8a36c0]
V  [jvm.dll+0x8a50ae]
V  [jvm.dll+0x8a5763]
V  [jvm.dll+0x27bcdf]
V  [jvm.dll+0xc221f]
V  [jvm.dll+0xc2595]
V  [jvm.dll+0x2f2acf]
V  [jvm.dll+0x5ea39e]
V  [jvm.dll+0x24e233]
V  [jvm.dll+0x2468bf]
V  [jvm.dll+0x244565]
V  [jvm.dll+0x1cf4b1]
V  [jvm.dll+0x254229]
V  [jvm.dll+0x252418]
V  [jvm.dll+0x85403d]
V  [jvm.dll+0x84de3a]
V  [jvm.dll+0x6e8abb]
C  [ucrtbase.dll+0x21bb2]
C  [KERNEL32.DLL+0x17374]
C  [ntdll.dll+0x4cc91]


---------------  P R O C E S S  ---------------

Threads class SMR info:
_java_thread_list=0x000001f46c1486e0, length=27, elements={
0x000001f44b92e800, 0x000001f4664ed330, 0x000001f4664eff10, 0x000001f4664f2180,
0x000001f4664f2ab0, 0x000001f4664f33e0, 0x000001f466503a40, 0x000001f466507130,
0x000001f466509c50, 0x000001f46650d520, 0x000001f44da7b210, 0x000001f46a8c0fc0,
0x000001f46afd7030, 0x000001f46b078780, 0x000001f46b0793a0, 0x000001f46b08e8a0,
0x000001f46ad4b040, 0x000001f46aabfb00, 0x000001f46aac0050, 0x000001f46aabf060,
0x000001f46aac05a0, 0x000001f46aedd4c0, 0x000001f46aedda10, 0x000001f46aedba30,
0x000001f46aedef50, 0x000001f46aedbf80, 0x000001f46aedea00
}

Java Threads: ( => current thread )
  0x000001f44b92e800 JavaThread "main" [_thread_blocked, id=8488, stack(0x0000004d13100000,0x0000004d13200000)]
  0x000001f4664ed330 JavaThread "Reference Handler" daemon [_thread_blocked, id=2308, stack(0x0000004d13900000,0x0000004d13a00000)]
  0x000001f4664eff10 JavaThread "Finalizer" daemon [_thread_blocked, id=9956, stack(0x0000004d13a00000,0x0000004d13b00000)]
  0x000001f4664f2180 JavaThread "Signal Dispatcher" daemon [_thread_blocked, id=2724, stack(0x0000004d13b00000,0x0000004d13c00000)]
  0x000001f4664f2ab0 JavaThread "Attach Listener" daemon [_thread_blocked, id=6180, stack(0x0000004d13c00000,0x0000004d13d00000)]
  0x000001f4664f33e0 JavaThread "Service Thread" daemon [_thread_blocked, id=8544, stack(0x0000004d13d00000,0x0000004d13e00000)]
  0x000001f466503a40 JavaThread "Monitor Deflation Thread" daemon [_thread_blocked, id=3116, stack(0x0000004d13e00000,0x0000004d13f00000)]
=>0x000001f466507130 JavaThread "C2 CompilerThread0" daemon [_thread_in_native, id=9836, stack(0x0000004d13f00000,0x0000004d14000000)]
  0x000001f466509c50 JavaThread "C1 CompilerThread0" daemon [_thread_blocked, id=4040, stack(0x0000004d14000000,0x0000004d14100000)]
  0x000001f46650d520 JavaThread "Sweeper thread" daemon [_thread_blocked, id=2216, stack(0x0000004d14100000,0x0000004d14200000)]
  0x000001f44da7b210 JavaThread "Common-Cleaner" daemon [_thread_blocked, id=8456, stack(0x0000004d14200000,0x0000004d14300000)]
  0x000001f46a8c0fc0 JavaThread "Notification Thread" daemon [_thread_blocked, id=812, stack(0x0000004d14300000,0x0000004d14400000)]
  0x000001f46afd7030 JavaThread "Active Thread: Equinox Container: 438161e8-57be-4cf1-b18e-7a5ba4ca03f6" [_thread_blocked, id=8820, stack(0x0000004d14600000,0x0000004d14700000)]
  0x000001f46b078780 JavaThread "Framework Event Dispatcher: Equinox Container: 438161e8-57be-4cf1-b18e-7a5ba4ca03f6" daemon [_thread_blocked, id=10076, stack(0x0000004d14700000,0x0000004d14800000)]
  0x000001f46b0793a0 JavaThread "Start Level: Equinox Container: 438161e8-57be-4cf1-b18e-7a5ba4ca03f6" daemon [_thread_blocked, id=10064, stack(0x0000004d14800000,0x0000004d14900000)]
  0x000001f46b08e8a0 JavaThread "SCR Component Actor" daemon [_thread_blocked, id=4340, stack(0x0000004d14900000,0x0000004d14a00000)]
  0x000001f46ad4b040 JavaThread "Worker-JM" [_thread_blocked, id=7924, stack(0x0000004d14b00000,0x0000004d14c00000)]
  0x000001f46aabfb00 JavaThread "Worker-0" [_thread_blocked, id=8592, stack(0x0000004d14c00000,0x0000004d14d00000)]
  0x000001f46aac0050 JavaThread "Worker-1" [_thread_blocked, id=1824, stack(0x0000004d14d00000,0x0000004d14e00000)]
  0x000001f46aabf060 JavaThread "Worker-2" [_thread_blocked, id=1604, stack(0x0000004d14e00000,0x0000004d14f00000)]
  0x000001f46aac05a0 JavaThread "Worker-3" [_thread_blocked, id=3660, stack(0x0000004d14f00000,0x0000004d15000000)]
  0x000001f46aedd4c0 JavaThread "pool-2-thread-1" [_thread_blocked, id=5332, stack(0x0000004d15000000,0x0000004d15100000)]
  0x000001f46aedda10 JavaThread "Worker-4" [_thread_blocked, id=1796, stack(0x0000004d15100000,0x0000004d15200000)]
  0x000001f46aedba30 JavaThread "pool-1-thread-1" [_thread_in_native, id=1620, stack(0x0000004d15200000,0x0000004d15300000)]
  0x000001f46aedef50 JavaThread "Thread-2" daemon [_thread_blocked, id=940, stack(0x0000004d15300000,0x0000004d15400000)]
  0x000001f46aedbf80 JavaThread "Worker-5" [_thread_blocked, id=9420, stack(0x0000004d14a00000,0x0000004d14b00000)]
  0x000001f46aedea00 JavaThread "Worker-6" [_thread_blocked, id=5572, stack(0x0000004d15600000,0x0000004d15700000)]

Other Threads:
  0x000001f44da94240 VMThread "VM Thread" [stack: 0x0000004d13800000,0x0000004d13900000] [id=3940]
  0x000001f46a8c1900 WatcherThread "VM Periodic Task Thread" [stack: 0x0000004d14400000,0x0000004d14500000] [id=5896]
  0x000001f44da16d20 WorkerThread "GC Thread#0" [stack: 0x0000004d13200000,0x0000004d13300000] [id=5104]
  0x000001f46ab73440 WorkerThread "GC Thread#1" [stack: 0x0000004d14500000,0x0000004d14600000] [id=8332]
  0x000001f44da1fb90 ConcurrentGCThread "G1 Main Marker" [stack: 0x0000004d13300000,0x0000004d13400000] [id=8392]
  0x000001f44da20670 WorkerThread "G1 Conc#0" [stack: 0x0000004d13400000,0x0000004d13500000] [id=8844]
  0x000001f44da68ab0 ConcurrentGCThread "G1 Refine#0" [stack: 0x0000004d13500000,0x0000004d13600000] [id=5528]
  0x000001f44da696a0 ConcurrentGCThread "G1 Service" [stack: 0x0000004d13600000,0x0000004d13700000] [id=7416]
  0x000001f44da8fd20 ConcurrentGCThread "StringDedupProcessor" [stack: 0x0000004d13700000,0x0000004d13800000] [id=1996]

Threads with active compile tasks:
C2 CompilerThread0    69501 5137   !   4       org.eclipse.osgi.internal.loader.classpath.ClasspathManager::findLocalClass (210 bytes)

VM state: not at safepoint (normal execution)

VM Mutex/Monitor currently owned by a thread: None

Heap address: 0x00000000c0000000, size: 1024 MB, Compressed Oops mode: 32-bit

CDS archive(s) mapped at: [0x0000000800000000-0x0000000800ad0000-0x0000000800ad0000), size 11337728, SharedBaseAddress: 0x0000000800000000, ArchiveRelocationMode: 0.
Compressed class space mapped at: 0x0000000800c00000-0x0000000840c00000, reserved size: 1073741824
Narrow klass base: 0x0000000800000000, Narrow klass shift: 0, Narrow klass range: 0x100000000

GC Precious Log:
 CardTable entry size: 512
 Card Set container configuration: InlinePtr #cards 5 size 8 Array Of Cards #cards 12 size 40 Howl #buckets 4 coarsen threshold 1843 Howl Bitmap #cards 512 size 80 coarsen threshold 460 Card regions per heap region 1 cards per card region 2048
 CPUs: 2 total, 2 available
 Memory: 3933M
 Large Page Support: Disabled
 NUMA Support: Disabled
 Compressed Oops: Enabled (32-bit)
 Heap Region Size: 1M
 Heap Min Capacity: 8M
 Heap Initial Capacity: 62M
 Heap Max Capacity: 1G
 Pre-touch: Disabled
 Parallel Workers: 2
 Concurrent Workers: 1
 Concurrent Refinement Workers: 2
 Periodic GC: Disabled
 String Deduplication is enabled

Heap:
 garbage-first heap   total 61440K, used 31615K [0x00000000c0000000, 0x0000000100000000)
  region size 1024K, 7 young (7168K), 2 survivors (2048K)
 Metaspace       used 26535K, committed 27264K, reserved 1114112K
  class space    used 2652K, committed 3008K, reserved 1048576K

Heap Regions: E=young(eden), S=young(survivor), O=old, HS=humongous(starts), HC=humongous(continues), CS=collection set, F=free, OA=open archive, CA=closed archive, TAMS=top-at-mark-start (previous, next)
|   0|0x00000000c0000000, 0x00000000c0100000, 0x00000000c0100000|100%| O|  |TAMS 0x00000000c0100000, 0x00000000c0000000| Untracked 
|   1|0x00000000c0100000, 0x00000000c0200000, 0x00000000c0200000|100%| O|  |TAMS 0x00000000c0200000, 0x00000000c0100000| Untracked 
|   2|0x00000000c0200000, 0x00000000c0300000, 0x00000000c0300000|100%| O|  |TAMS 0x00000000c0300000, 0x00000000c0200000| Untracked 
|   3|0x00000000c0300000, 0x00000000c0400000, 0x00000000c0400000|100%| O|  |TAMS 0x00000000c0300000, 0x00000000c0300000| Untracked 
|   4|0x00000000c0400000, 0x00000000c0500000, 0x00000000c0500000|100%| O|  |TAMS 0x00000000c0500000, 0x00000000c0400000| Untracked 
|   5|0x00000000c0500000, 0x00000000c0600000, 0x00000000c0600000|100%| O|  |TAMS 0x00000000c0600000, 0x00000000c0500000| Untracked 
|   6|0x00000000c0600000, 0x00000000c0700000, 0x00000000c0700000|100%| O|  |TAMS 0x00000000c0700000, 0x00000000c0600000| Untracked 
|   7|0x00000000c0700000, 0x00000000c0800000, 0x00000000c0800000|100%| O|  |TAMS 0x00000000c0800000, 0x00000000c0700000| Untracked 
|   8|0x00000000c0800000, 0x00000000c0900000, 0x00000000c0900000|100%| O|  |TAMS 0x00000000c0900000, 0x00000000c0800000| Untracked 
|   9|0x00000000c0900000, 0x00000000c0a00000, 0x00000000c0a00000|100%| O|  |TAMS 0x00000000c0a00000, 0x00000000c0900000| Untracked 
|  10|0x00000000c0a00000, 0x00000000c0b00000, 0x00000000c0b00000|100%| O|  |TAMS 0x00000000c0b00000, 0x00000000c0a00000| Untracked 
|  11|0x00000000c0b00000, 0x00000000c0c00000, 0x00000000c0c00000|100%| O|  |TAMS 0x00000000c0b00000, 0x00000000c0b00000| Untracked 
|  12|0x00000000c0c00000, 0x00000000c0d00000, 0x00000000c0d00000|100%| O|  |TAMS 0x00000000c0d00000, 0x00000000c0c00000| Untracked 
|  13|0x00000000c0d00000, 0x00000000c0e00000, 0x00000000c0e00000|100%| O|  |TAMS 0x00000000c0e00000, 0x00000000c0d00000| Untracked 
|  14|0x00000000c0e00000, 0x00000000c0f00000, 0x00000000c0f00000|100%| O|  |TAMS 0x00000000c0f00000, 0x00000000c0e00000| Untracked 
|  15|0x00000000c0f00000, 0x00000000c1000000, 0x00000000c1000000|100%| O|  |TAMS 0x00000000c1000000, 0x00000000c0f00000| Untracked 
|  16|0x00000000c1000000, 0x00000000c1100000, 0x00000000c1100000|100%| O|  |TAMS 0x00000000c1000000, 0x00000000c1000000| Untracked 
|  17|0x00000000c1100000, 0x00000000c1200000, 0x00000000c1200000|100%| O|  |TAMS 0x00000000c1100000, 0x00000000c1100000| Untracked 
|  18|0x00000000c1200000, 0x00000000c1300000, 0x00000000c1300000|100%| O|  |TAMS 0x00000000c1200000, 0x00000000c1200000| Untracked 
|  19|0x00000000c1300000, 0x00000000c1400000, 0x00000000c1400000|100%| O|  |TAMS 0x00000000c1300000, 0x00000000c1300000| Untracked 
|  20|0x00000000c1400000, 0x00000000c1500000, 0x00000000c1500000|100%| O|  |TAMS 0x00000000c1400000, 0x00000000c1400000| Untracked 
|  21|0x00000000c1500000, 0x00000000c1600000, 0x00000000c1600000|100%| O|  |TAMS 0x00000000c1500000, 0x00000000c1500000| Untracked 
|  22|0x00000000c1600000, 0x00000000c1700000, 0x00000000c1700000|100%| O|  |TAMS 0x00000000c1600000, 0x00000000c1600000| Untracked 
|  23|0x00000000c1700000, 0x00000000c1800000, 0x00000000c1800000|100%| O|  |TAMS 0x00000000c1700000, 0x00000000c1700000| Untracked 
|  24|0x00000000c1800000, 0x00000000c1900000, 0x00000000c1900000|100%| O|  |TAMS 0x00000000c1800000, 0x00000000c1800000| Untracked 
|  25|0x00000000c1900000, 0x00000000c1927400, 0x00000000c1a00000| 15%| O|  |TAMS 0x00000000c1900000, 0x00000000c1900000| Untracked 
|  26|0x00000000c1a00000, 0x00000000c1a00000, 0x00000000c1b00000|  0%| F|  |TAMS 0x00000000c1a00000, 0x00000000c1a00000| Untracked 
|  27|0x00000000c1b00000, 0x00000000c1b00000, 0x00000000c1c00000|  0%| F|  |TAMS 0x00000000c1b00000, 0x00000000c1b00000| Untracked 
|  28|0x00000000c1c00000, 0x00000000c1c00000, 0x00000000c1d00000|  0%| F|  |TAMS 0x00000000c1c00000, 0x00000000c1c00000| Untracked 
|  29|0x00000000c1d00000, 0x00000000c1d00000, 0x00000000c1e00000|  0%| F|  |TAMS 0x00000000c1d00000, 0x00000000c1d00000| Untracked 
|  30|0x00000000c1e00000, 0x00000000c1e00000, 0x00000000c1f00000|  0%| F|  |TAMS 0x00000000c1e00000, 0x00000000c1e00000| Untracked 
|  31|0x00000000c1f00000, 0x00000000c1f00000, 0x00000000c2000000|  0%| F|  |TAMS 0x00000000c1f00000, 0x00000000c1f00000| Untracked 
|  32|0x00000000c2000000, 0x00000000c2000000, 0x00000000c2100000|  0%| F|  |TAMS 0x00000000c2000000, 0x00000000c2000000| Untracked 
|  33|0x00000000c2100000, 0x00000000c2100000, 0x00000000c2200000|  0%| F|  |TAMS 0x00000000c2100000, 0x00000000c2100000| Untracked 
|  34|0x00000000c2200000, 0x00000000c2200000, 0x00000000c2300000|  0%| F|  |TAMS 0x00000000c2200000, 0x00000000c2200000| Untracked 
|  35|0x00000000c2300000, 0x00000000c2300000, 0x00000000c2400000|  0%| F|  |TAMS 0x00000000c2300000, 0x00000000c2300000| Untracked 
|  36|0x00000000c2400000, 0x00000000c2400000, 0x00000000c2500000|  0%| F|  |TAMS 0x00000000c2400000, 0x00000000c2400000| Untracked 
|  37|0x00000000c2500000, 0x00000000c2500000, 0x00000000c2600000|  0%| F|  |TAMS 0x00000000c2500000, 0x00000000c2500000| Untracked 
|  38|0x00000000c2600000, 0x00000000c2600000, 0x00000000c2700000|  0%| F|  |TAMS 0x00000000c2600000, 0x00000000c2600000| Untracked 
|  39|0x00000000c2700000, 0x00000000c2700000, 0x00000000c2800000|  0%| F|  |TAMS 0x00000000c2700000, 0x00000000c2700000| Untracked 
|  40|0x00000000c2800000, 0x00000000c28b8a10, 0x00000000c2900000| 72%| S|CS|TAMS 0x00000000c2800000, 0x00000000c2800000| Complete 
|  41|0x00000000c2900000, 0x00000000c2a00000, 0x00000000c2a00000|100%| S|CS|TAMS 0x00000000c2900000, 0x00000000c2900000| Complete 
|  42|0x00000000c2a00000, 0x00000000c2a00000, 0x00000000c2b00000|  0%| F|  |TAMS 0x00000000c2a00000, 0x00000000c2a00000| Untracked 
|  43|0x00000000c2b00000, 0x00000000c2b00000, 0x00000000c2c00000|  0%| F|  |TAMS 0x00000000c2b00000, 0x00000000c2b00000| Untracked 
|  44|0x00000000c2c00000, 0x00000000c2c00000, 0x00000000c2d00000|  0%| F|  |TAMS 0x00000000c2c00000, 0x00000000c2c00000| Untracked 
|  45|0x00000000c2d00000, 0x00000000c2d00000, 0x00000000c2e00000|  0%| F|  |TAMS 0x00000000c2d00000, 0x00000000c2d00000| Untracked 
|  46|0x00000000c2e00000, 0x00000000c2e00000, 0x00000000c2f00000|  0%| F|  |TAMS 0x00000000c2e00000, 0x00000000c2e00000| Untracked 
|  47|0x00000000c2f00000, 0x00000000c2f00000, 0x00000000c3000000|  0%| F|  |TAMS 0x00000000c2f00000, 0x00000000c2f00000| Untracked 
|  48|0x00000000c3000000, 0x00000000c3000000, 0x00000000c3100000|  0%| F|  |TAMS 0x00000000c3000000, 0x00000000c3000000| Untracked 
|  49|0x00000000c3100000, 0x00000000c3100000, 0x00000000c3200000|  0%| F|  |TAMS 0x00000000c3100000, 0x00000000c3100000| Untracked 
|  50|0x00000000c3200000, 0x00000000c3200000, 0x00000000c3300000|  0%| F|  |TAMS 0x00000000c3200000, 0x00000000c3200000| Untracked 
|  51|0x00000000c3300000, 0x00000000c3300000, 0x00000000c3400000|  0%| F|  |TAMS 0x00000000c3300000, 0x00000000c3300000| Untracked 
|  52|0x00000000c3400000, 0x00000000c3400000, 0x00000000c3500000|  0%| F|  |TAMS 0x00000000c3400000, 0x00000000c3400000| Untracked 
|  53|0x00000000c3500000, 0x00000000c3500000, 0x00000000c3600000|  0%| F|  |TAMS 0x00000000c3500000, 0x00000000c3500000| Untracked 
|  54|0x00000000c3600000, 0x00000000c3600000, 0x00000000c3700000|  0%| F|  |TAMS 0x00000000c3600000, 0x00000000c3600000| Untracked 
|  55|0x00000000c3700000, 0x00000000c3780378, 0x00000000c3800000| 50%| E|  |TAMS 0x00000000c3700000, 0x00000000c3700000| Complete 
|  56|0x00000000c3800000, 0x00000000c3900000, 0x00000000c3900000|100%| E|CS|TAMS 0x00000000c3800000, 0x00000000c3800000| Complete 
|  57|0x00000000c3900000, 0x00000000c3a00000, 0x00000000c3a00000|100%| E|CS|TAMS 0x00000000c3900000, 0x00000000c3900000| Complete 
|  58|0x00000000c3a00000, 0x00000000c3b00000, 0x00000000c3b00000|100%| E|CS|TAMS 0x00000000c3a00000, 0x00000000c3a00000| Complete 
|  61|0x00000000c3d00000, 0x00000000c3e00000, 0x00000000c3e00000|100%| E|CS|TAMS 0x00000000c3d00000, 0x00000000c3d00000| Complete 

Card table byte_map: [0x000001f461eb0000,0x000001f4620b0000] _byte_map_base: 0x000001f4618b0000

Marking Bits (Prev, Next): (CMBitMap*) 0x000001f44da172a0, (CMBitMap*) 0x000001f44da17260
 Prev Bits: [0x000001f4632b0000, 0x000001f4642b0000)
 Next Bits: [0x000001f4622b0000, 0x000001f4632b0000)

Polling page: 0x000001f44b7f0000

Metaspace:

Usage:
  Non-class:     23.32 MB used.
      Class:      2.59 MB used.
       Both:     25.91 MB used.

Virtual space:
  Non-class space:       64.00 MB reserved,      23.69 MB ( 37%) committed,  1 nodes.
      Class space:        1.00 GB reserved,       2.94 MB ( <1%) committed,  1 nodes.
             Both:        1.06 GB reserved,      26.62 MB (  2%) committed. 

Chunk freelists:
   Non-Class:  3.58 MB
       Class:  1.11 MB
        Both:  4.69 MB

MaxMetaspaceSize: unlimited
CompressedClassSpaceSize: 1.00 GB
Initial GC threshold: 21.00 MB
Current GC threshold: 35.12 MB
CDS: on
MetaspaceReclaimPolicy: balanced
 - commit_granule_bytes: 65536.
 - commit_granule_words: 8192.
 - virtual_space_node_default_size: 8388608.
 - enlarge_chunks_in_place: 1.
 - new_chunks_are_fully_committed: 0.
 - uncommit_free_chunks: 1.
 - use_allocation_guard: 0.


Internal statistics:

num_allocs_failed_limit: 3.
num_arena_births: 526.
num_arena_deaths: 0.
num_vsnodes_births: 2.
num_vsnodes_deaths: 0.
num_space_committed: 426.
num_space_uncommitted: 0.
num_chunks_returned_to_freelist: 3.
num_chunks_taken_from_freelist: 1555.
num_chunk_merges: 3.
num_chunk_splits: 1011.
num_chunks_enlarged: 654.
num_inconsistent_stats: 0.

CodeHeap 'non-profiled nmethods': size=120064Kb used=2352Kb max_used=2352Kb free=117711Kb
 bounds [0x000001f45a970000, 0x000001f45abe0000, 0x000001f461eb0000]
CodeHeap 'profiled nmethods': size=120000Kb used=10638Kb max_used=10638Kb free=109361Kb
 bounds [0x000001f452eb0000, 0x000001f453950000, 0x000001f45a3e0000]
CodeHeap 'non-nmethods': size=5696Kb used=1361Kb max_used=1400Kb free=4334Kb
 bounds [0x000001f45a3e0000, 0x000001f45a650000, 0x000001f45a970000]
 total_blobs=5082 nmethods=4484 adapters=507
 compilation: enabled
              stopped_count=0, restarted_count=0
 full_count=0

Compilation events (20 events):
Event: 68.113 Thread 0x000001f466509c50 nmethod 5129 0x000001f453348d90 code [0x000001f453348fc0, 0x000001f453349828]
Event: 68.114 Thread 0x000001f466509c50 5130   !   3       org.eclipse.core.internal.jobs.JobManager::runNow (57 bytes)
Event: 68.114 Thread 0x000001f466509c50 nmethod 5130 0x000001f452f8be10 code [0x000001f452f8bfe0, 0x000001f452f8c458]
Event: 68.130 Thread 0x000001f466509c50 5131       3       org.eclipse.core.runtime.Status::interpolateMessage (41 bytes)
Event: 68.131 Thread 0x000001f466509c50 nmethod 5131 0x000001f452f8b410 code [0x000001f452f8b600, 0x000001f452f8bbf8]
Event: 68.143 Thread 0x000001f466509c50 5132       3       org.eclipse.core.internal.resources.Rules::factoryFor (87 bytes)
Event: 68.144 Thread 0x000001f466509c50 nmethod 5132 0x000001f452f89a90 code [0x000001f452f89d40, 0x000001f452f8aee8]
Event: 68.145 Thread 0x000001f466509c50 5133   !   3       org.eclipse.core.internal.resources.Workspace::getResourceInfo (109 bytes)
Event: 68.146 Thread 0x000001f466509c50 nmethod 5133 0x000001f452f88710 code [0x000001f452f88980, 0x000001f452f894c8]
Event: 68.218 Thread 0x000001f466509c50 5134  s    3       org.eclipse.core.internal.watson.ElementTree::getElementData (60 bytes)
Event: 68.219 Thread 0x000001f466509c50 nmethod 5134 0x000001f452f87890 code [0x000001f452f87ac0, 0x000001f452f883d8]
Event: 68.252 Thread 0x000001f466509c50 5135       3       org.eclipse.core.internal.jobs.JobManager$$Lambda$139/0x0000000800d36a08::apply (24 bytes)
Event: 68.252 Thread 0x000001f466509c50 nmethod 5135 0x000001f4532f9a10 code [0x000001f4532f9bc0, 0x000001f4532f9e28]
Event: 68.367 Thread 0x000001f466509c50 5136       3       org.eclipse.core.runtime.Path::hashCode (28 bytes)
Event: 68.367 Thread 0x000001f466507130 5137   !   4       org.eclipse.osgi.internal.loader.classpath.ClasspathManager::findLocalClass (210 bytes)
Event: 68.367 Thread 0x000001f466509c50 nmethod 5136 0x000001f452f87490 code [0x000001f452f87640, 0x000001f452f877e8]
Event: 68.434 Thread 0x000001f466509c50 5139       3       org.eclipse.core.internal.jobs.JobManager::startJob (89 bytes)
Event: 68.435 Thread 0x000001f466509c50 nmethod 5139 0x000001f4531c1e90 code [0x000001f4531c2140, 0x000001f4531c3048]
Event: 68.435 Thread 0x000001f466509c50 5140   !   3       org.eclipse.core.internal.jobs.JobManager::sleepHint (67 bytes)
Event: 68.436 Thread 0x000001f466509c50 nmethod 5140 0x000001f452f86210 code [0x000001f452f86480, 0x000001f452f86f78]

GC Heap History (20 events):
Event: 3.638 GC heap before
{Heap before GC invocations=1 (full 0):
 garbage-first heap   total 63488K, used 5641K [0x00000000c0000000, 0x0000000100000000)
  region size 1024K, 5 young (5120K), 1 survivors (1024K)
 Metaspace       used 3194K, committed 3328K, reserved 1114112K
  class space    used 314K, committed 384K, reserved 1048576K
}
Event: 3.647 GC heap after
{Heap after GC invocations=2 (full 0):
 garbage-first heap   total 63488K, used 4056K [0x00000000c0000000, 0x0000000100000000)
  region size 1024K, 1 young (1024K), 1 survivors (1024K)
 Metaspace       used 3194K, committed 3328K, reserved 1114112K
  class space    used 314K, committed 384K, reserved 1048576K
}
Event: 5.118 GC heap before
{Heap before GC invocations=2 (full 0):
 garbage-first heap   total 63488K, used 14296K [0x00000000c0000000, 0x0000000100000000)
  region size 1024K, 11 young (11264K), 1 survivors (1024K)
 Metaspace       used 6415K, committed 6656K, reserved 1114112K
  class space    used 619K, committed 704K, reserved 1048576K
}
Event: 5.123 GC heap after
{Heap after GC invocations=3 (full 0):
 garbage-first heap   total 63488K, used 5246K [0x00000000c0000000, 0x0000000100000000)
  region size 1024K, 2 young (2048K), 2 survivors (2048K)
 Metaspace       used 6415K, committed 6656K, reserved 1114112K
  class space    used 619K, committed 704K, reserved 1048576K
}
Event: 15.351 GC heap before
{Heap before GC invocations=3 (full 0):
 garbage-first heap   total 63488K, used 33918K [0x00000000c0000000, 0x0000000100000000)
  region size 1024K, 31 young (31744K), 2 survivors (2048K)
 Metaspace       used 14391K, committed 14976K, reserved 1114112K
  class space    used 1437K, committed 1664K, reserved 1048576K
}
Event: 15.365 GC heap after
{Heap after GC invocations=4 (full 0):
 garbage-first heap   total 63488K, used 10702K [0x00000000c0000000, 0x0000000100000000)
  region size 1024K, 4 young (4096K), 4 survivors (4096K)
 Metaspace       used 14391K, committed 14976K, reserved 1114112K
  class space    used 1437K, committed 1664K, reserved 1048576K
}
Event: 17.012 GC heap before
{Heap before GC invocations=4 (full 0):
 garbage-first heap   total 63488K, used 39374K [0x00000000c0000000, 0x0000000100000000)
  region size 1024K, 28 young (28672K), 4 survivors (4096K)
 Metaspace       used 18579K, committed 19264K, reserved 1114112K
  class space    used 1892K, committed 2240K, reserved 1048576K
}
Event: 17.024 GC heap after
{Heap after GC invocations=5 (full 0):
 garbage-first heap   total 63488K, used 15360K [0x00000000c0000000, 0x0000000100000000)
  region size 1024K, 4 young (4096K), 4 survivors (4096K)
 Metaspace       used 18579K, committed 19264K, reserved 1114112K
  class space    used 1892K, committed 2240K, reserved 1048576K
}
Event: 19.364 GC heap before
{Heap before GC invocations=5 (full 0):
 garbage-first heap   total 63488K, used 37888K [0x00000000c0000000, 0x0000000100000000)
  region size 1024K, 26 young (26624K), 4 survivors (4096K)
 Metaspace       used 20011K, committed 20672K, reserved 1114112K
  class space    used 2065K, committed 2368K, reserved 1048576K
}
Event: 19.371 GC heap after
{Heap after GC invocations=6 (full 0):
 garbage-first heap   total 63488K, used 16526K [0x00000000c0000000, 0x0000000100000000)
  region size 1024K, 1 young (1024K), 1 survivors (1024K)
 Metaspace       used 20011K, committed 20672K, reserved 1114112K
  class space    used 2065K, committed 2368K, reserved 1048576K
}
Event: 20.375 GC heap before
{Heap before GC invocations=6 (full 0):
 garbage-first heap   total 63488K, used 21646K [0x00000000c0000000, 0x0000000100000000)
  region size 1024K, 7 young (7168K), 1 survivors (1024K)
 Metaspace       used 20806K, committed 21504K, reserved 1114112K
  class space    used 2154K, committed 2496K, reserved 1048576K
}
Event: 20.380 GC heap after
{Heap after GC invocations=7 (full 0):
 garbage-first heap   total 63488K, used 16396K [0x00000000c0000000, 0x0000000100000000)
  region size 1024K, 1 young (1024K), 1 survivors (1024K)
 Metaspace       used 20806K, committed 21504K, reserved 1114112K
  class space    used 2154K, committed 2496K, reserved 1048576K
}
Event: 31.868 GC heap before
{Heap before GC invocations=8 (full 0):
 garbage-first heap   total 61440K, used 44044K [0x00000000c0000000, 0x0000000100000000)
  region size 1024K, 29 young (29696K), 1 survivors (1024K)
 Metaspace       used 24554K, committed 25280K, reserved 1114112K
  class space    used 2474K, committed 2816K, reserved 1048576K
}
Event: 31.880 GC heap after
{Heap after GC invocations=9 (full 0):
 garbage-first heap   total 61440K, used 21898K [0x00000000c0000000, 0x0000000100000000)
  region size 1024K, 4 young (4096K), 4 survivors (4096K)
 Metaspace       used 24554K, committed 25280K, reserved 1114112K
  class space    used 2474K, committed 2816K, reserved 1048576K
}
Event: 31.897 GC heap before
{Heap before GC invocations=9 (full 0):
 garbage-first heap   total 61440K, used 22922K [0x00000000c0000000, 0x0000000100000000)
  region size 1024K, 5 young (5120K), 4 survivors (4096K)
 Metaspace       used 24556K, committed 25280K, reserved 1114112K
  class space    used 2474K, committed 2816K, reserved 1048576K
}
Event: 31.904 GC heap after
{Heap after GC invocations=10 (full 0):
 garbage-first heap   total 61440K, used 21348K [0x00000000c0000000, 0x0000000100000000)
  region size 1024K, 1 young (1024K), 1 survivors (1024K)
 Metaspace       used 24556K, committed 25280K, reserved 1114112K
  class space    used 2474K, committed 2816K, reserved 1048576K
}
Event: 34.597 GC heap before
{Heap before GC invocations=10 (full 0):
 garbage-first heap   total 61440K, used 42852K [0x00000000c0000000, 0x0000000100000000)
  region size 1024K, 22 young (22528K), 1 survivors (1024K)
 Metaspace       used 25715K, committed 26496K, reserved 1114112K
  class space    used 2568K, committed 2944K, reserved 1048576K
}
Event: 34.606 GC heap after
{Heap after GC invocations=11 (full 0):
 garbage-first heap   total 61440K, used 25600K [0x00000000c0000000, 0x0000000100000000)
  region size 1024K, 3 young (3072K), 3 survivors (3072K)
 Metaspace       used 25715K, committed 26496K, reserved 1114112K
  class space    used 2568K, committed 2944K, reserved 1048576K
}
Event: 67.820 GC heap before
{Heap before GC invocations=11 (full 0):
 garbage-first heap   total 61440K, used 44032K [0x00000000c0000000, 0x0000000100000000)
  region size 1024K, 21 young (21504K), 3 survivors (3072K)
 Metaspace       used 26508K, committed 27264K, reserved 1114112K
  class space    used 2652K, committed 3008K, reserved 1048576K
}
Event: 67.831 GC heap after
{Heap after GC invocations=12 (full 0):
 garbage-first heap   total 61440K, used 27519K [0x00000000c0000000, 0x0000000100000000)
  region size 1024K, 2 young (2048K), 2 survivors (2048K)
 Metaspace       used 26508K, committed 27264K, reserved 1114112K
  class space    used 2652K, committed 3008K, reserved 1048576K
}

Dll operation events (9 events):
Event: 0.132 Loaded shared library C:\Users\BARTON\.pydev_vscode\java19\jdk-19.0.2+7-jre\bin\java.dll
Event: 0.444 Loaded shared library C:\Users\BARTON\.pydev_vscode\java19\jdk-19.0.2+7-jre\bin\jsvml.dll
Event: 2.274 Loaded shared library C:\Users\BARTON\.pydev_vscode\java19\jdk-19.0.2+7-jre\bin\net.dll
Event: 2.291 Loaded shared library C:\Users\BARTON\.pydev_vscode\java19\jdk-19.0.2+7-jre\bin\nio.dll
Event: 2.330 Loaded shared library C:\Users\BARTON\.pydev_vscode\java19\jdk-19.0.2+7-jre\bin\zip.dll
Event: 2.829 Loaded shared library C:\Users\BARTON\.pydev_vscode\java19\jdk-19.0.2+7-jre\bin\jimage.dll
Event: 5.471 Loaded shared library C:\Users\BARTON\.vscode\extensions\fabioz.vscode-pydev-0.15.3\server\plugins\org.eclipse.equinox.launcher.win32.win32.x86_64_1.2.900.v20240213-1244\eclipse_11900.dll
Event: 14.302 Loaded shared library C:\Users\BARTON\.vscode\extensions\fabioz.vscode-pydev-0.15.3\server\config_win\org.eclipse.osgi\13\0\.cp\os\win32\x86_64\localfile_1_0_0.dll
Event: 14.681 Loaded shared library C:\Users\BARTON\.vscode\extensions\fabioz.vscode-pydev-0.15.3\server\config_win\org.eclipse.osgi\16\0\.cp\os\win32\x86_64\win32refresh.dll

Deoptimization events (20 events):
Event: 67.503 Thread 0x000001f46aedbf80 Uncommon trap: trap_request=0xfffffff4 fr.pc=0x000001f45aa9e434 relative=0x0000000000000154
Event: 67.503 Thread 0x000001f46aedbf80 Uncommon trap: reason=null_check action=make_not_entrant pc=0x000001f45aa9e434 method=org.eclipse.core.internal.resources.WorkspaceRoot.getProject(Ljava/lang/String;)Lorg/eclipse/core/resources/IProject; @ 10 c2
Event: 67.503 Thread 0x000001f46aedbf80 DEOPT PACKING pc=0x000001f45aa9e434 sp=0x0000004d14afea20
Event: 67.503 Thread 0x000001f46aedbf80 DEOPT UNPACKING pc=0x000001f45a446d9d sp=0x0000004d14afe9d0 mode 2
Event: 67.503 Thread 0x000001f46aedbf80 Uncommon trap: trap_request=0xffffff45 fr.pc=0x000001f45aafc184 relative=0x0000000000000064
Event: 67.503 Thread 0x000001f46aedbf80 Uncommon trap: reason=unstable_if action=reinterpret pc=0x000001f45aafc184 method=org.eclipse.core.runtime.Path.makeAbsolute()Lorg/eclipse/core/runtime/IPath; @ 4 c2
Event: 67.503 Thread 0x000001f46aedbf80 DEOPT PACKING pc=0x000001f45aafc184 sp=0x0000004d14afe9c0
Event: 67.503 Thread 0x000001f46aedbf80 DEOPT UNPACKING pc=0x000001f45a446d9d sp=0x0000004d14afe950 mode 2
Event: 68.138 Thread 0x000001f46aac0050 Uncommon trap: trap_request=0xffffff45 fr.pc=0x000001f45aacaf24 relative=0x0000000000001064
Event: 68.138 Thread 0x000001f46aac0050 Uncommon trap: reason=unstable_if action=reinterpret pc=0x000001f45aacaf24 method=org.eclipse.core.internal.watson.ElementTree.getElementData(Lorg/eclipse/core/runtime/IPath;)Ljava/lang/Object; @ 25 c2
Event: 68.138 Thread 0x000001f46aac0050 DEOPT PACKING pc=0x000001f45aacaf24 sp=0x0000004d14dff1f0
Event: 68.138 Thread 0x000001f46aac0050 DEOPT UNPACKING pc=0x000001f45a446d9d sp=0x0000004d14dff160 mode 2
Event: 68.138 Thread 0x000001f46aac0050 Uncommon trap: trap_request=0xffffff45 fr.pc=0x000001f45aab17ec relative=0x000000000000024c
Event: 68.138 Thread 0x000001f46aac0050 Uncommon trap: reason=unstable_if action=reinterpret pc=0x000001f45aab17ec method=org.eclipse.core.internal.watson.ElementTree.getElementData(Lorg/eclipse/core/runtime/IPath;)Ljava/lang/Object; @ 25 c2
Event: 68.138 Thread 0x000001f46aac0050 DEOPT PACKING pc=0x000001f45aab17ec sp=0x0000004d14dff100
Event: 68.138 Thread 0x000001f46aac0050 DEOPT UNPACKING pc=0x000001f45a446d9d sp=0x0000004d14dff0c0 mode 2
Event: 68.138 Thread 0x000001f46aedbf80 Uncommon trap: trap_request=0xffffff45 fr.pc=0x000001f45aab17ec relative=0x000000000000024c
Event: 68.138 Thread 0x000001f46aedbf80 Uncommon trap: reason=unstable_if action=reinterpret pc=0x000001f45aab17ec method=org.eclipse.core.internal.watson.ElementTree.getElementData(Lorg/eclipse/core/runtime/IPath;)Ljava/lang/Object; @ 25 c2
Event: 68.139 Thread 0x000001f46aedbf80 DEOPT PACKING pc=0x000001f45aab17ec sp=0x0000004d14aff040
Event: 68.139 Thread 0x000001f46aedbf80 DEOPT UNPACKING pc=0x000001f45a446d9d sp=0x0000004d14aff000 mode 2

Classes loaded (20 events):
Event: 34.451 Loading class java/io/ObjectStreamClass$ClassDataSlot
Event: 34.451 Loading class java/io/ObjectStreamClass$ClassDataSlot done
Event: 34.451 Loading class java/io/ObjectInputStream$FieldValues
Event: 34.469 Loading class java/io/ObjectInputStream$GetField
Event: 34.469 Loading class java/io/ObjectInputStream$GetField done
Event: 34.469 Loading class java/io/ObjectInputStream$FieldValues done
Event: 34.469 Loading class java/io/SerialCallbackContext
Event: 34.471 Loading class java/io/SerialCallbackContext done
Event: 53.207 Loading class java/util/concurrent/CompletionException
Event: 53.214 Loading class java/util/concurrent/CompletionException done
Event: 53.237 Loading class java/util/regex/Pattern$1
Event: 53.237 Loading class java/util/regex/Pattern$1 done
Event: 53.587 Loading class java/util/regex/Pattern$Bound
Event: 53.598 Loading class java/util/regex/Pattern$Bound done
Event: 60.196 Loading class java/util/PropertyResourceBundle
Event: 60.196 Loading class java/util/PropertyResourceBundle done
Event: 60.196 Loading class sun/util/PropertyResourceBundleCharset
Event: 60.197 Loading class sun/util/PropertyResourceBundleCharset done
Event: 60.197 Loading class sun/util/PropertyResourceBundleCharset$PropertiesFileDecoder
Event: 60.197 Loading class sun/util/PropertyResourceBundleCharset$PropertiesFileDecoder done

Classes unloaded (0 events):
No events

Classes redefined (0 events):
No events

Internal exceptions (20 events):
Event: 21.021 Thread 0x000001f46aeddf60 Exception <a 'java/lang/NoSuchMethodError'{0x00000000c33fb160}: 'java.lang.Object java.lang.invoke.DirectMethodHandle$Holder.invokeStaticInit(java.lang.Object, long, java.lang.Object)'> (0x00000000c33fb160) 
thrown [s\src\hotspot\share\interpreter\linkResolver.cpp, line 774]
Event: 25.660 Thread 0x000001f46aedba30 Exception <a 'java/lang/IncompatibleClassChangeError'{0x00000000c30cd018}: Found class java.lang.Object, but interface was expected> (0x00000000c30cd018) 
thrown [s\src\hotspot\share\interpreter\linkResolver.cpp, line 841]
Event: 26.489 Thread 0x000001f46aedba30 Exception <a 'java/io/IOException'{0x00000000c2f30778}: CreateProcess error=193, %1 n’est pas une application Win32 valide> (0x00000000c2f30778) 
thrown [s\src\hotspot\share\prims\jni.cpp, line 536]
Event: 28.988 Thread 0x000001f46aedba30 Exception <a 'java/lang/IncompatibleClassChangeError'{0x00000000c2cd5d68}: Found class java.lang.Object, but interface was expected> (0x00000000c2cd5d68) 
thrown [s\src\hotspot\share\interpreter\linkResolver.cpp, line 841]
Event: 29.009 Thread 0x000001f46aedba30 Exception <a 'java/lang/IncompatibleClassChangeError'{0x00000000c2b15158}: Found class java.lang.Object, but interface was expected> (0x00000000c2b15158) 
thrown [s\src\hotspot\share\interpreter\linkResolver.cpp, line 841]
Event: 29.018 Thread 0x000001f46aedba30 Exception <a 'java/lang/IncompatibleClassChangeError'{0x00000000c2b81fd8}: Found class java.lang.Object, but interface was expected> (0x00000000c2b81fd8) 
thrown [s\src\hotspot\share\interpreter\linkResolver.cpp, line 841]
Event: 29.120 Thread 0x000001f46aac0050 Exception <a 'java/lang/NoSuchMethodError'{0x00000000c2b38640}: 'int java.lang.invoke.Invokers$Holder.invokeExact_MT(java.lang.Object, java.lang.Object)'> (0x00000000c2b38640) 
thrown [s\src\hotspot\share\interpreter\linkResolver.cpp, line 774]
Event: 29.163 Thread 0x000001f46aac0050 Exception <a 'java/lang/ArrayIndexOutOfBoundsException'{0x00000000c2ae9ae8}: Index 5189 out of bounds for length 5189> (0x00000000c2ae9ae8) 
thrown [s\src\hotspot\share\interpreter\interpreterRuntime.cpp, line 432]
Event: 30.145 Thread 0x000001f46aedba30 Exception <a 'java/lang/NoSuchMethodError'{0x00000000c2603690}: 'java.lang.Object java.lang.invoke.DirectMethodHandle$Holder.invokeStatic(java.lang.Object, int, java.lang.Object)'> (0x00000000c2603690) 
thrown [s\src\hotspot\share\interpreter\linkResolver.cpp, line 774]
Event: 30.152 Thread 0x000001f46aedba30 Exception <a 'java/lang/ClassNotFoundException'{0x00000000c2614a78}: sun/util/logging/resources/spi/loggingProvider> (0x00000000c2614a78) 
thrown [s\src\hotspot\share\classfile\systemDictionary.cpp, line 255]
Event: 34.384 Thread 0x000001f46aedda10 Exception <a 'java/lang/NoSuchMethodError'{0x00000000c2626f50}: 'long java.lang.invoke.DirectMethodHandle$Holder.invokeSpecial(java.lang.Object, java.lang.Object)'> (0x00000000c2626f50) 
thrown [s\src\hotspot\share\interpreter\linkResolver.cpp, line 774]
Event: 34.385 Thread 0x000001f46aedda10 Exception <a 'java/lang/NoSuchMethodError'{0x00000000c262ad60}: 'long java.lang.invoke.Invokers$Holder.invokeExact_MT(java.lang.Object, java.lang.Object)'> (0x00000000c262ad60) 
thrown [s\src\hotspot\share\interpreter\linkResolver.cpp, line 774]
Event: 52.414 Thread 0x000001f46aedba30 Exception <a 'java/lang/IncompatibleClassChangeError'{0x00000000c34124b0}: Found class java.lang.Object, but interface was expected> (0x00000000c34124b0) 
thrown [s\src\hotspot\share\interpreter\linkResolver.cpp, line 841]
Event: 52.417 Thread 0x000001f46aedba30 Exception <a 'java/lang/NoSuchMethodError'{0x00000000c3421980}: 'java.lang.Object java.lang.invoke.DirectMethodHandle$Holder.newInvokeSpecial(java.lang.Object, java.lang.Object, java.lang.Object, java.lang.Object, java.lang.Object, java.lang.Object, java.lang.Object, java.lang.Object)'> (0x00000000c3421980) 
thrown [s\src\hotspot\share\interpreter\linkResolver.cpp, line 774]
Event: 52.798 Thread 0x000001f46aedba30 Exception <a 'java/lang/NoSuchMethodError'{0x00000000c3428278}: 'java.lang.Object java.lang.invoke.DirectMethodHandle$Holder.invokeVirtual(java.lang.Object, java.lang.Object, java.lang.Object)'> (0x00000000c3428278) 
thrown [s\src\hotspot\share\interpreter\linkResolver.cpp, line 774]
Event: 60.237 Thread 0x000001f46aed8fb0 Exception <a 'java/lang/NoSuchMethodError'{0x00000000c2f87388}: 'int java.lang.invoke.DirectMethodHandle$Holder.invokeSpecialIFC(java.lang.Object, java.lang.Object, java.lang.Object, java.lang.Object)'> (0x00000000c2f87388) 
thrown [s\src\hotspot\share\interpreter\linkResolver.cpp, line 774]
Event: 67.503 Thread 0x000001f46aedbf80 Implicit null exception at 0x000001f45aa9e37a to 0x000001f45aa9e426
Event: 67.503 Thread 0x000001f46aedbf80 Exception <a 'java/io/FileNotFoundException'{0x00000000c2bfe418}> (0x00000000c2bfe418) 
thrown [s\src\hotspot\share\prims\jni.cpp, line 517]
Event: 67.511 Thread 0x000001f46aedbf80 Exception <a 'java/io/FileNotFoundException'{0x00000000c2bff3e8}> (0x00000000c2bff3e8) 
thrown [s\src\hotspot\share\prims\jni.cpp, line 517]
Event: 67.511 Thread 0x000001f46aedbf80 Exception <a 'java/io/FileNotFoundException'{0x00000000c2a00a80}> (0x00000000c2a00a80) 
thrown [s\src\hotspot\share\prims\jni.cpp, line 517]

VM Operations (20 events):
Event: 54.197 Executing VM operation: Cleanup
Event: 54.821 Executing VM operation: Cleanup done
Event: 58.845 Executing VM operation: Cleanup
Event: 58.845 Executing VM operation: Cleanup done
Event: 60.850 Executing VM operation: Cleanup
Event: 60.850 Executing VM operation: Cleanup done
Event: 62.865 Executing VM operation: Cleanup
Event: 63.234 Executing VM operation: Cleanup done
Event: 64.235 Executing VM operation: Cleanup
Event: 64.235 Executing VM operation: Cleanup done
Event: 66.236 Executing VM operation: Cleanup
Event: 66.236 Executing VM operation: Cleanup done
Event: 66.796 Executing VM operation: HandshakeAllThreads
Event: 66.797 Executing VM operation: HandshakeAllThreads done
Event: 66.798 Executing VM operation: HandshakeAllThreads
Event: 66.798 Executing VM operation: HandshakeAllThreads done
Event: 67.798 Executing VM operation: Cleanup
Event: 67.798 Executing VM operation: Cleanup done
Event: 67.820 Executing VM operation: G1CollectForAllocation
Event: 67.831 Executing VM operation: G1CollectForAllocation done

Events (20 events):
Event: 53.957 Thread 0x000001f46aee09e0 Thread exited: 0x000001f46aee09e0
Event: 54.076 Thread 0x000001f46aedf9f0 Thread added: 0x000001f46aedf9f0
Event: 54.819 Thread 0x000001f46aedaa40 Thread exited: 0x000001f46aedaa40
Event: 54.821 Thread 0x000001f46aed8fb0 Thread exited: 0x000001f46aed8fb0
Event: 54.822 Thread 0x000001f46aedca20 Thread exited: 0x000001f46aedca20
Event: 54.823 Thread 0x000001f46aedf9f0 Thread exited: 0x000001f46aedf9f0
Event: 58.255 Thread 0x000001f46aee0490 Thread added: 0x000001f46aee0490
Event: 58.452 Thread 0x000001f46aee0490 Thread exited: 0x000001f46aee0490
Event: 60.030 Thread 0x000001f46aed8fb0 Thread added: 0x000001f46aed8fb0
Event: 60.386 Thread 0x000001f46aed8fb0 Thread exited: 0x000001f46aed8fb0
Event: 62.499 Thread 0x000001f46aed9fa0 Thread added: 0x000001f46aed9fa0
Event: 63.234 Thread 0x000001f46aed9fa0 Thread exited: 0x000001f46aed9fa0
Event: 63.262 Thread 0x000001f46aedca20 Thread added: 0x000001f46aedca20
Event: 63.273 Thread 0x000001f46aedff40 Thread added: 0x000001f46aedff40
Event: 63.299 Thread 0x000001f46aedff40 Thread exited: 0x000001f46aedff40
Event: 63.301 Thread 0x000001f46aedca20 Thread exited: 0x000001f46aedca20
Event: 64.639 Thread 0x000001f46aed8fb0 Thread added: 0x000001f46aed8fb0
Event: 64.665 Thread 0x000001f46aedf9f0 Thread added: 0x000001f46aedf9f0
Event: 64.728 Thread 0x000001f46aedf9f0 Thread exited: 0x000001f46aedf9f0
Event: 64.749 Thread 0x000001f46aed8fb0 Thread exited: 0x000001f46aed8fb0


Dynamic libraries:
0x00007ff6d3a30000 - 0x00007ff6d3a3e000 	C:\Users\BARTON\.pydev_vscode\java19\jdk-19.0.2+7-jre\bin\java.exe
0x00007ff9c7050000 - 0x00007ff9c7248000 	C:\WINDOWS\SYSTEM32\ntdll.dll
0x00007ff9c6040000 - 0x00007ff9c6102000 	C:\WINDOWS\System32\KERNEL32.DLL
0x00007ff9c49e0000 - 0x00007ff9c4cd6000 	C:\WINDOWS\System32\KERNELBASE.dll
0x00007ff9c4f00000 - 0x00007ff9c5000000 	C:\WINDOWS\System32\ucrtbase.dll
0x00007ff9bc7e0000 - 0x00007ff9bc7f7000 	C:\Users\BARTON\.pydev_vscode\java19\jdk-19.0.2+7-jre\bin\jli.dll
0x00007ff9af660000 - 0x00007ff9af679000 	C:\Users\BARTON\.pydev_vscode\java19\jdk-19.0.2+7-jre\bin\VCRUNTIME140.dll
0x00007ff9b0d40000 - 0x00007ff9b0fda000 	C:\WINDOWS\WinSxS\amd64_microsoft.windows.common-controls_6595b64144ccf1df_6.0.19041.5794_none_60bcd33171f2783c\COMCTL32.dll
0x00007ff9c5610000 - 0x00007ff9c56ae000 	C:\WINDOWS\System32\msvcrt.dll
0x00007ff9c5080000 - 0x00007ff9c50ab000 	C:\WINDOWS\System32\GDI32.dll
0x00007ff9c49b0000 - 0x00007ff9c49d2000 	C:\WINDOWS\System32\win32u.dll
0x00007ff9c4ce0000 - 0x00007ff9c4dfa000 	C:\WINDOWS\System32\gdi32full.dll
0x00007ff9c4910000 - 0x00007ff9c49ad000 	C:\WINDOWS\System32\msvcp_win.dll
0x00007ff9c6660000 - 0x00007ff9c67fd000 	C:\WINDOWS\System32\USER32.dll
0x00007ff9c6630000 - 0x00007ff9c665f000 	C:\WINDOWS\System32\IMM32.DLL
0x00007ff9bec00000 - 0x00007ff9bec0c000 	C:\Users\BARTON\.pydev_vscode\java19\jdk-19.0.2+7-jre\bin\vcruntime140_1.dll
0x00007ff98bfa0000 - 0x00007ff98c031000 	C:\Users\BARTON\.pydev_vscode\java19\jdk-19.0.2+7-jre\bin\msvcp140.dll
0x00007ff985470000 - 0x00007ff986161000 	C:\Users\BARTON\.pydev_vscode\java19\jdk-19.0.2+7-jre\bin\server\jvm.dll
0x00007ff9c5db0000 - 0x00007ff9c5e5f000 	C:\WINDOWS\System32\ADVAPI32.dll
0x00007ff9c6800000 - 0x00007ff9c689f000 	C:\WINDOWS\System32\sechost.dll
0x00007ff9c5bb0000 - 0x00007ff9c5cd3000 	C:\WINDOWS\System32\RPCRT4.dll
0x00007ff9c4780000 - 0x00007ff9c47a7000 	C:\WINDOWS\System32\bcrypt.dll
0x00007ff9abdc0000 - 0x00007ff9abde7000 	C:\WINDOWS\SYSTEM32\WINMM.dll
0x00007ff9bcc70000 - 0x00007ff9bcc7a000 	C:\WINDOWS\SYSTEM32\VERSION.dll
0x00007ff9be490000 - 0x00007ff9be499000 	C:\WINDOWS\SYSTEM32\WSOCK32.dll
0x00007ff9c5e60000 - 0x00007ff9c5ecb000 	C:\WINDOWS\System32\ws2_32.DLL
0x00007ff9c2f40000 - 0x00007ff9c2f52000 	C:\WINDOWS\SYSTEM32\kernel.appcore.dll
0x00007ff9bd750000 - 0x00007ff9bd75a000 	C:\Users\BARTON\.pydev_vscode\java19\jdk-19.0.2+7-jre\bin\jimage.dll
0x00007ff9c2bd0000 - 0x00007ff9c2dd1000 	C:\WINDOWS\SYSTEM32\DBGHELP.DLL
0x00007ff9a75a0000 - 0x00007ff9a75d4000 	C:\WINDOWS\SYSTEM32\dbgcore.DLL
0x00007ff9c46f0000 - 0x00007ff9c4772000 	C:\WINDOWS\System32\bcryptPrimitives.dll
0x00007ff9aced0000 - 0x00007ff9acef6000 	C:\Users\BARTON\.pydev_vscode\java19\jdk-19.0.2+7-jre\bin\java.dll
0x00007ff98c080000 - 0x00007ff98c156000 	C:\Users\BARTON\.pydev_vscode\java19\jdk-19.0.2+7-jre\bin\jsvml.dll
0x00007ff9c68a0000 - 0x00007ff9c700e000 	C:\WINDOWS\System32\SHELL32.dll
0x00007ff9c2420000 - 0x00007ff9c2bc3000 	C:\WINDOWS\SYSTEM32\windows.storage.dll
0x00007ff9c5110000 - 0x00007ff9c5463000 	C:\WINDOWS\System32\combase.dll
0x00007ff9c4050000 - 0x00007ff9c407b000 	C:\WINDOWS\SYSTEM32\Wldp.dll
0x00007ff9c5470000 - 0x00007ff9c553d000 	C:\WINDOWS\System32\OLEAUT32.dll
0x00007ff9c5d00000 - 0x00007ff9c5dad000 	C:\WINDOWS\System32\SHCORE.dll
0x00007ff9c6230000 - 0x00007ff9c6285000 	C:\WINDOWS\System32\shlwapi.dll
0x00007ff9c4620000 - 0x00007ff9c4645000 	C:\WINDOWS\SYSTEM32\profapi.dll
0x00007ff9bcd70000 - 0x00007ff9bcd83000 	C:\Users\BARTON\.pydev_vscode\java19\jdk-19.0.2+7-jre\bin\net.dll
0x00007ff9baac0000 - 0x00007ff9babca000 	C:\WINDOWS\SYSTEM32\WINHTTP.dll
0x00007ff9c3db0000 - 0x00007ff9c3e1c000 	C:\WINDOWS\system32\mswsock.dll
0x00007ff9af220000 - 0x00007ff9af236000 	C:\Users\BARTON\.pydev_vscode\java19\jdk-19.0.2+7-jre\bin\nio.dll
0x00007ff9a7cb0000 - 0x00007ff9a7cc8000 	C:\Users\BARTON\.pydev_vscode\java19\jdk-19.0.2+7-jre\bin\zip.dll
0x00007ff9a4ef0000 - 0x00007ff9a4f2e000 	C:\Users\BARTON\.vscode\extensions\fabioz.vscode-pydev-0.15.3\server\plugins\org.eclipse.equinox.launcher.win32.win32.x86_64_1.2.900.v20240213-1244\eclipse_11900.dll
0x00007ff9c6500000 - 0x00007ff9c662b000 	C:\WINDOWS\System32\ole32.dll
0x0000000180000000 - 0x0000000180012000 	C:\Users\BARTON\.vscode\extensions\fabioz.vscode-pydev-0.15.3\server\config_win\org.eclipse.osgi\13\0\.cp\os\win32\x86_64\localfile_1_0_0.dll
0x00007ff9a7c90000 - 0x00007ff9a7cab000 	C:\Users\BARTON\.vscode\extensions\fabioz.vscode-pydev-0.15.3\server\config_win\org.eclipse.osgi\16\0\.cp\os\win32\x86_64\win32refresh.dll
0x00007ff9c3fc0000 - 0x00007ff9c3fcc000 	C:\WINDOWS\SYSTEM32\CRYPTBASE.DLL

dbghelp: loaded successfully - version: 4.0.5 - missing functions: none
symbol engine: initialized successfully - sym options: 0x614 - pdb path: .;C:\Users\BARTON\.pydev_vscode\java19\jdk-19.0.2+7-jre\bin;C:\WINDOWS\SYSTEM32;C:\WINDOWS\WinSxS\amd64_microsoft.windows.common-controls_6595b64144ccf1df_6.0.19041.5794_none_60bcd33171f2783c;C:\Users\BARTON\.pydev_vscode\java19\jdk-19.0.2+7-jre\bin\server;C:\Users\BARTON\.vscode\extensions\fabioz.vscode-pydev-0.15.3\server\plugins\org.eclipse.equinox.launcher.win32.win32.x86_64_1.2.900.v20240213-1244;C:\Users\BARTON\.vscode\extensions\fabioz.vscode-pydev-0.15.3\server\config_win\org.eclipse.osgi\13\0\.cp\os\win32\x86_64;C:\Users\BARTON\.vscode\extensions\fabioz.vscode-pydev-0.15.3\server\config_win\org.eclipse.osgi\16\0\.cp\os\win32\x86_64

VM Arguments:
jvm_args: --add-modules=ALL-SYSTEM --add-opens=java.base/java.util=ALL-UNNAMED --add-opens=java.base/java.lang=ALL-UNNAMED -Declipse.application=org.python.pydev.pydev_lsp.application -Dosgi.bundles.defaultStartLevel=4 -Declipse.product=org.python.pydev.pydev_lsp.product -Xmx1G -XX:+UseG1GC -XX:+UseStringDeduplication 
java_command: c:\Users\BARTON\.vscode\extensions\fabioz.vscode-pydev-0.15.3\server\plugins\org.eclipse.equinox.launcher_1.6.700.v20240213-1244.jar -configuration c:\Users\BARTON\.vscode\extensions\fabioz.vscode-pydev-0.15.3\server\config_win -data c:\Users\BARTON\AppData\Roaming\Code\User\workspaceStorage\2a3cce2c050f555b2213988c11b6fd1b\fabioz.vscode-pydev\pydev_ws
java_class_path (initial): c:\Users\BARTON\.vscode\extensions\fabioz.vscode-pydev-0.15.3\server\plugins\org.eclipse.equinox.launcher_1.6.700.v20240213-1244.jar
Launcher Type: SUN_STANDARD

[Global flags]
     intx CICompilerCount                          = 2                                         {product} {ergonomic}
     uint ConcGCThreads                            = 1                                         {product} {ergonomic}
     uint G1ConcRefinementThreads                  = 2                                         {product} {ergonomic}
   size_t G1HeapRegionSize                         = 1048576                                   {product} {ergonomic}
    uintx GCDrainStackTargetSize                   = 64                                        {product} {ergonomic}
   size_t InitialHeapSize                          = 65011712                                  {product} {ergonomic}
   size_t MarkStackSize                            = 4194304                                   {product} {ergonomic}
   size_t MaxHeapSize                              = 1073741824                                {product} {command line}
   size_t MaxNewSize                               = 643825664                                 {product} {ergonomic}
   size_t MinHeapDeltaBytes                        = 1048576                                   {product} {ergonomic}
   size_t MinHeapSize                              = 8388608                                   {product} {ergonomic}
    uintx NonNMethodCodeHeapSize                   = 5826188                                {pd product} {ergonomic}
    uintx NonProfiledCodeHeapSize                  = 122916026                              {pd product} {ergonomic}
    uintx ProfiledCodeHeapSize                     = 122916026                              {pd product} {ergonomic}
    uintx ReservedCodeCacheSize                    = 251658240                              {pd product} {ergonomic}
     bool SegmentedCodeCache                       = true                                      {product} {ergonomic}
   size_t SoftMaxHeapSize                          = 1073741824                             {manageable} {ergonomic}
     bool UseCompressedClassPointers               = true                           {product lp64_product} {ergonomic}
     bool UseCompressedOops                        = true                           {product lp64_product} {ergonomic}
     bool UseG1GC                                  = true                                      {product} {command line}
     bool UseLargePagesIndividualAllocation        = false                                  {pd product} {ergonomic}
     bool UseStringDeduplication                   = true                                      {product} {command line}

Logging:
Log output configuration:
 #0: stdout all=warning uptime,level,tags foldmultilines=false
 #1: stderr all=off uptime,level,tags foldmultilines=false

Environment Variables:
PATH=C:\Program Files\Common Files\Oracle\Java\javapath;C:\Program Files\Python312\Scripts\;C:\Program Files\Python312\;C:\WINDOWS\system32;C:\WINDOWS;C:\WINDOWS\System32\Wbem;C:\WINDOWS\System32\WindowsPowerShell\v1.0\;C:\WINDOWS\System32\OpenSSH\;C:\Program Files\nodejs\;C:\Program Files\Git\cmd;C:\Users\BARTON\AppData\Local\Microsoft\WindowsApps;C:\Users\BARTON\AppData\Local\Programs\Microsoft VS Code\bin;C:\Users\BARTON\AppData\Roaming\npm
USERNAME=BARTON
OS=Windows_NT
PROCESSOR_IDENTIFIER=Intel64 Family 6 Model 156 Stepping 0, GenuineIntel
TMP=C:\Users\BARTON\AppData\Local\Temp
TEMP=C:\Users\BARTON\AppData\Local\Temp



---------------  S Y S T E M  ---------------

OS:
 Windows 10 , 64 bit Build 19041 (10.0.19041.5794)
OS uptime: 0 days 0:13 hours

CPU: total 2 (initial active 2) (2 cores per cpu, 1 threads per core) family 6 model 156 stepping 0 microcode 0x1d, cx8, cmov, fxsr, mmx, 3dnowpref, sse, sse2, sse3, ssse3, sse4.1, sse4.2, popcnt, tsc, tscinvbit, aes, erms, clmul, sha, clflush, clflushopt, clwb, rdtscp, rdpid

Memory: 4k page, system-wide physical 3933M (436M free)
TotalPageFile size 6395M (AvailPageFile size 61M)
current process WorkingSet (physical memory assigned to process): 150M, peak: 171M
current process commit charge ("private bytes"): 186M, peak: 205M

vm_info: OpenJDK 64-Bit Server VM (19.0.2+7) for windows-amd64 JRE (19.0.2+7), built on 2023-01-17T00:00:00Z by "temurin" with MS VC++ 16.7 (VS2019)

END.
