#
# There is insufficient memory for the Java Runtime Environment to continue.
# Native memory allocation (malloc) failed to allocate 755216 bytes for Chunk::new
# Possible reasons:
#   The system is out of physical RAM or swap space
#   The process is running with CompressedOops enabled, and the Java Heap may be blocking the growth of the native heap
# Possible solutions:
#   Reduce memory load on the system
#   Increase physical memory or swap space
#   Check if swap backing store is full
#   Decrease Java heap size (-Xmx/-Xms)
#   Decrease number of Java threads
#   Decrease Java thread stack sizes (-Xss)
#   Set larger code cache with -XX:ReservedCodeCacheSize=
#   JVM is running with Unscaled Compressed Oops mode in which the Java heap is
#     placed in the first 4GB address space. The Java Heap base address is the
#     maximum limit for the native heap growth. Please use -XX:HeapBaseMinAddress
#     to set the Java Heap base and to place the Java Heap above 4GB virtual address.
# This output file may be truncated or incomplete.
#
#  Out of Memory Error (arena.cpp:184), pid=7576, tid=9164
#
# JRE version: OpenJDK Runtime Environment Temurin-19.0.2+7 (19.0.2+7) (build 19.0.2+7)
# Java VM: OpenJDK 64-Bit Server VM Temurin-19.0.2+7 (19.0.2+7, mixed mode, tiered, compressed oops, compressed class ptrs, g1 gc, windows-amd64)
# No core dump will be written. Minidumps are not enabled by default on client versions of Windows
#

---------------  S U M M A R Y ------------

Command Line: --add-modules=ALL-SYSTEM --add-opens=java.base/java.util=ALL-UNNAMED --add-opens=java.base/java.lang=ALL-UNNAMED -Declipse.application=org.python.pydev.pydev_lsp.application -Dosgi.bundles.defaultStartLevel=4 -Declipse.product=org.python.pydev.pydev_lsp.product -Xmx1G -XX:+UseG1GC -XX:+UseStringDeduplication c:\Users\BARTON\.vscode\extensions\fabioz.vscode-pydev-0.15.3\server\plugins\org.eclipse.equinox.launcher_1.6.700.v20240213-1244.jar -configuration c:\Users\BARTON\.vscode\extensions\fabioz.vscode-pydev-0.15.3\server\config_win -data c:\Users\BARTON\AppData\Roaming\Code\User\workspaceStorage\2e45ff730a8db8459869726b4dc3d6d1\fabioz.vscode-pydev\pydev_ws

Host: Intel(R) Celeron(R) N4500 @ 1.10GHz, 2 cores, 3G,  Windows 10 , 64 bit Build 19041 (10.0.19041.5794)
Time: Wed Jul 30 19:18:44 2025 Paris, Madrid (heure duild 19041 (10.0.19041.5794) elapsed time: 494.709883 seconds (0d 0h 8m 14s)

---------------  T H R E A D  ---------------

Current thread (0x00000227041e8470):  JavaThread "C2 CompilerThread0" daemon [_thread_in_native, id=9164, stack(0x0000009223600000,0x0000009223700000)]


Current CompileTask:
C2: 494709 2839   !   4       java.io.BufferedReader::readLine (72 bytes)

Stack: [0x0000009223600000,0x0000009223700000]
Native frames: (J=compiled Java code, j=interpreted, Vv=VM code, C=native code)
V  [jvm.dll+0x6e9e1a]
V  [jvm.dll+0x8a36c0]
V  [jvm.dll+0x8a50ae]
V  [jvm.dll+0x8a5763]
V  [jvm.dll+0x27bcdf]
V  [jvm.dll+0xc221f]
V  [jvm.dll+0xc2595]
V  [jvm.dll+0x3b7d61]
V  [jvm.dll+0x3815f1]
V  [jvm.dll+0x380a9a]
V  [jvm.dll+0x2452db]
V  [jvm.dll+0x244671]
V  [jvm.dll+0x1cf4b1]
V  [jvm.dll+0x254229]
V  [jvm.dll+0x252418]
V  [jvm.dll+0x85403d]
V  [jvm.dll+0x84de3a]
V  [jvm.dll+0x6e8abb]
C  [ucrtbase.dll+0x21bb2]
C  [KERNEL32.DLL+0x17374]
C  [ntdll.dll+0x4cc91]


---------------  P R O C E S S  ---------------

Threads class SMR info:
_java_thread_list=0x0000022709703080, length=22, elements={
0x000002276aaa8ee0, 0x00000227041be030, 0x00000227041bed00, 0x00000227041de430,
0x00000227041df580, 0x00000227041e3ec0, 0x00000227041e47f0, 0x00000227041e8470,
0x00000227041e9600, 0x0000022708454800, 0x0000022708465230, 0x00000227085ffc00,
0x0000022708a19a50, 0x0000022708ddf050, 0x0000022708ddf590, 0x0000022708c19f10,
0x0000022709179da0, 0x0000022709206b40, 0x00000227092b0220, 0x00000227092afcd0,
0x00000227092af780, 0x00000227092b0770
}

Java Threads: ( => current thread )
  0x000002276aaa8ee0 JavaThread "main" [_thread_blocked, id=6796, stack(0x0000009222800000,0x0000009222900000)]
  0x00000227041be030 JavaThread "Reference Handler" daemon [_thread_blocked, id=7672, stack(0x0000009223000000,0x0000009223100000)]
  0x00000227041bed00 JavaThread "Finalizer" daemon [_thread_blocked, id=244, stack(0x0000009223100000,0x0000009223200000)]
  0x00000227041de430 JavaThread "Signal Dispatcher" daemon [_thread_blocked, id=2772, stack(0x0000009223200000,0x0000009223300000)]
  0x00000227041df580 JavaThread "Attach Listener" daemon [_thread_blocked, id=4512, stack(0x0000009223300000,0x0000009223400000)]
  0x00000227041e3ec0 JavaThread "Service Thread" daemon [_thread_blocked, id=5416, stack(0x0000009223400000,0x0000009223500000)]
  0x00000227041e47f0 JavaThread "Monitor Deflation Thread" daemon [_thread_blocked, id=9100, stack(0x0000009223500000,0x0000009223600000)]
=>0x00000227041e8470 JavaThread "C2 CompilerThread0" daemon [_thread_in_native, id=9164, stack(0x0000009223600000,0x0000009223700000)]
  0x00000227041e9600 JavaThread "C1 CompilerThread0" daemon [_thread_blocked, id=5340, stack(0x0000009223700000,0x0000009223800000)]
  0x0000022708454800 JavaThread "Sweeper thread" daemon [_thread_blocked, id=8052, stack(0x0000009223800000,0x0000009223900000)]
  0x0000022708465230 JavaThread "Common-Cleaner" daemon [_thread_blocked, id=7724, stack(0x0000009223900000,0x0000009223a00000)]
  0x00000227085ffc00 JavaThread "Notification Thread" daemon [_thread_blocked, id=9772, stack(0x0000009223a00000,0x0000009223b00000)]
  0x0000022708a19a50 JavaThread "Active Thread: Equinox Container: f880f301-83a9-4921-860d-5666b1cb25ae" [_thread_blocked, id=8048, stack(0x0000009223d00000,0x0000009223e00000)]
  0x0000022708ddf050 JavaThread "Framework Event Dispatcher: Equinox Container: f880f301-83a9-4921-860d-5666b1cb25ae" daemon [_thread_blocked, id=7612, stack(0x0000009223e00000,0x0000009223f00000)]
  0x0000022708ddf590 JavaThread "Start Level: Equinox Container: f880f301-83a9-4921-860d-5666b1cb25ae" daemon [_thread_blocked, id=5848, stack(0x0000009223f00000,0x0000009224000000)]
  0x0000022708c19f10 JavaThread "SCR Component Actor" daemon [_thread_blocked, id=2644, stack(0x0000009224000000,0x0000009224100000)]
  0x0000022709179da0 JavaThread "Worker-JM" [_thread_blocked, id=9612, stack(0x0000009224200000,0x0000009224300000)]
  0x0000022709206b40 JavaThread "Worker-0" [_thread_blocked, id=4484, stack(0x0000009224300000,0x0000009224400000)]
  0x00000227092b0220 JavaThread "Worker-1" [_thread_blocked, id=3564, stack(0x0000009224400000,0x0000009224500000)]
  0x00000227092afcd0 JavaThread "pool-2-thread-1" [_thread_in_native, id=1664, stack(0x0000009224500000,0x0000009224600000)]
  0x00000227092af780 JavaThread "pool-1-thread-1" [_thread_in_native, id=9700, stack(0x0000009224600000,0x0000009224700000)]
  0x00000227092b0770 JavaThread "Worker-2" [_thread_blocked, id=6160, stack(0x0000009224700000,0x0000009224800000)]

Other Threads:
  0x0000022704177ec0 VMThread "VM Thread" [stack: 0x0000009222f00000,0x0000009223000000] [id=4336]
  0x0000022708600140 WatcherThread "VM Periodic Task Thread" [stack: 0x0000009223b00000,0x0000009223c00000] [id=1672]
  0x000002276aae8990 WorkerThread "GC Thread#0" [stack: 0x0000009222900000,0x0000009222a00000] [id=6972]
  0x000002270896ee10 WorkerThread "GC Thread#1" [stack: 0x0000009223c00000,0x0000009223d00000] [id=1776]
  0x000002276aaf18f0 ConcurrentGCThread "G1 Main Marker" [stack: 0x0000009222a00000,0x0000009222b00000] [id=9932]
  0x000002276aaf2320 WorkerThread "G1 Conc#0" [stack: 0x0000009222b00000,0x0000009222c00000] [id=8664]
  0x000002276ab3bbf0 ConcurrentGCThread "G1 Refine#0" [stack: 0x0000009222c00000,0x0000009222d00000] [id=1524]
  0x000002276ab3c730 ConcurrentGCThread "G1 Service" [stack: 0x0000009222d00000,0x0000009222e00000] [id=1372]
  0x000002270412f5a0 ConcurrentGCThread "StringDedupProcessor" [stack: 0x0000009222e00000,0x0000009222f00000] [id=5724]

Threads with active compile tasks:
C2 CompilerThread0   494755 2839   !   4       java.io.BufferedReader::readLine (72 bytes)

VM state: not at safepoint (normal execution)

VM Mutex/Monitor currently owned by a thread: None

Heap address: 0x00000000c0000000, size: 1024 MB, Compressed Oops mode: 32-bit

CDS archive(s) not mapped
Compressed class space mapped at: 0x0000000100000000-0x0000000140000000, reserved size: 1073741824
Narrow klass base: 0x0000000000000000, Narrow klass shift: 3, Narrow klass range: 0x140000000

GC Precious Log:
 CardTable entry size: 512
 Card Set container configuration: InlinePtr #cards 5 size 8 Array Of Cards #cards 12 size 40 Howl #buckets 4 coarsen threshold 1843 Howl Bitmap #cards 512 size 80 coarsen threshold 460 Card regions per heap region 1 cards per card region 2048
 CPUs: 2 total, 2 available
 Memory: 3933M
 Large Page Support: Disabled
 NUMA Support: Disabled
 Compressed Oops: Enabled (32-bit)
 Heap Region Size: 1M
 Heap Min Capacity: 8M
 Heap Initial Capacity: 62M
 Heap Max Capacity: 1G
 Pre-touch: Disabled
 Parallel Workers: 2
 Concurrent Workers: 1
 Concurrent Refinement Workers: 2
 Periodic GC: Disabled
 String Deduplication is enabled

Heap:
 garbage-first heap   total 38912K, used 20511K [0x00000000c0000000, 0x0000000100000000)
  region size 1024K, 13 young (13312K), 2 survivors (2048K)
 Metaspace       used 26857K, committed 27520K, reserved 1114112K
  class space    used 2730K, committed 3008K, reserved 1048576K

Heap Regions: E=young(eden), S=young(survivor), O=old, HS=humongous(starts), HC=humongous(continues), CS=collection set, F=free, OA=open archive, CA=closed archive, TAMS=top-at-mark-start (previous, next)
|   0|0x00000000c0000000, 0x00000000c0100000, 0x00000000c0100000|100%| O|  |TAMS 0x00000000c0100000, 0x00000000c0000000| Untracked 
|   1|0x00000000c0100000, 0x00000000c0200000, 0x00000000c0200000|100%| O|  |TAMS 0x00000000c0200000, 0x00000000c0100000| Untracked 
|   2|0x00000000c0200000, 0x00000000c0300000, 0x00000000c0300000|100%| O|  |TAMS 0x00000000c0300000, 0x00000000c0200000| Untracked 
|   3|0x00000000c0300000, 0x00000000c0300000, 0x00000000c0400000|  0%| F|  |TAMS 0x00000000c0300000, 0x00000000c0300000| Untracked 
|   4|0x00000000c0400000, 0x00000000c0500000, 0x00000000c0500000|100%| O|  |TAMS 0x00000000c0400000, 0x00000000c0400000| Untracked 
|   5|0x00000000c0500000, 0x00000000c0600000, 0x00000000c0600000|100%| O|  |TAMS 0x00000000c0500000, 0x00000000c0500000| Untracked 
|   6|0x00000000c0600000, 0x00000000c0700000, 0x00000000c0700000|100%| O|  |TAMS 0x00000000c0600000, 0x00000000c0600000| Untracked 
|   7|0x00000000c0700000, 0x00000000c0800000, 0x00000000c0800000|100%| O|  |TAMS 0x00000000c0700000, 0x00000000c0700000| Untracked 
|   8|0x00000000c0800000, 0x00000000c0900000, 0x00000000c0900000|100%| O|  |TAMS 0x00000000c0800000, 0x00000000c0800000| Untracked 
|   9|0x00000000c0900000, 0x00000000c09d7000, 0x00000000c0a00000| 83%| O|  |TAMS 0x00000000c0900000, 0x00000000c0900000| Untracked 
|  10|0x00000000c0a00000, 0x00000000c0a00000, 0x00000000c0b00000|  0%| F|  |TAMS 0x00000000c0a00000, 0x00000000c0a00000| Untracked 
|  11|0x00000000c0b00000, 0x00000000c0b00000, 0x00000000c0c00000|  0%| F|  |TAMS 0x00000000c0b00000, 0x00000000c0b00000| Untracked 
|  12|0x00000000c0c00000, 0x00000000c0c00000, 0x00000000c0d00000|  0%| F|  |TAMS 0x00000000c0c00000, 0x00000000c0c00000| Untracked 
|  13|0x00000000c0d00000, 0x00000000c0d00000, 0x00000000c0e00000|  0%| F|  |TAMS 0x00000000c0d00000, 0x00000000c0d00000| Untracked 
|  14|0x00000000c0e00000, 0x00000000c0e00000, 0x00000000c0f00000|  0%| F|  |TAMS 0x00000000c0e00000, 0x00000000c0e00000| Untracked 
|  15|0x00000000c0f00000, 0x00000000c0f00000, 0x00000000c1000000|  0%| F|  |TAMS 0x00000000c0f00000, 0x00000000c0f00000| Untracked 
|  16|0x00000000c1000000, 0x00000000c1030d40, 0x00000000c1100000| 19%| S|CS|TAMS 0x00000000c1000000, 0x00000000c1000000| Complete 
|  17|0x00000000c1100000, 0x00000000c1200000, 0x00000000c1200000|100%| S|CS|TAMS 0x00000000c1100000, 0x00000000c1100000| Complete 
|  18|0x00000000c1200000, 0x00000000c1200000, 0x00000000c1300000|  0%| F|  |TAMS 0x00000000c1200000, 0x00000000c1200000| Untracked 
|  19|0x00000000c1300000, 0x00000000c1300000, 0x00000000c1400000|  0%| F|  |TAMS 0x00000000c1300000, 0x00000000c1300000| Untracked 
|  20|0x00000000c1400000, 0x00000000c1400000, 0x00000000c1500000|  0%| F|  |TAMS 0x00000000c1400000, 0x00000000c1400000| Untracked 
|  21|0x00000000c1500000, 0x00000000c1500000, 0x00000000c1600000|  0%| F|  |TAMS 0x00000000c1500000, 0x00000000c1500000| Untracked 
|  22|0x00000000c1600000, 0x00000000c1600000, 0x00000000c1700000|  0%| F|  |TAMS 0x00000000c1600000, 0x00000000c1600000| Untracked 
|  23|0x00000000c1700000, 0x00000000c1700000, 0x00000000c1800000|  0%| F|  |TAMS 0x00000000c1700000, 0x00000000c1700000| Untracked 
|  24|0x00000000c1800000, 0x00000000c1800000, 0x00000000c1900000|  0%| F|  |TAMS 0x00000000c1800000, 0x00000000c1800000| Untracked 
|  25|0x00000000c1900000, 0x00000000c1900000, 0x00000000c1a00000|  0%| F|  |TAMS 0x00000000c1900000, 0x00000000c1900000| Untracked 
|  26|0x00000000c1a00000, 0x00000000c1a00000, 0x00000000c1b00000|  0%| F|  |TAMS 0x00000000c1a00000, 0x00000000c1a00000| Untracked 
|  27|0x00000000c1b00000, 0x00000000c1bd9fb0, 0x00000000c1c00000| 85%| E|  |TAMS 0x00000000c1b00000, 0x00000000c1b00000| Complete 
|  28|0x00000000c1c00000, 0x00000000c1d00000, 0x00000000c1d00000|100%| E|CS|TAMS 0x00000000c1c00000, 0x00000000c1c00000| Complete 
|  29|0x00000000c1d00000, 0x00000000c1e00000, 0x00000000c1e00000|100%| E|CS|TAMS 0x00000000c1d00000, 0x00000000c1d00000| Complete 
|  30|0x00000000c1e00000, 0x00000000c1f00000, 0x00000000c1f00000|100%| E|CS|TAMS 0x00000000c1e00000, 0x00000000c1e00000| Complete 
|  31|0x00000000c1f00000, 0x00000000c2000000, 0x00000000c2000000|100%| E|CS|TAMS 0x00000000c1f00000, 0x00000000c1f00000| Complete 
|  32|0x00000000c2000000, 0x00000000c2100000, 0x00000000c2100000|100%| E|CS|TAMS 0x00000000c2000000, 0x00000000c2000000| Complete 
|  39|0x00000000c2700000, 0x00000000c2800000, 0x00000000c2800000|100%| E|CS|TAMS 0x00000000c2700000, 0x00000000c2700000| Complete 
|  40|0x00000000c2800000, 0x00000000c2900000, 0x00000000c2900000|100%| E|CS|TAMS 0x00000000c2800000, 0x00000000c2800000| Complete 
|  41|0x00000000c2900000, 0x00000000c2a00000, 0x00000000c2a00000|100%| E|CS|TAMS 0x00000000c2900000, 0x00000000c2900000| Complete 
|  42|0x00000000c2a00000, 0x00000000c2b00000, 0x00000000c2b00000|100%| E|CS|TAMS 0x00000000c2a00000, 0x00000000c2a00000| Complete 
|  61|0x00000000c3d00000, 0x00000000c3e00000, 0x00000000c3e00000|100%| E|CS|TAMS 0x00000000c3d00000, 0x00000000c3d00000| Complete 

Card table byte_map: [0x000002276a870000,0x000002276aa70000] _byte_map_base: 0x000002276a270000

Marking Bits (Prev, Next): (CMBitMap*) 0x000002276aae9000, (CMBitMap*) 0x000002276aae8fc0
 Prev Bits: [0x0000022701000000, 0x0000022702000000)
 Next Bits: [0x0000022700000000, 0x0000022701000000)

Polling page: 0x0000022768a00000

Metaspace:

Usage:
  Non-class:     23.56 MB used.
      Class:      2.67 MB used.
       Both:     26.23 MB used.

Virtual space:
  Non-class space:       64.00 MB reserved,      23.94 MB ( 37%) committed,  1 nodes.
      Class space:        1.00 GB reserved,       2.94 MB ( <1%) committed,  1 nodes.
             Both:        1.06 GB reserved,      26.88 MB (  2%) committed. 

Chunk freelists:
   Non-Class:  48.00 KB
       Class:  987.00 KB
        Both:  1.01 MB

MaxMetaspaceSize: unlimited
CompressedClassSpaceSize: 1.00 GB
Initial GC threshold: 21.00 MB
Current GC threshold: 35.12 MB
CDS: off
MetaspaceReclaimPolicy: balanced
 - commit_granule_bytes: 65536.
 - commit_granule_words: 8192.
 - virtual_space_node_default_size: 8388608.
 - enlarge_chunks_in_place: 1.
 - new_chunks_are_fully_committed: 0.
 - uncommit_free_chunks: 1.
 - use_allocation_guard: 0.


Internal statistics:

num_allocs_failed_limit: 3.
num_arena_births: 390.
num_arena_deaths: 0.
num_vsnodes_births: 2.
num_vsnodes_deaths: 0.
num_space_committed: 430.
num_space_uncommitted: 0.
num_chunks_returned_to_freelist: 3.
num_chunks_taken_from_freelist: 1083.
num_chunk_merges: 3.
num_chunk_splits: 694.
num_chunks_enlarged: 469.
num_inconsistent_stats: 0.

CodeHeap 'non-profiled nmethods': size=120064Kb used=1079Kb max_used=1079Kb free=118984Kb
 bounds [0x0000022777a40000, 0x0000022777cb0000, 0x000002277ef80000]
CodeHeap 'profiled nmethods': size=120000Kb used=5579Kb max_used=5579Kb free=114420Kb
 bounds [0x000002276ff80000, 0x0000022770500000, 0x00000227774b0000]
CodeHeap 'non-nmethods': size=5696Kb used=1313Kb max_used=1350Kb free=4382Kb
 bounds [0x00000227774b0000, 0x0000022777720000, 0x0000022777a40000]
 total_blobs=3382 nmethods=2838 adapters=455
 compilation: enabled
              stopped_count=0, restarted_count=0
 full_count=0

Compilation events (20 events):
Event: 494.196 Thread 0x00000227041e8470 nmethod 2829 0x0000022777b4d510 code [0x0000022777b4d680, 0x0000022777b4d6f8]
Event: 494.199 Thread 0x00000227041e8470 2830       4       java.nio.CharBuffer::position (6 bytes)
Event: 494.200 Thread 0x00000227041e8470 nmethod 2830 0x0000022777b4d810 code [0x0000022777b4d9a0, 0x0000022777b4da78]
Event: 494.200 Thread 0x00000227041e9600 2831  s    1       java.lang.StringBuffer::length (5 bytes)
Event: 494.200 Thread 0x00000227041e9600 nmethod 2831 0x0000022777b4db90 code [0x0000022777b4dd20, 0x0000022777b4de98]
Event: 494.413 Thread 0x00000227041e9600 2832       3       java.io.InputStreamReader::ready (8 bytes)
Event: 494.413 Thread 0x00000227041e9600 nmethod 2832 0x00000227704ee510 code [0x00000227704ee6c0, 0x00000227704ee828]
Event: 494.413 Thread 0x00000227041e9600 2833   !   3       sun.nio.cs.StreamDecoder::ready (59 bytes)
Event: 494.415 Thread 0x00000227041e9600 nmethod 2833 0x00000227704ee910 code [0x00000227704eec60, 0x00000227704f0298]
Event: 494.415 Thread 0x00000227041e9600 2834       3       sun.nio.cs.StreamDecoder::lockedReady (24 bytes)
Event: 494.415 Thread 0x00000227041e9600 nmethod 2834 0x00000227704f0a90 code [0x00000227704f0c80, 0x00000227704f1178]
Event: 494.415 Thread 0x00000227041e9600 2835       3       sun.nio.cs.StreamDecoder::implReady (23 bytes)
Event: 494.415 Thread 0x00000227041e9600 nmethod 2835 0x00000227704f1310 code [0x00000227704f14c0, 0x00000227704f1748]
Event: 494.651 Thread 0x00000227041e9600 2836       3       java.lang.StringUTF16::putCharsSB (21 bytes)
Event: 494.652 Thread 0x00000227041e9600 nmethod 2836 0x00000227704f1890 code [0x00000227704f1a80, 0x00000227704f1f68]
Event: 494.652 Thread 0x00000227041e9600 2838       3       java.lang.StringUTF16::putChars (24 bytes)
Event: 494.652 Thread 0x00000227041e9600 nmethod 2838 0x00000227704f2210 code [0x00000227704f23c0, 0x00000227704f2598]
Event: 494.652 Thread 0x00000227041e9600 2837       3       java.lang.StringUTF16::checkBoundsBeginEnd (10 bytes)
Event: 494.652 Thread 0x00000227041e9600 nmethod 2837 0x00000227704f2710 code [0x00000227704f28e0, 0x00000227704f2c08]
Event: 494.653 Thread 0x00000227041e8470 2839   !   4       java.io.BufferedReader::readLine (72 bytes)

GC Heap History (14 events):
Event: 0.726 GC heap before
{Heap before GC invocations=0 (full 0):
 garbage-first heap   total 63488K, used 5120K [0x00000000c0000000, 0x0000000100000000)
  region size 1024K, 6 young (6144K), 0 survivors (0K)
 Metaspace       used 9123K, committed 9344K, reserved 1114112K
  class space    used 849K, committed 960K, reserved 1048576K
}
Event: 0.736 GC heap after
{Heap after GC invocations=1 (full 0):
 garbage-first heap   total 63488K, used 2521K [0x00000000c0000000, 0x0000000100000000)
  region size 1024K, 1 young (1024K), 1 survivors (1024K)
 Metaspace       used 9123K, committed 9344K, reserved 1114112K
  class space    used 849K, committed 960K, reserved 1048576K
}
Event: 0.870 GC heap before
{Heap before GC invocations=1 (full 0):
 garbage-first heap   total 63488K, used 5593K [0x00000000c0000000, 0x0000000100000000)
  region size 1024K, 5 young (5120K), 1 survivors (1024K)
 Metaspace       used 9814K, committed 9920K, reserved 1114112K
  class space    used 924K, committed 960K, reserved 1048576K
}
Event: 0.876 GC heap after
{Heap after GC invocations=2 (full 0):
 garbage-first heap   total 63488K, used 4096K [0x00000000c0000000, 0x0000000100000000)
  region size 1024K, 1 young (1024K), 1 survivors (1024K)
 Metaspace       used 9814K, committed 9920K, reserved 1114112K
  class space    used 924K, committed 960K, reserved 1048576K
}
Event: 1.756 GC heap before
{Heap before GC invocations=2 (full 0):
 garbage-first heap   total 63488K, used 13312K [0x00000000c0000000, 0x0000000100000000)
  region size 1024K, 11 young (11264K), 1 survivors (1024K)
 Metaspace       used 13273K, committed 13440K, reserved 1114112K
  class space    used 1259K, committed 1344K, reserved 1048576K
}
Event: 1.760 GC heap after
{Heap after GC invocations=3 (full 0):
 garbage-first heap   total 63488K, used 5233K [0x00000000c0000000, 0x0000000100000000)
  region size 1024K, 2 young (2048K), 2 survivors (2048K)
 Metaspace       used 13273K, committed 13440K, reserved 1114112K
  class space    used 1259K, committed 1344K, reserved 1048576K
}
Event: 3.291 GC heap before
{Heap before GC invocations=3 (full 0):
 garbage-first heap   total 63488K, used 20593K [0x00000000c0000000, 0x0000000100000000)
  region size 1024K, 19 young (19456K), 2 survivors (2048K)
 Metaspace       used 21090K, committed 21504K, reserved 1114112K
  class space    used 2060K, committed 2304K, reserved 1048576K
}
Event: 3.300 GC heap after
{Heap after GC invocations=4 (full 0):
 garbage-first heap   total 63488K, used 7629K [0x00000000c0000000, 0x0000000100000000)
  region size 1024K, 4 young (4096K), 4 survivors (4096K)
 Metaspace       used 21090K, committed 21504K, reserved 1114112K
  class space    used 2060K, committed 2304K, reserved 1048576K
}
Event: 3.812 GC heap before
{Heap before GC invocations=5 (full 0):
 garbage-first heap   total 30720K, used 20941K [0x00000000c0000000, 0x0000000100000000)
  region size 1024K, 18 young (18432K), 4 survivors (4096K)
 Metaspace       used 23629K, committed 24064K, reserved 1114112K
  class space    used 2370K, committed 2560K, reserved 1048576K
}
Event: 3.822 GC heap after
{Heap after GC invocations=6 (full 0):
 garbage-first heap   total 30720K, used 9263K [0x00000000c0000000, 0x0000000100000000)
  region size 1024K, 2 young (2048K), 2 survivors (2048K)
 Metaspace       used 23629K, committed 24064K, reserved 1114112K
  class space    used 2370K, committed 2560K, reserved 1048576K
}
Event: 3.876 GC heap before
{Heap before GC invocations=6 (full 0):
 garbage-first heap   total 30720K, used 10287K [0x00000000c0000000, 0x0000000100000000)
  region size 1024K, 3 young (3072K), 2 survivors (2048K)
 Metaspace       used 24150K, committed 24704K, reserved 1114112K
  class space    used 2432K, committed 2688K, reserved 1048576K
}
Event: 3.878 GC heap after
{Heap after GC invocations=7 (full 0):
 garbage-first heap   total 30720K, used 9408K [0x00000000c0000000, 0x0000000100000000)
  region size 1024K, 1 young (1024K), 1 survivors (1024K)
 Metaspace       used 24150K, committed 24704K, reserved 1114112K
  class space    used 2432K, committed 2688K, reserved 1048576K
}
Event: 158.456 GC heap before
{Heap before GC invocations=7 (full 0):
 garbage-first heap   total 30720K, used 20672K [0x00000000c0000000, 0x0000000100000000)
  region size 1024K, 12 young (12288K), 1 survivors (1024K)
 Metaspace       used 26776K, committed 27392K, reserved 1114112K
  class space    used 2725K, committed 3008K, reserved 1048576K
}
Event: 158.461 GC heap after
{Heap after GC invocations=8 (full 0):
 garbage-first heap   total 38912K, used 10271K [0x00000000c0000000, 0x0000000100000000)
  region size 1024K, 2 young (2048K), 2 survivors (2048K)
 Metaspace       used 26776K, committed 27392K, reserved 1114112K
  class space    used 2725K, committed 3008K, reserved 1048576K
}

Dll operation events (9 events):
Event: 0.008 Loaded shared library C:\Users\BARTON\.pydev_vscode\java19\jdk-19.0.2+7-jre\bin\java.dll
Event: 0.121 Loaded shared library C:\Users\BARTON\.pydev_vscode\java19\jdk-19.0.2+7-jre\bin\jsvml.dll
Event: 0.399 Loaded shared library C:\Users\BARTON\.pydev_vscode\java19\jdk-19.0.2+7-jre\bin\net.dll
Event: 0.402 Loaded shared library C:\Users\BARTON\.pydev_vscode\java19\jdk-19.0.2+7-jre\bin\nio.dll
Event: 0.417 Loaded shared library C:\Users\BARTON\.pydev_vscode\java19\jdk-19.0.2+7-jre\bin\zip.dll
Event: 0.568 Loaded shared library C:\Users\BARTON\.pydev_vscode\java19\jdk-19.0.2+7-jre\bin\jimage.dll
Event: 1.884 Loaded shared library C:\Users\BARTON\.vscode\extensions\fabioz.vscode-pydev-0.15.3\server\plugins\org.eclipse.equinox.launcher.win32.win32.x86_64_1.2.900.v20240213-1244\eclipse_11900.dll
Event: 3.253 Loaded shared library C:\Users\BARTON\.vscode\extensions\fabioz.vscode-pydev-0.15.3\server\config_win\org.eclipse.osgi\13\0\.cp\os\win32\x86_64\localfile_1_0_0.dll
Event: 3.402 Loaded shared library C:\Users\BARTON\.vscode\extensions\fabioz.vscode-pydev-0.15.3\server\config_win\org.eclipse.osgi\16\0\.cp\os\win32\x86_64\win32refresh.dll

Deoptimization events (20 events):
Event: 493.952 Thread 0x00000227092afcd0 DEOPT PACKING pc=0x0000022777b3d23c sp=0x00000092245fe7c0
Event: 493.952 Thread 0x00000227092afcd0 DEOPT UNPACKING pc=0x0000022777516d9d sp=0x00000092245fe738 mode 2
Event: 493.959 Thread 0x00000227092afcd0 Uncommon trap: trap_request=0xffffffde fr.pc=0x0000022777b489b0 relative=0x0000000000000350
Event: 493.959 Thread 0x00000227092afcd0 Uncommon trap: reason=class_check action=maybe_recompile pc=0x0000022777b489b0 method=java.io.BufferedReader.readLine(Z[Z)Ljava/lang/String; @ 6 c2
Event: 493.959 Thread 0x00000227092afcd0 DEOPT PACKING pc=0x0000022777b489b0 sp=0x00000092245fea30
Event: 493.959 Thread 0x00000227092afcd0 DEOPT UNPACKING pc=0x0000022777516d9d sp=0x00000092245fe9d0 mode 2
Event: 493.961 Thread 0x00000227092afcd0 Uncommon trap: trap_request=0xffffff45 fr.pc=0x0000022777a51838 relative=0x0000000000000038
Event: 493.961 Thread 0x00000227092afcd0 Uncommon trap: reason=unstable_if action=reinterpret pc=0x0000022777a51838 method=java.lang.StringLatin1.canEncode(I)Z @ 4 c2
Event: 493.961 Thread 0x00000227092afcd0 DEOPT PACKING pc=0x0000022777a51838 sp=0x00000092245fe770
Event: 493.961 Thread 0x00000227092afcd0 DEOPT UNPACKING pc=0x0000022777516d9d sp=0x00000092245fe700 mode 2
Event: 493.963 Thread 0x00000227092afcd0 Uncommon trap: trap_request=0xffffffde fr.pc=0x0000022777b489b0 relative=0x0000000000000350
Event: 493.963 Thread 0x00000227092afcd0 Uncommon trap: reason=class_check action=maybe_recompile pc=0x0000022777b489b0 method=java.io.BufferedReader.readLine(Z[Z)Ljava/lang/String; @ 6 c2
Event: 493.963 Thread 0x00000227092afcd0 DEOPT PACKING pc=0x0000022777b489b0 sp=0x00000092245fea30
Event: 493.963 Thread 0x00000227092afcd0 DEOPT UNPACKING pc=0x0000022777516d9d sp=0x00000092245fe9d0 mode 2
Event: 493.967 Thread 0x00000227092afcd0 Uncommon trap: trap_request=0xffffffde fr.pc=0x0000022777b489b0 relative=0x0000000000000350
Event: 493.967 Thread 0x00000227092afcd0 Uncommon trap: reason=class_check action=maybe_recompile pc=0x0000022777b489b0 method=java.io.BufferedReader.readLine(Z[Z)Ljava/lang/String; @ 6 c2
Event: 493.967 Thread 0x00000227092afcd0 DEOPT PACKING pc=0x0000022777b489b0 sp=0x00000092245fea30
Event: 493.967 Thread 0x00000227092afcd0 DEOPT UNPACKING pc=0x0000022777516d9d sp=0x00000092245fe9d0 mode 2
Event: 494.658 Thread 0x00000227092afcd0 DEOPT PACKING pc=0x00000227704e98d7 sp=0x00000092245fe070
Event: 494.658 Thread 0x00000227092afcd0 DEOPT UNPACKING pc=0x0000022777517524 sp=0x00000092245fd4f0 mode 0

Classes loaded (20 events):
Event: 35.682 Loading class java/lang/ProcessHandleImpl
Event: 35.682 Loading class java/lang/ProcessHandle
Event: 35.682 Loading class java/lang/ProcessHandle done
Event: 35.682 Loading class java/lang/ProcessHandleImpl done
Event: 35.683 Loading class java/lang/ProcessImpl$2
Event: 35.684 Loading class java/lang/ProcessImpl$2 done
Event: 35.684 Loading class java/lang/Process$PipeInputStream
Event: 35.684 Loading class java/lang/Process$PipeInputStream done
Event: 35.684 Loading class jdk/internal/event/ProcessStartEvent
Event: 35.684 Loading class jdk/internal/event/ProcessStartEvent done
Event: 493.681 Loading class java/text/DontCareFieldPosition
Event: 493.681 Loading class java/text/DontCareFieldPosition done
Event: 493.682 Loading class java/text/DontCareFieldPosition$1
Event: 493.682 Loading class java/text/Format$FieldDelegate
Event: 493.682 Loading class java/text/Format$FieldDelegate done
Event: 493.682 Loading class java/text/DontCareFieldPosition$1 done
Event: 493.682 Loading class java/text/NumberFormat$Field
Event: 493.682 Loading class java/text/NumberFormat$Field done
Event: 493.695 Loading class java/io/FileReader
Event: 493.695 Loading class java/io/FileReader done

Classes unloaded (0 events):
No events

Classes redefined (0 events):
No events

Internal exceptions (20 events):
Event: 3.409 Thread 0x0000022709206b40 Exception <a 'java/lang/NoSuchMethodError'{0x00000000c1805f38}: 'java.lang.Object java.lang.invoke.DirectMethodHandle$Holder.invokeSpecial(java.lang.Object, java.lang.Object, int, java.lang.Object, java.lang.Object)'> (0x00000000c1805f38) 
thrown [s\src\hotspot\share\interpreter\linkResolver.cpp, line 774]
Event: 3.410 Thread 0x0000022709206b40 Exception <a 'java/lang/NoSuchMethodError'{0x00000000c180d5e0}: 'java.lang.Object java.lang.invoke.DirectMethodHandle$Holder.newInvokeSpecial(java.lang.Object, java.lang.Object, int, java.lang.Object)'> (0x00000000c180d5e0) 
thrown [s\src\hotspot\share\interpreter\linkResolver.cpp, line 774]
Event: 3.423 Thread 0x0000022708ddf590 Exception <a 'java/lang/NoSuchMethodError'{0x00000000c1748010}: 'void java.lang.invoke.Invokers$Holder.invokeExact_MT(java.lang.Object, java.lang.Object, java.lang.Object, java.lang.Object)'> (0x00000000c1748010) 
thrown [s\src\hotspot\share\interpreter\linkResolver.cpp, line 774]
Event: 3.432 Thread 0x0000022708ddf590 Exception <a 'java/lang/NoSuchMethodError'{0x00000000c177ec28}: 'void java.lang.invoke.DirectMethodHandle$Holder.invokeSpecial(java.lang.Object, java.lang.Object, java.lang.Object, java.lang.Object, java.lang.Object)'> (0x00000000c177ec28) 
thrown [s\src\hotspot\share\interpreter\linkResolver.cpp, line 774]
Event: 3.470 Thread 0x0000022708ddf590 Exception <a 'java/io/FileNotFoundException'{0x00000000c1584918}> (0x00000000c1584918) 
thrown [s\src\hotspot\share\prims\jni.cpp, line 517]
Event: 3.472 Thread 0x0000022708ddf590 Exception <a 'java/lang/NoSuchMethodError'{0x00000000c158c9b0}: 'java.lang.Object java.lang.invoke.DirectMethodHandle$Holder.newInvokeSpecial(java.lang.Object, int, java.lang.Object, java.lang.Object)'> (0x00000000c158c9b0) 
thrown [s\src\hotspot\share\interpreter\linkResolver.cpp, line 774]
Event: 3.703 Thread 0x000002276aaa8ee0 Exception <a 'java/lang/NoSuchMethodError'{0x00000000c0d6c480}: 'void java.lang.invoke.DirectMethodHandle$Holder.invokeStatic(java.lang.Object, java.lang.Object, java.lang.Object, java.lang.Object)'> (0x00000000c0d6c480) 
thrown [s\src\hotspot\share\interpreter\linkResolver.cpp, line 774]
Event: 3.924 Thread 0x000002276aaa8ee0 Exception <a 'java/lang/NoSuchMethodError'{0x00000000c3da95e8}: 'void java.lang.invoke.DirectMethodHandle$Holder.invokeSpecial(java.lang.Object, java.lang.Object, java.lang.Object, java.lang.Object, java.lang.Object, java.lang.Object)'> (0x00000000c3da95e8) 
thrown [s\src\hotspot\share\interpreter\linkResolver.cpp, line 774]
Event: 3.938 Thread 0x000002276aaa8ee0 Exception <a 'java/lang/IncompatibleClassChangeError'{0x00000000c2924030}: Found class java.lang.Object, but interface was expected> (0x00000000c2924030) 
thrown [s\src\hotspot\share\interpreter\linkResolver.cpp, line 841]
Event: 3.939 Thread 0x000002276aaa8ee0 Exception <a 'java/lang/IncompatibleClassChangeError'{0x00000000c2925de0}: Found class java.lang.Object, but interface was expected> (0x00000000c2925de0) 
thrown [s\src\hotspot\share\interpreter\linkResolver.cpp, line 841]
Event: 4.014 Thread 0x00000227092af780 Exception <a 'java/lang/NoSuchMethodError'{0x00000000c28762b0}: 'void java.lang.invoke.DirectMethodHandle$Holder.invokeSpecial(java.lang.Object, java.lang.Object, java.lang.Object, int)'> (0x00000000c28762b0) 
thrown [s\src\hotspot\share\interpreter\linkResolver.cpp, line 774]
Event: 4.014 Thread 0x00000227092af780 Exception <a 'java/lang/NoSuchMethodError'{0x00000000c2879f40}: 'void java.lang.invoke.DelegatingMethodHandle$Holder.reinvoke_L(java.lang.Object, java.lang.Object, int)'> (0x00000000c2879f40) 
thrown [s\src\hotspot\share\interpreter\linkResolver.cpp, line 774]
Event: 4.015 Thread 0x00000227092af780 Exception <a 'java/lang/NoSuchMethodError'{0x00000000c28811a8}: 'int java.lang.invoke.Invokers$Holder.invokeExact_MT(java.lang.Object, java.lang.Object, java.lang.Object)'> (0x00000000c28811a8) 
thrown [s\src\hotspot\share\interpreter\linkResolver.cpp, line 774]
Event: 4.098 Thread 0x00000227092af780 Exception <a 'java/lang/NoSuchMethodError'{0x00000000c2790998}: 'void java.lang.invoke.Invokers$Holder.invokeExact_MT(java.lang.Object, java.lang.Object, int, java.lang.Object)'> (0x00000000c2790998) 
thrown [s\src\hotspot\share\interpreter\linkResolver.cpp, line 774]
Event: 4.105 Thread 0x00000227092af780 Exception <a 'java/lang/NoSuchMethodError'{0x00000000c27aa5e0}: 'java.lang.Object java.lang.invoke.DirectMethodHandle$Holder.invokeInterface(java.lang.Object, java.lang.Object, java.lang.Object)'> (0x00000000c27aa5e0) 
thrown [s\src\hotspot\share\interpreter\linkResolver.cpp, line 774]
Event: 4.215 Thread 0x00000227092b0770 Exception <a 'java/io/FileNotFoundException'{0x00000000c17225c0}> (0x00000000c17225c0) 
thrown [s\src\hotspot\share\prims\jni.cpp, line 517]
Event: 35.681 Thread 0x00000227092afcd0 Exception <a 'java/lang/NoSuchMethodError'{0x00000000c1641b50}: 'void java.lang.invoke.DirectMethodHandle$Holder.invokeStatic(java.lang.Object, long)'> (0x00000000c1641b50) 
thrown [s\src\hotspot\share\interpreter\linkResolver.cpp, line 774]
Event: 35.681 Thread 0x00000227092afcd0 Exception <a 'java/lang/NoSuchMethodError'{0x00000000c1647c60}: 'java.lang.Object java.lang.invoke.DirectMethodHandle$Holder.newInvokeSpecial(java.lang.Object, long)'> (0x00000000c1647c60) 
thrown [s\src\hotspot\share\interpreter\linkResolver.cpp, line 774]
Event: 35.683 Thread 0x00000227092afcd0 Exception <a 'java/lang/NoSuchMethodError'{0x00000000c164f700}: 'java.lang.Object java.lang.invoke.DirectMethodHandle$Holder.invokeStatic(java.lang.Object, long, java.lang.Object)'> (0x00000000c164f700) 
thrown [s\src\hotspot\share\interpreter\linkResolver.cpp, line 774]
Event: 35.683 Thread 0x00000227092afcd0 Exception <a 'java/lang/NoSuchMethodError'{0x00000000c1653738}: 'java.lang.Object java.lang.invoke.DirectMethodHandle$Holder.invokeStaticInit(java.lang.Object, long, java.lang.Object)'> (0x00000000c1653738) 
thrown [s\src\hotspot\share\interpreter\linkResolver.cpp, line 774]

VM Operations (20 events):
Event: 159.480 Executing VM operation: Cleanup
Event: 159.480 Executing VM operation: Cleanup done
Event: 179.574 Executing VM operation: Cleanup
Event: 179.574 Executing VM operation: Cleanup done
Event: 253.014 Executing VM operation: Cleanup
Event: 253.014 Executing VM operation: Cleanup done
Event: 256.015 Executing VM operation: Cleanup
Event: 256.015 Executing VM operation: Cleanup done
Event: 265.070 Executing VM operation: Cleanup
Event: 265.070 Executing VM operation: Cleanup done
Event: 304.130 Executing VM operation: Cleanup
Event: 304.131 Executing VM operation: Cleanup done
Event: 345.393 Executing VM operation: Cleanup
Event: 345.393 Executing VM operation: Cleanup done
Event: 464.062 Executing VM operation: Cleanup
Event: 464.062 Executing VM operation: Cleanup done
Event: 493.679 Executing VM operation: HandshakeAllThreads
Event: 493.679 Executing VM operation: HandshakeAllThreads done
Event: 494.682 Executing VM operation: Cleanup
Event: 494.682 Executing VM operation: Cleanup done

Events (20 events):
Event: 0.191 Thread 0x00000227041e9600 Thread added: 0x00000227041e9600
Event: 0.194 Thread 0x0000022708454800 Thread added: 0x0000022708454800
Event: 0.307 Thread 0x0000022708465230 Thread added: 0x0000022708465230
Event: 0.375 Thread 0x00000227085ffc00 Thread added: 0x00000227085ffc00
Event: 1.645 Thread 0x0000022708a19a50 Thread added: 0x0000022708a19a50
Event: 1.872 Thread 0x0000022708ddf050 Thread added: 0x0000022708ddf050
Event: 1.874 Thread 0x0000022708ddf590 Thread added: 0x0000022708ddf590
Event: 1.908 Thread 0x0000022708c19f10 Thread added: 0x0000022708c19f10
Event: 2.059 Thread 0x0000022708e2e750 Thread added: 0x0000022708e2e750
Event: 2.658 Thread 0x0000022709179da0 Thread added: 0x0000022709179da0
Event: 3.348 Thread 0x0000022709206b40 Thread added: 0x0000022709206b40
Event: 3.411 Thread 0x00000227092b0220 Thread added: 0x00000227092b0220
Event: 3.670 Thread 0x00000227092afcd0 Thread added: 0x00000227092afcd0
Event: 3.982 Thread 0x00000227092af780 Thread added: 0x00000227092af780
Event: 4.155 Thread 0x00000227092b0770 Thread added: 0x00000227092b0770
Event: 4.161 Thread 0x00000227092b0cc0 Thread added: 0x00000227092b0cc0
Event: 4.219 Thread 0x00000227092b0770 Thread exited: 0x00000227092b0770
Event: 5.304 Thread 0x00000227092b0cc0 Thread exited: 0x00000227092b0cc0
Event: 7.408 Thread 0x00000227092b0770 Thread added: 0x00000227092b0770
Event: 8.432 Thread 0x0000022708e2e750 Thread exited: 0x0000022708e2e750


Dynamic libraries:
0x00007ff66b100000 - 0x00007ff66b10e000 	C:\Users\BARTON\.pydev_vscode\java19\jdk-19.0.2+7-jre\bin\java.exe
0x00007fff77fb0000 - 0x00007fff781a8000 	C:\WINDOWS\SYSTEM32\ntdll.dll
0x00007fff76df0000 - 0x00007fff76eb2000 	C:\WINDOWS\System32\KERNEL32.DLL
0x00007fff75880000 - 0x00007fff75b76000 	C:\WINDOWS\System32\KERNELBASE.dll
0x00007fff75d60000 - 0x00007fff75e60000 	C:\WINDOWS\System32\ucrtbase.dll
0x00007fff70ca0000 - 0x00007fff70cb7000 	C:\Users\BARTON\.pydev_vscode\java19\jdk-19.0.2+7-jre\bin\jli.dll
0x00007fff70c80000 - 0x00007fff70c99000 	C:\Users\BARTON\.pydev_vscode\java19\jdk-19.0.2+7-jre\bin\VCRUNTIME140.dll
0x00007fff76470000 - 0x00007fff7660d000 	C:\WINDOWS\System32\USER32.dll
0x00007fff75e60000 - 0x00007fff75e82000 	C:\WINDOWS\System32\win32u.dll
0x00007fff768d0000 - 0x00007fff768fb000 	C:\WINDOWS\System32\GDI32.dll
0x00007fff75e90000 - 0x00007fff75faa000 	C:\WINDOWS\System32\gdi32full.dll
0x00007fff619a0000 - 0x00007fff61c3a000 	C:\WINDOWS\WinSxS\amd64_microsoft.windows.common-controls_6595b64144ccf1df_6.0.19041.5794_none_60bcd33171f2783c\COMCTL32.dll
0x00007fff77e20000 - 0x00007fff77ebe000 	C:\WINDOWS\System32\msvcrt.dll
0x00007fff756e0000 - 0x00007fff7577d000 	C:\WINDOWS\System32\msvcp_win.dll
0x00007fff76960000 - 0x00007fff7698f000 	C:\WINDOWS\System32\IMM32.DLL
0x00007fff72030000 - 0x00007fff7203c000 	C:\Users\BARTON\.pydev_vscode\java19\jdk-19.0.2+7-jre\bin\vcruntime140_1.dll
0x00007fff6f390000 - 0x00007fff6f421000 	C:\Users\BARTON\.pydev_vscode\java19\jdk-19.0.2+7-jre\bin\msvcp140.dll
0x00007fff34fb0000 - 0x00007fff35ca1000 	C:\Users\BARTON\.pydev_vscode\java19\jdk-19.0.2+7-jre\bin\server\jvm.dll
0x00007fff76c10000 - 0x00007fff76cbf000 	C:\WINDOWS\System32\ADVAPI32.dll
0x00007fff76cc0000 - 0x00007fff76d5f000 	C:\WINDOWS\System32\sechost.dll
0x00007fff77cf0000 - 0x00007fff77e13000 	C:\WINDOWS\System32\RPCRT4.dll
0x00007fff75fb0000 - 0x00007fff75fd7000 	C:\WINDOWS\System32\bcrypt.dll
0x00007fff60fd0000 - 0x00007fff60fd9000 	C:\WINDOWS\SYSTEM32\WSOCK32.dll
0x00007fff77770000 - 0x00007fff777db000 	C:\WINDOWS\System32\WS2_32.dll
0x00007fff5c970000 - 0x00007fff5c997000 	C:\WINDOWS\SYSTEM32\WINMM.dll
0x00007fff6d700000 - 0x00007fff6d70a000 	C:\WINDOWS\SYSTEM32\VERSION.dll
0x00007fff73ea0000 - 0x00007fff73eb2000 	C:\WINDOWS\SYSTEM32\kernel.appcore.dll
0x00007fff70c70000 - 0x00007fff70c7a000 	C:\Users\BARTON\.pydev_vscode\java19\jdk-19.0.2+7-jre\bin\jimage.dll
0x00007fff73380000 - 0x00007fff73581000 	C:\WINDOWS\SYSTEM32\DBGHELP.DLL
0x00007fff57c90000 - 0x00007fff57cc4000 	C:\WINDOWS\SYSTEM32\dbgcore.DLL
0x00007fff75650000 - 0x00007fff756d2000 	C:\WINDOWS\System32\bcryptPrimitives.dll
0x00007fff6fad0000 - 0x00007fff6faf6000 	C:\Users\BARTON\.pydev_vscode\java19\jdk-19.0.2+7-jre\bin\java.dll
0x00007fff5e340000 - 0x00007fff5e416000 	C:\Users\BARTON\.pydev_vscode\java19\jdk-19.0.2+7-jre\bin\jsvml.dll
0x00007fff76ec0000 - 0x00007fff7762e000 	C:\WINDOWS\System32\SHELL32.dll
0x00007fff73690000 - 0x00007fff73e33000 	C:\WINDOWS\SYSTEM32\windows.storage.dll
0x00007fff777e0000 - 0x00007fff77b33000 	C:\WINDOWS\System32\combase.dll
0x00007fff74fb0000 - 0x00007fff74fdb000 	C:\WINDOWS\SYSTEM32\Wldp.dll
0x00007fff77630000 - 0x00007fff776fd000 	C:\WINDOWS\System32\OLEAUT32.dll
0x00007fff76990000 - 0x00007fff76a3d000 	C:\WINDOWS\System32\SHCORE.dll
0x00007fff77710000 - 0x00007fff77765000 	C:\WINDOWS\System32\shlwapi.dll
0x00007fff75580000 - 0x00007fff755a5000 	C:\WINDOWS\SYSTEM32\profapi.dll
0x00007fff6fab0000 - 0x00007fff6fac3000 	C:\Users\BARTON\.pydev_vscode\java19\jdk-19.0.2+7-jre\bin\net.dll
0x00007fff6bde0000 - 0x00007fff6beea000 	C:\WINDOWS\SYSTEM32\WINHTTP.dll
0x00007fff74d10000 - 0x00007fff74d7c000 	C:\WINDOWS\system32\mswsock.dll
0x00007fff6f9f0000 - 0x00007fff6fa06000 	C:\Users\BARTON\.pydev_vscode\java19\jdk-19.0.2+7-jre\bin\nio.dll
0x00007fff6f760000 - 0x00007fff6f778000 	C:\Users\BARTON\.pydev_vscode\java19\jdk-19.0.2+7-jre\bin\zip.dll
0x00007fff6f720000 - 0x00007fff6f75e000 	C:\Users\BARTON\.vscode\extensions\fabioz.vscode-pydev-0.15.3\server\plugins\org.eclipse.equinox.launcher.win32.win32.x86_64_1.2.900.v20240213-1244\eclipse_11900.dll
0x00007fff77bc0000 - 0x00007fff77ceb000 	C:\WINDOWS\System32\ole32.dll
0x0000000180000000 - 0x0000000180012000 	C:\Users\BARTON\.vscode\extensions\fabioz.vscode-pydev-0.15.3\server\config_win\org.eclipse.osgi\13\0\.cp\os\win32\x86_64\localfile_1_0_0.dll
0x00007fff6f4b0000 - 0x00007fff6f4cb000 	C:\Users\BARTON\.vscode\extensions\fabioz.vscode-pydev-0.15.3\server\config_win\org.eclipse.osgi\16\0\.cp\os\win32\x86_64\win32refresh.dll
0x00007fff74f20000 - 0x00007fff74f2c000 	C:\WINDOWS\SYSTEM32\CRYPTBASE.DLL

dbghelp: loaded successfully - version: 4.0.5 - missing functions: none
symbol engine: initialized successfully - sym options: 0x614 - pdb path: .;C:\Users\BARTON\.pydev_vscode\java19\jdk-19.0.2+7-jre\bin;C:\WINDOWS\SYSTEM32;C:\WINDOWS\WinSxS\amd64_microsoft.windows.common-controls_6595b64144ccf1df_6.0.19041.5794_none_60bcd33171f2783c;C:\Users\BARTON\.pydev_vscode\java19\jdk-19.0.2+7-jre\bin\server;C:\Users\BARTON\.vscode\extensions\fabioz.vscode-pydev-0.15.3\server\plugins\org.eclipse.equinox.launcher.win32.win32.x86_64_1.2.900.v20240213-1244;C:\Users\BARTON\.vscode\extensions\fabioz.vscode-pydev-0.15.3\server\config_win\org.eclipse.osgi\13\0\.cp\os\win32\x86_64;C:\Users\BARTON\.vscode\extensions\fabioz.vscode-pydev-0.15.3\server\config_win\org.eclipse.osgi\16\0\.cp\os\win32\x86_64

VM Arguments:
jvm_args: --add-modules=ALL-SYSTEM --add-opens=java.base/java.util=ALL-UNNAMED --add-opens=java.base/java.lang=ALL-UNNAMED -Declipse.application=org.python.pydev.pydev_lsp.application -Dosgi.bundles.defaultStartLevel=4 -Declipse.product=org.python.pydev.pydev_lsp.product -Xmx1G -XX:+UseG1GC -XX:+UseStringDeduplication 
java_command: c:\Users\BARTON\.vscode\extensions\fabioz.vscode-pydev-0.15.3\server\plugins\org.eclipse.equinox.launcher_1.6.700.v20240213-1244.jar -configuration c:\Users\BARTON\.vscode\extensions\fabioz.vscode-pydev-0.15.3\server\config_win -data c:\Users\BARTON\AppData\Roaming\Code\User\workspaceStorage\2e45ff730a8db8459869726b4dc3d6d1\fabioz.vscode-pydev\pydev_ws
java_class_path (initial): c:\Users\BARTON\.vscode\extensions\fabioz.vscode-pydev-0.15.3\server\plugins\org.eclipse.equinox.launcher_1.6.700.v20240213-1244.jar
Launcher Type: SUN_STANDARD

[Global flags]
     intx CICompilerCount                          = 2                                         {product} {ergonomic}
     uint ConcGCThreads                            = 1                                         {product} {ergonomic}
     uint G1ConcRefinementThreads                  = 2                                         {product} {ergonomic}
   size_t G1HeapRegionSize                         = 1048576                                   {product} {ergonomic}
    uintx GCDrainStackTargetSize                   = 64                                        {product} {ergonomic}
   size_t InitialHeapSize                          = 65011712                                  {product} {ergonomic}
   size_t MarkStackSize                            = 4194304                                   {product} {ergonomic}
   size_t MaxHeapSize                              = 1073741824                                {product} {command line}
   size_t MaxNewSize                               = 643825664                                 {product} {ergonomic}
   size_t MinHeapDeltaBytes                        = 1048576                                   {product} {ergonomic}
   size_t MinHeapSize                              = 8388608                                   {product} {ergonomic}
    uintx NonNMethodCodeHeapSize                   = 5826188                                {pd product} {ergonomic}
    uintx NonProfiledCodeHeapSize                  = 122916026                              {pd product} {ergonomic}
    uintx ProfiledCodeHeapSize                     = 122916026                              {pd product} {ergonomic}
    uintx ReservedCodeCacheSize                    = 251658240                              {pd product} {ergonomic}
     bool SegmentedCodeCache                       = true                                      {product} {ergonomic}
   size_t SoftMaxHeapSize                          = 1073741824                             {manageable} {ergonomic}
     bool UseCompressedClassPointers               = true                           {product lp64_product} {ergonomic}
     bool UseCompressedOops                        = true                           {product lp64_product} {ergonomic}
     bool UseG1GC                                  = true                                      {product} {command line}
     bool UseLargePagesIndividualAllocation        = false                                  {pd product} {ergonomic}
     bool UseStringDeduplication                   = true                                      {product} {command line}

Logging:
Log output configuration:
 #0: stdout all=warning uptime,level,tags foldmultilines=false
 #1: stderr all=off uptime,level,tags foldmultilines=false

Environment Variables:
PATH=C:\Program Files\Common Files\Oracle\Java\javapath;C:\Program Files\Python312\Scripts\;C:\Program Files\Python312\;C:\WINDOWS\system32;C:\WINDOWS;C:\WINDOWS\System32\Wbem;C:\WINDOWS\System32\WindowsPowerShell\v1.0\;C:\WINDOWS\System32\OpenSSH\;C:\Program Files\nodejs\;C:\Program Files\Git\cmd;C:\Users\BARTON\AppData\Local\Microsoft\WindowsApps;C:\Users\BARTON\AppData\Local\Programs\Microsoft VS Code\bin;C:\Users\BARTON\AppData\Roaming\npm
USERNAME=BARTON
OS=Windows_NT
PROCESSOR_IDENTIFIER=Intel64 Family 6 Model 156 Stepping 0, GenuineIntel
TMP=C:\Users\BARTON\AppData\Local\Temp
TEMP=C:\Users\BARTON\AppData\Local\Temp



---------------  S Y S T E M  ---------------

OS:
 Windows 10 , 64 bit Build 19041 (10.0.19041.5794)
OS uptime: 0 days 1:05 hours

CPU: total 2 (initial active 2) (2 cores per cpu, 1 threads per core) family 6 model 156 stepping 0 microcode 0x1d, cx8, cmov, fxsr, mmx, 3dnowpref, sse, sse2, sse3, ssse3, sse4.1, sse4.2, popcnt, tsc, tscinvbit, aes, erms, clmul, sha, clflush, clflushopt, clwb, rdtscp, rdpid

Memory: 4k page, system-wide physical 3933M (689M free)
TotalPageFile size 5511M (AvailPageFile size 3M)
current process WorkingSet (physical memory assigned to process): 108M, peak: 110M
current process commit charge ("private bytes"): 140M, peak: 152M

vm_info: OpenJDK 64-Bit Server VM (19.0.2+7) for windows-amd64 JRE (19.0.2+7), built on 2023-01-17T00:00:00Z by "temurin" with MS VC++ 16.7 (VS2019)

END.
