#
# There is insufficient memory for the Java Runtime Environment to continue.
# Native memory allocation (malloc) failed to allocate 32744 bytes for Chunk::new
# Possible reasons:
#   The system is out of physical RAM or swap space
#   The process is running with CompressedOops enabled, and the Java Heap may be blocking the growth of the native heap
# Possible solutions:
#   Reduce memory load on the system
#   Increase physical memory or swap space
#   Check if swap backing store is full
#   Decrease Java heap size (-Xmx/-Xms)
#   Decrease number of Java threads
#   Decrease Java thread stack sizes (-Xss)
#   Set larger code cache with -XX:ReservedCodeCacheSize=
#   JVM is running with Unscaled Compressed Oops mode in which the Java heap is
#     placed in the first 4GB address space. The Java Heap base address is the
#     maximum limit for the native heap growth. Please use -XX:HeapBaseMinAddress
#     to set the Java Heap base and to place the Java Heap above 4GB virtual address.
# This output file may be truncated or incomplete.
#
#  Out of Memory Error (arena.cpp:184), pid=2472, tid=6792
#
# JRE version: OpenJDK Runtime Environment Temurin-19.0.2+7 (19.0.2+7) (build 19.0.2+7)
# Java VM: OpenJDK 64-Bit Server VM Temurin-19.0.2+7 (19.0.2+7, mixed mode, sharing, tiered, compressed oops, compressed class ptrs, g1 gc, windows-amd64)
# No core dump will be written. Minidumps are not enabled by default on client versions of Windows
#

---------------  S U M M A R Y ------------

Command Line: --add-modules=ALL-SYSTEM --add-opens=java.base/java.util=ALL-UNNAMED --add-opens=java.base/java.lang=ALL-UNNAMED -Declipse.application=org.python.pydev.pydev_lsp.application -Dosgi.bundles.defaultStartLevel=4 -Declipse.product=org.python.pydev.pydev_lsp.product -Xmx1G -XX:+UseG1GC -XX:+UseStringDeduplication c:\Users\BARTON\.vscode\extensions\fabioz.vscode-pydev-0.15.3\server\plugins\org.eclipse.equinox.launcher_1.6.700.v20240213-1244.jar -configuration c:\Users\BARTON\.vscode\extensions\fabioz.vscode-pydev-0.15.3\server\config_win -data c:\Users\BARTON\AppData\Roaming\Code\User\workspaceStorage\2a3cce2c050f555b2213988c11b6fd1b\fabioz.vscode-pydev\pydev_ws

Host: Intel(R) Celeron(R) N4500 @ 1.10GHz, 2 cores, 3G,  Windows 10 , 64 bit Build 19041 (10.0.19041.5794)
Time: Fri Jul 11 03:43:48 2025 Paris, Madrid (heure duild 19041 (10.0.19041.5794) elapsed time: 38.815828 seconds (0d 0h 0m 38s)

---------------  T H R E A D  ---------------

Current thread (0x0000020bd46e4ce0):  JavaThread "C2 CompilerThread0" daemon [_thread_in_native, id=6792, stack(0x0000006ca1800000,0x0000006ca1900000)]


Current CompileTask:
C2:  38815 2465       4       sun.nio.fs.WindowsPathParser::parse (384 bytes)

Stack: [0x0000006ca1800000,0x0000006ca1900000]
Native frames: (J=compiled Java code, j=interpreted, Vv=VM code, C=native code)
V  [jvm.dll+0x6e9e1a]
V  [jvm.dll+0x8a36c0]
V  [jvm.dll+0x8a50ae]
V  [jvm.dll+0x8a5763]
V  [jvm.dll+0x27bcdf]
V  [jvm.dll+0xc221f]
V  [jvm.dll+0xc2595]
V  [jvm.dll+0xc233b]
V  [jvm.dll+0x6c7f3a]
V  [jvm.dll+0x89f2b]
V  [jvm.dll+0x6c56c5]
V  [jvm.dll+0x6febd6]
V  [jvm.dll+0x7040a7]
V  [jvm.dll+0x6fc7eb]
V  [jvm.dll+0x6fbe25]
V  [jvm.dll+0x6f9c9b]
V  [jvm.dll+0x1d263c]
V  [jvm.dll+0x1d3206]
V  [jvm.dll+0x2f1d46]
V  [jvm.dll+0x704556]
V  [jvm.dll+0x6fc7eb]
V  [jvm.dll+0x6fbe25]
V  [jvm.dll+0x6f9c9b]
V  [jvm.dll+0x1d263c]
V  [jvm.dll+0x1d3206]
V  [jvm.dll+0x2f1d46]
V  [jvm.dll+0x704556]
V  [jvm.dll+0x6fc7eb]
V  [jvm.dll+0x6fbe25]
V  [jvm.dll+0x6f9c9b]
V  [jvm.dll+0x1d263c]
V  [jvm.dll+0x244233]
V  [jvm.dll+0x1cf4b1]
V  [jvm.dll+0x254229]
V  [jvm.dll+0x252418]
V  [jvm.dll+0x85403d]
V  [jvm.dll+0x84de3a]
V  [jvm.dll+0x6e8abb]
C  [ucrtbase.dll+0x21bb2]
C  [KERNEL32.DLL+0x17374]
C  [ntdll.dll+0x4cc91]


---------------  P R O C E S S  ---------------

Threads class SMR info:
_java_thread_list=0x0000020bd97d4e90, length=19, elements={
0x0000020bb9cd46e0, 0x0000020bd46ddbb0, 0x0000020bd46e0a50, 0x0000020bd46e24f0,
0x0000020bd46e2e20, 0x0000020bd46e3750, 0x0000020bd46e4080, 0x0000020bd46e4ce0,
0x0000020bd4750ef0, 0x0000020bd47568a0, 0x0000020bd47ae610, 0x0000020bd8a08530,
0x0000020bd8ed7ad0, 0x0000020bd472b840, 0x0000020bd472cb80, 0x0000020bd8a38480,
0x0000020bd8a834d0, 0x0000020bd92af5b0, 0x0000020bd92b2580
}

Java Threads: ( => current thread )
  0x0000020bb9cd46e0 JavaThread "main" [_thread_blocked, id=9780, stack(0x0000006ca0a00000,0x0000006ca0b00000)]
  0x0000020bd46ddbb0 JavaThread "Reference Handler" daemon [_thread_blocked, id=2748, stack(0x0000006ca1200000,0x0000006ca1300000)]
  0x0000020bd46e0a50 JavaThread "Finalizer" daemon [_thread_blocked, id=4416, stack(0x0000006ca1300000,0x0000006ca1400000)]
  0x0000020bd46e24f0 JavaThread "Signal Dispatcher" daemon [_thread_blocked, id=4924, stack(0x0000006ca1400000,0x0000006ca1500000)]
  0x0000020bd46e2e20 JavaThread "Attach Listener" daemon [_thread_blocked, id=4312, stack(0x0000006ca1500000,0x0000006ca1600000)]
  0x0000020bd46e3750 JavaThread "Service Thread" daemon [_thread_blocked, id=8532, stack(0x0000006ca1600000,0x0000006ca1700000)]
  0x0000020bd46e4080 JavaThread "Monitor Deflation Thread" daemon [_thread_blocked, id=8968, stack(0x0000006ca1700000,0x0000006ca1800000)]
=>0x0000020bd46e4ce0 JavaThread "C2 CompilerThread0" daemon [_thread_in_native, id=6792, stack(0x0000006ca1800000,0x0000006ca1900000)]
  0x0000020bd4750ef0 JavaThread "C1 CompilerThread0" daemon [_thread_blocked, id=4888, stack(0x0000006ca1900000,0x0000006ca1a00000)]
  0x0000020bd47568a0 JavaThread "Sweeper thread" daemon [_thread_blocked, id=8924, stack(0x0000006ca1a00000,0x0000006ca1b00000)]
  0x0000020bd47ae610 JavaThread "Common-Cleaner" daemon [_thread_blocked, id=9440, stack(0x0000006ca1b00000,0x0000006ca1c00000)]
  0x0000020bd8a08530 JavaThread "Notification Thread" daemon [_thread_blocked, id=10844, stack(0x0000006ca1c00000,0x0000006ca1d00000)]
  0x0000020bd8ed7ad0 JavaThread "Active Thread: Equinox Container: cfeaeb7a-b65b-41ba-be08-6933f447e139" [_thread_blocked, id=8704, stack(0x0000006ca1f00000,0x0000006ca2000000)]
  0x0000020bd472b840 JavaThread "Framework Event Dispatcher: Equinox Container: cfeaeb7a-b65b-41ba-be08-6933f447e139" daemon [_thread_blocked, id=7600, stack(0x0000006ca2000000,0x0000006ca2100000)]
  0x0000020bd472cb80 JavaThread "Start Level: Equinox Container: cfeaeb7a-b65b-41ba-be08-6933f447e139" daemon [_thread_in_native, id=9112, stack(0x0000006ca2100000,0x0000006ca2200000)]
  0x0000020bd8a38480 JavaThread "SCR Component Actor" daemon [_thread_blocked, id=11168, stack(0x0000006ca2200000,0x0000006ca2300000)]
  0x0000020bd8a834d0 JavaThread "Worker-JM" [_thread_blocked, id=10588, stack(0x0000006ca2400000,0x0000006ca2500000)]
  0x0000020bd92af5b0 JavaThread "Worker-0" [_thread_blocked, id=8824, stack(0x0000006ca2300000,0x0000006ca2400000)]
  0x0000020bd92b2580 JavaThread "Worker-1" [_thread_blocked, id=8208, stack(0x0000006ca2500000,0x0000006ca2600000)]

Other Threads:
  0x0000020bb9d959a0 VMThread "VM Thread" [stack: 0x0000006ca1100000,0x0000006ca1200000] [id=8392]
  0x0000020bd8a08a70 WatcherThread "VM Periodic Task Thread" [stack: 0x0000006ca1d00000,0x0000006ca1e00000] [id=8040]
  0x0000020bb9d17f30 WorkerThread "GC Thread#0" [stack: 0x0000006ca0b00000,0x0000006ca0c00000] [id=1272]
  0x0000020bd8a4ba40 WorkerThread "GC Thread#1" [stack: 0x0000006ca1e00000,0x0000006ca1f00000] [id=10464]
  0x0000020bb9d20da0 ConcurrentGCThread "G1 Main Marker" [stack: 0x0000006ca0c00000,0x0000006ca0d00000] [id=9812]
  0x0000020bb9d21880 WorkerThread "G1 Conc#0" [stack: 0x0000006ca0d00000,0x0000006ca0e00000] [id=2340]
  0x0000020bb9d690e0 ConcurrentGCThread "G1 Refine#0" [stack: 0x0000006ca0e00000,0x0000006ca0f00000] [id=6076]
  0x0000020bb9d69cd0 ConcurrentGCThread "G1 Service" [stack: 0x0000006ca0f00000,0x0000006ca1000000] [id=6672]
  0x0000020bb9d91070 ConcurrentGCThread "StringDedupProcessor" [stack: 0x0000006ca1000000,0x0000006ca1100000] [id=1508]

Threads with active compile tasks:
C2 CompilerThread0    38885 2465       4       sun.nio.fs.WindowsPathParser::parse (384 bytes)

VM state: not at safepoint (normal execution)

VM Mutex/Monitor currently owned by a thread: None

Heap address: 0x00000000c0000000, size: 1024 MB, Compressed Oops mode: 32-bit

CDS archive(s) mapped at: [0x0000000800000000-0x0000000800ad0000-0x0000000800ad0000), size 11337728, SharedBaseAddress: 0x0000000800000000, ArchiveRelocationMode: 0.
Compressed class space mapped at: 0x0000000800c00000-0x0000000840c00000, reserved size: 1073741824
Narrow klass base: 0x0000000800000000, Narrow klass shift: 0, Narrow klass range: 0x100000000

GC Precious Log:
 CardTable entry size: 512
 Card Set container configuration: InlinePtr #cards 5 size 8 Array Of Cards #cards 12 size 40 Howl #buckets 4 coarsen threshold 1843 Howl Bitmap #cards 512 size 80 coarsen threshold 460 Card regions per heap region 1 cards per card region 2048
 CPUs: 2 total, 2 available
 Memory: 3933M
 Large Page Support: Disabled
 NUMA Support: Disabled
 Compressed Oops: Enabled (32-bit)
 Heap Region Size: 1M
 Heap Min Capacity: 8M
 Heap Initial Capacity: 62M
 Heap Max Capacity: 1G
 Pre-touch: Disabled
 Parallel Workers: 2
 Concurrent Workers: 1
 Concurrent Refinement Workers: 2
 Periodic GC: Disabled
 String Deduplication is enabled

Heap:
 garbage-first heap   total 63488K, used 12681K [0x00000000c0000000, 0x0000000100000000)
  region size 1024K, 10 young (10240K), 5 survivors (5120K)
 Metaspace       used 15202K, committed 15744K, reserved 1114112K
  class space    used 1539K, committed 1728K, reserved 1048576K

Heap Regions: E=young(eden), S=young(survivor), O=old, HS=humongous(starts), HC=humongous(continues), CS=collection set, F=free, OA=open archive, CA=closed archive, TAMS=top-at-mark-start (previous, next)
|   0|0x00000000c0000000, 0x00000000c0100000, 0x00000000c0100000|100%| O|  |TAMS 0x00000000c0000000, 0x00000000c0000000| Untracked 
|   1|0x00000000c0100000, 0x00000000c0200000, 0x00000000c0200000|100%| O|  |TAMS 0x00000000c0100000, 0x00000000c0100000| Untracked 
|   2|0x00000000c0200000, 0x00000000c0300000, 0x00000000c0300000|100%| O|  |TAMS 0x00000000c0200000, 0x00000000c0200000| Untracked 
|   3|0x00000000c0300000, 0x00000000c0362400, 0x00000000c0400000| 38%| O|  |TAMS 0x00000000c0300000, 0x00000000c0300000| Untracked 
|   4|0x00000000c0400000, 0x00000000c0400000, 0x00000000c0500000|  0%| F|  |TAMS 0x00000000c0400000, 0x00000000c0400000| Untracked 
|   5|0x00000000c0500000, 0x00000000c0500000, 0x00000000c0600000|  0%| F|  |TAMS 0x00000000c0500000, 0x00000000c0500000| Untracked 
|   6|0x00000000c0600000, 0x00000000c0600000, 0x00000000c0700000|  0%| F|  |TAMS 0x00000000c0600000, 0x00000000c0600000| Untracked 
|   7|0x00000000c0700000, 0x00000000c0700000, 0x00000000c0800000|  0%| F|  |TAMS 0x00000000c0700000, 0x00000000c0700000| Untracked 
|   8|0x00000000c0800000, 0x00000000c0800000, 0x00000000c0900000|  0%| F|  |TAMS 0x00000000c0800000, 0x00000000c0800000| Untracked 
|   9|0x00000000c0900000, 0x00000000c0900000, 0x00000000c0a00000|  0%| F|  |TAMS 0x00000000c0900000, 0x00000000c0900000| Untracked 
|  10|0x00000000c0a00000, 0x00000000c0a00000, 0x00000000c0b00000|  0%| F|  |TAMS 0x00000000c0a00000, 0x00000000c0a00000| Untracked 
|  11|0x00000000c0b00000, 0x00000000c0b00000, 0x00000000c0c00000|  0%| F|  |TAMS 0x00000000c0b00000, 0x00000000c0b00000| Untracked 
|  12|0x00000000c0c00000, 0x00000000c0c00000, 0x00000000c0d00000|  0%| F|  |TAMS 0x00000000c0c00000, 0x00000000c0c00000| Untracked 
|  13|0x00000000c0d00000, 0x00000000c0d00000, 0x00000000c0e00000|  0%| F|  |TAMS 0x00000000c0d00000, 0x00000000c0d00000| Untracked 
|  14|0x00000000c0e00000, 0x00000000c0e00000, 0x00000000c0f00000|  0%| F|  |TAMS 0x00000000c0e00000, 0x00000000c0e00000| Untracked 
|  15|0x00000000c0f00000, 0x00000000c0f00000, 0x00000000c1000000|  0%| F|  |TAMS 0x00000000c0f00000, 0x00000000c0f00000| Untracked 
|  16|0x00000000c1000000, 0x00000000c1000000, 0x00000000c1100000|  0%| F|  |TAMS 0x00000000c1000000, 0x00000000c1000000| Untracked 
|  17|0x00000000c1100000, 0x00000000c1100000, 0x00000000c1200000|  0%| F|  |TAMS 0x00000000c1100000, 0x00000000c1100000| Untracked 
|  18|0x00000000c1200000, 0x00000000c1200000, 0x00000000c1300000|  0%| F|  |TAMS 0x00000000c1200000, 0x00000000c1200000| Untracked 
|  19|0x00000000c1300000, 0x00000000c1300000, 0x00000000c1400000|  0%| F|  |TAMS 0x00000000c1300000, 0x00000000c1300000| Untracked 
|  20|0x00000000c1400000, 0x00000000c1500000, 0x00000000c1500000|100%| S|CS|TAMS 0x00000000c1400000, 0x00000000c1400000| Complete 
|  21|0x00000000c1500000, 0x00000000c1600000, 0x00000000c1600000|100%| S|CS|TAMS 0x00000000c1500000, 0x00000000c1500000| Complete 
|  22|0x00000000c1600000, 0x00000000c1700000, 0x00000000c1700000|100%| S|CS|TAMS 0x00000000c1600000, 0x00000000c1600000| Complete 
|  23|0x00000000c1700000, 0x00000000c1800000, 0x00000000c1800000|100%| S|CS|TAMS 0x00000000c1700000, 0x00000000c1700000| Complete 
|  24|0x00000000c1800000, 0x00000000c1900000, 0x00000000c1900000|100%| S|CS|TAMS 0x00000000c1800000, 0x00000000c1800000| Complete 
|  25|0x00000000c1900000, 0x00000000c1900000, 0x00000000c1a00000|  0%| F|  |TAMS 0x00000000c1900000, 0x00000000c1900000| Untracked 
|  26|0x00000000c1a00000, 0x00000000c1a00000, 0x00000000c1b00000|  0%| F|  |TAMS 0x00000000c1a00000, 0x00000000c1a00000| Untracked 
|  27|0x00000000c1b00000, 0x00000000c1b00000, 0x00000000c1c00000|  0%| F|  |TAMS 0x00000000c1b00000, 0x00000000c1b00000| Untracked 
|  28|0x00000000c1c00000, 0x00000000c1c00000, 0x00000000c1d00000|  0%| F|  |TAMS 0x00000000c1c00000, 0x00000000c1c00000| Untracked 
|  29|0x00000000c1d00000, 0x00000000c1d00000, 0x00000000c1e00000|  0%| F|  |TAMS 0x00000000c1d00000, 0x00000000c1d00000| Untracked 
|  30|0x00000000c1e00000, 0x00000000c1e00000, 0x00000000c1f00000|  0%| F|  |TAMS 0x00000000c1e00000, 0x00000000c1e00000| Untracked 
|  31|0x00000000c1f00000, 0x00000000c1f00000, 0x00000000c2000000|  0%| F|  |TAMS 0x00000000c1f00000, 0x00000000c1f00000| Untracked 
|  32|0x00000000c2000000, 0x00000000c2000000, 0x00000000c2100000|  0%| F|  |TAMS 0x00000000c2000000, 0x00000000c2000000| Untracked 
|  33|0x00000000c2100000, 0x00000000c2100000, 0x00000000c2200000|  0%| F|  |TAMS 0x00000000c2100000, 0x00000000c2100000| Untracked 
|  34|0x00000000c2200000, 0x00000000c2200000, 0x00000000c2300000|  0%| F|  |TAMS 0x00000000c2200000, 0x00000000c2200000| Untracked 
|  35|0x00000000c2300000, 0x00000000c2300000, 0x00000000c2400000|  0%| F|  |TAMS 0x00000000c2300000, 0x00000000c2300000| Untracked 
|  36|0x00000000c2400000, 0x00000000c2400000, 0x00000000c2500000|  0%| F|  |TAMS 0x00000000c2400000, 0x00000000c2400000| Untracked 
|  37|0x00000000c2500000, 0x00000000c2500000, 0x00000000c2600000|  0%| F|  |TAMS 0x00000000c2500000, 0x00000000c2500000| Untracked 
|  38|0x00000000c2600000, 0x00000000c2600000, 0x00000000c2700000|  0%| F|  |TAMS 0x00000000c2600000, 0x00000000c2600000| Untracked 
|  39|0x00000000c2700000, 0x00000000c2700000, 0x00000000c2800000|  0%| F|  |TAMS 0x00000000c2700000, 0x00000000c2700000| Untracked 
|  40|0x00000000c2800000, 0x00000000c2800000, 0x00000000c2900000|  0%| F|  |TAMS 0x00000000c2800000, 0x00000000c2800000| Untracked 
|  41|0x00000000c2900000, 0x00000000c2900000, 0x00000000c2a00000|  0%| F|  |TAMS 0x00000000c2900000, 0x00000000c2900000| Untracked 
|  42|0x00000000c2a00000, 0x00000000c2a00000, 0x00000000c2b00000|  0%| F|  |TAMS 0x00000000c2a00000, 0x00000000c2a00000| Untracked 
|  43|0x00000000c2b00000, 0x00000000c2b00000, 0x00000000c2c00000|  0%| F|  |TAMS 0x00000000c2b00000, 0x00000000c2b00000| Untracked 
|  44|0x00000000c2c00000, 0x00000000c2c00000, 0x00000000c2d00000|  0%| F|  |TAMS 0x00000000c2c00000, 0x00000000c2c00000| Untracked 
|  45|0x00000000c2d00000, 0x00000000c2d00000, 0x00000000c2e00000|  0%| F|  |TAMS 0x00000000c2d00000, 0x00000000c2d00000| Untracked 
|  46|0x00000000c2e00000, 0x00000000c2e00000, 0x00000000c2f00000|  0%| F|  |TAMS 0x00000000c2e00000, 0x00000000c2e00000| Untracked 
|  47|0x00000000c2f00000, 0x00000000c2f00000, 0x00000000c3000000|  0%| F|  |TAMS 0x00000000c2f00000, 0x00000000c2f00000| Untracked 
|  48|0x00000000c3000000, 0x00000000c3000000, 0x00000000c3100000|  0%| F|  |TAMS 0x00000000c3000000, 0x00000000c3000000| Untracked 
|  49|0x00000000c3100000, 0x00000000c3100000, 0x00000000c3200000|  0%| F|  |TAMS 0x00000000c3100000, 0x00000000c3100000| Untracked 
|  50|0x00000000c3200000, 0x00000000c3200000, 0x00000000c3300000|  0%| F|  |TAMS 0x00000000c3200000, 0x00000000c3200000| Untracked 
|  51|0x00000000c3300000, 0x00000000c3300000, 0x00000000c3400000|  0%| F|  |TAMS 0x00000000c3300000, 0x00000000c3300000| Untracked 
|  52|0x00000000c3400000, 0x00000000c3400000, 0x00000000c3500000|  0%| F|  |TAMS 0x00000000c3400000, 0x00000000c3400000| Untracked 
|  53|0x00000000c3500000, 0x00000000c3500000, 0x00000000c3600000|  0%| F|  |TAMS 0x00000000c3500000, 0x00000000c3500000| Untracked 
|  54|0x00000000c3600000, 0x00000000c3600000, 0x00000000c3700000|  0%| F|  |TAMS 0x00000000c3600000, 0x00000000c3600000| Untracked 
|  55|0x00000000c3700000, 0x00000000c3700000, 0x00000000c3800000|  0%| F|  |TAMS 0x00000000c3700000, 0x00000000c3700000| Untracked 
|  56|0x00000000c3800000, 0x00000000c3800000, 0x00000000c3900000|  0%| F|  |TAMS 0x00000000c3800000, 0x00000000c3800000| Untracked 
|  57|0x00000000c3900000, 0x00000000c3a00000, 0x00000000c3a00000|100%| E|  |TAMS 0x00000000c3900000, 0x00000000c3900000| Complete 
|  58|0x00000000c3a00000, 0x00000000c3b00000, 0x00000000c3b00000|100%| E|CS|TAMS 0x00000000c3a00000, 0x00000000c3a00000| Complete 
|  59|0x00000000c3b00000, 0x00000000c3c00000, 0x00000000c3c00000|100%| E|CS|TAMS 0x00000000c3b00000, 0x00000000c3b00000| Complete 
|  60|0x00000000c3c00000, 0x00000000c3d00000, 0x00000000c3d00000|100%| E|CS|TAMS 0x00000000c3c00000, 0x00000000c3c00000| Complete 
|  61|0x00000000c3d00000, 0x00000000c3e00000, 0x00000000c3e00000|100%| E|CS|TAMS 0x00000000c3d00000, 0x00000000c3d00000| Complete 

Card table byte_map: [0x0000020bcff60000,0x0000020bd0160000] _byte_map_base: 0x0000020bcf960000

Marking Bits (Prev, Next): (CMBitMap*) 0x0000020bb9d18470, (CMBitMap*) 0x0000020bb9d184b0
 Prev Bits: [0x0000020bd0360000, 0x0000020bd1360000)
 Next Bits: [0x0000020bd1360000, 0x0000020bd2360000)

Polling page: 0x0000020bb9a90000

Metaspace:

Usage:
  Non-class:     13.34 MB used.
      Class:      1.50 MB used.
       Both:     14.85 MB used.

Virtual space:
  Non-class space:       64.00 MB reserved,      13.69 MB ( 21%) committed,  1 nodes.
      Class space:        1.00 GB reserved,       1.69 MB ( <1%) committed,  1 nodes.
             Both:        1.06 GB reserved,      15.38 MB (  1%) committed. 

Chunk freelists:
   Non-Class:  1.64 MB
       Class:  2.23 MB
        Both:  3.87 MB

MaxMetaspaceSize: unlimited
CompressedClassSpaceSize: 1.00 GB
Initial GC threshold: 21.00 MB
Current GC threshold: 21.00 MB
CDS: on
MetaspaceReclaimPolicy: balanced
 - commit_granule_bytes: 65536.
 - commit_granule_words: 8192.
 - virtual_space_node_default_size: 8388608.
 - enlarge_chunks_in_place: 1.
 - new_chunks_are_fully_committed: 0.
 - uncommit_free_chunks: 1.
 - use_allocation_guard: 0.


Internal statistics:

num_allocs_failed_limit: 0.
num_arena_births: 350.
num_arena_deaths: 0.
num_vsnodes_births: 2.
num_vsnodes_deaths: 0.
num_space_committed: 246.
num_space_uncommitted: 0.
num_chunks_returned_to_freelist: 0.
num_chunks_taken_from_freelist: 837.
num_chunk_merges: 0.
num_chunk_splits: 555.
num_chunks_enlarged: 375.
num_inconsistent_stats: 0.

CodeHeap 'non-profiled nmethods': size=120064Kb used=921Kb max_used=921Kb free=119143Kb
 bounds [0x0000020bc8420000, 0x0000020bc8690000, 0x0000020bcf960000]
CodeHeap 'profiled nmethods': size=120000Kb used=4829Kb max_used=4829Kb free=115170Kb
 bounds [0x0000020bc0960000, 0x0000020bc0e20000, 0x0000020bc7e90000]
CodeHeap 'non-nmethods': size=5696Kb used=1310Kb max_used=1330Kb free=4385Kb
 bounds [0x0000020bc7e90000, 0x0000020bc8100000, 0x0000020bc8420000]
 total_blobs=2993 nmethods=2457 adapters=447
 compilation: enabled
              stopped_count=0, restarted_count=0
 full_count=0

Compilation events (20 events):
Event: 38.047 Thread 0x0000020bd46e4ce0 nmethod 2454 0x0000020bc8504890 code [0x0000020bc8504a20, 0x0000020bc8504b78]
Event: 38.074 Thread 0x0000020bd46e4ce0 2455   !   4       java.nio.file.Files::isDirectory (43 bytes)
Event: 38.077 Thread 0x0000020bd46e4ce0 nmethod 2455 0x0000020bc8504c90 code [0x0000020bc8504e40, 0x0000020bc8505008]
Event: 38.077 Thread 0x0000020bd46e4ce0 2456       4       sun.nio.fs.WindowsDirectoryStream$WindowsDirectoryIterator::next (5 bytes)
Event: 38.078 Thread 0x0000020bd46e4ce0 nmethod 2456 0x0000020bc8505390 code [0x0000020bc8505520, 0x0000020bc8505738]
Event: 38.147 Thread 0x0000020bd4750ef0 2457   !   3       sun.nio.fs.WindowsDirectoryStream::<init> (175 bytes)
Event: 38.151 Thread 0x0000020bd4750ef0 nmethod 2457 0x0000020bc0e12990 code [0x0000020bc0e12d60, 0x0000020bc0e14618]
Event: 38.151 Thread 0x0000020bd4750ef0 2458   !   3       sun.nio.fs.WindowsNativeDispatcher::FindFirstFile (75 bytes)
Event: 38.152 Thread 0x0000020bd4750ef0 nmethod 2458 0x0000020bc0e15210 code [0x0000020bc0e15460, 0x0000020bc0e15af8]
Event: 38.152 Thread 0x0000020bd4750ef0 2459       3       sun.nio.fs.WindowsNativeDispatcher$FirstFile::<init> (5 bytes)
Event: 38.152 Thread 0x0000020bd4750ef0 nmethod 2459 0x0000020bc0e15f10 code [0x0000020bc0e160c0, 0x0000020bc0e16218]
Event: 38.152 Thread 0x0000020bd4750ef0 2460       3       sun.nio.fs.WindowsPath::needsSlashWhenResolving (37 bytes)
Event: 38.153 Thread 0x0000020bd4750ef0 nmethod 2460 0x0000020bc0e16310 code [0x0000020bc0e16520, 0x0000020bc0e16ba8]
Event: 38.161 Thread 0x0000020bd4750ef0 2462       3       java.util.LinkedList::linkLast (59 bytes)
Event: 38.161 Thread 0x0000020bd4750ef0 nmethod 2462 0x0000020bc0e16e90 code [0x0000020bc0e17060, 0x0000020bc0e174b8]
Event: 38.196 Thread 0x0000020bd46e4ce0 2463       4       org.python.pydev.shared_core.SharedCorePlugin::inTestMode (52 bytes)
Event: 38.196 Thread 0x0000020bd46e4ce0 nmethod 2463 0x0000020bc8505c10 code [0x0000020bc8505da0, 0x0000020bc8505e18]
Event: 38.197 Thread 0x0000020bd46e4ce0 2464       4       org.python.pydev.core.preferences.FileTypesPreferences::getDottedValidSourceFiles (43 bytes)
Event: 38.198 Thread 0x0000020bd46e4ce0 nmethod 2464 0x0000020bc8505f10 code [0x0000020bc85060a0, 0x0000020bc8506298]
Event: 38.807 Thread 0x0000020bd46e4ce0 2465       4       sun.nio.fs.WindowsPathParser::parse (384 bytes)

GC Heap History (8 events):
Event: 15.165 GC heap before
{Heap before GC invocations=0 (full 0):
 garbage-first heap   total 63488K, used 5120K [0x00000000c0000000, 0x0000000100000000)
  region size 1024K, 6 young (6144K), 0 survivors (0K)
 Metaspace       used 2592K, committed 2752K, reserved 1114112K
  class space    used 249K, committed 320K, reserved 1048576K
}
Event: 15.573 GC heap after
{Heap after GC invocations=1 (full 0):
 garbage-first heap   total 63488K, used 2510K [0x00000000c0000000, 0x0000000100000000)
  region size 1024K, 1 young (1024K), 1 survivors (1024K)
 Metaspace       used 2592K, committed 2752K, reserved 1114112K
  class space    used 249K, committed 320K, reserved 1048576K
}
Event: 16.178 GC heap before
{Heap before GC invocations=1 (full 0):
 garbage-first heap   total 63488K, used 4558K [0x00000000c0000000, 0x0000000100000000)
  region size 1024K, 4 young (4096K), 1 survivors (1024K)
 Metaspace       used 3197K, committed 3328K, reserved 1114112K
  class space    used 314K, committed 384K, reserved 1048576K
}
Event: 16.182 GC heap after
{Heap after GC invocations=2 (full 0):
 garbage-first heap   total 63488K, used 3463K [0x00000000c0000000, 0x0000000100000000)
  region size 1024K, 1 young (1024K), 1 survivors (1024K)
 Metaspace       used 3197K, committed 3328K, reserved 1114112K
  class space    used 314K, committed 384K, reserved 1048576K
}
Event: 17.880 GC heap before
{Heap before GC invocations=2 (full 0):
 garbage-first heap   total 63488K, used 10631K [0x00000000c0000000, 0x0000000100000000)
  region size 1024K, 9 young (9216K), 1 survivors (1024K)
 Metaspace       used 5322K, committed 5504K, reserved 1114112K
  class space    used 506K, committed 576K, reserved 1048576K
}
Event: 17.884 GC heap after
{Heap after GC invocations=3 (full 0):
 garbage-first heap   total 63488K, used 4510K [0x00000000c0000000, 0x0000000100000000)
  region size 1024K, 2 young (2048K), 2 survivors (2048K)
 Metaspace       used 5322K, committed 5504K, reserved 1114112K
  class space    used 506K, committed 576K, reserved 1048576K
}
Event: 35.745 GC heap before
{Heap before GC invocations=3 (full 0):
 garbage-first heap   total 63488K, used 39326K [0x00000000c0000000, 0x0000000100000000)
  region size 1024K, 37 young (37888K), 2 survivors (2048K)
 Metaspace       used 15180K, committed 15680K, reserved 1114112K
  class space    used 1539K, committed 1728K, reserved 1048576K
}
Event: 35.759 GC heap after
{Heap after GC invocations=4 (full 0):
 garbage-first heap   total 63488K, used 8585K [0x00000000c0000000, 0x0000000100000000)
  region size 1024K, 5 young (5120K), 5 survivors (5120K)
 Metaspace       used 15180K, committed 15680K, reserved 1114112K
  class space    used 1539K, committed 1728K, reserved 1048576K
}

Dll operation events (9 events):
Event: 0.029 Loaded shared library C:\Users\BARTON\.pydev_vscode\java19\jdk-19.0.2+7-jre\bin\java.dll
Event: 0.132 Loaded shared library C:\Users\BARTON\.pydev_vscode\java19\jdk-19.0.2+7-jre\bin\jsvml.dll
Event: 3.398 Loaded shared library C:\Users\BARTON\.pydev_vscode\java19\jdk-19.0.2+7-jre\bin\net.dll
Event: 3.427 Loaded shared library C:\Users\BARTON\.pydev_vscode\java19\jdk-19.0.2+7-jre\bin\nio.dll
Event: 3.907 Loaded shared library C:\Users\BARTON\.pydev_vscode\java19\jdk-19.0.2+7-jre\bin\zip.dll
Event: 12.175 Loaded shared library C:\Users\BARTON\.pydev_vscode\java19\jdk-19.0.2+7-jre\bin\jimage.dll
Event: 19.461 Loaded shared library C:\Users\BARTON\.vscode\extensions\fabioz.vscode-pydev-0.15.3\server\plugins\org.eclipse.equinox.launcher.win32.win32.x86_64_1.2.900.v20240213-1244\eclipse_11900.dll
Event: 27.558 Loaded shared library C:\Users\BARTON\.pydev_vscode\java19\jdk-19.0.2+7-jre\bin\management.dll
Event: 27.575 Loaded shared library C:\Users\BARTON\.pydev_vscode\java19\jdk-19.0.2+7-jre\bin\management_ext.dll

Deoptimization events (20 events):
Event: 29.742 Thread 0x0000020bd472cb80 Uncommon trap: trap_request=0xffffffc6 fr.pc=0x0000020bc8486fd0 relative=0x0000000000000b90
Event: 29.742 Thread 0x0000020bd472cb80 Uncommon trap: reason=bimorphic_or_optimized_type_check action=maybe_recompile pc=0x0000020bc8486fd0 method=java.util.HashMap.putVal(ILjava/lang/Object;Ljava/lang/Object;ZZ)Ljava/lang/Object; @ 56 c2
Event: 29.742 Thread 0x0000020bd472cb80 DEOPT PACKING pc=0x0000020bc8486fd0 sp=0x0000006ca21fd810
Event: 29.743 Thread 0x0000020bd472cb80 DEOPT UNPACKING pc=0x0000020bc7ef6d9d sp=0x0000006ca21fd798 mode 2
Event: 29.743 Thread 0x0000020bd472cb80 Uncommon trap: trap_request=0xffffffc6 fr.pc=0x0000020bc8486fd0 relative=0x0000000000000b90
Event: 29.743 Thread 0x0000020bd472cb80 Uncommon trap: reason=bimorphic_or_optimized_type_check action=maybe_recompile pc=0x0000020bc8486fd0 method=java.util.HashMap.putVal(ILjava/lang/Object;Ljava/lang/Object;ZZ)Ljava/lang/Object; @ 56 c2
Event: 29.743 Thread 0x0000020bd472cb80 DEOPT PACKING pc=0x0000020bc8486fd0 sp=0x0000006ca21fd810
Event: 29.743 Thread 0x0000020bd472cb80 DEOPT UNPACKING pc=0x0000020bc7ef6d9d sp=0x0000006ca21fd798 mode 2
Event: 29.908 Thread 0x0000020bd472cb80 Uncommon trap: trap_request=0xffffff45 fr.pc=0x0000020bc84c7558 relative=0x00000000000003b8
Event: 29.908 Thread 0x0000020bd472cb80 Uncommon trap: reason=unstable_if action=reinterpret pc=0x0000020bc84c7558 method=java.lang.StringUTF16.compress([CII)[B @ 13 c2
Event: 29.908 Thread 0x0000020bd472cb80 DEOPT PACKING pc=0x0000020bc84c7558 sp=0x0000006ca21fdad0
Event: 29.908 Thread 0x0000020bd472cb80 DEOPT UNPACKING pc=0x0000020bc7ef6d9d sp=0x0000006ca21fda10 mode 2
Event: 29.910 Thread 0x0000020bd472cb80 Uncommon trap: trap_request=0xffffff45 fr.pc=0x0000020bc843d6c0 relative=0x00000000000000a0
Event: 29.910 Thread 0x0000020bd472cb80 Uncommon trap: reason=unstable_if action=reinterpret pc=0x0000020bc843d6c0 method=jdk.internal.misc.Unsafe.convEndian(ZI)I @ 4 c2
Event: 29.910 Thread 0x0000020bd472cb80 DEOPT PACKING pc=0x0000020bc843d6c0 sp=0x0000006ca21fe190
Event: 29.910 Thread 0x0000020bd472cb80 DEOPT UNPACKING pc=0x0000020bc7ef6d9d sp=0x0000006ca21fe028 mode 2
Event: 29.910 Thread 0x0000020bd472cb80 Uncommon trap: trap_request=0xffffff45 fr.pc=0x0000020bc843bb14 relative=0x0000000000000074
Event: 29.910 Thread 0x0000020bd472cb80 Uncommon trap: reason=unstable_if action=reinterpret pc=0x0000020bc843bb14 method=jdk.internal.misc.Unsafe.convEndian(ZI)I @ 4 c2
Event: 29.910 Thread 0x0000020bd472cb80 DEOPT PACKING pc=0x0000020bc843bb14 sp=0x0000006ca21fe0f0
Event: 29.910 Thread 0x0000020bd472cb80 DEOPT UNPACKING pc=0x0000020bc7ef6d9d sp=0x0000006ca21fe020 mode 2

Classes loaded (20 events):
Event: 29.925 Loading class java/util/zip/GZIPInputStream
Event: 29.925 Loading class java/util/zip/GZIPInputStream done
Event: 29.925 Loading class java/util/zip/GZIPOutputStream
Event: 29.929 Loading class java/util/zip/GZIPOutputStream done
Event: 29.929 Loading class java/nio/charset/IllegalCharsetNameException
Event: 29.929 Loading class java/nio/charset/IllegalCharsetNameException done
Event: 29.945 Loading class java/nio/file/Files$AcceptAllFilter
Event: 29.945 Loading class java/nio/file/DirectoryStream$Filter
Event: 29.946 Loading class java/nio/file/DirectoryStream$Filter done
Event: 29.946 Loading class java/nio/file/Files$AcceptAllFilter done
Event: 29.946 Loading class sun/nio/fs/WindowsDirectoryStream
Event: 29.946 Loading class java/nio/file/DirectoryStream
Event: 29.946 Loading class java/nio/file/DirectoryStream done
Event: 29.946 Loading class sun/nio/fs/WindowsDirectoryStream done
Event: 29.947 Loading class sun/nio/fs/WindowsDirectoryStream$WindowsDirectoryIterator
Event: 29.947 Loading class sun/nio/fs/WindowsDirectoryStream$WindowsDirectoryIterator done
Event: 29.948 Loading class sun/nio/fs/WindowsPath$WindowsPathWithAttributes
Event: 29.948 Loading class sun/nio/fs/BasicFileAttributesHolder
Event: 29.948 Loading class sun/nio/fs/BasicFileAttributesHolder done
Event: 29.948 Loading class sun/nio/fs/WindowsPath$WindowsPathWithAttributes done

Classes unloaded (0 events):
No events

Classes redefined (0 events):
No events

Internal exceptions (20 events):
Event: 24.258 Thread 0x0000020bd472cb80 Exception <a 'java/lang/NoSuchMethodError'{0x00000000c2d59d20}: 'java.lang.Object java.lang.invoke.Invokers$Holder.linkToTargetMethod(java.lang.Object, long, java.lang.Object)'> (0x00000000c2d59d20) 
thrown [s\src\hotspot\share\interpreter\linkResolver.cpp, line 774]
Event: 24.748 Thread 0x0000020bd472cb80 Exception <a 'java/lang/NoSuchMethodError'{0x00000000c2c021c8}: 'void java.lang.invoke.DirectMethodHandle$Holder.invokeInterface(java.lang.Object, java.lang.Object, java.lang.Object)'> (0x00000000c2c021c8) 
thrown [s\src\hotspot\share\interpreter\linkResolver.cpp, line 774]
Event: 27.459 Thread 0x0000020bd472cb80 Exception <a 'java/lang/NoSuchMethodError'{0x00000000c2a82378}: 'void java.lang.invoke.DirectMethodHandle$Holder.invokeVirtual(java.lang.Object, java.lang.Object)'> (0x00000000c2a82378) 
thrown [s\src\hotspot\share\interpreter\linkResolver.cpp, line 774]
Event: 27.541 Thread 0x0000020bd472cb80 Exception <a 'java/io/FileNotFoundException'{0x00000000c2ab7e58}> (0x00000000c2ab7e58) 
thrown [s\src\hotspot\share\prims\jni.cpp, line 517]
Event: 27.546 Thread 0x0000020bd472cb80 Exception <a 'java/io/FileNotFoundException'{0x00000000c2ac53a0}> (0x00000000c2ac53a0) 
thrown [s\src\hotspot\share\prims\jni.cpp, line 517]
Event: 27.547 Thread 0x0000020bd472cb80 Exception <a 'java/io/FileNotFoundException'{0x00000000c2ac7e90}> (0x00000000c2ac7e90) 
thrown [s\src\hotspot\share\prims\jni.cpp, line 517]
Event: 28.215 Thread 0x0000020bd472cb80 Exception <a 'java/lang/NoSuchMethodError'{0x00000000c282d6b0}: 'java.lang.Object java.lang.invoke.DirectMethodHandle$Holder.newInvokeSpecial(java.lang.Object, java.lang.Object, java.lang.Object, java.lang.Object, java.lang.Object)'> (0x00000000c282d6b0) 
thrown [s\src\hotspot\share\interpreter\linkResolver.cpp, line 774]
Event: 28.272 Thread 0x0000020bd472cb80 Exception <a 'java/lang/NoSuchMethodError'{0x00000000c28c5b30}: 'java.lang.Object java.lang.invoke.DirectMethodHandle$Holder.invokeSpecial(java.lang.Object, java.lang.Object, java.lang.Object, long, java.lang.Object)'> (0x00000000c28c5b30) 
thrown [s\src\hotspot\share\interpreter\linkResolver.cpp, line 774]
Event: 28.272 Thread 0x0000020bd472cb80 Exception <a 'java/lang/NoSuchMethodError'{0x00000000c28cdc48}: 'java.lang.Object java.lang.invoke.DirectMethodHandle$Holder.newInvokeSpecial(java.lang.Object, java.lang.Object, java.lang.Object, long)'> (0x00000000c28cdc48) 
thrown [s\src\hotspot\share\interpreter\linkResolver.cpp, line 774]
Event: 28.273 Thread 0x0000020bd472cb80 Exception <a 'java/lang/NoSuchMethodError'{0x00000000c28d1af0}: 'java.lang.Object java.lang.invoke.Invokers$Holder.linkToTargetMethod(java.lang.Object, java.lang.Object, long, java.lang.Object)'> (0x00000000c28d1af0) 
thrown [s\src\hotspot\share\interpreter\linkResolver.cpp, line 774]
Event: 28.628 Thread 0x0000020bd472cb80 Exception <a 'java/lang/IncompatibleClassChangeError'{0x00000000c27dfab8}: Found class java.lang.Object, but interface was expected> (0x00000000c27dfab8) 
thrown [s\src\hotspot\share\interpreter\linkResolver.cpp, line 841]
Event: 28.629 Thread 0x0000020bd472cb80 Exception <a 'java/lang/NoSuchMethodError'{0x00000000c27e38c0}: 'java.lang.Object java.lang.invoke.DirectMethodHandle$Holder.invokeSpecial(java.lang.Object, java.lang.Object, java.lang.Object, int, java.lang.Object, java.lang.Object)'> (0x00000000c27e38c0) 
thrown [s\src\hotspot\share\interpreter\linkResolver.cpp, line 774]
Event: 28.629 Thread 0x0000020bd472cb80 Exception <a 'java/lang/NoSuchMethodError'{0x00000000c27ebeb0}: 'java.lang.Object java.lang.invoke.DirectMethodHandle$Holder.newInvokeSpecial(java.lang.Object, java.lang.Object, java.lang.Object, int, java.lang.Object)'> (0x00000000c27ebeb0) 
thrown [s\src\hotspot\share\interpreter\linkResolver.cpp, line 774]
Event: 28.630 Thread 0x0000020bd472cb80 Exception <a 'java/lang/NoSuchMethodError'{0x00000000c27efea8}: 'java.lang.Object java.lang.invoke.Invokers$Holder.linkToTargetMethod(java.lang.Object, java.lang.Object, int, java.lang.Object, java.lang.Object)'> (0x00000000c27efea8) 
thrown [s\src\hotspot\share\interpreter\linkResolver.cpp, line 774]
Event: 28.630 Thread 0x0000020bd92af5b0 Exception <a 'java/lang/NoSuchMethodError'{0x00000000c2742818}: 'java.lang.Object java.lang.invoke.DirectMethodHandle$Holder.invokeSpecial(java.lang.Object, java.lang.Object, int, java.lang.Object, java.lang.Object)'> (0x00000000c2742818) 
thrown [s\src\hotspot\share\interpreter\linkResolver.cpp, line 774]
Event: 28.631 Thread 0x0000020bd92af5b0 Exception <a 'java/lang/NoSuchMethodError'{0x00000000c2749e38}: 'java.lang.Object java.lang.invoke.DirectMethodHandle$Holder.newInvokeSpecial(java.lang.Object, java.lang.Object, int, java.lang.Object)'> (0x00000000c2749e38) 
thrown [s\src\hotspot\share\interpreter\linkResolver.cpp, line 774]
Event: 28.779 Thread 0x0000020bd472cb80 Exception <a 'java/lang/NoSuchMethodError'{0x00000000c263e4c8}: 'void java.lang.invoke.Invokers$Holder.invokeExact_MT(java.lang.Object, java.lang.Object, java.lang.Object, java.lang.Object)'> (0x00000000c263e4c8) 
thrown [s\src\hotspot\share\interpreter\linkResolver.cpp, line 774]
Event: 28.865 Thread 0x0000020bd472cb80 Exception <a 'java/lang/NoSuchMethodError'{0x00000000c2654118}: 'void java.lang.invoke.DirectMethodHandle$Holder.invokeSpecial(java.lang.Object, java.lang.Object, java.lang.Object, java.lang.Object, java.lang.Object)'> (0x00000000c2654118) 
thrown [s\src\hotspot\share\interpreter\linkResolver.cpp, line 774]
Event: 29.175 Thread 0x0000020bd472cb80 Exception <a 'java/lang/NoSuchMethodError'{0x00000000c2475230}: 'void java.lang.invoke.DirectMethodHandle$Holder.invokeSpecial(java.lang.Object, java.lang.Object, int, java.lang.Object)'> (0x00000000c2475230) 
thrown [s\src\hotspot\share\interpreter\linkResolver.cpp, line 774]
Event: 29.177 Thread 0x0000020bd472cb80 Exception <a 'java/lang/NoSuchMethodError'{0x00000000c247b838}: 'java.lang.Object java.lang.invoke.DirectMethodHandle$Holder.newInvokeSpecial(java.lang.Object, java.lang.Object, int)'> (0x00000000c247b838) 
thrown [s\src\hotspot\share\interpreter\linkResolver.cpp, line 774]

VM Operations (20 events):
Event: 29.870 Executing VM operation: HandshakeAllThreads
Event: 29.870 Executing VM operation: HandshakeAllThreads done
Event: 29.871 Executing VM operation: HandshakeAllThreads
Event: 29.871 Executing VM operation: HandshakeAllThreads done
Event: 29.913 Executing VM operation: HandshakeAllThreads
Event: 29.913 Executing VM operation: HandshakeAllThreads done
Event: 29.945 Executing VM operation: HandshakeAllThreads
Event: 29.945 Executing VM operation: HandshakeAllThreads done
Event: 30.945 Executing VM operation: Cleanup
Event: 30.946 Executing VM operation: Cleanup done
Event: 33.967 Executing VM operation: Cleanup
Event: 33.967 Executing VM operation: Cleanup done
Event: 34.984 Executing VM operation: Cleanup
Event: 34.984 Executing VM operation: Cleanup done
Event: 35.745 Executing VM operation: G1CollectForAllocation
Event: 35.759 Executing VM operation: G1CollectForAllocation done
Event: 37.770 Executing VM operation: Cleanup
Event: 37.770 Executing VM operation: Cleanup done
Event: 38.782 Executing VM operation: Cleanup
Event: 38.782 Executing VM operation: Cleanup done

Events (20 events):
Event: 0.164 Thread 0x0000020bd46e24f0 Thread added: 0x0000020bd46e24f0
Event: 0.164 Thread 0x0000020bd46e2e20 Thread added: 0x0000020bd46e2e20
Event: 0.164 Thread 0x0000020bd46e3750 Thread added: 0x0000020bd46e3750
Event: 0.165 Thread 0x0000020bd46e4080 Thread added: 0x0000020bd46e4080
Event: 0.165 Thread 0x0000020bd46e4ce0 Thread added: 0x0000020bd46e4ce0
Event: 0.181 Thread 0x0000020bd4750ef0 Thread added: 0x0000020bd4750ef0
Event: 0.182 Thread 0x0000020bd47568a0 Thread added: 0x0000020bd47568a0
Event: 1.782 Thread 0x0000020bd47ae610 Thread added: 0x0000020bd47ae610
Event: 2.929 Thread 0x0000020bd8a08530 Thread added: 0x0000020bd8a08530
Event: 18.181 Thread 0x0000020bd8ed7ad0 Thread added: 0x0000020bd8ed7ad0
Event: 19.293 Thread 0x0000020bd472b840 Thread added: 0x0000020bd472b840
Event: 19.295 Thread 0x0000020bd472cb80 Thread added: 0x0000020bd472cb80
Event: 19.887 Thread 0x0000020bd8a38480 Thread added: 0x0000020bd8a38480
Event: 21.376 Thread 0x0000020bd9030b20 Thread added: 0x0000020bd9030b20
Event: 25.012 Thread 0x0000020bd8a834d0 Thread added: 0x0000020bd8a834d0
Event: 28.209 Thread 0x0000020bd9030b20 Thread exited: 0x0000020bd9030b20
Event: 28.291 Thread 0x0000020bd92af5b0 Thread added: 0x0000020bd92af5b0
Event: 28.631 Thread 0x0000020bd92b2580 Thread added: 0x0000020bd92b2580
Event: 28.632 Thread 0x0000020bd92b2030 Thread added: 0x0000020bd92b2030
Event: 33.946 Thread 0x0000020bd92b2030 Thread exited: 0x0000020bd92b2030


Dynamic libraries:
0x00007ff67b630000 - 0x00007ff67b63e000 	C:\Users\BARTON\.pydev_vscode\java19\jdk-19.0.2+7-jre\bin\java.exe
0x00007ffd9e8f0000 - 0x00007ffd9eae8000 	C:\WINDOWS\SYSTEM32\ntdll.dll
0x00007ffd9e050000 - 0x00007ffd9e112000 	C:\WINDOWS\System32\KERNEL32.DLL
0x00007ffd9c300000 - 0x00007ffd9c5f6000 	C:\WINDOWS\System32\KERNELBASE.dll
0x00007ffd9c0c0000 - 0x00007ffd9c1c0000 	C:\WINDOWS\System32\ucrtbase.dll
0x00007ffd93c00000 - 0x00007ffd93c17000 	C:\Users\BARTON\.pydev_vscode\java19\jdk-19.0.2+7-jre\bin\jli.dll
0x00007ffd9e120000 - 0x00007ffd9e2bd000 	C:\WINDOWS\System32\USER32.dll
0x00007ffd9c1c0000 - 0x00007ffd9c1e2000 	C:\WINDOWS\System32\win32u.dll
0x00007ffd9c9f0000 - 0x00007ffd9ca1b000 	C:\WINDOWS\System32\GDI32.dll
0x00007ffd92e40000 - 0x00007ffd92e59000 	C:\Users\BARTON\.pydev_vscode\java19\jdk-19.0.2+7-jre\bin\VCRUNTIME140.dll
0x00007ffd9c600000 - 0x00007ffd9c71a000 	C:\WINDOWS\System32\gdi32full.dll
0x00007ffd9c720000 - 0x00007ffd9c7bd000 	C:\WINDOWS\System32\msvcp_win.dll
0x00007ffd88190000 - 0x00007ffd8842a000 	C:\WINDOWS\WinSxS\amd64_microsoft.windows.common-controls_6595b64144ccf1df_6.0.19041.5794_none_60bcd33171f2783c\COMCTL32.dll
0x00007ffd9e450000 - 0x00007ffd9e4ee000 	C:\WINDOWS\System32\msvcrt.dll
0x00007ffd9e370000 - 0x00007ffd9e39f000 	C:\WINDOWS\System32\IMM32.DLL
0x00007ffd94630000 - 0x00007ffd9463c000 	C:\Users\BARTON\.pydev_vscode\java19\jdk-19.0.2+7-jre\bin\vcruntime140_1.dll
0x00007ffd70920000 - 0x00007ffd709b1000 	C:\Users\BARTON\.pydev_vscode\java19\jdk-19.0.2+7-jre\bin\msvcp140.dll
0x00007ffd5f600000 - 0x00007ffd602f1000 	C:\Users\BARTON\.pydev_vscode\java19\jdk-19.0.2+7-jre\bin\server\jvm.dll
0x00007ffd9d750000 - 0x00007ffd9d7ff000 	C:\WINDOWS\System32\ADVAPI32.dll
0x00007ffd9d6b0000 - 0x00007ffd9d74f000 	C:\WINDOWS\System32\sechost.dll
0x00007ffd9cb00000 - 0x00007ffd9cc23000 	C:\WINDOWS\System32\RPCRT4.dll
0x00007ffd9c090000 - 0x00007ffd9c0b7000 	C:\WINDOWS\System32\bcrypt.dll
0x00007ffd94530000 - 0x00007ffd94539000 	C:\WINDOWS\SYSTEM32\WSOCK32.dll
0x00007ffd817c0000 - 0x00007ffd817e7000 	C:\WINDOWS\SYSTEM32\WINMM.dll
0x00007ffd9d800000 - 0x00007ffd9d86b000 	C:\WINDOWS\System32\WS2_32.dll
0x00007ffd94420000 - 0x00007ffd9442a000 	C:\WINDOWS\SYSTEM32\VERSION.dll
0x00007ffd9a7e0000 - 0x00007ffd9a7f2000 	C:\WINDOWS\SYSTEM32\kernel.appcore.dll
0x00007ffd93d30000 - 0x00007ffd93d3a000 	C:\Users\BARTON\.pydev_vscode\java19\jdk-19.0.2+7-jre\bin\jimage.dll
0x00007ffd9a480000 - 0x00007ffd9a681000 	C:\WINDOWS\SYSTEM32\DBGHELP.DLL
0x00007ffd7d1f0000 - 0x00007ffd7d224000 	C:\WINDOWS\SYSTEM32\dbgcore.DLL
0x00007ffd9c1f0000 - 0x00007ffd9c272000 	C:\WINDOWS\System32\bcryptPrimitives.dll
0x00007ffd87f80000 - 0x00007ffd87fa6000 	C:\Users\BARTON\.pydev_vscode\java19\jdk-19.0.2+7-jre\bin\java.dll
0x00007ffd65240000 - 0x00007ffd65316000 	C:\Users\BARTON\.pydev_vscode\java19\jdk-19.0.2+7-jre\bin\jsvml.dll
0x00007ffd9cc30000 - 0x00007ffd9d39e000 	C:\WINDOWS\System32\SHELL32.dll
0x00007ffd99c00000 - 0x00007ffd9a3a3000 	C:\WINDOWS\SYSTEM32\windows.storage.dll
0x00007ffd9e4f0000 - 0x00007ffd9e843000 	C:\WINDOWS\System32\combase.dll
0x00007ffd9b8f0000 - 0x00007ffd9b91b000 	C:\WINDOWS\SYSTEM32\Wldp.dll
0x00007ffd9c920000 - 0x00007ffd9c9ed000 	C:\WINDOWS\System32\OLEAUT32.dll
0x00007ffd9e3a0000 - 0x00007ffd9e44d000 	C:\WINDOWS\System32\SHCORE.dll
0x00007ffd9d650000 - 0x00007ffd9d6a5000 	C:\WINDOWS\System32\shlwapi.dll
0x00007ffd9bec0000 - 0x00007ffd9bee5000 	C:\WINDOWS\SYSTEM32\profapi.dll
0x00007ffd905f0000 - 0x00007ffd90603000 	C:\Users\BARTON\.pydev_vscode\java19\jdk-19.0.2+7-jre\bin\net.dll
0x00007ffd930d0000 - 0x00007ffd931da000 	C:\WINDOWS\SYSTEM32\WINHTTP.dll
0x00007ffd9b650000 - 0x00007ffd9b6bc000 	C:\WINDOWS\system32\mswsock.dll
0x00007ffd90010000 - 0x00007ffd90026000 	C:\Users\BARTON\.pydev_vscode\java19\jdk-19.0.2+7-jre\bin\nio.dll
0x00007ffd87f60000 - 0x00007ffd87f78000 	C:\Users\BARTON\.pydev_vscode\java19\jdk-19.0.2+7-jre\bin\zip.dll
0x00007ffd87130000 - 0x00007ffd8716e000 	C:\Users\BARTON\.vscode\extensions\fabioz.vscode-pydev-0.15.3\server\plugins\org.eclipse.equinox.launcher.win32.win32.x86_64_1.2.900.v20240213-1244\eclipse_11900.dll
0x00007ffd9dd10000 - 0x00007ffd9de3b000 	C:\WINDOWS\System32\ole32.dll
0x00007ffd93bf0000 - 0x00007ffd93bf9000 	C:\Users\BARTON\.pydev_vscode\java19\jdk-19.0.2+7-jre\bin\management.dll
0x00007ffd87590000 - 0x00007ffd8759b000 	C:\Users\BARTON\.pydev_vscode\java19\jdk-19.0.2+7-jre\bin\management_ext.dll
0x00007ffd9de40000 - 0x00007ffd9de48000 	C:\WINDOWS\System32\PSAPI.DLL

dbghelp: loaded successfully - version: 4.0.5 - missing functions: none
symbol engine: initialized successfully - sym options: 0x614 - pdb path: .;C:\Users\BARTON\.pydev_vscode\java19\jdk-19.0.2+7-jre\bin;C:\WINDOWS\SYSTEM32;C:\WINDOWS\WinSxS\amd64_microsoft.windows.common-controls_6595b64144ccf1df_6.0.19041.5794_none_60bcd33171f2783c;C:\Users\BARTON\.pydev_vscode\java19\jdk-19.0.2+7-jre\bin\server;C:\Users\BARTON\.vscode\extensions\fabioz.vscode-pydev-0.15.3\server\plugins\org.eclipse.equinox.launcher.win32.win32.x86_64_1.2.900.v20240213-1244

VM Arguments:
jvm_args: --add-modules=ALL-SYSTEM --add-opens=java.base/java.util=ALL-UNNAMED --add-opens=java.base/java.lang=ALL-UNNAMED -Declipse.application=org.python.pydev.pydev_lsp.application -Dosgi.bundles.defaultStartLevel=4 -Declipse.product=org.python.pydev.pydev_lsp.product -Xmx1G -XX:+UseG1GC -XX:+UseStringDeduplication 
java_command: c:\Users\BARTON\.vscode\extensions\fabioz.vscode-pydev-0.15.3\server\plugins\org.eclipse.equinox.launcher_1.6.700.v20240213-1244.jar -configuration c:\Users\BARTON\.vscode\extensions\fabioz.vscode-pydev-0.15.3\server\config_win -data c:\Users\BARTON\AppData\Roaming\Code\User\workspaceStorage\2a3cce2c050f555b2213988c11b6fd1b\fabioz.vscode-pydev\pydev_ws
java_class_path (initial): c:\Users\BARTON\.vscode\extensions\fabioz.vscode-pydev-0.15.3\server\plugins\org.eclipse.equinox.launcher_1.6.700.v20240213-1244.jar
Launcher Type: SUN_STANDARD

[Global flags]
     intx CICompilerCount                          = 2                                         {product} {ergonomic}
     uint ConcGCThreads                            = 1                                         {product} {ergonomic}
     uint G1ConcRefinementThreads                  = 2                                         {product} {ergonomic}
   size_t G1HeapRegionSize                         = 1048576                                   {product} {ergonomic}
    uintx GCDrainStackTargetSize                   = 64                                        {product} {ergonomic}
   size_t InitialHeapSize                          = 65011712                                  {product} {ergonomic}
   size_t MarkStackSize                            = 4194304                                   {product} {ergonomic}
   size_t MaxHeapSize                              = 1073741824                                {product} {command line}
   size_t MaxNewSize                               = 643825664                                 {product} {ergonomic}
   size_t MinHeapDeltaBytes                        = 1048576                                   {product} {ergonomic}
   size_t MinHeapSize                              = 8388608                                   {product} {ergonomic}
    uintx NonNMethodCodeHeapSize                   = 5826188                                {pd product} {ergonomic}
    uintx NonProfiledCodeHeapSize                  = 122916026                              {pd product} {ergonomic}
    uintx ProfiledCodeHeapSize                     = 122916026                              {pd product} {ergonomic}
    uintx ReservedCodeCacheSize                    = 251658240                              {pd product} {ergonomic}
     bool SegmentedCodeCache                       = true                                      {product} {ergonomic}
   size_t SoftMaxHeapSize                          = 1073741824                             {manageable} {ergonomic}
     bool UseCompressedClassPointers               = true                           {product lp64_product} {ergonomic}
     bool UseCompressedOops                        = true                           {product lp64_product} {ergonomic}
     bool UseG1GC                                  = true                                      {product} {command line}
     bool UseLargePagesIndividualAllocation        = false                                  {pd product} {ergonomic}
     bool UseStringDeduplication                   = true                                      {product} {command line}

Logging:
Log output configuration:
 #0: stdout all=warning uptime,level,tags foldmultilines=false
 #1: stderr all=off uptime,level,tags foldmultilines=false

Environment Variables:
PATH=C:\Program Files\Common Files\Oracle\Java\javapath;C:\Program Files\Python312\Scripts\;C:\Program Files\Python312\;C:\WINDOWS\system32;C:\WINDOWS;C:\WINDOWS\System32\Wbem;C:\WINDOWS\System32\WindowsPowerShell\v1.0\;C:\WINDOWS\System32\OpenSSH\;C:\Program Files\nodejs\;C:\Users\BARTON\AppData\Local\Microsoft\WindowsApps;C:\Users\BARTON\AppData\Local\Programs\Microsoft VS Code\bin;C:\Users\BARTON\AppData\Roaming\npm
USERNAME=BARTON
OS=Windows_NT
PROCESSOR_IDENTIFIER=Intel64 Family 6 Model 156 Stepping 0, GenuineIntel
TMP=C:\Users\BARTON\AppData\Local\Temp
TEMP=C:\Users\BARTON\AppData\Local\Temp



---------------  S Y S T E M  ---------------

OS:
 Windows 10 , 64 bit Build 19041 (10.0.19041.5794)
OS uptime: 0 days 0:11 hours

CPU: total 2 (initial active 2) (2 cores per cpu, 1 threads per core) family 6 model 156 stepping 0 microcode 0x1d, cx8, cmov, fxsr, mmx, 3dnowpref, sse, sse2, sse3, ssse3, sse4.1, sse4.2, popcnt, tsc, tscinvbit, aes, erms, clmul, sha, clflush, clflushopt, clwb, rdtscp, rdpid

Memory: 4k page, system-wide physical 3933M (111M free)
TotalPageFile size 5576M (AvailPageFile size 6M)
current process WorkingSet (physical memory assigned to process): 105M, peak: 109M
current process commit charge ("private bytes"): 153M, peak: 157M

vm_info: OpenJDK 64-Bit Server VM (19.0.2+7) for windows-amd64 JRE (19.0.2+7), built on 2023-01-17T00:00:00Z by "temurin" with MS VC++ 16.7 (VS2019)

END.
