#
# There is insufficient memory for the Java Runtime Environment to continue.
# Native memory allocation (malloc) failed to allocate 381056 bytes for Chunk::new
# Possible reasons:
#   The system is out of physical RAM or swap space
#   The process is running with CompressedOops enabled, and the Java Heap may be blocking the growth of the native heap
# Possible solutions:
#   Reduce memory load on the system
#   Increase physical memory or swap space
#   Check if swap backing store is full
#   Decrease Java heap size (-Xmx/-Xms)
#   Decrease number of Java threads
#   Decrease Java thread stack sizes (-Xss)
#   Set larger code cache with -XX:ReservedCodeCacheSize=
#   JVM is running with Unscaled Compressed Oops mode in which the Java heap is
#     placed in the first 4GB address space. The Java Heap base address is the
#     maximum limit for the native heap growth. Please use -XX:HeapBaseMinAddress
#     to set the Java Heap base and to place the Java Heap above 4GB virtual address.
# This output file may be truncated or incomplete.
#
#  Out of Memory Error (arena.cpp:184), pid=10428, tid=11252
#
# JRE version: OpenJDK Runtime Environment Temurin-19.0.2+7 (19.0.2+7) (build 19.0.2+7)
# Java VM: OpenJDK 64-Bit Server VM Temurin-19.0.2+7 (19.0.2+7, mixed mode, sharing, tiered, compressed oops, compressed class ptrs, g1 gc, windows-amd64)
# No core dump will be written. Minidumps are not enabled by default on client versions of Windows
#

---------------  S U M M A R Y ------------

Command Line: --add-modules=ALL-SYSTEM --add-opens=java.base/java.util=ALL-UNNAMED --add-opens=java.base/java.lang=ALL-UNNAMED -Declipse.application=org.python.pydev.pydev_lsp.application -Dosgi.bundles.defaultStartLevel=4 -Declipse.product=org.python.pydev.pydev_lsp.product -Xmx1G -XX:+UseG1GC -XX:+UseStringDeduplication c:\Users\BARTON\.vscode\extensions\fabioz.vscode-pydev-0.15.3\server\plugins\org.eclipse.equinox.launcher_1.6.700.v20240213-1244.jar -configuration c:\Users\BARTON\.vscode\extensions\fabioz.vscode-pydev-0.15.3\server\config_win -data c:\Users\BARTON\AppData\Roaming\Code\User\workspaceStorage\2a3cce2c050f555b2213988c11b6fd1b\fabioz.vscode-pydev\pydev_ws

Host: Intel(R) Celeron(R) N4500 @ 1.10GHz, 2 cores, 3G,  Windows 10 , 64 bit Build 19041 (10.0.19041.5794)
Time: Thu Jul 17 01:30:31 2025 Paris, Madrid (heure duild 19041 (10.0.19041.5794) elapsed time: 2808.267561 seconds (0d 0h 46m 48s)

---------------  T H R E A D  ---------------

Current thread (0x000001fb448f0960):  JavaThread "C2 CompilerThread0" daemon [_thread_in_native, id=11252, stack(0x0000009507200000,0x0000009507300000)]


Current CompileTask:
C2:2808267 7870       4       java.io.BufferedReader::fill (170 bytes)

Stack: [0x0000009507200000,0x0000009507300000]
Native frames: (J=compiled Java code, j=interpreted, Vv=VM code, C=native code)
V  [jvm.dll+0x6e9e1a]
V  [jvm.dll+0x8a36c0]
V  [jvm.dll+0x8a50ae]
V  [jvm.dll+0x8a5763]
V  [jvm.dll+0x27bcdf]
V  [jvm.dll+0xc221f]
V  [jvm.dll+0xc2595]
V  [jvm.dll+0x3b7d9b]
V  [jvm.dll+0x1e6762]
V  [jvm.dll+0x24542d]
V  [jvm.dll+0x244671]
V  [jvm.dll+0x1cf4b1]
V  [jvm.dll+0x254229]
V  [jvm.dll+0x252418]
V  [jvm.dll+0x85403d]
V  [jvm.dll+0x84de3a]
V  [jvm.dll+0x6e8abb]
C  [ucrtbase.dll+0x21bb2]
C  [KERNEL32.DLL+0x17374]
C  [ntdll.dll+0x4cc91]


---------------  P R O C E S S  ---------------

Threads class SMR info:
_java_thread_list=0x000001fb4a935270, length=25, elements={
0x000001fb29c8dfb0, 0x000001fb2bf6e940, 0x000001fb448e2f90, 0x000001fb448ec160,
0x000001fb448eca90, 0x000001fb448ed3c0, 0x000001fb448efd00, 0x000001fb448f0960,
0x000001fb44940bb0, 0x000001fb4495c900, 0x000001fb44987f10, 0x000001fb48d2d9e0,
0x000001fb49188f00, 0x000001fb48f17280, 0x000001fb48f177c0, 0x000001fb493ca900,
0x000001fb493f0300, 0x000001fb498248a0, 0x000001fb49825de0, 0x000001fb49825340,
0x000001fb49822e10, 0x000001fb4a244ae0, 0x000001fb4a2435a0, 0x000001fb4a244040,
0x000001fb49f74570
}

Java Threads: ( => current thread )
  0x000001fb29c8dfb0 JavaThread "main" [_thread_blocked, id=9692, stack(0x0000009506400000,0x0000009506500000)]
  0x000001fb2bf6e940 JavaThread "Reference Handler" daemon [_thread_blocked, id=11256, stack(0x0000009506c00000,0x0000009506d00000)]
  0x000001fb448e2f90 JavaThread "Finalizer" daemon [_thread_blocked, id=11296, stack(0x0000009506d00000,0x0000009506e00000)]
  0x000001fb448ec160 JavaThread "Signal Dispatcher" daemon [_thread_blocked, id=11120, stack(0x0000009506e00000,0x0000009506f00000)]
  0x000001fb448eca90 JavaThread "Attach Listener" daemon [_thread_blocked, id=2808, stack(0x0000009506f00000,0x0000009507000000)]
  0x000001fb448ed3c0 JavaThread "Service Thread" daemon [_thread_blocked, id=7616, stack(0x0000009507000000,0x0000009507100000)]
  0x000001fb448efd00 JavaThread "Monitor Deflation Thread" daemon [_thread_blocked, id=11900, stack(0x0000009507100000,0x0000009507200000)]
=>0x000001fb448f0960 JavaThread "C2 CompilerThread0" daemon [_thread_in_native, id=11252, stack(0x0000009507200000,0x0000009507300000)]
  0x000001fb44940bb0 JavaThread "C1 CompilerThread0" daemon [_thread_blocked, id=7192, stack(0x0000009507300000,0x0000009507400000)]
  0x000001fb4495c900 JavaThread "Sweeper thread" daemon [_thread_blocked, id=6420, stack(0x0000009507400000,0x0000009507500000)]
  0x000001fb44987f10 JavaThread "Common-Cleaner" daemon [_thread_blocked, id=9160, stack(0x0000009507500000,0x0000009507600000)]
  0x000001fb48d2d9e0 JavaThread "Notification Thread" daemon [_thread_blocked, id=12048, stack(0x0000009507600000,0x0000009507700000)]
  0x000001fb49188f00 JavaThread "Active Thread: Equinox Container: 0f09cd02-5f81-4865-bfbf-b0efc0bf4437" [_thread_blocked, id=12088, stack(0x0000009507900000,0x0000009507a00000)]
  0x000001fb48f17280 JavaThread "Framework Event Dispatcher: Equinox Container: 0f09cd02-5f81-4865-bfbf-b0efc0bf4437" daemon [_thread_blocked, id=7416, stack(0x0000009507a00000,0x0000009507b00000)]
  0x000001fb48f177c0 JavaThread "Start Level: Equinox Container: 0f09cd02-5f81-4865-bfbf-b0efc0bf4437" daemon [_thread_blocked, id=11300, stack(0x0000009507b00000,0x0000009507c00000)]
  0x000001fb493ca900 JavaThread "SCR Component Actor" daemon [_thread_blocked, id=7936, stack(0x0000009507c00000,0x0000009507d00000)]
  0x000001fb493f0300 JavaThread "Worker-JM" [_thread_blocked, id=8760, stack(0x0000009507e00000,0x0000009507f00000)]
  0x000001fb498248a0 JavaThread "Worker-1" [_thread_blocked, id=2696, stack(0x0000009508000000,0x0000009508100000)]
  0x000001fb49825de0 JavaThread "pool-2-thread-1" [_thread_in_native, id=6672, stack(0x0000009508200000,0x0000009508300000)]
  0x000001fb49825340 JavaThread "pool-1-thread-1" [_thread_in_native, id=11692, stack(0x0000009508400000,0x0000009508500000)]
  0x000001fb49822e10 JavaThread "Thread-12" daemon [_thread_blocked, id=6352, stack(0x0000009507d00000,0x0000009507e00000)]
  0x000001fb4a244ae0 JavaThread "Worker-6" [_thread_blocked, id=7260, stack(0x0000009508c00000,0x0000009508d00000)]
  0x000001fb4a2435a0 JavaThread "Shell reader (stdout)" daemon [_thread_in_native, id=7268, stack(0x0000009508800000,0x0000009508900000)]
  0x000001fb4a244040 JavaThread "Shell reader (stderr)" daemon [_thread_in_native, id=8072, stack(0x0000009508900000,0x0000009508a00000)]
  0x000001fb49f74570 JavaThread "Worker-7" [_thread_blocked, id=11348, stack(0x0000009506300000,0x0000009506400000)]

Other Threads:
  0x000001fb2bf68310 VMThread "VM Thread" [stack: 0x0000009506b00000,0x0000009506c00000] [id=6736]
  0x000001fb48d2e730 WatcherThread "VM Periodic Task Thread" [stack: 0x0000009507700000,0x0000009507800000] [id=3388]
  0x000001fb2bee8a20 WorkerThread "GC Thread#0" [stack: 0x0000009506500000,0x0000009506600000] [id=3400]
  0x000001fb48f3ab90 WorkerThread "GC Thread#1" [stack: 0x0000009507800000,0x0000009507900000] [id=4756]
  0x000001fb2bef1890 ConcurrentGCThread "G1 Main Marker" [stack: 0x0000009506600000,0x0000009506700000] [id=4352]
  0x000001fb2bef21d0 WorkerThread "G1 Conc#0" [stack: 0x0000009506700000,0x0000009506800000] [id=2640]
  0x000001fb2bf38b70 ConcurrentGCThread "G1 Refine#0" [stack: 0x0000009506800000,0x0000009506900000] [id=9604]
  0x000001fb2bf39760 ConcurrentGCThread "G1 Service" [stack: 0x0000009506900000,0x0000009506a00000] [id=5464]
  0x000001fb2bf64b40 ConcurrentGCThread "StringDedupProcessor" [stack: 0x0000009506a00000,0x0000009506b00000] [id=11872]

Threads with active compile tasks:
C2 CompilerThread0  2808325 7870       4       java.io.BufferedReader::fill (170 bytes)

VM state: not at safepoint (normal execution)

VM Mutex/Monitor currently owned by a thread: None

Heap address: 0x00000000c0000000, size: 1024 MB, Compressed Oops mode: 32-bit

CDS archive(s) mapped at: [0x0000000800000000-0x0000000800ad0000-0x0000000800ad0000), size 11337728, SharedBaseAddress: 0x0000000800000000, ArchiveRelocationMode: 0.
Compressed class space mapped at: 0x0000000800c00000-0x0000000840c00000, reserved size: 1073741824
Narrow klass base: 0x0000000800000000, Narrow klass shift: 0, Narrow klass range: 0x100000000

GC Precious Log:
 CardTable entry size: 512
 Card Set container configuration: InlinePtr #cards 5 size 8 Array Of Cards #cards 12 size 40 Howl #buckets 4 coarsen threshold 1843 Howl Bitmap #cards 512 size 80 coarsen threshold 460 Card regions per heap region 1 cards per card region 2048
 CPUs: 2 total, 2 available
 Memory: 3933M
 Large Page Support: Disabled
 NUMA Support: Disabled
 Compressed Oops: Enabled (32-bit)
 Heap Region Size: 1M
 Heap Min Capacity: 8M
 Heap Initial Capacity: 62M
 Heap Max Capacity: 1G
 Pre-touch: Disabled
 Parallel Workers: 2
 Concurrent Workers: 1
 Concurrent Refinement Workers: 2
 Periodic GC: Disabled
 String Deduplication is enabled

Heap:
 garbage-first heap   total 119808K, used 65328K [0x00000000c0000000, 0x0000000100000000)
  region size 1024K, 34 young (34816K), 1 survivors (1024K)
 Metaspace       used 28960K, committed 29760K, reserved 1114112K
  class space    used 2772K, committed 3136K, reserved 1048576K

Heap Regions: E=young(eden), S=young(survivor), O=old, HS=humongous(starts), HC=humongous(continues), CS=collection set, F=free, OA=open archive, CA=closed archive, TAMS=top-at-mark-start (previous, next)
|   0|0x00000000c0000000, 0x00000000c0100000, 0x00000000c0100000|100%| O|  |TAMS 0x00000000c0100000, 0x00000000c0000000| Untracked 
|   1|0x00000000c0100000, 0x00000000c0200000, 0x00000000c0200000|100%| O|  |TAMS 0x00000000c0200000, 0x00000000c0100000| Untracked 
|   2|0x00000000c0200000, 0x00000000c0300000, 0x00000000c0300000|100%| O|  |TAMS 0x00000000c0300000, 0x00000000c0200000| Untracked 
|   3|0x00000000c0300000, 0x00000000c0300000, 0x00000000c0400000|  0%| F|  |TAMS 0x00000000c0300000, 0x00000000c0300000| Untracked 
|   4|0x00000000c0400000, 0x00000000c0500000, 0x00000000c0500000|100%| O|  |TAMS 0x00000000c0500000, 0x00000000c0400000| Untracked 
|   5|0x00000000c0500000, 0x00000000c0600000, 0x00000000c0600000|100%| O|  |TAMS 0x00000000c0600000, 0x00000000c0500000| Untracked 
|   6|0x00000000c0600000, 0x00000000c0700000, 0x00000000c0700000|100%| O|  |TAMS 0x00000000c0700000, 0x00000000c0600000| Untracked 
|   7|0x00000000c0700000, 0x00000000c0800000, 0x00000000c0800000|100%| O|  |TAMS 0x00000000c0800000, 0x00000000c0700000| Untracked 
|   8|0x00000000c0800000, 0x00000000c0900000, 0x00000000c0900000|100%| O|  |TAMS 0x00000000c0900000, 0x00000000c0800000| Untracked 
|   9|0x00000000c0900000, 0x00000000c0900000, 0x00000000c0a00000|  0%| F|  |TAMS 0x00000000c0900000, 0x00000000c0900000| Untracked 
|  10|0x00000000c0a00000, 0x00000000c0b00000, 0x00000000c0b00000|100%| O|  |TAMS 0x00000000c0b00000, 0x00000000c0a00000| Untracked 
|  11|0x00000000c0b00000, 0x00000000c0c00000, 0x00000000c0c00000|100%| O|  |TAMS 0x00000000c0c00000, 0x00000000c0b00000| Untracked 
|  12|0x00000000c0c00000, 0x00000000c0d00000, 0x00000000c0d00000|100%| O|  |TAMS 0x00000000c0d00000, 0x00000000c0c00000| Untracked 
|  13|0x00000000c0d00000, 0x00000000c0e00000, 0x00000000c0e00000|100%| O|  |TAMS 0x00000000c0e00000, 0x00000000c0d00000| Untracked 
|  14|0x00000000c0e00000, 0x00000000c0ee3400, 0x00000000c0f00000| 88%| O|  |TAMS 0x00000000c0ee3400, 0x00000000c0e00000| Untracked 
|  15|0x00000000c0f00000, 0x00000000c1000000, 0x00000000c1000000|100%| O|  |TAMS 0x00000000c1000000, 0x00000000c0f00000| Untracked 
|  16|0x00000000c1000000, 0x00000000c1100000, 0x00000000c1100000|100%| O|  |TAMS 0x00000000c1100000, 0x00000000c1000000| Untracked 
|  17|0x00000000c1100000, 0x00000000c1200000, 0x00000000c1200000|100%| O|  |TAMS 0x00000000c1200000, 0x00000000c1100000| Untracked 
|  18|0x00000000c1200000, 0x00000000c1300000, 0x00000000c1300000|100%| O|  |TAMS 0x00000000c1300000, 0x00000000c1200000| Untracked 
|  19|0x00000000c1300000, 0x00000000c1400000, 0x00000000c1400000|100%| O|  |TAMS 0x00000000c1400000, 0x00000000c1300000| Untracked 
|  20|0x00000000c1400000, 0x00000000c1500000, 0x00000000c1500000|100%| O|  |TAMS 0x00000000c1500000, 0x00000000c1400000| Untracked 
|  21|0x00000000c1500000, 0x00000000c1600000, 0x00000000c1600000|100%| O|  |TAMS 0x00000000c1600000, 0x00000000c1500000| Untracked 
|  22|0x00000000c1600000, 0x00000000c1700000, 0x00000000c1700000|100%| O|  |TAMS 0x00000000c1700000, 0x00000000c1600000| Untracked 
|  23|0x00000000c1700000, 0x00000000c176ce00, 0x00000000c1800000| 42%| O|  |TAMS 0x00000000c176ce00, 0x00000000c1700000| Complete 
|  24|0x00000000c1800000, 0x00000000c1900000, 0x00000000c1900000|100%| O|  |TAMS 0x00000000c1900000, 0x00000000c1800000| Untracked 
|  25|0x00000000c1900000, 0x00000000c19f1800, 0x00000000c1a00000| 94%| O|  |TAMS 0x00000000c19f1800, 0x00000000c1900000| Untracked 
|  26|0x00000000c1a00000, 0x00000000c1a00000, 0x00000000c1b00000|  0%| F|  |TAMS 0x00000000c1a00000, 0x00000000c1a00000| Untracked 
|  27|0x00000000c1b00000, 0x00000000c1b00000, 0x00000000c1c00000|  0%| F|  |TAMS 0x00000000c1b00000, 0x00000000c1b00000| Untracked 
|  28|0x00000000c1c00000, 0x00000000c1c00000, 0x00000000c1d00000|  0%| F|  |TAMS 0x00000000c1c00000, 0x00000000c1c00000| Untracked 
|  29|0x00000000c1d00000, 0x00000000c1d00000, 0x00000000c1e00000|  0%| F|  |TAMS 0x00000000c1d00000, 0x00000000c1d00000| Untracked 
|  30|0x00000000c1e00000, 0x00000000c1f00000, 0x00000000c1f00000|100%| O|  |TAMS 0x00000000c1f00000, 0x00000000c1e00000| Untracked 
|  31|0x00000000c1f00000, 0x00000000c1f00000, 0x00000000c2000000|  0%| F|  |TAMS 0x00000000c1f00000, 0x00000000c1f00000| Untracked 
|  32|0x00000000c2000000, 0x00000000c2000000, 0x00000000c2100000|  0%| F|  |TAMS 0x00000000c2000000, 0x00000000c2000000| Untracked 
|  33|0x00000000c2100000, 0x00000000c2100000, 0x00000000c2200000|  0%| F|  |TAMS 0x00000000c2100000, 0x00000000c2100000| Untracked 
|  34|0x00000000c2200000, 0x00000000c2300000, 0x00000000c2300000|100%| O|  |TAMS 0x00000000c2300000, 0x00000000c2200000| Untracked 
|  35|0x00000000c2300000, 0x00000000c2300000, 0x00000000c2400000|  0%| F|  |TAMS 0x00000000c2300000, 0x00000000c2300000| Untracked 
|  36|0x00000000c2400000, 0x00000000c2400000, 0x00000000c2500000|  0%| F|  |TAMS 0x00000000c2400000, 0x00000000c2400000| Untracked 
|  37|0x00000000c2500000, 0x00000000c2500000, 0x00000000c2600000|  0%| F|  |TAMS 0x00000000c2500000, 0x00000000c2500000| Untracked 
|  38|0x00000000c2600000, 0x00000000c2600000, 0x00000000c2700000|  0%| F|  |TAMS 0x00000000c2600000, 0x00000000c2600000| Untracked 
|  39|0x00000000c2700000, 0x00000000c2700000, 0x00000000c2800000|  0%| F|  |TAMS 0x00000000c2700000, 0x00000000c2700000| Untracked 
|  40|0x00000000c2800000, 0x00000000c2800000, 0x00000000c2900000|  0%| F|  |TAMS 0x00000000c2800000, 0x00000000c2800000| Untracked 
|  41|0x00000000c2900000, 0x00000000c298a818, 0x00000000c2a00000| 54%| S|CS|TAMS 0x00000000c2900000, 0x00000000c2900000| Complete 
|  42|0x00000000c2a00000, 0x00000000c2b00000, 0x00000000c2b00000|100%| O|  |TAMS 0x00000000c2b00000, 0x00000000c2a00000| Complete 
|  43|0x00000000c2b00000, 0x00000000c2b00000, 0x00000000c2c00000|  0%| F|  |TAMS 0x00000000c2b00000, 0x00000000c2b00000| Untracked 
|  44|0x00000000c2c00000, 0x00000000c2c00000, 0x00000000c2d00000|  0%| F|  |TAMS 0x00000000c2c00000, 0x00000000c2c00000| Untracked 
|  45|0x00000000c2d00000, 0x00000000c2e00000, 0x00000000c2e00000|100%| O|  |TAMS 0x00000000c2e00000, 0x00000000c2d00000| Untracked 
|  46|0x00000000c2e00000, 0x00000000c2f00000, 0x00000000c2f00000|100%| O|  |TAMS 0x00000000c2f00000, 0x00000000c2e00000| Untracked 
|  47|0x00000000c2f00000, 0x00000000c3000000, 0x00000000c3000000|100%| O|  |TAMS 0x00000000c3000000, 0x00000000c2f00000| Untracked 
|  48|0x00000000c3000000, 0x00000000c3000000, 0x00000000c3100000|  0%| F|  |TAMS 0x00000000c3000000, 0x00000000c3000000| Untracked 
|  49|0x00000000c3100000, 0x00000000c3200000, 0x00000000c3200000|100%| O|  |TAMS 0x00000000c3200000, 0x00000000c3100000| Untracked 
|  50|0x00000000c3200000, 0x00000000c3300000, 0x00000000c3300000|100%| O|  |TAMS 0x00000000c3300000, 0x00000000c3200000| Untracked 
|  51|0x00000000c3300000, 0x00000000c3300000, 0x00000000c3400000|  0%| F|  |TAMS 0x00000000c3300000, 0x00000000c3300000| Untracked 
|  52|0x00000000c3400000, 0x00000000c3400000, 0x00000000c3500000|  0%| F|  |TAMS 0x00000000c3400000, 0x00000000c3400000| Untracked 
|  53|0x00000000c3500000, 0x00000000c3500000, 0x00000000c3600000|  0%| F|  |TAMS 0x00000000c3500000, 0x00000000c3500000| Untracked 
|  54|0x00000000c3600000, 0x00000000c3600000, 0x00000000c3700000|  0%| F|  |TAMS 0x00000000c3600000, 0x00000000c3600000| Untracked 
|  55|0x00000000c3700000, 0x00000000c3700000, 0x00000000c3800000|  0%| F|  |TAMS 0x00000000c3700000, 0x00000000c3700000| Untracked 
|  56|0x00000000c3800000, 0x00000000c3900000, 0x00000000c3900000|100%| O|  |TAMS 0x00000000c3900000, 0x00000000c3800000| Untracked 
|  57|0x00000000c3900000, 0x00000000c3900000, 0x00000000c3a00000|  0%| F|  |TAMS 0x00000000c3900000, 0x00000000c3900000| Untracked 
|  58|0x00000000c3a00000, 0x00000000c3a00000, 0x00000000c3b00000|  0%| F|  |TAMS 0x00000000c3a00000, 0x00000000c3a00000| Untracked 
|  59|0x00000000c3b00000, 0x00000000c3b00000, 0x00000000c3c00000|  0%| F|  |TAMS 0x00000000c3b00000, 0x00000000c3b00000| Untracked 
|  60|0x00000000c3c00000, 0x00000000c3c00000, 0x00000000c3d00000|  0%| F|  |TAMS 0x00000000c3c00000, 0x00000000c3c00000| Untracked 
|  61|0x00000000c3d00000, 0x00000000c3d00000, 0x00000000c3e00000|  0%| F|  |TAMS 0x00000000c3d00000, 0x00000000c3d00000| Untracked 
|  62|0x00000000c3e00000, 0x00000000c3e00000, 0x00000000c3f00000|  0%| F|  |TAMS 0x00000000c3e00000, 0x00000000c3e00000| Untracked 
|  63|0x00000000c3f00000, 0x00000000c3f00000, 0x00000000c4000000|  0%| F|  |TAMS 0x00000000c3f00000, 0x00000000c3f00000| Untracked 
|  64|0x00000000c4000000, 0x00000000c4000000, 0x00000000c4100000|  0%| F|  |TAMS 0x00000000c4000000, 0x00000000c4000000| Untracked 
|  65|0x00000000c4100000, 0x00000000c4100000, 0x00000000c4200000|  0%| F|  |TAMS 0x00000000c4100000, 0x00000000c4100000| Untracked 
|  66|0x00000000c4200000, 0x00000000c4200000, 0x00000000c4300000|  0%| F|  |TAMS 0x00000000c4200000, 0x00000000c4200000| Untracked 
|  67|0x00000000c4300000, 0x00000000c4300000, 0x00000000c4400000|  0%| F|  |TAMS 0x00000000c4300000, 0x00000000c4300000| Untracked 
|  68|0x00000000c4400000, 0x00000000c4400000, 0x00000000c4500000|  0%| F|  |TAMS 0x00000000c4400000, 0x00000000c4400000| Untracked 
|  69|0x00000000c4500000, 0x00000000c4500000, 0x00000000c4600000|  0%| F|  |TAMS 0x00000000c4500000, 0x00000000c4500000| Untracked 
|  70|0x00000000c4600000, 0x00000000c4600000, 0x00000000c4700000|  0%| F|  |TAMS 0x00000000c4600000, 0x00000000c4600000| Untracked 
|  71|0x00000000c4700000, 0x00000000c4700000, 0x00000000c4800000|  0%| F|  |TAMS 0x00000000c4700000, 0x00000000c4700000| Untracked 
|  72|0x00000000c4800000, 0x00000000c4800000, 0x00000000c4900000|  0%| F|  |TAMS 0x00000000c4800000, 0x00000000c4800000| Untracked 
|  73|0x00000000c4900000, 0x00000000c4900000, 0x00000000c4a00000|  0%| F|  |TAMS 0x00000000c4900000, 0x00000000c4900000| Untracked 
|  74|0x00000000c4a00000, 0x00000000c4a00000, 0x00000000c4b00000|  0%| F|  |TAMS 0x00000000c4a00000, 0x00000000c4a00000| Untracked 
|  75|0x00000000c4b00000, 0x00000000c4b00000, 0x00000000c4c00000|  0%| F|  |TAMS 0x00000000c4b00000, 0x00000000c4b00000| Untracked 
|  76|0x00000000c4c00000, 0x00000000c4c00000, 0x00000000c4d00000|  0%| F|  |TAMS 0x00000000c4c00000, 0x00000000c4c00000| Untracked 
|  77|0x00000000c4d00000, 0x00000000c4d00000, 0x00000000c4e00000|  0%| F|  |TAMS 0x00000000c4d00000, 0x00000000c4d00000| Untracked 
|  78|0x00000000c4e00000, 0x00000000c4e00000, 0x00000000c4f00000|  0%| F|  |TAMS 0x00000000c4e00000, 0x00000000c4e00000| Untracked 
|  79|0x00000000c4f00000, 0x00000000c4f00000, 0x00000000c5000000|  0%| F|  |TAMS 0x00000000c4f00000, 0x00000000c4f00000| Untracked 
|  80|0x00000000c5000000, 0x00000000c5000000, 0x00000000c5100000|  0%| F|  |TAMS 0x00000000c5000000, 0x00000000c5000000| Untracked 
|  81|0x00000000c5100000, 0x00000000c5100000, 0x00000000c5200000|  0%| F|  |TAMS 0x00000000c5100000, 0x00000000c5100000| Untracked 
|  82|0x00000000c5200000, 0x00000000c5200000, 0x00000000c5300000|  0%| F|  |TAMS 0x00000000c5200000, 0x00000000c5200000| Untracked 
|  83|0x00000000c5300000, 0x00000000c5300000, 0x00000000c5400000|  0%| F|  |TAMS 0x00000000c5300000, 0x00000000c5300000| Untracked 
|  84|0x00000000c5400000, 0x00000000c545f2a0, 0x00000000c5500000| 37%| E|  |TAMS 0x00000000c5400000, 0x00000000c5400000| Complete 
|  85|0x00000000c5500000, 0x00000000c5600000, 0x00000000c5600000|100%| E|CS|TAMS 0x00000000c5500000, 0x00000000c5500000| Complete 
|  86|0x00000000c5600000, 0x00000000c5700000, 0x00000000c5700000|100%| E|CS|TAMS 0x00000000c5600000, 0x00000000c5600000| Complete 
|  87|0x00000000c5700000, 0x00000000c5800000, 0x00000000c5800000|100%| E|CS|TAMS 0x00000000c5700000, 0x00000000c5700000| Complete 
|  88|0x00000000c5800000, 0x00000000c5900000, 0x00000000c5900000|100%| E|CS|TAMS 0x00000000c5800000, 0x00000000c5800000| Complete 
|  89|0x00000000c5900000, 0x00000000c5a00000, 0x00000000c5a00000|100%| E|CS|TAMS 0x00000000c5900000, 0x00000000c5900000| Complete 
|  90|0x00000000c5a00000, 0x00000000c5b00000, 0x00000000c5b00000|100%| E|CS|TAMS 0x00000000c5a00000, 0x00000000c5a00000| Complete 
|  91|0x00000000c5b00000, 0x00000000c5c00000, 0x00000000c5c00000|100%| E|CS|TAMS 0x00000000c5b00000, 0x00000000c5b00000| Complete 
|  92|0x00000000c5c00000, 0x00000000c5d00000, 0x00000000c5d00000|100%| E|CS|TAMS 0x00000000c5c00000, 0x00000000c5c00000| Complete 
|  93|0x00000000c5d00000, 0x00000000c5e00000, 0x00000000c5e00000|100%| E|CS|TAMS 0x00000000c5d00000, 0x00000000c5d00000| Complete 
|  94|0x00000000c5e00000, 0x00000000c5f00000, 0x00000000c5f00000|100%| E|CS|TAMS 0x00000000c5e00000, 0x00000000c5e00000| Complete 
|  95|0x00000000c5f00000, 0x00000000c6000000, 0x00000000c6000000|100%| E|CS|TAMS 0x00000000c5f00000, 0x00000000c5f00000| Complete 
|  96|0x00000000c6000000, 0x00000000c6100000, 0x00000000c6100000|100%| E|CS|TAMS 0x00000000c6000000, 0x00000000c6000000| Complete 
|  97|0x00000000c6100000, 0x00000000c6200000, 0x00000000c6200000|100%| E|CS|TAMS 0x00000000c6100000, 0x00000000c6100000| Complete 
|  98|0x00000000c6200000, 0x00000000c6300000, 0x00000000c6300000|100%| E|CS|TAMS 0x00000000c6200000, 0x00000000c6200000| Complete 
|  99|0x00000000c6300000, 0x00000000c6400000, 0x00000000c6400000|100%| E|CS|TAMS 0x00000000c6300000, 0x00000000c6300000| Complete 
| 100|0x00000000c6400000, 0x00000000c6500000, 0x00000000c6500000|100%| E|CS|TAMS 0x00000000c6400000, 0x00000000c6400000| Complete 
| 101|0x00000000c6500000, 0x00000000c6600000, 0x00000000c6600000|100%| E|CS|TAMS 0x00000000c6500000, 0x00000000c6500000| Complete 
| 102|0x00000000c6600000, 0x00000000c6700000, 0x00000000c6700000|100%| E|  |TAMS 0x00000000c6600000, 0x00000000c6600000| Complete 
| 103|0x00000000c6700000, 0x00000000c6800000, 0x00000000c6800000|100%| E|CS|TAMS 0x00000000c6700000, 0x00000000c6700000| Complete 
| 104|0x00000000c6800000, 0x00000000c6900000, 0x00000000c6900000|100%| E|CS|TAMS 0x00000000c6800000, 0x00000000c6800000| Complete 
| 105|0x00000000c6900000, 0x00000000c6a00000, 0x00000000c6a00000|100%| E|CS|TAMS 0x00000000c6900000, 0x00000000c6900000| Complete 
| 106|0x00000000c6a00000, 0x00000000c6b00000, 0x00000000c6b00000|100%| E|CS|TAMS 0x00000000c6a00000, 0x00000000c6a00000| Complete 
| 107|0x00000000c6b00000, 0x00000000c6c00000, 0x00000000c6c00000|100%| E|CS|TAMS 0x00000000c6b00000, 0x00000000c6b00000| Complete 
| 108|0x00000000c6c00000, 0x00000000c6d00000, 0x00000000c6d00000|100%| E|CS|TAMS 0x00000000c6c00000, 0x00000000c6c00000| Complete 
| 109|0x00000000c6d00000, 0x00000000c6e00000, 0x00000000c6e00000|100%| E|CS|TAMS 0x00000000c6d00000, 0x00000000c6d00000| Complete 
| 110|0x00000000c6e00000, 0x00000000c6f00000, 0x00000000c6f00000|100%| E|CS|TAMS 0x00000000c6e00000, 0x00000000c6e00000| Complete 
| 111|0x00000000c6f00000, 0x00000000c7000000, 0x00000000c7000000|100%| E|CS|TAMS 0x00000000c6f00000, 0x00000000c6f00000| Complete 
| 112|0x00000000c7000000, 0x00000000c7100000, 0x00000000c7100000|100%| E|CS|TAMS 0x00000000c7000000, 0x00000000c7000000| Complete 
| 113|0x00000000c7100000, 0x00000000c7200000, 0x00000000c7200000|100%| E|CS|TAMS 0x00000000c7100000, 0x00000000c7100000| Complete 
| 114|0x00000000c7200000, 0x00000000c7300000, 0x00000000c7300000|100%| E|CS|TAMS 0x00000000c7200000, 0x00000000c7200000| Complete 
| 115|0x00000000c7300000, 0x00000000c7400000, 0x00000000c7400000|100%| E|CS|TAMS 0x00000000c7300000, 0x00000000c7300000| Complete 
| 136|0x00000000c8800000, 0x00000000c8900000, 0x00000000c8900000|100%| E|CS|TAMS 0x00000000c8800000, 0x00000000c8800000| Complete 

Card table byte_map: [0x000001fb2bc70000,0x000001fb2be70000] _byte_map_base: 0x000001fb2b670000

Marking Bits (Prev, Next): (CMBitMap*) 0x000001fb2bee8fa0, (CMBitMap*) 0x000001fb2bee8f60
 Prev Bits: [0x000001fb41580000, 0x000001fb42580000)
 Next Bits: [0x000001fb40580000, 0x000001fb41580000)

Polling page: 0x000001fb29dd0000

Metaspace:

Usage:
  Non-class:     25.57 MB used.
      Class:      2.71 MB used.
       Both:     28.28 MB used.

Virtual space:
  Non-class space:       64.00 MB reserved,      26.00 MB ( 41%) committed,  1 nodes.
      Class space:        1.00 GB reserved,       3.06 MB ( <1%) committed,  1 nodes.
             Both:        1.06 GB reserved,      29.06 MB (  3%) committed. 

Chunk freelists:
   Non-Class:  1.60 MB
       Class:  995.00 KB
        Both:  2.57 MB

MaxMetaspaceSize: unlimited
CompressedClassSpaceSize: 1.00 GB
Initial GC threshold: 21.00 MB
Current GC threshold: 48.38 MB
CDS: on
MetaspaceReclaimPolicy: balanced
 - commit_granule_bytes: 65536.
 - commit_granule_words: 8192.
 - virtual_space_node_default_size: 8388608.
 - enlarge_chunks_in_place: 1.
 - new_chunks_are_fully_committed: 0.
 - uncommit_free_chunks: 1.
 - use_allocation_guard: 0.


Internal statistics:

num_allocs_failed_limit: 3.
num_arena_births: 890.
num_arena_deaths: 186.
num_vsnodes_births: 2.
num_vsnodes_deaths: 0.
num_space_committed: 465.
num_space_uncommitted: 0.
num_chunks_returned_to_freelist: 200.
num_chunks_taken_from_freelist: 2095.
num_chunk_merges: 46.
num_chunk_splits: 1285.
num_chunks_enlarged: 803.
num_inconsistent_stats: 0.

CodeHeap 'non-profiled nmethods': size=120064Kb used=4700Kb max_used=4981Kb free=115363Kb
 bounds [0x000001fb38e40000, 0x000001fb39320000, 0x000001fb40380000]
CodeHeap 'profiled nmethods': size=120000Kb used=13009Kb max_used=15109Kb free=106990Kb
 bounds [0x000001fb31380000, 0x000001fb32250000, 0x000001fb388b0000]
CodeHeap 'non-nmethods': size=5696Kb used=1367Kb max_used=1417Kb free=4328Kb
 bounds [0x000001fb388b0000, 0x000001fb38b20000, 0x000001fb38e40000]
 total_blobs=6760 nmethods=6158 adapters=512
 compilation: enabled
              stopped_count=0, restarted_count=0
 full_count=0

Compilation events (20 events):
Event: 2798.243 Thread 0x000001fb44940bb0 nmethod 7860 0x000001fb317f5310 code [0x000001fb317f5560, 0x000001fb317f5d88]
Event: 2798.430 Thread 0x000001fb448f0960 7861  s    4       java.lang.StringBuffer::append (13 bytes)
Event: 2798.436 Thread 0x000001fb448f0960 nmethod 7861 0x000001fb38f3ed90 code [0x000001fb38f3ef60, 0x000001fb38f3f670]
Event: 2798.745 Thread 0x000001fb448f0960 7862   !   4       sun.nio.cs.StreamDecoder::inReady (36 bytes)
Event: 2798.756 Thread 0x000001fb448f0960 nmethod 7862 0x000001fb39144590 code [0x000001fb391447c0, 0x000001fb39144ef0]
Event: 2802.058 Thread 0x000001fb448f0960 7863       4       java.io.BufferedReader::readLine (7 bytes)
Event: 2802.407 Thread 0x000001fb448f0960 nmethod 7863 0x000001fb390d9f90 code [0x000001fb390da6e0, 0x000001fb390e1c78]
Event: 2802.843 Thread 0x000001fb448f0960 7864       4       java.lang.String::checkBoundsOffCount (11 bytes)
Event: 2802.844 Thread 0x000001fb448f0960 nmethod 7864 0x000001fb391a9810 code [0x000001fb391a99a0, 0x000001fb391a9a58]
Event: 2804.144 Thread 0x000001fb448f0960 7865       4       java.lang.StringBuffer::<init> (7 bytes)
Event: 2804.145 Thread 0x000001fb448f0960 nmethod 7865 0x000001fb390fb690 code [0x000001fb390fb820, 0x000001fb390fb9d8]
Event: 2805.977 Thread 0x000001fb44940bb0 7866       3       org.python.pydev.shared_core.utils.internal.win32.CSVReader::parseLine (276 bytes)
Event: 2805.981 Thread 0x000001fb44940bb0 nmethod 7866 0x000001fb31b45390 code [0x000001fb31b45920, 0x000001fb31b48f98]
Event: 2806.922 Thread 0x000001fb44940bb0 7867       3       org.eclipse.core.internal.jobs.JobManager$$Lambda$141/0x0000000800d36e68::<init> (20 bytes)
Event: 2806.922 Thread 0x000001fb44940bb0 nmethod 7867 0x000001fb317f6410 code [0x000001fb317f65c0, 0x000001fb317f67f8]
Event: 2806.985 Thread 0x000001fb448f0960 7868       4       sun.nio.cs.StreamDecoder::lockedRead (189 bytes)
Event: 2807.028 Thread 0x000001fb448f0960 nmethod 7868 0x000001fb3904e590 code [0x000001fb3904e840, 0x000001fb3904f950]
Event: 2807.967 Thread 0x000001fb448f0960 7869   !   4       sun.nio.cs.StreamDecoder::read (78 bytes)
Event: 2807.972 Thread 0x000001fb448f0960 nmethod 7869 0x000001fb38f3e110 code [0x000001fb38f3e2e0, 0x000001fb38f3e760]
Event: 2808.217 Thread 0x000001fb448f0960 7870       4       java.io.BufferedReader::fill (170 bytes)

GC Heap History (20 events):
Event: 1436.973 GC heap before
{Heap before GC invocations=31 (full 0):
 garbage-first heap   total 126976K, used 99580K [0x00000000c0000000, 0x0000000100000000)
  region size 1024K, 65 young (66560K), 1 survivors (1024K)
 Metaspace       used 27899K, committed 28672K, reserved 1114112K
  class space    used 2728K, committed 3072K, reserved 1048576K
}
Event: 1436.976 GC heap after
{Heap after GC invocations=32 (full 0):
 garbage-first heap   total 126976K, used 35163K [0x00000000c0000000, 0x0000000100000000)
  region size 1024K, 1 young (1024K), 1 survivors (1024K)
 Metaspace       used 27899K, committed 28672K, reserved 1114112K
  class space    used 2728K, committed 3072K, reserved 1048576K
}
Event: 1783.015 GC heap before
{Heap before GC invocations=33 (full 0):
 garbage-first heap   total 126976K, used 101723K [0x00000000c0000000, 0x0000000100000000)
  region size 1024K, 67 young (68608K), 1 survivors (1024K)
 Metaspace       used 28070K, committed 28800K, reserved 1114112K
  class space    used 2699K, committed 3072K, reserved 1048576K
}
Event: 1783.018 GC heap after
{Heap after GC invocations=34 (full 0):
 garbage-first heap   total 126976K, used 35103K [0x00000000c0000000, 0x0000000100000000)
  region size 1024K, 1 young (1024K), 1 survivors (1024K)
 Metaspace       used 28070K, committed 28800K, reserved 1114112K
  class space    used 2699K, committed 3072K, reserved 1048576K
}
Event: 1783.469 GC heap before
{Heap before GC invocations=34 (full 0):
 garbage-first heap   total 126976K, used 40223K [0x00000000c0000000, 0x0000000100000000)
  region size 1024K, 6 young (6144K), 1 survivors (1024K)
 Metaspace       used 28084K, committed 28800K, reserved 1114112K
  class space    used 2699K, committed 3072K, reserved 1048576K
}
Event: 1783.485 GC heap after
{Heap after GC invocations=35 (full 0):
 garbage-first heap   total 126976K, used 34210K [0x00000000c0000000, 0x0000000100000000)
  region size 1024K, 1 young (1024K), 1 survivors (1024K)
 Metaspace       used 28084K, committed 28800K, reserved 1114112K
  class space    used 2699K, committed 3072K, reserved 1048576K
}
Event: 1927.416 GC heap before
{Heap before GC invocations=35 (full 0):
 garbage-first heap   total 126976K, used 103842K [0x00000000c0000000, 0x0000000100000000)
  region size 1024K, 69 young (70656K), 1 survivors (1024K)
 Metaspace       used 28491K, committed 29248K, reserved 1114112K
  class space    used 2752K, committed 3072K, reserved 1048576K
}
Event: 1927.428 GC heap after
{Heap after GC invocations=36 (full 0):
 garbage-first heap   total 126976K, used 34448K [0x00000000c0000000, 0x0000000100000000)
  region size 1024K, 1 young (1024K), 1 survivors (1024K)
 Metaspace       used 28491K, committed 29248K, reserved 1114112K
  class space    used 2752K, committed 3072K, reserved 1048576K
}
Event: 2100.491 GC heap before
{Heap before GC invocations=37 (full 0):
 garbage-first heap   total 126976K, used 105104K [0x00000000c0000000, 0x0000000100000000)
  region size 1024K, 70 young (71680K), 1 survivors (1024K)
 Metaspace       used 28671K, committed 29504K, reserved 1114112K
  class space    used 2767K, committed 3136K, reserved 1048576K
}
Event: 2100.496 GC heap after
{Heap after GC invocations=38 (full 0):
 garbage-first heap   total 126976K, used 34557K [0x00000000c0000000, 0x0000000100000000)
  region size 1024K, 1 young (1024K), 1 survivors (1024K)
 Metaspace       used 28671K, committed 29504K, reserved 1114112K
  class space    used 2767K, committed 3136K, reserved 1048576K
}
Event: 2101.217 GC heap before
{Heap before GC invocations=38 (full 0):
 garbage-first heap   total 126976K, used 39677K [0x00000000c0000000, 0x0000000100000000)
  region size 1024K, 6 young (6144K), 1 survivors (1024K)
 Metaspace       used 28673K, committed 29504K, reserved 1114112K
  class space    used 2767K, committed 3136K, reserved 1048576K
}
Event: 2101.234 GC heap after
{Heap after GC invocations=39 (full 0):
 garbage-first heap   total 126976K, used 33918K [0x00000000c0000000, 0x0000000100000000)
  region size 1024K, 1 young (1024K), 1 survivors (1024K)
 Metaspace       used 28673K, committed 29504K, reserved 1114112K
  class space    used 2767K, committed 3136K, reserved 1048576K
}
Event: 2288.491 GC heap before
{Heap before GC invocations=39 (full 0):
 garbage-first heap   total 126976K, used 105598K [0x00000000c0000000, 0x0000000100000000)
  region size 1024K, 72 young (73728K), 1 survivors (1024K)
 Metaspace       used 28887K, committed 29696K, reserved 1114112K
  class space    used 2773K, committed 3136K, reserved 1048576K
}
Event: 2288.495 GC heap after
{Heap after GC invocations=40 (full 0):
 garbage-first heap   total 126976K, used 34079K [0x00000000c0000000, 0x0000000100000000)
  region size 1024K, 1 young (1024K), 1 survivors (1024K)
 Metaspace       used 28887K, committed 29696K, reserved 1114112K
  class space    used 2773K, committed 3136K, reserved 1048576K
}
Event: 2485.709 GC heap before
{Heap before GC invocations=41 (full 0):
 garbage-first heap   total 119808K, used 104735K [0x00000000c0000000, 0x0000000100000000)
  region size 1024K, 70 young (71680K), 1 survivors (1024K)
 Metaspace       used 28930K, committed 29760K, reserved 1114112K
  class space    used 2776K, committed 3136K, reserved 1048576K
}
Event: 2485.716 GC heap after
{Heap after GC invocations=42 (full 0):
 garbage-first heap   total 119808K, used 34015K [0x00000000c0000000, 0x0000000100000000)
  region size 1024K, 1 young (1024K), 1 survivors (1024K)
 Metaspace       used 28930K, committed 29760K, reserved 1114112K
  class space    used 2776K, committed 3136K, reserved 1048576K
}
Event: 2491.652 GC heap before
{Heap before GC invocations=42 (full 0):
 garbage-first heap   total 119808K, used 38111K [0x00000000c0000000, 0x0000000100000000)
  region size 1024K, 5 young (5120K), 1 survivors (1024K)
 Metaspace       used 28931K, committed 29760K, reserved 1114112K
  class space    used 2776K, committed 3136K, reserved 1048576K
}
Event: 2491.668 GC heap after
{Heap after GC invocations=43 (full 0):
 garbage-first heap   total 119808K, used 33533K [0x00000000c0000000, 0x0000000100000000)
  region size 1024K, 1 young (1024K), 1 survivors (1024K)
 Metaspace       used 28931K, committed 29760K, reserved 1114112K
  class space    used 2776K, committed 3136K, reserved 1048576K
}
Event: 2645.767 GC heap before
{Heap before GC invocations=43 (full 0):
 garbage-first heap   total 119808K, used 101117K [0x00000000c0000000, 0x0000000100000000)
  region size 1024K, 68 young (69632K), 1 survivors (1024K)
 Metaspace       used 28949K, committed 29760K, reserved 1114112K
  class space    used 2776K, committed 3136K, reserved 1048576K
}
Event: 2645.770 GC heap after
{Heap after GC invocations=44 (full 0):
 garbage-first heap   total 119808K, used 33584K [0x00000000c0000000, 0x0000000100000000)
  region size 1024K, 1 young (1024K), 1 survivors (1024K)
 Metaspace       used 28949K, committed 29760K, reserved 1114112K
  class space    used 2776K, committed 3136K, reserved 1048576K
}

Dll operation events (10 events):
Event: 0.019 Loaded shared library C:\Users\BARTON\.pydev_vscode\java19\jdk-19.0.2+7-jre\bin\java.dll
Event: 0.056 Loaded shared library C:\Users\BARTON\.pydev_vscode\java19\jdk-19.0.2+7-jre\bin\jsvml.dll
Event: 0.213 Loaded shared library C:\Users\BARTON\.pydev_vscode\java19\jdk-19.0.2+7-jre\bin\net.dll
Event: 0.215 Loaded shared library C:\Users\BARTON\.pydev_vscode\java19\jdk-19.0.2+7-jre\bin\nio.dll
Event: 0.220 Loaded shared library C:\Users\BARTON\.pydev_vscode\java19\jdk-19.0.2+7-jre\bin\zip.dll
Event: 0.390 Loaded shared library C:\Users\BARTON\.pydev_vscode\java19\jdk-19.0.2+7-jre\bin\jimage.dll
Event: 3.104 Loaded shared library C:\Users\BARTON\.vscode\extensions\fabioz.vscode-pydev-0.15.3\server\plugins\org.eclipse.equinox.launcher.win32.win32.x86_64_1.2.900.v20240213-1244\eclipse_11900.dll
Event: 4.834 Loaded shared library C:\Users\BARTON\.vscode\extensions\fabioz.vscode-pydev-0.15.3\server\config_win\org.eclipse.osgi\13\0\.cp\os\win32\x86_64\localfile_1_0_0.dll
Event: 5.035 Loaded shared library C:\Users\BARTON\.vscode\extensions\fabioz.vscode-pydev-0.15.3\server\config_win\org.eclipse.osgi\16\0\.cp\os\win32\x86_64\win32refresh.dll
Event: 48.495 Loaded shared library C:\Users\BARTON\.pydev_vscode\java19\jdk-19.0.2+7-jre\bin\extnet.dll

Deoptimization events (20 events):
Event: 2797.062 Thread 0x000001fb49825de0 Uncommon trap: trap_request=0xffffffde fr.pc=0x000001fb391c2300 relative=0x0000000000000320
Event: 2797.062 Thread 0x000001fb49825de0 Uncommon trap: reason=class_check action=maybe_recompile pc=0x000001fb391c2300 method=java.io.BufferedReader.readLine(Z[Z)Ljava/lang/String; @ 6 c2
Event: 2797.062 Thread 0x000001fb49825de0 DEOPT PACKING pc=0x000001fb391c2300 sp=0x00000095082ff0d0
Event: 2797.062 Thread 0x000001fb49825de0 DEOPT UNPACKING pc=0x000001fb38916d9d sp=0x00000095082ff008 mode 2
Event: 2797.086 Thread 0x000001fb49825de0 Uncommon trap: trap_request=0xffffffde fr.pc=0x000001fb391c2300 relative=0x0000000000000320
Event: 2797.086 Thread 0x000001fb49825de0 Uncommon trap: reason=class_check action=maybe_recompile pc=0x000001fb391c2300 method=java.io.BufferedReader.readLine(Z[Z)Ljava/lang/String; @ 6 c2
Event: 2797.086 Thread 0x000001fb49825de0 DEOPT PACKING pc=0x000001fb391c2300 sp=0x00000095082ff0d0
Event: 2797.086 Thread 0x000001fb49825de0 DEOPT UNPACKING pc=0x000001fb38916d9d sp=0x00000095082ff008 mode 2
Event: 2797.089 Thread 0x000001fb49825de0 Uncommon trap: trap_request=0xffffffde fr.pc=0x000001fb391c2300 relative=0x0000000000000320
Event: 2797.089 Thread 0x000001fb49825de0 Uncommon trap: reason=class_check action=maybe_recompile pc=0x000001fb391c2300 method=java.io.BufferedReader.readLine(Z[Z)Ljava/lang/String; @ 6 c2
Event: 2797.089 Thread 0x000001fb49825de0 DEOPT PACKING pc=0x000001fb391c2300 sp=0x00000095082ff0d0
Event: 2797.089 Thread 0x000001fb49825de0 DEOPT UNPACKING pc=0x000001fb38916d9d sp=0x00000095082ff008 mode 2
Event: 2797.093 Thread 0x000001fb49825de0 Uncommon trap: trap_request=0xffffffde fr.pc=0x000001fb391c2d24 relative=0x0000000000000344
Event: 2797.093 Thread 0x000001fb49825de0 Uncommon trap: reason=class_check action=maybe_recompile pc=0x000001fb391c2d24 method=java.io.BufferedReader.readLine(Z[Z)Ljava/lang/String; @ 6 c2
Event: 2797.093 Thread 0x000001fb49825de0 DEOPT PACKING pc=0x000001fb391c2d24 sp=0x00000095082ff050
Event: 2797.093 Thread 0x000001fb49825de0 DEOPT UNPACKING pc=0x000001fb38916d9d sp=0x00000095082ff008 mode 2
Event: 2798.241 Thread 0x000001fb49825de0 Uncommon trap: trap_request=0xffffff45 fr.pc=0x000001fb390c986c relative=0x000000000000198c
Event: 2798.241 Thread 0x000001fb49825de0 Uncommon trap: reason=unstable_if action=reinterpret pc=0x000001fb390c986c method=java.lang.AbstractStringBuilder.appendChars([CII)V @ 43 c2
Event: 2798.241 Thread 0x000001fb49825de0 DEOPT PACKING pc=0x000001fb390c986c sp=0x00000095082fef40
Event: 2798.241 Thread 0x000001fb49825de0 DEOPT UNPACKING pc=0x000001fb38916d9d sp=0x00000095082fedc0 mode 2

Classes loaded (20 events):
Event: 351.393 Loading class java/io/ClassCache$CacheRef
Event: 351.393 Loading class java/io/ClassCache$CacheRef done
Event: 351.393 Loading class java/io/ObjectStreamClass$FieldReflectorKey
Event: 351.394 Loading class java/io/ObjectStreamClass$FieldReflectorKey done
Event: 351.394 Loading class java/io/ObjectStreamClass$FieldReflector
Event: 351.394 Loading class java/io/ObjectStreamClass$FieldReflector done
Event: 351.394 Loading class java/io/ObjectStreamClass$ClassDataSlot
Event: 351.394 Loading class java/io/ObjectStreamClass$ClassDataSlot done
Event: 351.394 Loading class java/io/ObjectInputStream$FieldValues
Event: 351.395 Loading class java/io/ObjectInputStream$GetField
Event: 351.395 Loading class java/io/ObjectInputStream$GetField done
Event: 351.395 Loading class java/io/ObjectInputStream$FieldValues done
Event: 351.395 Loading class java/io/SerialCallbackContext
Event: 351.395 Loading class java/io/SerialCallbackContext done
Event: 684.901 Loading class java/lang/foreign/MemorySegment
Event: 684.915 Loading class java/lang/foreign/Addressable
Event: 684.916 Loading class java/lang/foreign/Addressable done
Event: 684.916 Loading class java/lang/foreign/MemorySegment done
Event: 2796.144 Loading class java/io/FileReader
Event: 2796.162 Loading class java/io/FileReader done

Classes unloaded (20 events):
Event: 1437.085 Thread 0x000001fb2bf68310 Unloading class 0x0000000800c1a800 'java/lang/invoke/LambdaForm$MH+0x0000000800c1a800'
Event: 1437.085 Thread 0x000001fb2bf68310 Unloading class 0x0000000800c1a400 'java/lang/invoke/LambdaForm$MH+0x0000000800c1a400'
Event: 1437.085 Thread 0x000001fb2bf68310 Unloading class 0x0000000800c19000 'java/lang/invoke/LambdaForm$MH+0x0000000800c19000'
Event: 1437.085 Thread 0x000001fb2bf68310 Unloading class 0x0000000800c18c00 'java/lang/invoke/LambdaForm$MH+0x0000000800c18c00'
Event: 1437.085 Thread 0x000001fb2bf68310 Unloading class 0x0000000800c18800 'java/lang/invoke/LambdaForm$MH+0x0000000800c18800'
Event: 1437.085 Thread 0x000001fb2bf68310 Unloading class 0x0000000800c09800 'java/lang/invoke/LambdaForm$MH+0x0000000800c09800'
Event: 1437.085 Thread 0x000001fb2bf68310 Unloading class 0x0000000800c09400 'java/lang/invoke/LambdaForm$MH+0x0000000800c09400'
Event: 1437.086 Thread 0x000001fb2bf68310 Unloading class 0x0000000800c06400 'java/lang/invoke/LambdaForm$MH+0x0000000800c06400'
Event: 1437.086 Thread 0x000001fb2bf68310 Unloading class 0x0000000800c06000 'java/lang/invoke/LambdaForm$MH+0x0000000800c06000'
Event: 1437.086 Thread 0x000001fb2bf68310 Unloading class 0x0000000800c01800 'java/lang/invoke/LambdaForm$MH+0x0000000800c01800'
Event: 1437.086 Thread 0x000001fb2bf68310 Unloading class 0x0000000800c00400 'java/lang/invoke/LambdaForm$MH+0x0000000800c00400'
Event: 2645.833 Thread 0x000001fb2bf68310 Unloading class 0x0000000800d2a400 'java/lang/invoke/LambdaForm$MH+0x0000000800d2a400'
Event: 2645.834 Thread 0x000001fb2bf68310 Unloading class 0x0000000800d2bc00 'java/lang/invoke/LambdaForm$MH+0x0000000800d2bc00'
Event: 2645.834 Thread 0x000001fb2bf68310 Unloading class 0x0000000800e30800 'java/lang/invoke/LambdaForm$MH+0x0000000800e30800'
Event: 2645.835 Thread 0x000001fb2bf68310 Unloading class 0x0000000800e68400 'java/lang/invoke/LambdaForm$MH+0x0000000800e68400'
Event: 2645.835 Thread 0x000001fb2bf68310 Unloading class 0x0000000800e68c00 'java/lang/invoke/LambdaForm$MH+0x0000000800e68c00'
Event: 2645.835 Thread 0x000001fb2bf68310 Unloading class 0x0000000800e6a000 'java/lang/invoke/LambdaForm$MH+0x0000000800e6a000'
Event: 2645.835 Thread 0x000001fb2bf68310 Unloading class 0x0000000800e6b800 'java/lang/invoke/LambdaForm$MH+0x0000000800e6b800'
Event: 2645.835 Thread 0x000001fb2bf68310 Unloading class 0x0000000800e98400 'java/lang/invoke/LambdaForm$MH+0x0000000800e98400'
Event: 2645.835 Thread 0x000001fb2bf68310 Unloading class 0x0000000800ea1000 'java/lang/invoke/LambdaForm$MH+0x0000000800ea1000'

Classes redefined (0 events):
No events

Internal exceptions (20 events):
Event: 30.598 Thread 0x000001fb4a242b00 Exception <a 'java/io/FileNotFoundException'{0x00000000c259c310}> (0x00000000c259c310) 
thrown [s\src\hotspot\share\prims\jni.cpp, line 517]
Event: 30.600 Thread 0x000001fb4a242b00 Exception <a 'java/lang/NoSuchMethodError'{0x00000000c25b3030}: 'void java.lang.invoke.DirectMethodHandle$Holder.invokeStaticInit(java.lang.Object, java.lang.Object, java.lang.Object)'> (0x00000000c25b3030) 
thrown [s\src\hotspot\share\interpreter\linkResolver.cpp, line 774]
Event: 37.279 Thread 0x000001fb4a2435a0 Exception <a 'java/lang/NoSuchMethodError'{0x00000000c6285540}: 'int java.lang.invoke.DirectMethodHandle$Holder.invokeSpecialIFC(java.lang.Object, java.lang.Object, java.lang.Object, java.lang.Object)'> (0x00000000c6285540) 
thrown [s\src\hotspot\share\interpreter\linkResolver.cpp, line 774]
Event: 48.151 Thread 0x000001fb49825340 Exception <a 'java/lang/IncompatibleClassChangeError'{0x00000000c5943590}: Found class java.lang.Object, but interface was expected> (0x00000000c5943590) 
thrown [s\src\hotspot\share\interpreter\linkResolver.cpp, line 841]
Event: 229.055 Thread 0x000001fb49825890 Exception <a 'sun/nio/fs/WindowsException'{0x00000000c69c3fe0}> (0x00000000c69c3fe0) 
thrown [s\src\hotspot\share\prims\jni.cpp, line 517]
Event: 229.071 Thread 0x000001fb49825890 Exception <a 'sun/nio/fs/WindowsException'{0x00000000c69c41a8}> (0x00000000c69c41a8) 
thrown [s\src\hotspot\share\prims\jni.cpp, line 517]
Event: 229.077 Thread 0x000001fb49825890 Exception <a 'sun/nio/fs/WindowsException'{0x00000000c69c48c8}> (0x00000000c69c48c8) 
thrown [s\src\hotspot\share\prims\jni.cpp, line 517]
Event: 229.086 Thread 0x000001fb49825890 Exception <a 'sun/nio/fs/WindowsException'{0x00000000c69c51f8}> (0x00000000c69c51f8) 
thrown [s\src\hotspot\share\prims\jni.cpp, line 517]
Event: 351.367 Thread 0x000001fb49825890 Exception <a 'java/lang/NoSuchMethodError'{0x00000000c5ef95e0}: 'long java.lang.invoke.DirectMethodHandle$Holder.invokeSpecial(java.lang.Object, java.lang.Object)'> (0x00000000c5ef95e0) 
thrown [s\src\hotspot\share\interpreter\linkResolver.cpp, line 774]
Event: 351.369 Thread 0x000001fb49825890 Exception <a 'java/lang/NoSuchMethodError'{0x00000000c5efd1f0}: 'long java.lang.invoke.Invokers$Holder.invokeExact_MT(java.lang.Object, java.lang.Object)'> (0x00000000c5efd1f0) 
thrown [s\src\hotspot\share\interpreter\linkResolver.cpp, line 774]
Event: 1771.390 Thread 0x000001fb49f73ad0 Implicit null exception at 0x000001fb390425e3 to 0x000001fb390426a8
Event: 1783.486 Thread 0x000001fb4a244ae0 Implicit null exception at 0x000001fb38fd088e to 0x000001fb38fd1280
Event: 2048.871 Thread 0x000001fb49f76000 Exception <a 'java/lang/NoSuchMethodError'{0x00000000c65544b0}: 'java.lang.Object java.lang.invoke.DirectMethodHandle$Holder.newInvokeSpecial(java.lang.Object, java.lang.Object, java.lang.Object, java.lang.Object, java.lang.Object, java.lang.Object, java.lang.Object)'> (0x00000000c65544b0) 
thrown [s\src\hotspot\share\interpreter\linkResolver.cpp, line 774]
Event: 2472.553 Thread 0x000001fb498248a0 Implicit null exception at 0x000001fb38f3e55d to 0x000001fb38f3f08c
Event: 2472.554 Thread 0x000001fb498248a0 Implicit null exception at 0x000001fb38fe9650 to 0x000001fb38fe9690
Event: 2472.562 Thread 0x000001fb498248a0 Exception <a 'java/lang/NoSuchMethodError'{0x00000000c73c0498}: 'java.lang.Object java.lang.invoke.DirectMethodHandle$Holder.newInvokeSpecial(java.lang.Object, java.lang.Object, java.lang.Object, int)'> (0x00000000c73c0498) 
thrown [s\src\hotspot\share\interpreter\linkResolver.cpp, line 774]
Event: 2472.562 Thread 0x000001fb498248a0 Exception <a 'java/lang/NoSuchMethodError'{0x00000000c73c45b8}: 'java.lang.Object java.lang.invoke.DirectMethodHandle$Holder.invokeSpecial(java.lang.Object, java.lang.Object, java.lang.Object, java.lang.Object, int)'> (0x00000000c73c45b8) 
thrown [s\src\hotspot\share\interpreter\linkResolver.cpp, line 774]
Event: 2472.562 Thread 0x000001fb498248a0 Exception <a 'java/lang/NoSuchMethodError'{0x00000000c73c7cd0}: 'java.lang.Object java.lang.invoke.Invokers$Holder.linkToTargetMethod(java.lang.Object, java.lang.Object, int, java.lang.Object)'> (0x00000000c73c7cd0) 
thrown [s\src\hotspot\share\interpreter\linkResolver.cpp, line 774]
Event: 2472.564 Thread 0x000001fb498248a0 Implicit null exception at 0x000001fb38ea04f0 to 0x000001fb38ea0774
Event: 2472.900 Thread 0x000001fb498248a0 Implicit null exception at 0x000001fb3928924d to 0x000001fb39289458

VM Operations (20 events):
Event: 2645.766 Executing VM operation: Cleanup
Event: 2645.766 Executing VM operation: Cleanup done
Event: 2645.767 Executing VM operation: G1CollectForAllocation
Event: 2645.770 Executing VM operation: G1CollectForAllocation done
Event: 2645.832 Executing VM operation: G1PauseRemark
Event: 2645.960 Executing VM operation: G1PauseRemark done
Event: 2646.024 Executing VM operation: G1PauseCleanup
Event: 2646.027 Executing VM operation: G1PauseCleanup done
Event: 2773.864 Executing VM operation: Cleanup
Event: 2773.865 Executing VM operation: Cleanup done
Event: 2796.163 Executing VM operation: HandshakeAllThreads
Event: 2796.163 Executing VM operation: HandshakeAllThreads done
Event: 2796.163 Executing VM operation: Cleanup
Event: 2796.163 Executing VM operation: Cleanup done
Event: 2797.170 Executing VM operation: Cleanup
Event: 2797.170 Executing VM operation: Cleanup done
Event: 2798.189 Executing VM operation: Cleanup
Event: 2798.189 Executing VM operation: Cleanup done
Event: 2799.194 Executing VM operation: Cleanup
Event: 2799.195 Executing VM operation: Cleanup done

Events (20 events):
Event: 2508.840 Thread 0x000001fb4495c900 flushing nmethod 0x000001fb31f3b910
Event: 2508.840 Thread 0x000001fb4495c900 flushing nmethod 0x000001fb31f53590
Event: 2508.840 Thread 0x000001fb4495c900 flushing nmethod 0x000001fb31f7fc90
Event: 2508.840 Thread 0x000001fb4495c900 flushing nmethod 0x000001fb31f86710
Event: 2508.840 Thread 0x000001fb4495c900 flushing nmethod 0x000001fb31f88110
Event: 2508.840 Thread 0x000001fb4495c900 flushing nmethod 0x000001fb31fa7f90
Event: 2508.841 Thread 0x000001fb4495c900 flushing nmethod 0x000001fb32000390
Event: 2508.841 Thread 0x000001fb4495c900 flushing nmethod 0x000001fb32003290
Event: 2508.841 Thread 0x000001fb4495c900 flushing nmethod 0x000001fb32005590
Event: 2508.841 Thread 0x000001fb4495c900 flushing nmethod 0x000001fb3201f110
Event: 2508.841 Thread 0x000001fb4495c900 flushing nmethod 0x000001fb32061410
Event: 2508.841 Thread 0x000001fb4495c900 flushing nmethod 0x000001fb32078910
Event: 2508.841 Thread 0x000001fb4495c900 flushing nmethod 0x000001fb3207b210
Event: 2508.841 Thread 0x000001fb4495c900 flushing nmethod 0x000001fb3207e410
Event: 2508.841 Thread 0x000001fb4495c900 flushing nmethod 0x000001fb32082510
Event: 2508.843 Thread 0x000001fb4495c900 flushing nmethod 0x000001fb32238790
Event: 2573.337 Thread 0x000001fb49823360 Thread exited: 0x000001fb49823360
Event: 2584.377 Thread 0x000001fb49f76000 Thread exited: 0x000001fb49f76000
Event: 2603.698 Thread 0x000001fb49f71050 Thread added: 0x000001fb49f71050
Event: 2603.702 Thread 0x000001fb49f71050 Thread exited: 0x000001fb49f71050


Dynamic libraries:
0x00007ff682830000 - 0x00007ff68283e000 	C:\Users\BARTON\.pydev_vscode\java19\jdk-19.0.2+7-jre\bin\java.exe
0x00007ff8d6a90000 - 0x00007ff8d6c88000 	C:\WINDOWS\SYSTEM32\ntdll.dll
0x00007ff8d5d10000 - 0x00007ff8d5dd2000 	C:\WINDOWS\System32\KERNEL32.DLL
0x00007ff8d4380000 - 0x00007ff8d4676000 	C:\WINDOWS\System32\KERNELBASE.dll
0x00007ff8d4130000 - 0x00007ff8d4230000 	C:\WINDOWS\System32\ucrtbase.dll
0x00007ff8ccae0000 - 0x00007ff8ccaf7000 	C:\Users\BARTON\.pydev_vscode\java19\jdk-19.0.2+7-jre\bin\jli.dll
0x00007ff8d4c00000 - 0x00007ff8d4d9d000 	C:\WINDOWS\System32\USER32.dll
0x00007ff8d42d0000 - 0x00007ff8d42f2000 	C:\WINDOWS\System32\win32u.dll
0x00007ff8d5cb0000 - 0x00007ff8d5cdb000 	C:\WINDOWS\System32\GDI32.dll
0x00007ff8d4740000 - 0x00007ff8d485a000 	C:\WINDOWS\System32\gdi32full.dll
0x00007ff8d4230000 - 0x00007ff8d42cd000 	C:\WINDOWS\System32\msvcp_win.dll
0x00007ff8c78f0000 - 0x00007ff8c7909000 	C:\Users\BARTON\.pydev_vscode\java19\jdk-19.0.2+7-jre\bin\VCRUNTIME140.dll
0x00007ff8c0780000 - 0x00007ff8c0a1a000 	C:\WINDOWS\WinSxS\amd64_microsoft.windows.common-controls_6595b64144ccf1df_6.0.19041.5794_none_60bcd33171f2783c\COMCTL32.dll
0x00007ff8d4f50000 - 0x00007ff8d4fee000 	C:\WINDOWS\System32\msvcrt.dll
0x00007ff8d5ce0000 - 0x00007ff8d5d0f000 	C:\WINDOWS\System32\IMM32.DLL
0x00007ff8ced20000 - 0x00007ff8ced2c000 	C:\Users\BARTON\.pydev_vscode\java19\jdk-19.0.2+7-jre\bin\vcruntime140_1.dll
0x00007ff8a3740000 - 0x00007ff8a37d1000 	C:\Users\BARTON\.pydev_vscode\java19\jdk-19.0.2+7-jre\bin\msvcp140.dll
0x00007ff88db00000 - 0x00007ff88e7f1000 	C:\Users\BARTON\.pydev_vscode\java19\jdk-19.0.2+7-jre\bin\server\jvm.dll
0x00007ff8d4b50000 - 0x00007ff8d4bff000 	C:\WINDOWS\System32\ADVAPI32.dll
0x00007ff8d51d0000 - 0x00007ff8d526f000 	C:\WINDOWS\System32\sechost.dll
0x00007ff8d6890000 - 0x00007ff8d69b3000 	C:\WINDOWS\System32\RPCRT4.dll
0x00007ff8d4680000 - 0x00007ff8d46a7000 	C:\WINDOWS\System32\bcrypt.dll
0x00007ff8cec80000 - 0x00007ff8cec89000 	C:\WINDOWS\SYSTEM32\WSOCK32.dll
0x00007ff8d5c40000 - 0x00007ff8d5cab000 	C:\WINDOWS\System32\WS2_32.dll
0x00007ff8bb3e0000 - 0x00007ff8bb407000 	C:\WINDOWS\SYSTEM32\WINMM.dll
0x00007ff8cc670000 - 0x00007ff8cc67a000 	C:\WINDOWS\SYSTEM32\VERSION.dll
0x00007ff8d2930000 - 0x00007ff8d2942000 	C:\WINDOWS\SYSTEM32\kernel.appcore.dll
0x00007ff8cebe0000 - 0x00007ff8cebea000 	C:\Users\BARTON\.pydev_vscode\java19\jdk-19.0.2+7-jre\bin\jimage.dll
0x00007ff8d1e60000 - 0x00007ff8d2061000 	C:\WINDOWS\SYSTEM32\DBGHELP.DLL
0x00007ff8b7660000 - 0x00007ff8b7694000 	C:\WINDOWS\SYSTEM32\dbgcore.DLL
0x00007ff8d46b0000 - 0x00007ff8d4732000 	C:\WINDOWS\System32\bcryptPrimitives.dll
0x00007ff8cc860000 - 0x00007ff8cc886000 	C:\Users\BARTON\.pydev_vscode\java19\jdk-19.0.2+7-jre\bin\java.dll
0x00007ff89cc90000 - 0x00007ff89cd66000 	C:\Users\BARTON\.pydev_vscode\java19\jdk-19.0.2+7-jre\bin\jsvml.dll
0x00007ff8d54d0000 - 0x00007ff8d5c3e000 	C:\WINDOWS\System32\SHELL32.dll
0x00007ff8d2170000 - 0x00007ff8d2913000 	C:\WINDOWS\SYSTEM32\windows.storage.dll
0x00007ff8d64b0000 - 0x00007ff8d6803000 	C:\WINDOWS\System32\combase.dll
0x00007ff8d3a90000 - 0x00007ff8d3abb000 	C:\WINDOWS\SYSTEM32\Wldp.dll
0x00007ff8d4da0000 - 0x00007ff8d4e6d000 	C:\WINDOWS\System32\OLEAUT32.dll
0x00007ff8d5420000 - 0x00007ff8d54cd000 	C:\WINDOWS\System32\SHCORE.dll
0x00007ff8d50c0000 - 0x00007ff8d5115000 	C:\WINDOWS\System32\shlwapi.dll
0x00007ff8d4060000 - 0x00007ff8d4085000 	C:\WINDOWS\SYSTEM32\profapi.dll
0x00007ff8cde80000 - 0x00007ff8cde93000 	C:\Users\BARTON\.pydev_vscode\java19\jdk-19.0.2+7-jre\bin\net.dll
0x00007ff8ca810000 - 0x00007ff8ca91a000 	C:\WINDOWS\SYSTEM32\WINHTTP.dll
0x00007ff8d37f0000 - 0x00007ff8d385c000 	C:\WINDOWS\system32\mswsock.dll
0x00007ff8ccda0000 - 0x00007ff8ccdb6000 	C:\Users\BARTON\.pydev_vscode\java19\jdk-19.0.2+7-jre\bin\nio.dll
0x00007ff8bfd90000 - 0x00007ff8bfda8000 	C:\Users\BARTON\.pydev_vscode\java19\jdk-19.0.2+7-jre\bin\zip.dll
0x00007ff8bc760000 - 0x00007ff8bc79e000 	C:\Users\BARTON\.vscode\extensions\fabioz.vscode-pydev-0.15.3\server\plugins\org.eclipse.equinox.launcher.win32.win32.x86_64_1.2.900.v20240213-1244\eclipse_11900.dll
0x00007ff8d5f00000 - 0x00007ff8d602b000 	C:\WINDOWS\System32\ole32.dll
0x0000000180000000 - 0x0000000180012000 	C:\Users\BARTON\.vscode\extensions\fabioz.vscode-pydev-0.15.3\server\config_win\org.eclipse.osgi\13\0\.cp\os\win32\x86_64\localfile_1_0_0.dll
0x00007ff8bfd70000 - 0x00007ff8bfd8b000 	C:\Users\BARTON\.vscode\extensions\fabioz.vscode-pydev-0.15.3\server\config_win\org.eclipse.osgi\16\0\.cp\os\win32\x86_64\win32refresh.dll
0x00007ff8d3a00000 - 0x00007ff8d3a0c000 	C:\WINDOWS\SYSTEM32\CRYPTBASE.DLL
0x00007ff8ced80000 - 0x00007ff8ced88000 	C:\Users\BARTON\.pydev_vscode\java19\jdk-19.0.2+7-jre\bin\extnet.dll

dbghelp: loaded successfully - version: 4.0.5 - missing functions: none
symbol engine: initialized successfully - sym options: 0x614 - pdb path: .;C:\Users\BARTON\.pydev_vscode\java19\jdk-19.0.2+7-jre\bin;C:\WINDOWS\SYSTEM32;C:\WINDOWS\WinSxS\amd64_microsoft.windows.common-controls_6595b64144ccf1df_6.0.19041.5794_none_60bcd33171f2783c;C:\Users\BARTON\.pydev_vscode\java19\jdk-19.0.2+7-jre\bin\server;C:\Users\BARTON\.vscode\extensions\fabioz.vscode-pydev-0.15.3\server\plugins\org.eclipse.equinox.launcher.win32.win32.x86_64_1.2.900.v20240213-1244;C:\Users\BARTON\.vscode\extensions\fabioz.vscode-pydev-0.15.3\server\config_win\org.eclipse.osgi\13\0\.cp\os\win32\x86_64;C:\Users\BARTON\.vscode\extensions\fabioz.vscode-pydev-0.15.3\server\config_win\org.eclipse.osgi\16\0\.cp\os\win32\x86_64

VM Arguments:
jvm_args: --add-modules=ALL-SYSTEM --add-opens=java.base/java.util=ALL-UNNAMED --add-opens=java.base/java.lang=ALL-UNNAMED -Declipse.application=org.python.pydev.pydev_lsp.application -Dosgi.bundles.defaultStartLevel=4 -Declipse.product=org.python.pydev.pydev_lsp.product -Xmx1G -XX:+UseG1GC -XX:+UseStringDeduplication 
java_command: c:\Users\BARTON\.vscode\extensions\fabioz.vscode-pydev-0.15.3\server\plugins\org.eclipse.equinox.launcher_1.6.700.v20240213-1244.jar -configuration c:\Users\BARTON\.vscode\extensions\fabioz.vscode-pydev-0.15.3\server\config_win -data c:\Users\BARTON\AppData\Roaming\Code\User\workspaceStorage\2a3cce2c050f555b2213988c11b6fd1b\fabioz.vscode-pydev\pydev_ws
java_class_path (initial): c:\Users\BARTON\.vscode\extensions\fabioz.vscode-pydev-0.15.3\server\plugins\org.eclipse.equinox.launcher_1.6.700.v20240213-1244.jar
Launcher Type: SUN_STANDARD

[Global flags]
     intx CICompilerCount                          = 2                                         {product} {ergonomic}
     uint ConcGCThreads                            = 1                                         {product} {ergonomic}
     uint G1ConcRefinementThreads                  = 2                                         {product} {ergonomic}
   size_t G1HeapRegionSize                         = 1048576                                   {product} {ergonomic}
    uintx GCDrainStackTargetSize                   = 64                                        {product} {ergonomic}
   size_t InitialHeapSize                          = 65011712                                  {product} {ergonomic}
   size_t MarkStackSize                            = 4194304                                   {product} {ergonomic}
   size_t MaxHeapSize                              = 1073741824                                {product} {command line}
   size_t MaxNewSize                               = 643825664                                 {product} {ergonomic}
   size_t MinHeapDeltaBytes                        = 1048576                                   {product} {ergonomic}
   size_t MinHeapSize                              = 8388608                                   {product} {ergonomic}
    uintx NonNMethodCodeHeapSize                   = 5826188                                {pd product} {ergonomic}
    uintx NonProfiledCodeHeapSize                  = 122916026                              {pd product} {ergonomic}
    uintx ProfiledCodeHeapSize                     = 122916026                              {pd product} {ergonomic}
    uintx ReservedCodeCacheSize                    = 251658240                              {pd product} {ergonomic}
     bool SegmentedCodeCache                       = true                                      {product} {ergonomic}
   size_t SoftMaxHeapSize                          = 1073741824                             {manageable} {ergonomic}
     bool UseCompressedClassPointers               = true                           {product lp64_product} {ergonomic}
     bool UseCompressedOops                        = true                           {product lp64_product} {ergonomic}
     bool UseG1GC                                  = true                                      {product} {command line}
     bool UseLargePagesIndividualAllocation        = false                                  {pd product} {ergonomic}
     bool UseStringDeduplication                   = true                                      {product} {command line}

Logging:
Log output configuration:
 #0: stdout all=warning uptime,level,tags foldmultilines=false
 #1: stderr all=off uptime,level,tags foldmultilines=false

Environment Variables:
PATH=C:\Program Files\Common Files\Oracle\Java\javapath;C:\Program Files\Python312\Scripts\;C:\Program Files\Python312\;C:\WINDOWS\system32;C:\WINDOWS;C:\WINDOWS\System32\Wbem;C:\WINDOWS\System32\WindowsPowerShell\v1.0\;C:\WINDOWS\System32\OpenSSH\;C:\Program Files\nodejs\;C:\Program Files\Git\cmd;C:\Users\BARTON\AppData\Local\Microsoft\WindowsApps;C:\Users\BARTON\AppData\Local\Programs\Microsoft VS Code\bin;C:\Users\BARTON\AppData\Roaming\npm
USERNAME=BARTON
OS=Windows_NT
PROCESSOR_IDENTIFIER=Intel64 Family 6 Model 156 Stepping 0, GenuineIntel
TMP=C:\Users\BARTON\AppData\Local\Temp
TEMP=C:\Users\BARTON\AppData\Local\Temp



---------------  S Y S T E M  ---------------

OS:
 Windows 10 , 64 bit Build 19041 (10.0.19041.5794)
OS uptime: 0 days 7:23 hours

CPU: total 2 (initial active 2) (2 cores per cpu, 1 threads per core) family 6 model 156 stepping 0 microcode 0x1d, cx8, cmov, fxsr, mmx, 3dnowpref, sse, sse2, sse3, ssse3, sse4.1, sse4.2, popcnt, tsc, tscinvbit, aes, erms, clmul, sha, clflush, clflushopt, clwb, rdtscp, rdpid

Memory: 4k page, system-wide physical 3933M (419M free)
TotalPageFile size 7071M (AvailPageFile size 3M)
current process WorkingSet (physical memory assigned to process): 195M, peak: 217M
current process commit charge ("private bytes"): 258M, peak: 287M

vm_info: OpenJDK 64-Bit Server VM (19.0.2+7) for windows-amd64 JRE (19.0.2+7), built on 2023-01-17T00:00:00Z by "temurin" with MS VC++ 16.7 (VS2019)

END.
