#
# There is insufficient memory for the Java Runtime Environment to continue.
# Native memory allocation (malloc) failed to allocate 32744 bytes for Chunk::new
# Possible reasons:
#   The system is out of physical RAM or swap space
#   The process is running with CompressedOops enabled, and the Java Heap may be blocking the growth of the native heap
# Possible solutions:
#   Reduce memory load on the system
#   Increase physical memory or swap space
#   Check if swap backing store is full
#   Decrease Java heap size (-Xmx/-Xms)
#   Decrease number of Java threads
#   Decrease Java thread stack sizes (-Xss)
#   Set larger code cache with -XX:ReservedCodeCacheSize=
#   JVM is running with Unscaled Compressed Oops mode in which the Java heap is
#     placed in the first 4GB address space. The Java Heap base address is the
#     maximum limit for the native heap growth. Please use -XX:HeapBaseMinAddress
#     to set the Java Heap base and to place the Java Heap above 4GB virtual address.
# This output file may be truncated or incomplete.
#
#  Out of Memory Error (arena.cpp:184), pid=8356, tid=10176
#
# JRE version: OpenJDK Runtime Environment Temurin-19.0.2+7 (19.0.2+7) (build 19.0.2+7)
# Java VM: OpenJDK 64-Bit Server VM Temurin-19.0.2+7 (19.0.2+7, mixed mode, sharing, tiered, compressed oops, compressed class ptrs, g1 gc, windows-amd64)
# No core dump will be written. Minidumps are not enabled by default on client versions of Windows
#

---------------  S U M M A R Y ------------

Command Line: --add-modules=ALL-SYSTEM --add-opens=java.base/java.util=ALL-UNNAMED --add-opens=java.base/java.lang=ALL-UNNAMED -Declipse.application=org.python.pydev.pydev_lsp.application -Dosgi.bundles.defaultStartLevel=4 -Declipse.product=org.python.pydev.pydev_lsp.product -Xmx1G -XX:+UseG1GC -XX:+UseStringDeduplication c:\Users\BARTON\.vscode\extensions\fabioz.vscode-pydev-0.15.3\server\plugins\org.eclipse.equinox.launcher_1.6.700.v20240213-1244.jar -configuration c:\Users\BARTON\.vscode\extensions\fabioz.vscode-pydev-0.15.3\server\config_win -data c:\Users\BARTON\AppData\Roaming\Code\User\workspaceStorage\2a3cce2c050f555b2213988c11b6fd1b\fabioz.vscode-pydev\pydev_ws

Host: Intel(R) Celeron(R) N4500 @ 1.10GHz, 2 cores, 3G,  Windows 10 , 64 bit Build 19041 (10.0.19041.5794)
Time: Mon Jul 14 23:35:16 2025 Paris, Madrid (heure duild 19041 (10.0.19041.5794) elapsed time: 4011.740562 seconds (0d 1h 6m 51s)

---------------  T H R E A D  ---------------

Current thread (0x000001e87fdb7e00):  JavaThread "C2 CompilerThread0" daemon [_thread_in_native, id=10176, stack(0x000000297fb00000,0x000000297fc00000)]


Current CompileTask:
C2:4011741 5488   !   4       org.python.pydev.parser.grammar312.TreeBuilder312::onCloseNode (5409 bytes)

Stack: [0x000000297fb00000,0x000000297fc00000]
Native frames: (J=compiled Java code, j=interpreted, Vv=VM code, C=native code)
V  [jvm.dll+0x6e9e1a]
V  [jvm.dll+0x8a36c0]
V  [jvm.dll+0x8a50ae]
V  [jvm.dll+0x8a5763]
V  [jvm.dll+0x27bcdf]
V  [jvm.dll+0xc221f]
V  [jvm.dll+0xc2595]
V  [jvm.dll+0x3bd058]
V  [jvm.dll+0x5cb958]
V  [jvm.dll+0x5ca9d0]
V  [jvm.dll+0x5cb573]
V  [jvm.dll+0x381620]
V  [jvm.dll+0x380a9a]
V  [jvm.dll+0x2452db]
V  [jvm.dll+0x244671]
V  [jvm.dll+0x1cf4b1]
V  [jvm.dll+0x254229]
V  [jvm.dll+0x252418]
V  [jvm.dll+0x85403d]
V  [jvm.dll+0x84de3a]
V  [jvm.dll+0x6e8abb]
C  [ucrtbase.dll+0x21bb2]
C  [KERNEL32.DLL+0x17374]
C  [ntdll.dll+0x4cc91]


---------------  P R O C E S S  ---------------

Threads class SMR info:
_java_thread_list=0x000001e81bedd390, length=25, elements={
0x000001e87b58e670, 0x000001e87fdaff50, 0x000001e87fdb2b30, 0x000001e87fdb3600,
0x000001e87fdb3f30, 0x000001e87fdb4860, 0x000001e87fdb5190, 0x000001e87fdb7e00,
0x000001e87fdc43a0, 0x000001e87fe2c650, 0x000001e87fd9c0d0, 0x000001e81a8a4710,
0x000001e81af2ed00, 0x000001e81ad67a60, 0x000001e81ad67fa0, 0x000001e81ad76810,
0x000001e81a83e310, 0x000001e81a943d40, 0x000001e81a944290, 0x000001e81a946270,
0x000001e81a9447e0, 0x000001e81a947260, 0x000001e81a946d10, 0x000001e81c1ddf80,
0x000001e81c1de4d0
}

Java Threads: ( => current thread )
  0x000001e87b58e670 JavaThread "main" [_thread_blocked, id=10492, stack(0x000000297ed00000,0x000000297ee00000)]
  0x000001e87fdaff50 JavaThread "Reference Handler" daemon [_thread_blocked, id=748, stack(0x000000297f500000,0x000000297f600000)]
  0x000001e87fdb2b30 JavaThread "Finalizer" daemon [_thread_blocked, id=940, stack(0x000000297f600000,0x000000297f700000)]
  0x000001e87fdb3600 JavaThread "Signal Dispatcher" daemon [_thread_blocked, id=4796, stack(0x000000297f700000,0x000000297f800000)]
  0x000001e87fdb3f30 JavaThread "Attach Listener" daemon [_thread_blocked, id=9932, stack(0x000000297f800000,0x000000297f900000)]
  0x000001e87fdb4860 JavaThread "Service Thread" daemon [_thread_blocked, id=4240, stack(0x000000297f900000,0x000000297fa00000)]
  0x000001e87fdb5190 JavaThread "Monitor Deflation Thread" daemon [_thread_blocked, id=3324, stack(0x000000297fa00000,0x000000297fb00000)]
=>0x000001e87fdb7e00 JavaThread "C2 CompilerThread0" daemon [_thread_in_native, id=10176, stack(0x000000297fb00000,0x000000297fc00000)]
  0x000001e87fdc43a0 JavaThread "C1 CompilerThread0" daemon [_thread_blocked, id=7076, stack(0x000000297fc00000,0x000000297fd00000)]
  0x000001e87fe2c650 JavaThread "Sweeper thread" daemon [_thread_blocked, id=9968, stack(0x000000297fd00000,0x000000297fe00000)]
  0x000001e87fd9c0d0 JavaThread "Common-Cleaner" daemon [_thread_blocked, id=11148, stack(0x000000297fe00000,0x000000297ff00000)]
  0x000001e81a8a4710 JavaThread "Notification Thread" daemon [_thread_blocked, id=3540, stack(0x000000297ff00000,0x0000002980000000)]
  0x000001e81af2ed00 JavaThread "Active Thread: Equinox Container: ccc5cfbd-8016-417f-90d7-2bcf416a91f3" [_thread_blocked, id=8212, stack(0x0000002900200000,0x0000002900300000)]
  0x000001e81ad67a60 JavaThread "Framework Event Dispatcher: Equinox Container: ccc5cfbd-8016-417f-90d7-2bcf416a91f3" daemon [_thread_blocked, id=10092, stack(0x0000002900300000,0x0000002900400000)]
  0x000001e81ad67fa0 JavaThread "Start Level: Equinox Container: ccc5cfbd-8016-417f-90d7-2bcf416a91f3" daemon [_thread_blocked, id=6976, stack(0x0000002900400000,0x0000002900500000)]
  0x000001e81ad76810 JavaThread "SCR Component Actor" daemon [_thread_blocked, id=8140, stack(0x0000002900500000,0x0000002900600000)]
  0x000001e81a83e310 JavaThread "Worker-JM" [_thread_blocked, id=9688, stack(0x0000002900700000,0x0000002900800000)]
  0x000001e81a943d40 JavaThread "Worker-2" [_thread_blocked, id=11124, stack(0x0000002900a00000,0x0000002900b00000)]
  0x000001e81a944290 JavaThread "pool-2-thread-1" [_thread_in_native, id=2172, stack(0x0000002900b00000,0x0000002900c00000)]
  0x000001e81a946270 JavaThread "pool-1-thread-1" [_thread_in_native, id=8064, stack(0x0000002900c00000,0x0000002900d00000)]
  0x000001e81a9447e0 JavaThread "Thread-2" daemon [_thread_blocked, id=1492, stack(0x0000002900d00000,0x0000002900e00000)]
  0x000001e81a947260 JavaThread "Worker-3" [_thread_blocked, id=9496, stack(0x0000002900600000,0x0000002900700000)]
  0x000001e81a946d10 JavaThread "Worker-4" [_thread_blocked, id=6684, stack(0x0000002900e00000,0x0000002900f00000)]
  0x000001e81c1ddf80 JavaThread "Worker-5" [_thread_blocked, id=11660, stack(0x0000002900800000,0x0000002900900000)]
  0x000001e81c1de4d0 JavaThread "Worker-6" [_thread_blocked, id=9848, stack(0x0000002900900000,0x0000002900a00000)]

Other Threads:
  0x000001e87d764f00 VMThread "VM Thread" [stack: 0x000000297f400000,0x000000297f500000] [id=11032]
  0x000001e81a8c8b60 WatcherThread "VM Periodic Task Thread" [stack: 0x0000002900000000,0x0000002900100000] [id=8500]
  0x000001e87d6e7270 WorkerThread "GC Thread#0" [stack: 0x000000297ee00000,0x000000297ef00000] [id=1612]
  0x000001e81a9a2b60 WorkerThread "GC Thread#1" [stack: 0x0000002900100000,0x0000002900200000] [id=6644]
  0x000001e87d6f00e0 ConcurrentGCThread "G1 Main Marker" [stack: 0x000000297ef00000,0x000000297f000000] [id=6656]
  0x000001e87d6f1a30 WorkerThread "G1 Conc#0" [stack: 0x000000297f000000,0x000000297f100000] [id=6604]
  0x000001e87d7381e0 ConcurrentGCThread "G1 Refine#0" [stack: 0x000000297f100000,0x000000297f200000] [id=3404]
  0x000001e87d738c30 ConcurrentGCThread "G1 Service" [stack: 0x000000297f200000,0x000000297f300000] [id=6672]
  0x000001e87d7605d0 ConcurrentGCThread "StringDedupProcessor" [stack: 0x000000297f300000,0x000000297f400000] [id=7328]

Threads with active compile tasks:
C2 CompilerThread0  4011824 5488   !   4       org.python.pydev.parser.grammar312.TreeBuilder312::onCloseNode (5409 bytes)

VM state: not at safepoint (normal execution)

VM Mutex/Monitor currently owned by a thread: None

Heap address: 0x00000000c0000000, size: 1024 MB, Compressed Oops mode: 32-bit

CDS archive(s) mapped at: [0x0000000800000000-0x0000000800ad0000-0x0000000800ad0000), size 11337728, SharedBaseAddress: 0x0000000800000000, ArchiveRelocationMode: 0.
Compressed class space mapped at: 0x0000000800c00000-0x0000000840c00000, reserved size: 1073741824
Narrow klass base: 0x0000000800000000, Narrow klass shift: 0, Narrow klass range: 0x100000000

GC Precious Log:
 CardTable entry size: 512
 Card Set container configuration: InlinePtr #cards 5 size 8 Array Of Cards #cards 12 size 40 Howl #buckets 4 coarsen threshold 1843 Howl Bitmap #cards 512 size 80 coarsen threshold 460 Card regions per heap region 1 cards per card region 2048
 CPUs: 2 total, 2 available
 Memory: 3933M
 Large Page Support: Disabled
 NUMA Support: Disabled
 Compressed Oops: Enabled (32-bit)
 Heap Region Size: 1M
 Heap Min Capacity: 8M
 Heap Initial Capacity: 62M
 Heap Max Capacity: 1G
 Pre-touch: Disabled
 Parallel Workers: 2
 Concurrent Workers: 1
 Concurrent Refinement Workers: 2
 Periodic GC: Disabled
 String Deduplication is enabled

Heap:
 garbage-first heap   total 45056K, used 32207K [0x00000000c0000000, 0x0000000100000000)
  region size 1024K, 16 young (16384K), 1 survivors (1024K)
 Metaspace       used 25903K, committed 26688K, reserved 1114112K
  class space    used 2563K, committed 2944K, reserved 1048576K

Heap Regions: E=young(eden), S=young(survivor), O=old, HS=humongous(starts), HC=humongous(continues), CS=collection set, F=free, OA=open archive, CA=closed archive, TAMS=top-at-mark-start (previous, next)
|   0|0x00000000c0000000, 0x00000000c0100000, 0x00000000c0100000|100%| O|  |TAMS 0x00000000c0100000, 0x00000000c0000000| Untracked 
|   1|0x00000000c0100000, 0x00000000c0100000, 0x00000000c0200000|  0%| F|  |TAMS 0x00000000c0100000, 0x00000000c0100000| Untracked 
|   2|0x00000000c0200000, 0x00000000c0200000, 0x00000000c0300000|  0%| F|  |TAMS 0x00000000c0200000, 0x00000000c0200000| Untracked 
|   3|0x00000000c0300000, 0x00000000c0400000, 0x00000000c0400000|100%| O|  |TAMS 0x00000000c0400000, 0x00000000c0300000| Untracked 
|   4|0x00000000c0400000, 0x00000000c0500000, 0x00000000c0500000|100%| O|  |TAMS 0x00000000c0500000, 0x00000000c0400000| Untracked 
|   5|0x00000000c0500000, 0x00000000c0600000, 0x00000000c0600000|100%| O|  |TAMS 0x00000000c0600000, 0x00000000c0500000| Untracked 
|   6|0x00000000c0600000, 0x00000000c0700000, 0x00000000c0700000|100%| O|  |TAMS 0x00000000c0700000, 0x00000000c0600000| Untracked 
|   7|0x00000000c0700000, 0x00000000c0800000, 0x00000000c0800000|100%| O|  |TAMS 0x00000000c0800000, 0x00000000c0700000| Untracked 
|   8|0x00000000c0800000, 0x00000000c0900000, 0x00000000c0900000|100%| O|  |TAMS 0x00000000c0900000, 0x00000000c0800000| Untracked 
|   9|0x00000000c0900000, 0x00000000c0a00000, 0x00000000c0a00000|100%| O|  |TAMS 0x00000000c0a00000, 0x00000000c0900000| Untracked 
|  10|0x00000000c0a00000, 0x00000000c0b00000, 0x00000000c0b00000|100%| O|  |TAMS 0x00000000c0b00000, 0x00000000c0a00000| Untracked 
|  11|0x00000000c0b00000, 0x00000000c0c00000, 0x00000000c0c00000|100%| O|  |TAMS 0x00000000c0b7e600, 0x00000000c0b00000| Untracked 
|  12|0x00000000c0c00000, 0x00000000c0c4b000, 0x00000000c0d00000| 29%| O|  |TAMS 0x00000000c0c00000, 0x00000000c0c00000| Untracked 
|  13|0x00000000c0d00000, 0x00000000c0e00000, 0x00000000c0e00000|100%| O|  |TAMS 0x00000000c0e00000, 0x00000000c0d00000| Untracked 
|  14|0x00000000c0e00000, 0x00000000c0f00000, 0x00000000c0f00000|100%| O|  |TAMS 0x00000000c0f00000, 0x00000000c0e00000| Untracked 
|  15|0x00000000c0f00000, 0x00000000c1000000, 0x00000000c1000000|100%| O|  |TAMS 0x00000000c1000000, 0x00000000c0f00000| Untracked 
|  16|0x00000000c1000000, 0x00000000c1100000, 0x00000000c1100000|100%| O|  |TAMS 0x00000000c1100000, 0x00000000c1000000| Untracked 
|  17|0x00000000c1100000, 0x00000000c1200000, 0x00000000c1200000|100%| O|  |TAMS 0x00000000c1200000, 0x00000000c1100000| Untracked 
|  18|0x00000000c1200000, 0x00000000c1200000, 0x00000000c1300000|  0%| F|  |TAMS 0x00000000c1200000, 0x00000000c1200000| Untracked 
|  19|0x00000000c1300000, 0x00000000c1400000, 0x00000000c1400000|100%| O|  |TAMS 0x00000000c1400000, 0x00000000c1300000| Untracked 
|  20|0x00000000c1400000, 0x00000000c1500000, 0x00000000c1500000|100%| O|  |TAMS 0x00000000c1500000, 0x00000000c1400000| Untracked 
|  21|0x00000000c1500000, 0x00000000c1600000, 0x00000000c1600000|100%| O|  |TAMS 0x00000000c1600000, 0x00000000c1500000| Untracked 
|  22|0x00000000c1600000, 0x00000000c1600000, 0x00000000c1700000|  0%| F|  |TAMS 0x00000000c1600000, 0x00000000c1600000| Untracked 
|  23|0x00000000c1700000, 0x00000000c1700000, 0x00000000c1800000|  0%| F|  |TAMS 0x00000000c1700000, 0x00000000c1700000| Untracked 
|  24|0x00000000c1800000, 0x00000000c1800000, 0x00000000c1900000|  0%| F|  |TAMS 0x00000000c1800000, 0x00000000c1800000| Untracked 
|  25|0x00000000c1900000, 0x00000000c1928f98, 0x00000000c1a00000| 16%| S|CS|TAMS 0x00000000c1900000, 0x00000000c1900000| Complete 
|  26|0x00000000c1a00000, 0x00000000c1a00000, 0x00000000c1b00000|  0%| F|  |TAMS 0x00000000c1a00000, 0x00000000c1a00000| Untracked 
|  27|0x00000000c1b00000, 0x00000000c1b00000, 0x00000000c1c00000|  0%| F|  |TAMS 0x00000000c1b00000, 0x00000000c1b00000| Untracked 
|  28|0x00000000c1c00000, 0x00000000c1c00000, 0x00000000c1d00000|  0%| F|  |TAMS 0x00000000c1c00000, 0x00000000c1c00000| Untracked 
|  29|0x00000000c1d00000, 0x00000000c1d41fc0, 0x00000000c1e00000| 25%| E|  |TAMS 0x00000000c1d00000, 0x00000000c1d00000| Complete 
|  30|0x00000000c1e00000, 0x00000000c1f00000, 0x00000000c1f00000|100%| E|CS|TAMS 0x00000000c1e00000, 0x00000000c1e00000| Complete 
|  31|0x00000000c1f00000, 0x00000000c2000000, 0x00000000c2000000|100%| E|CS|TAMS 0x00000000c1f00000, 0x00000000c1f00000| Complete 
|  32|0x00000000c2000000, 0x00000000c2100000, 0x00000000c2100000|100%| E|CS|TAMS 0x00000000c2000000, 0x00000000c2000000| Complete 
|  33|0x00000000c2100000, 0x00000000c2200000, 0x00000000c2200000|100%| E|CS|TAMS 0x00000000c2100000, 0x00000000c2100000| Complete 
|  34|0x00000000c2200000, 0x00000000c2300000, 0x00000000c2300000|100%| E|CS|TAMS 0x00000000c2200000, 0x00000000c2200000| Complete 
|  35|0x00000000c2300000, 0x00000000c2400000, 0x00000000c2400000|100%| E|CS|TAMS 0x00000000c2300000, 0x00000000c2300000| Complete 
|  36|0x00000000c2400000, 0x00000000c2500000, 0x00000000c2500000|100%| E|CS|TAMS 0x00000000c2400000, 0x00000000c2400000| Complete 
|  37|0x00000000c2500000, 0x00000000c2600000, 0x00000000c2600000|100%| E|CS|TAMS 0x00000000c2500000, 0x00000000c2500000| Complete 
|  38|0x00000000c2600000, 0x00000000c2700000, 0x00000000c2700000|100%| E|CS|TAMS 0x00000000c2600000, 0x00000000c2600000| Complete 
|  39|0x00000000c2700000, 0x00000000c2800000, 0x00000000c2800000|100%| E|CS|TAMS 0x00000000c2700000, 0x00000000c2700000| Complete 
|  40|0x00000000c2800000, 0x00000000c2900000, 0x00000000c2900000|100%| E|  |TAMS 0x00000000c2800000, 0x00000000c2800000| Complete 
|  41|0x00000000c2900000, 0x00000000c2a00000, 0x00000000c2a00000|100%| E|CS|TAMS 0x00000000c2900000, 0x00000000c2900000| Complete 
|  42|0x00000000c2a00000, 0x00000000c2b00000, 0x00000000c2b00000|100%| E|CS|TAMS 0x00000000c2a00000, 0x00000000c2a00000| Complete 
|  43|0x00000000c2b00000, 0x00000000c2c00000, 0x00000000c2c00000|100%| E|CS|TAMS 0x00000000c2b00000, 0x00000000c2b00000| Complete 

Card table byte_map: [0x000001e87d770000,0x000001e87d970000] _byte_map_base: 0x000001e87d170000

Marking Bits (Prev, Next): (CMBitMap*) 0x000001e87d6e77b0, (CMBitMap*) 0x000001e87d6e77f0
 Prev Bits: [0x000001e87db70000, 0x000001e87eb70000)
 Next Bits: [0x000001e87eb70000, 0x000001e87fb70000)

Polling page: 0x000001e87ce70000

Metaspace:

Usage:
  Non-class:     22.79 MB used.
      Class:      2.50 MB used.
       Both:     25.30 MB used.

Virtual space:
  Non-class space:       64.00 MB reserved,      23.19 MB ( 36%) committed,  1 nodes.
      Class space:        1.00 GB reserved,       2.88 MB ( <1%) committed,  1 nodes.
             Both:        1.06 GB reserved,      26.06 MB (  2%) committed. 

Chunk freelists:
   Non-Class:  827.00 KB
       Class:  1.22 MB
        Both:  2.03 MB

MaxMetaspaceSize: unlimited
CompressedClassSpaceSize: 1.00 GB
Initial GC threshold: 21.00 MB
Current GC threshold: 42.81 MB
CDS: on
MetaspaceReclaimPolicy: balanced
 - commit_granule_bytes: 65536.
 - commit_granule_words: 8192.
 - virtual_space_node_default_size: 8388608.
 - enlarge_chunks_in_place: 1.
 - new_chunks_are_fully_committed: 0.
 - uncommit_free_chunks: 1.
 - use_allocation_guard: 0.


Internal statistics:

num_allocs_failed_limit: 5.
num_arena_births: 554.
num_arena_deaths: 146.
num_vsnodes_births: 2.
num_vsnodes_deaths: 0.
num_space_committed: 417.
num_space_uncommitted: 0.
num_chunks_returned_to_freelist: 161.
num_chunks_taken_from_freelist: 1637.
num_chunk_merges: 43.
num_chunk_splits: 999.
num_chunks_enlarged: 600.
num_inconsistent_stats: 0.

CodeHeap 'non-profiled nmethods': size=120064Kb used=3264Kb max_used=3264Kb free=116799Kb
 bounds [0x000001e80ced0000, 0x000001e80d210000, 0x000001e814410000]
CodeHeap 'profiled nmethods': size=120000Kb used=11570Kb max_used=11570Kb free=108429Kb
 bounds [0x000001e805410000, 0x000001e805f60000, 0x000001e80c940000]
CodeHeap 'non-nmethods': size=5696Kb used=1358Kb max_used=1411Kb free=4337Kb
 bounds [0x000001e80c940000, 0x000001e80cbb0000, 0x000001e80ced0000]
 total_blobs=5499 nmethods=4904 adapters=504
 compilation: enabled
              stopped_count=0, restarted_count=0
 full_count=0

Compilation events (20 events):
Event: 4010.176 Thread 0x000001e87fdc43a0 nmethod 5478 0x000001e805f5a910 code [0x000001e805f5aae0, 0x000001e805f5b008]
Event: 4010.177 Thread 0x000001e87fdc43a0 5479       3       org.python.pydev.ast.codecompletion.revisited.CompletionStateWrapper::add (12 bytes)
Event: 4010.177 Thread 0x000001e87fdc43a0 nmethod 5479 0x000001e805f5b190 code [0x000001e805f5b340, 0x000001e805f5b508]
Event: 4010.178 Thread 0x000001e87fdc43a0 5480       1       org.python.pydev.ast.codecompletion.revisited.PyPublicTreeMap$SubMap::entrySet (5 bytes)
Event: 4010.178 Thread 0x000001e87fdc43a0 nmethod 5480 0x000001e80d1fcb90 code [0x000001e80d1fcd20, 0x000001e80d1fcdd8]
Event: 4010.188 Thread 0x000001e87fdb7e00 5481   !   4       org.python.pydev.parser.grammarcommon.AbstractTokenManagerWithConstants::getFromConstants (27 bytes)
Event: 4010.205 Thread 0x000001e87fdc43a0 5483       1       org.python.pydev.shared_core.string.TextSelectionUtils::getDoc (5 bytes)
Event: 4010.205 Thread 0x000001e87fdc43a0 nmethod 5483 0x000001e80d1fce90 code [0x000001e80d1fd020, 0x000001e80d1fd0d8]
Event: 4010.206 Thread 0x000001e87fdc43a0 5484       3       org.python.pydev.parser.jython.ast.Module::traverse (45 bytes)
Event: 4010.206 Thread 0x000001e87fdc43a0 nmethod 5484 0x000001e805f5b610 code [0x000001e805f5b7c0, 0x000001e805f5bb08]
Event: 4010.209 Thread 0x000001e87fdc43a0 5485  s    3       java.util.Stack::peek (25 bytes)
Event: 4010.209 Thread 0x000001e87fdc43a0 nmethod 5485 0x000001e805f5bc10 code [0x000001e805f5bde0, 0x000001e805f5c2b8]
Event: 4010.238 Thread 0x000001e87fdb7e00 nmethod 5481 0x000001e80d1fd190 code [0x000001e80d1fd460, 0x000001e80d1fe908]
Event: 4010.239 Thread 0x000001e87fdb7e00 5482       4       java.lang.invoke.DirectMethodHandle$Holder::getInt (26 bytes)
Event: 4010.239 Thread 0x000001e87fdb7e00 nmethod 5482 0x000001e80d1ff890 code [0x000001e80d1ffa20, 0x000001e80d1ffab8]
Event: 4011.127 Thread 0x000001e87fdc43a0 5486       1       java.util.Calendar::getFirstDayOfWeek (5 bytes)
Event: 4011.127 Thread 0x000001e87fdc43a0 nmethod 5486 0x000001e80d1ffc10 code [0x000001e80d1ffda0, 0x000001e80d1ffe58]
Event: 4011.127 Thread 0x000001e87fdc43a0 5487       1       java.util.Calendar::getMinimalDaysInFirstWeek (5 bytes)
Event: 4011.127 Thread 0x000001e87fdc43a0 nmethod 5487 0x000001e80d1fff10 code [0x000001e80d2000a0, 0x000001e80d200158]
Event: 4011.189 Thread 0x000001e87fdb7e00 5488   !   4       org.python.pydev.parser.grammar312.TreeBuilder312::onCloseNode (5409 bytes)

GC Heap History (20 events):
Event: 2871.452 GC heap before
{Heap before GC invocations=33 (full 0):
 garbage-first heap   total 45056K, used 36193K [0x00000000c0000000, 0x0000000100000000)
  region size 1024K, 19 young (19456K), 1 survivors (1024K)
 Metaspace       used 25414K, committed 26304K, reserved 1114112K
  class space    used 2524K, committed 2880K, reserved 1048576K
}
Event: 2871.454 GC heap after
{Heap after GC invocations=34 (full 0):
 garbage-first heap   total 45056K, used 18788K [0x00000000c0000000, 0x0000000100000000)
  region size 1024K, 1 young (1024K), 1 survivors (1024K)
 Metaspace       used 25414K, committed 26304K, reserved 1114112K
  class space    used 2524K, committed 2880K, reserved 1048576K
}
Event: 2996.138 GC heap before
{Heap before GC invocations=34 (full 0):
 garbage-first heap   total 45056K, used 37220K [0x00000000c0000000, 0x0000000100000000)
  region size 1024K, 19 young (19456K), 1 survivors (1024K)
 Metaspace       used 25414K, committed 26304K, reserved 1114112K
  class space    used 2524K, committed 2880K, reserved 1048576K
}
Event: 2996.139 GC heap after
{Heap after GC invocations=35 (full 0):
 garbage-first heap   total 45056K, used 18788K [0x00000000c0000000, 0x0000000100000000)
  region size 1024K, 1 young (1024K), 1 survivors (1024K)
 Metaspace       used 25414K, committed 26304K, reserved 1114112K
  class space    used 2524K, committed 2880K, reserved 1048576K
}
Event: 3120.356 GC heap before
{Heap before GC invocations=35 (full 0):
 garbage-first heap   total 45056K, used 37220K [0x00000000c0000000, 0x0000000100000000)
  region size 1024K, 19 young (19456K), 1 survivors (1024K)
 Metaspace       used 25414K, committed 26304K, reserved 1114112K
  class space    used 2524K, committed 2880K, reserved 1048576K
}
Event: 3120.356 GC heap after
{Heap after GC invocations=36 (full 0):
 garbage-first heap   total 45056K, used 18787K [0x00000000c0000000, 0x0000000100000000)
  region size 1024K, 1 young (1024K), 1 survivors (1024K)
 Metaspace       used 25414K, committed 26304K, reserved 1114112K
  class space    used 2524K, committed 2880K, reserved 1048576K
}
Event: 3244.302 GC heap before
{Heap before GC invocations=36 (full 0):
 garbage-first heap   total 45056K, used 37219K [0x00000000c0000000, 0x0000000100000000)
  region size 1024K, 19 young (19456K), 1 survivors (1024K)
 Metaspace       used 25418K, committed 26304K, reserved 1114112K
  class space    used 2524K, committed 2880K, reserved 1048576K
}
Event: 3244.303 GC heap after
{Heap after GC invocations=37 (full 0):
 garbage-first heap   total 45056K, used 18791K [0x00000000c0000000, 0x0000000100000000)
  region size 1024K, 1 young (1024K), 1 survivors (1024K)
 Metaspace       used 25418K, committed 26304K, reserved 1114112K
  class space    used 2524K, committed 2880K, reserved 1048576K
}
Event: 3369.105 GC heap before
{Heap before GC invocations=37 (full 0):
 garbage-first heap   total 45056K, used 37223K [0x00000000c0000000, 0x0000000100000000)
  region size 1024K, 19 young (19456K), 1 survivors (1024K)
 Metaspace       used 25439K, committed 26304K, reserved 1114112K
  class space    used 2524K, committed 2880K, reserved 1048576K
}
Event: 3369.106 GC heap after
{Heap after GC invocations=38 (full 0):
 garbage-first heap   total 45056K, used 18779K [0x00000000c0000000, 0x0000000100000000)
  region size 1024K, 1 young (1024K), 1 survivors (1024K)
 Metaspace       used 25439K, committed 26304K, reserved 1114112K
  class space    used 2524K, committed 2880K, reserved 1048576K
}
Event: 3437.289 GC heap before
{Heap before GC invocations=38 (full 0):
 garbage-first heap   total 45056K, used 36187K [0x00000000c0000000, 0x0000000100000000)
  region size 1024K, 19 young (19456K), 1 survivors (1024K)
 Metaspace       used 25458K, committed 26304K, reserved 1114112K
  class space    used 2524K, committed 2880K, reserved 1048576K
}
Event: 3437.295 GC heap after
{Heap after GC invocations=39 (full 0):
 garbage-first heap   total 45056K, used 18748K [0x00000000c0000000, 0x0000000100000000)
  region size 1024K, 1 young (1024K), 1 survivors (1024K)
 Metaspace       used 25458K, committed 26304K, reserved 1114112K
  class space    used 2524K, committed 2880K, reserved 1048576K
}
Event: 3586.557 GC heap before
{Heap before GC invocations=39 (full 0):
 garbage-first heap   total 45056K, used 37180K [0x00000000c0000000, 0x0000000100000000)
  region size 1024K, 19 young (19456K), 1 survivors (1024K)
 Metaspace       used 25458K, committed 26304K, reserved 1114112K
  class space    used 2524K, committed 2880K, reserved 1048576K
}
Event: 3586.557 GC heap after
{Heap after GC invocations=40 (full 0):
 garbage-first heap   total 45056K, used 18784K [0x00000000c0000000, 0x0000000100000000)
  region size 1024K, 1 young (1024K), 1 survivors (1024K)
 Metaspace       used 25458K, committed 26304K, reserved 1114112K
  class space    used 2524K, committed 2880K, reserved 1048576K
}
Event: 3679.471 GC heap before
{Heap before GC invocations=40 (full 0):
 garbage-first heap   total 45056K, used 36192K [0x00000000c0000000, 0x0000000100000000)
  region size 1024K, 19 young (19456K), 1 survivors (1024K)
 Metaspace       used 25459K, committed 26304K, reserved 1114112K
  class space    used 2524K, committed 2880K, reserved 1048576K
}
Event: 3679.477 GC heap after
{Heap after GC invocations=41 (full 0):
 garbage-first heap   total 45056K, used 18838K [0x00000000c0000000, 0x0000000100000000)
  region size 1024K, 1 young (1024K), 1 survivors (1024K)
 Metaspace       used 25459K, committed 26304K, reserved 1114112K
  class space    used 2524K, committed 2880K, reserved 1048576K
}
Event: 3811.660 GC heap before
{Heap before GC invocations=41 (full 0):
 garbage-first heap   total 45056K, used 37270K [0x00000000c0000000, 0x0000000100000000)
  region size 1024K, 19 young (19456K), 1 survivors (1024K)
 Metaspace       used 25459K, committed 26304K, reserved 1114112K
  class space    used 2524K, committed 2880K, reserved 1048576K
}
Event: 3811.660 GC heap after
{Heap after GC invocations=42 (full 0):
 garbage-first heap   total 45056K, used 18748K [0x00000000c0000000, 0x0000000100000000)
  region size 1024K, 1 young (1024K), 1 survivors (1024K)
 Metaspace       used 25459K, committed 26304K, reserved 1114112K
  class space    used 2524K, committed 2880K, reserved 1048576K
}
Event: 3972.124 GC heap before
{Heap before GC invocations=42 (full 0):
 garbage-first heap   total 45056K, used 37180K [0x00000000c0000000, 0x0000000100000000)
  region size 1024K, 19 young (19456K), 1 survivors (1024K)
 Metaspace       used 25498K, committed 26304K, reserved 1114112K
  class space    used 2526K, committed 2880K, reserved 1048576K
}
Event: 3972.131 GC heap after
{Heap after GC invocations=43 (full 0):
 garbage-first heap   total 45056K, used 18895K [0x00000000c0000000, 0x0000000100000000)
  region size 1024K, 1 young (1024K), 1 survivors (1024K)
 Metaspace       used 25498K, committed 26304K, reserved 1114112K
  class space    used 2526K, committed 2880K, reserved 1048576K
}

Dll operation events (9 events):
Event: 0.015 Loaded shared library C:\Users\BARTON\.pydev_vscode\java19\jdk-19.0.2+7-jre\bin\java.dll
Event: 0.047 Loaded shared library C:\Users\BARTON\.pydev_vscode\java19\jdk-19.0.2+7-jre\bin\jsvml.dll
Event: 0.531 Loaded shared library C:\Users\BARTON\.pydev_vscode\java19\jdk-19.0.2+7-jre\bin\net.dll
Event: 0.536 Loaded shared library C:\Users\BARTON\.pydev_vscode\java19\jdk-19.0.2+7-jre\bin\nio.dll
Event: 0.549 Loaded shared library C:\Users\BARTON\.pydev_vscode\java19\jdk-19.0.2+7-jre\bin\zip.dll
Event: 1.525 Loaded shared library C:\Users\BARTON\.pydev_vscode\java19\jdk-19.0.2+7-jre\bin\jimage.dll
Event: 4.514 Loaded shared library C:\Users\BARTON\.vscode\extensions\fabioz.vscode-pydev-0.15.3\server\plugins\org.eclipse.equinox.launcher.win32.win32.x86_64_1.2.900.v20240213-1244\eclipse_11900.dll
Event: 6.629 Loaded shared library C:\Users\BARTON\.vscode\extensions\fabioz.vscode-pydev-0.15.3\server\config_win\org.eclipse.osgi\13\0\.cp\os\win32\x86_64\localfile_1_0_0.dll
Event: 7.012 Loaded shared library C:\Users\BARTON\.vscode\extensions\fabioz.vscode-pydev-0.15.3\server\config_win\org.eclipse.osgi\16\0\.cp\os\win32\x86_64\win32refresh.dll

Deoptimization events (20 events):
Event: 4008.636 Thread 0x000001e81a946d10 Uncommon trap: trap_request=0x00000196 fr.pc=0x000001e80d11b7f0 relative=0x00000000000078d0
Event: 4008.636 Thread 0x000001e81a946d10 Uncommon trap: reason=unloaded action=reinterpret pc=0x000001e80d11b7f0 method=org.python.pydev.parser.grammar312.TreeBuilder312.onCloseNode(Lorg/python/pydev/parser/jython/SimpleNode;I)Lorg/python/pydev/parser/jython/SimpleNode; @ 3241 c2
Event: 4008.639 Thread 0x000001e81a946d10 DEOPT PACKING pc=0x000001e80d11b7f0 sp=0x0000002900efc2f0
Event: 4008.639 Thread 0x000001e81a946d10 DEOPT UNPACKING pc=0x000001e80c9a6d9d sp=0x0000002900efc0e0 mode 2
Event: 4008.642 Thread 0x000001e81c1ddf80 Uncommon trap: trap_request=0xffffff45 fr.pc=0x000001e80cef6ed8 relative=0x0000000000000958
Event: 4008.643 Thread 0x000001e81c1ddf80 Uncommon trap: reason=unstable_if action=reinterpret pc=0x000001e80cef6ed8 method=org.python.pydev.parser.grammar312.PythonGrammar312TokenManager.jjMoveNfa_3(II)I @ 364 c2
Event: 4008.643 Thread 0x000001e81c1ddf80 DEOPT PACKING pc=0x000001e80cef6ed8 sp=0x00000029008fde40
Event: 4008.643 Thread 0x000001e81c1ddf80 DEOPT UNPACKING pc=0x000001e80c9a6d9d sp=0x00000029008fddc0 mode 2
Event: 4008.762 Thread 0x000001e81c1ddf80 Uncommon trap: trap_request=0xffffff45 fr.pc=0x000001e80d10a990 relative=0x0000000000000170
Event: 4008.762 Thread 0x000001e81c1ddf80 Uncommon trap: reason=unstable_if action=reinterpret pc=0x000001e80d10a990 method=org.python.pydev.parser.grammar312.PythonGrammar312TokenManager.jjMoveNfa_10(II)I @ 220 c2
Event: 4008.762 Thread 0x000001e81c1ddf80 DEOPT PACKING pc=0x000001e80d10a990 sp=0x00000029008fc7a0
Event: 4008.762 Thread 0x000001e81c1ddf80 DEOPT UNPACKING pc=0x000001e80c9a6d9d sp=0x00000029008fc6e0 mode 2
Event: 4009.061 Thread 0x000001e81a947260 Uncommon trap: trap_request=0xffffff45 fr.pc=0x000001e80d189b30 relative=0x0000000000000310
Event: 4009.061 Thread 0x000001e81a947260 Uncommon trap: reason=unstable_if action=reinterpret pc=0x000001e80d189b30 method=org.eclipse.core.internal.jobs.JobQueue.isEmpty()Z @ 11 c2
Event: 4009.061 Thread 0x000001e81a947260 DEOPT PACKING pc=0x000001e80d189b30 sp=0x00000029006ff010
Event: 4009.061 Thread 0x000001e81a947260 DEOPT UNPACKING pc=0x000001e80c9a6d9d sp=0x00000029006fef60 mode 2
Event: 4009.427 Thread 0x000001e81c1dff60 Uncommon trap: trap_request=0xffffff45 fr.pc=0x000001e80d05a324 relative=0x0000000000000084
Event: 4009.427 Thread 0x000001e81c1dff60 Uncommon trap: reason=unstable_if action=reinterpret pc=0x000001e80d05a324 method=org.python.pydev.shared_core.structure.FastStack.peek()Ljava/lang/Object; @ 4 c2
Event: 4009.427 Thread 0x000001e81c1dff60 DEOPT PACKING pc=0x000001e80d05a324 sp=0x0000002900fff030
Event: 4009.428 Thread 0x000001e81c1dff60 DEOPT UNPACKING pc=0x000001e80c9a6d9d sp=0x0000002900ffefd0 mode 2

Classes loaded (20 events):
Event: 4004.705 Loading class java/lang/StackStreamFactory$StackFrameTraverser$StackFrameBuffer
Event: 4004.717 Loading class java/lang/StackStreamFactory$FrameBuffer
Event: 4004.723 Loading class java/lang/StackStreamFactory$FrameBuffer done
Event: 4004.723 Loading class java/lang/StackStreamFactory$StackFrameTraverser$StackFrameBuffer done
Event: 4004.737 Loading class java/util/logging/Level$RbAccess
Event: 4004.743 Loading class java/util/logging/Level$RbAccess done
Event: 4004.755 Loading class java/util/ResourceBundle$3
Event: 4004.761 Loading class java/util/ResourceBundle$3 done
Event: 4004.788 Loading class sun/util/logging/resources/logging
Event: 4004.795 Loading class sun/util/logging/resources/logging done
Event: 4004.795 Loading class sun/util/logging/resources/logging_fr
Event: 4004.809 Loading class sun/util/logging/resources/logging_fr done
Event: 4004.809 Loading class sun/util/logging/resources/logging_fr_FR
Event: 4004.809 Loading class sun/util/logging/resources/logging_fr_FR done
Event: 4004.809 Loading class sun/util/logging/resources/logging_fr_FR
Event: 4004.809 Loading class sun/util/logging/resources/logging_fr_FR done
Event: 4004.844 Loading class java/util/Formatter$DateTime
Event: 4004.858 Loading class java/util/Formatter$DateTime done
Event: 4004.858 Loading class java/time/ZonedDateTime$1
Event: 4004.870 Loading class java/time/ZonedDateTime$1 done

Classes unloaded (20 events):
Event: 2469.658 Thread 0x000001e87d764f00 Unloading class 0x0000000800ccc400 'java/lang/invoke/LambdaForm$MH+0x0000000800ccc400'
Event: 2469.658 Thread 0x000001e87d764f00 Unloading class 0x0000000800ccc000 'java/lang/invoke/LambdaForm$MH+0x0000000800ccc000'
Event: 2469.658 Thread 0x000001e87d764f00 Unloading class 0x0000000800cc4400 'java/lang/invoke/LambdaForm$MH+0x0000000800cc4400'
Event: 2469.658 Thread 0x000001e87d764f00 Unloading class 0x0000000800cb2000 'java/lang/invoke/LambdaForm$MH+0x0000000800cb2000'
Event: 2469.658 Thread 0x000001e87d764f00 Unloading class 0x0000000800c91000 'java/lang/invoke/LambdaForm$MH+0x0000000800c91000'
Event: 2469.658 Thread 0x000001e87d764f00 Unloading class 0x0000000800c90c00 'java/lang/invoke/LambdaForm$MH+0x0000000800c90c00'
Event: 2469.659 Thread 0x000001e87d764f00 Unloading class 0x0000000800c80800 'java/lang/invoke/LambdaForm$MH+0x0000000800c80800'
Event: 2469.659 Thread 0x000001e87d764f00 Unloading class 0x0000000800c80400 'java/lang/invoke/LambdaForm$MH+0x0000000800c80400'
Event: 2469.659 Thread 0x000001e87d764f00 Unloading class 0x0000000800c80000 'java/lang/invoke/LambdaForm$MH+0x0000000800c80000'
Event: 2469.659 Thread 0x000001e87d764f00 Unloading class 0x0000000800c1bc00 'java/lang/invoke/LambdaForm$MH+0x0000000800c1bc00'
Event: 2469.659 Thread 0x000001e87d764f00 Unloading class 0x0000000800c1a800 'java/lang/invoke/LambdaForm$MH+0x0000000800c1a800'
Event: 2469.659 Thread 0x000001e87d764f00 Unloading class 0x0000000800c1a400 'java/lang/invoke/LambdaForm$MH+0x0000000800c1a400'
Event: 2469.659 Thread 0x000001e87d764f00 Unloading class 0x0000000800c19000 'java/lang/invoke/LambdaForm$MH+0x0000000800c19000'
Event: 2469.659 Thread 0x000001e87d764f00 Unloading class 0x0000000800c18c00 'java/lang/invoke/LambdaForm$MH+0x0000000800c18c00'
Event: 2469.659 Thread 0x000001e87d764f00 Unloading class 0x0000000800c18800 'java/lang/invoke/LambdaForm$MH+0x0000000800c18800'
Event: 2469.659 Thread 0x000001e87d764f00 Unloading class 0x0000000800c09800 'java/lang/invoke/LambdaForm$MH+0x0000000800c09800'
Event: 2469.659 Thread 0x000001e87d764f00 Unloading class 0x0000000800c09400 'java/lang/invoke/LambdaForm$MH+0x0000000800c09400'
Event: 2469.659 Thread 0x000001e87d764f00 Unloading class 0x0000000800c06400 'java/lang/invoke/LambdaForm$MH+0x0000000800c06400'
Event: 2469.659 Thread 0x000001e87d764f00 Unloading class 0x0000000800c06000 'java/lang/invoke/LambdaForm$MH+0x0000000800c06000'
Event: 2469.659 Thread 0x000001e87d764f00 Unloading class 0x0000000800c00400 'java/lang/invoke/LambdaForm$MH+0x0000000800c00400'

Classes redefined (0 events):
No events

Internal exceptions (20 events):
Event: 30.924 Thread 0x000001e81a945d20 Exception <a 'java/lang/NoSuchMethodError'{0x00000000c2140598}: 'int java.lang.invoke.Invokers$Holder.invokeExact_MT(java.lang.Object, java.lang.Object)'> (0x00000000c2140598) 
thrown [s\src\hotspot\share\interpreter\linkResolver.cpp, line 774]
Event: 30.924 Thread 0x000001e81a9467c0 Exception <a 'java/lang/NoSuchMethodError'{0x00000000c22a1a68}: 'int java.lang.invoke.Invokers$Holder.invokeExact_MT(java.lang.Object, java.lang.Object)'> (0x00000000c22a1a68) 
thrown [s\src\hotspot\share\interpreter\linkResolver.cpp, line 774]
Event: 31.049 Thread 0x000001e81a9467c0 Exception <a 'java/lang/ArrayIndexOutOfBoundsException'{0x00000000c219fce0}> (0x00000000c219fce0) 
thrown [s\src\hotspot\share\runtime\sharedRuntime.cpp, line 630]
Event: 31.058 Thread 0x000001e81a945d20 Exception <a 'java/lang/ArrayIndexOutOfBoundsException'{0x00000000c21b9890}> (0x00000000c21b9890) 
thrown [s\src\hotspot\share\runtime\sharedRuntime.cpp, line 630]
Event: 31.101 Thread 0x000001e81a947260 Exception <a 'java/lang/ArrayIndexOutOfBoundsException'{0x00000000c2054260}> (0x00000000c2054260) 
thrown [s\src\hotspot\share\runtime\sharedRuntime.cpp, line 630]
Event: 31.104 Thread 0x000001e81a946d10 Exception <a 'java/lang/ArrayIndexOutOfBoundsException'{0x00000000c21ab910}> (0x00000000c21ab910) 
thrown [s\src\hotspot\share\runtime\sharedRuntime.cpp, line 630]
Event: 32.277 Thread 0x000001e81a945d20 Exception <a 'java/lang/ArrayIndexOutOfBoundsException'{0x00000000c17f9530}: Index 90211 out of bounds for length 90211> (0x00000000c17f9530) 
thrown [s\src\hotspot\share\interpreter\interpreterRuntime.cpp, line 432]
Event: 32.392 Thread 0x000001e81a945d20 Exception <a 'java/lang/ArrayIndexOutOfBoundsException'{0x00000000c16b2958}: Index 855 out of bounds for length 855> (0x00000000c16b2958) 
thrown [s\src\hotspot\share\interpreter\interpreterRuntime.cpp, line 432]
Event: 54.158 Thread 0x000001e81a945d20 Exception <a 'java/io/FileNotFoundException'{0x00000000c23f10a0}> (0x00000000c23f10a0) 
thrown [s\src\hotspot\share\prims\jni.cpp, line 517]
Event: 54.159 Thread 0x000001e81a945d20 Exception <a 'java/io/FileNotFoundException'{0x00000000c23f2070}> (0x00000000c23f2070) 
thrown [s\src\hotspot\share\prims\jni.cpp, line 517]
Event: 54.159 Thread 0x000001e81a945d20 Exception <a 'java/io/FileNotFoundException'{0x00000000c23f3180}> (0x00000000c23f3180) 
thrown [s\src\hotspot\share\prims\jni.cpp, line 517]
Event: 2151.317 Thread 0x000001e81a946270 Exception <a 'java/lang/NoSuchMethodError'{0x00000000c1a29970}: 'java.lang.Object java.lang.invoke.DirectMethodHandle$Holder.invokeVirtual(java.lang.Object, java.lang.Object, java.lang.Object)'> (0x00000000c1a29970) 
thrown [s\src\hotspot\share\interpreter\linkResolver.cpp, line 774]
Event: 2204.019 Thread 0x000001e81c1de4d0 Exception <a 'java/lang/NoSuchMethodError'{0x00000000c1ba90a0}: 'int java.lang.invoke.DirectMethodHandle$Holder.invokeSpecialIFC(java.lang.Object, java.lang.Object, java.lang.Object, java.lang.Object)'> (0x00000000c1ba90a0) 
thrown [s\src\hotspot\share\interpreter\linkResolver.cpp, line 774]
Event: 3360.691 Thread 0x000001e81a947260 Implicit null exception at 0x000001e80d08bce3 to 0x000001e80d08bda8
Event: 3900.289 Thread 0x000001e81a944290 Implicit null exception at 0x000001e805e1bddc to 0x000001e805e1f264
Event: 3900.296 Thread 0x000001e81a944290 Exception <a 'java/lang/NullPointerException'{0x00000000c23ddda0}> (0x00000000c23ddda0) 
thrown [s\src\hotspot\share\runtime\sharedRuntime.cpp, line 630]
Event: 4004.571 Thread 0x000001e81a946270 Exception <a 'java/lang/NoSuchMethodError'{0x00000000c2914078}: 'java.lang.Object java.lang.invoke.DirectMethodHandle$Holder.invokeStatic(java.lang.Object, int, java.lang.Object)'> (0x00000000c2914078) 
thrown [s\src\hotspot\share\interpreter\linkResolver.cpp, line 774]
Event: 4004.725 Thread 0x000001e81a944290 Implicit null exception at 0x000001e805e1bddc to 0x000001e805e1f264
Event: 4004.725 Thread 0x000001e81a944290 Exception <a 'java/lang/NullPointerException'{0x00000000c2bd36a0}> (0x00000000c2bd36a0) 
thrown [s\src\hotspot\share\runtime\sharedRuntime.cpp, line 630]
Event: 4004.766 Thread 0x000001e81a946270 Exception <a 'java/lang/ClassNotFoundException'{0x00000000c292eb50}: sun/util/logging/resources/spi/loggingProvider> (0x00000000c292eb50) 
thrown [s\src\hotspot\share\classfile\systemDictionary.cpp, line 255]

VM Operations (20 events):
Event: 3905.761 Executing VM operation: Cleanup
Event: 3905.761 Executing VM operation: Cleanup done
Event: 3910.783 Executing VM operation: Cleanup
Event: 3910.783 Executing VM operation: Cleanup done
Event: 3972.124 Executing VM operation: G1CollectForAllocation
Event: 3972.131 Executing VM operation: G1CollectForAllocation done
Event: 4003.321 Executing VM operation: Cleanup
Event: 4003.351 Executing VM operation: Cleanup done
Event: 4004.352 Executing VM operation: Cleanup
Event: 4004.384 Executing VM operation: Cleanup done
Event: 4005.384 Executing VM operation: Cleanup
Event: 4005.384 Executing VM operation: Cleanup done
Event: 4006.386 Executing VM operation: Cleanup
Event: 4006.386 Executing VM operation: Cleanup done
Event: 4008.412 Executing VM operation: Cleanup
Event: 4008.582 Executing VM operation: Cleanup done
Event: 4009.583 Executing VM operation: Cleanup
Event: 4009.592 Executing VM operation: Cleanup done
Event: 4010.593 Executing VM operation: Cleanup
Event: 4010.593 Executing VM operation: Cleanup done

Events (20 events):
Event: 4003.550 Thread 0x000001e81c1df4c0 Thread exited: 0x000001e81c1df4c0
Event: 4003.574 Thread 0x000001e81c1dfa10 Thread exited: 0x000001e81c1dfa10
Event: 4003.658 Thread 0x000001e81c1dcf90 Thread added: 0x000001e81c1dcf90
Event: 4003.662 Thread 0x000001e81c1ddf80 Thread added: 0x000001e81c1ddf80
Event: 4004.875 Thread 0x000001e81c1dcf90 Thread exited: 0x000001e81c1dcf90
Event: 4004.875 Thread 0x000001e81c1ddf80 Thread exited: 0x000001e81c1ddf80
Event: 4005.662 Thread 0x000001e81c1ddf80 Thread added: 0x000001e81c1ddf80
Event: 4007.938 Thread 0x000001e81c1dcf90 Thread added: 0x000001e81c1dcf90
Event: 4007.966 Thread 0x000001e81c1dff60 Thread added: 0x000001e81c1dff60
Event: 4007.973 Thread 0x000001e81c1df4c0 Thread added: 0x000001e81c1df4c0
Event: 4008.218 Thread 0x000001e81c1dfa10 Thread added: 0x000001e81c1dfa10
Event: 4008.389 Thread 0x000001e81c1dcf90 Thread exited: 0x000001e81c1dcf90
Event: 4008.596 Thread 0x000001e81c1dfa10 Thread exited: 0x000001e81c1dfa10
Event: 4009.040 Thread 0x000001e81c1df4c0 Thread exited: 0x000001e81c1df4c0
Event: 4009.609 Thread 0x000001e81c1de4d0 Thread added: 0x000001e81c1de4d0
Event: 4009.662 Thread 0x000001e81c1dff60 Thread exited: 0x000001e81c1dff60
Event: 4010.125 Thread 0x000001e81c1dea20 Thread added: 0x000001e81c1dea20
Event: 4010.211 Thread 0x000001e81c1dea20 Thread exited: 0x000001e81c1dea20
Event: 4011.127 Thread 0x000001e81c1df4c0 Thread added: 0x000001e81c1df4c0
Event: 4011.190 Thread 0x000001e81c1df4c0 Thread exited: 0x000001e81c1df4c0


Dynamic libraries:
0x00007ff6ee0b0000 - 0x00007ff6ee0be000 	C:\Users\BARTON\.pydev_vscode\java19\jdk-19.0.2+7-jre\bin\java.exe
0x00007ff9e3c90000 - 0x00007ff9e3e88000 	C:\WINDOWS\SYSTEM32\ntdll.dll
0x00007ff9e2290000 - 0x00007ff9e2352000 	C:\WINDOWS\System32\KERNEL32.DLL
0x00007ff9e14e0000 - 0x00007ff9e17d6000 	C:\WINDOWS\System32\KERNELBASE.dll
0x00007ff9e1330000 - 0x00007ff9e1430000 	C:\WINDOWS\System32\ucrtbase.dll
0x00007ff9d92b0000 - 0x00007ff9d92c7000 	C:\Users\BARTON\.pydev_vscode\java19\jdk-19.0.2+7-jre\bin\jli.dll
0x00007ff9e3630000 - 0x00007ff9e37cd000 	C:\WINDOWS\System32\USER32.dll
0x00007ff9d6d70000 - 0x00007ff9d6d89000 	C:\Users\BARTON\.pydev_vscode\java19\jdk-19.0.2+7-jre\bin\VCRUNTIME140.dll
0x00007ff9e1b50000 - 0x00007ff9e1b72000 	C:\WINDOWS\System32\win32u.dll
0x00007ff9cd980000 - 0x00007ff9cdc1a000 	C:\WINDOWS\WinSxS\amd64_microsoft.windows.common-controls_6595b64144ccf1df_6.0.19041.5794_none_60bcd33171f2783c\COMCTL32.dll
0x00007ff9e3830000 - 0x00007ff9e385b000 	C:\WINDOWS\System32\GDI32.dll
0x00007ff9e39a0000 - 0x00007ff9e3a3e000 	C:\WINDOWS\System32\msvcrt.dll
0x00007ff9e17e0000 - 0x00007ff9e18fa000 	C:\WINDOWS\System32\gdi32full.dll
0x00007ff9e1ab0000 - 0x00007ff9e1b4d000 	C:\WINDOWS\System32\msvcp_win.dll
0x00007ff9e2470000 - 0x00007ff9e249f000 	C:\WINDOWS\System32\IMM32.DLL
0x00007ff9db820000 - 0x00007ff9db82c000 	C:\Users\BARTON\.pydev_vscode\java19\jdk-19.0.2+7-jre\bin\vcruntime140_1.dll
0x00007ff9b9a70000 - 0x00007ff9b9b01000 	C:\Users\BARTON\.pydev_vscode\java19\jdk-19.0.2+7-jre\bin\msvcp140.dll
0x00007ff9a8290000 - 0x00007ff9a8f81000 	C:\Users\BARTON\.pydev_vscode\java19\jdk-19.0.2+7-jre\bin\server\jvm.dll
0x00007ff9e2360000 - 0x00007ff9e240f000 	C:\WINDOWS\System32\ADVAPI32.dll
0x00007ff9e30e0000 - 0x00007ff9e317f000 	C:\WINDOWS\System32\sechost.dll
0x00007ff9e2160000 - 0x00007ff9e2283000 	C:\WINDOWS\System32\RPCRT4.dll
0x00007ff9e1430000 - 0x00007ff9e1457000 	C:\WINDOWS\System32\bcrypt.dll
0x00007ff9d9c60000 - 0x00007ff9d9c69000 	C:\WINDOWS\SYSTEM32\WSOCK32.dll
0x00007ff9e35c0000 - 0x00007ff9e362b000 	C:\WINDOWS\System32\WS2_32.dll
0x00007ff9cced0000 - 0x00007ff9ccef7000 	C:\WINDOWS\SYSTEM32\WINMM.dll
0x00007ff9da4c0000 - 0x00007ff9da4ca000 	C:\WINDOWS\SYSTEM32\VERSION.dll
0x00007ff9dfb80000 - 0x00007ff9dfb92000 	C:\WINDOWS\SYSTEM32\kernel.appcore.dll
0x00007ff9d9270000 - 0x00007ff9d927a000 	C:\Users\BARTON\.pydev_vscode\java19\jdk-19.0.2+7-jre\bin\jimage.dll
0x00007ff9df060000 - 0x00007ff9df261000 	C:\WINDOWS\SYSTEM32\DBGHELP.DLL
0x00007ff9c3970000 - 0x00007ff9c39a4000 	C:\WINDOWS\SYSTEM32\dbgcore.DLL
0x00007ff9e1b80000 - 0x00007ff9e1c02000 	C:\WINDOWS\System32\bcryptPrimitives.dll
0x00007ff9d6d40000 - 0x00007ff9d6d66000 	C:\Users\BARTON\.pydev_vscode\java19\jdk-19.0.2+7-jre\bin\java.dll
0x00007ff9b6a60000 - 0x00007ff9b6b36000 	C:\Users\BARTON\.pydev_vscode\java19\jdk-19.0.2+7-jre\bin\jsvml.dll
0x00007ff9e24a0000 - 0x00007ff9e2c0e000 	C:\WINDOWS\System32\SHELL32.dll
0x00007ff9df370000 - 0x00007ff9dfb13000 	C:\WINDOWS\SYSTEM32\windows.storage.dll
0x00007ff9e3190000 - 0x00007ff9e34e3000 	C:\WINDOWS\System32\combase.dll
0x00007ff9e0c90000 - 0x00007ff9e0cbb000 	C:\WINDOWS\SYSTEM32\Wldp.dll
0x00007ff9e34f0000 - 0x00007ff9e35bd000 	C:\WINDOWS\System32\OLEAUT32.dll
0x00007ff9e1df0000 - 0x00007ff9e1e9d000 	C:\WINDOWS\System32\SHCORE.dll
0x00007ff9e2410000 - 0x00007ff9e2465000 	C:\WINDOWS\System32\shlwapi.dll
0x00007ff9e1260000 - 0x00007ff9e1285000 	C:\WINDOWS\SYSTEM32\profapi.dll
0x00007ff9d6d20000 - 0x00007ff9d6d33000 	C:\Users\BARTON\.pydev_vscode\java19\jdk-19.0.2+7-jre\bin\net.dll
0x00007ff9d8270000 - 0x00007ff9d837a000 	C:\WINDOWS\SYSTEM32\WINHTTP.dll
0x00007ff9e09f0000 - 0x00007ff9e0a5c000 	C:\WINDOWS\system32\mswsock.dll
0x00007ff9c4b10000 - 0x00007ff9c4b26000 	C:\Users\BARTON\.pydev_vscode\java19\jdk-19.0.2+7-jre\bin\nio.dll
0x00007ff9bf560000 - 0x00007ff9bf578000 	C:\Users\BARTON\.pydev_vscode\java19\jdk-19.0.2+7-jre\bin\zip.dll
0x00007ff9b9a30000 - 0x00007ff9b9a6e000 	C:\Users\BARTON\.vscode\extensions\fabioz.vscode-pydev-0.15.3\server\plugins\org.eclipse.equinox.launcher.win32.win32.x86_64_1.2.900.v20240213-1244\eclipse_11900.dll
0x00007ff9e1cc0000 - 0x00007ff9e1deb000 	C:\WINDOWS\System32\ole32.dll
0x0000000180000000 - 0x0000000180012000 	C:\Users\BARTON\.vscode\extensions\fabioz.vscode-pydev-0.15.3\server\config_win\org.eclipse.osgi\13\0\.cp\os\win32\x86_64\localfile_1_0_0.dll
0x00007ff9bf500000 - 0x00007ff9bf51b000 	C:\Users\BARTON\.vscode\extensions\fabioz.vscode-pydev-0.15.3\server\config_win\org.eclipse.osgi\16\0\.cp\os\win32\x86_64\win32refresh.dll
0x00007ff9e0c00000 - 0x00007ff9e0c0c000 	C:\WINDOWS\SYSTEM32\CRYPTBASE.DLL

dbghelp: loaded successfully - version: 4.0.5 - missing functions: none
symbol engine: initialized successfully - sym options: 0x614 - pdb path: .;C:\Users\BARTON\.pydev_vscode\java19\jdk-19.0.2+7-jre\bin;C:\WINDOWS\SYSTEM32;C:\WINDOWS\WinSxS\amd64_microsoft.windows.common-controls_6595b64144ccf1df_6.0.19041.5794_none_60bcd33171f2783c;C:\Users\BARTON\.pydev_vscode\java19\jdk-19.0.2+7-jre\bin\server;C:\Users\BARTON\.vscode\extensions\fabioz.vscode-pydev-0.15.3\server\plugins\org.eclipse.equinox.launcher.win32.win32.x86_64_1.2.900.v20240213-1244;C:\Users\BARTON\.vscode\extensions\fabioz.vscode-pydev-0.15.3\server\config_win\org.eclipse.osgi\13\0\.cp\os\win32\x86_64;C:\Users\BARTON\.vscode\extensions\fabioz.vscode-pydev-0.15.3\server\config_win\org.eclipse.osgi\16\0\.cp\os\win32\x86_64

VM Arguments:
jvm_args: --add-modules=ALL-SYSTEM --add-opens=java.base/java.util=ALL-UNNAMED --add-opens=java.base/java.lang=ALL-UNNAMED -Declipse.application=org.python.pydev.pydev_lsp.application -Dosgi.bundles.defaultStartLevel=4 -Declipse.product=org.python.pydev.pydev_lsp.product -Xmx1G -XX:+UseG1GC -XX:+UseStringDeduplication 
java_command: c:\Users\BARTON\.vscode\extensions\fabioz.vscode-pydev-0.15.3\server\plugins\org.eclipse.equinox.launcher_1.6.700.v20240213-1244.jar -configuration c:\Users\BARTON\.vscode\extensions\fabioz.vscode-pydev-0.15.3\server\config_win -data c:\Users\BARTON\AppData\Roaming\Code\User\workspaceStorage\2a3cce2c050f555b2213988c11b6fd1b\fabioz.vscode-pydev\pydev_ws
java_class_path (initial): c:\Users\BARTON\.vscode\extensions\fabioz.vscode-pydev-0.15.3\server\plugins\org.eclipse.equinox.launcher_1.6.700.v20240213-1244.jar
Launcher Type: SUN_STANDARD

[Global flags]
     intx CICompilerCount                          = 2                                         {product} {ergonomic}
     uint ConcGCThreads                            = 1                                         {product} {ergonomic}
     uint G1ConcRefinementThreads                  = 2                                         {product} {ergonomic}
   size_t G1HeapRegionSize                         = 1048576                                   {product} {ergonomic}
    uintx GCDrainStackTargetSize                   = 64                                        {product} {ergonomic}
   size_t InitialHeapSize                          = 65011712                                  {product} {ergonomic}
   size_t MarkStackSize                            = 4194304                                   {product} {ergonomic}
   size_t MaxHeapSize                              = 1073741824                                {product} {command line}
   size_t MaxNewSize                               = 643825664                                 {product} {ergonomic}
   size_t MinHeapDeltaBytes                        = 1048576                                   {product} {ergonomic}
   size_t MinHeapSize                              = 8388608                                   {product} {ergonomic}
    uintx NonNMethodCodeHeapSize                   = 5826188                                {pd product} {ergonomic}
    uintx NonProfiledCodeHeapSize                  = 122916026                              {pd product} {ergonomic}
    uintx ProfiledCodeHeapSize                     = 122916026                              {pd product} {ergonomic}
    uintx ReservedCodeCacheSize                    = 251658240                              {pd product} {ergonomic}
     bool SegmentedCodeCache                       = true                                      {product} {ergonomic}
   size_t SoftMaxHeapSize                          = 1073741824                             {manageable} {ergonomic}
     bool UseCompressedClassPointers               = true                           {product lp64_product} {ergonomic}
     bool UseCompressedOops                        = true                           {product lp64_product} {ergonomic}
     bool UseG1GC                                  = true                                      {product} {command line}
     bool UseLargePagesIndividualAllocation        = false                                  {pd product} {ergonomic}
     bool UseStringDeduplication                   = true                                      {product} {command line}

Logging:
Log output configuration:
 #0: stdout all=warning uptime,level,tags foldmultilines=false
 #1: stderr all=off uptime,level,tags foldmultilines=false

Environment Variables:
PATH=C:\Program Files\Common Files\Oracle\Java\javapath;C:\Program Files\Python312\Scripts\;C:\Program Files\Python312\;C:\WINDOWS\system32;C:\WINDOWS;C:\WINDOWS\System32\Wbem;C:\WINDOWS\System32\WindowsPowerShell\v1.0\;C:\WINDOWS\System32\OpenSSH\;C:\Program Files\nodejs\;C:\Program Files\Git\cmd;C:\Users\BARTON\AppData\Local\Microsoft\WindowsApps;C:\Users\BARTON\AppData\Local\Programs\Microsoft VS Code\bin;C:\Users\BARTON\AppData\Roaming\npm
USERNAME=BARTON
OS=Windows_NT
PROCESSOR_IDENTIFIER=Intel64 Family 6 Model 156 Stepping 0, GenuineIntel
TMP=C:\Users\BARTON\AppData\Local\Temp
TEMP=C:\Users\BARTON\AppData\Local\Temp



---------------  S Y S T E M  ---------------

OS:
 Windows 10 , 64 bit Build 19041 (10.0.19041.5794)
OS uptime: 0 days 9:49 hours

CPU: total 2 (initial active 2) (2 cores per cpu, 1 threads per core) family 6 model 156 stepping 0 microcode 0x1d, cx8, cmov, fxsr, mmx, 3dnowpref, sse, sse2, sse3, ssse3, sse4.1, sse4.2, popcnt, tsc, tscinvbit, aes, erms, clmul, sha, clflush, clflushopt, clwb, rdtscp, rdpid

Memory: 4k page, system-wide physical 3933M (394M free)
TotalPageFile size 7277M (AvailPageFile size 3M)
current process WorkingSet (physical memory assigned to process): 139M, peak: 184M
current process commit charge ("private bytes"): 222M, peak: 222M

vm_info: OpenJDK 64-Bit Server VM (19.0.2+7) for windows-amd64 JRE (19.0.2+7), built on 2023-01-17T00:00:00Z by "temurin" with MS VC++ 16.7 (VS2019)

END.
